1699
1897
1334
905
420
1333
958
983
849
1184
923
218
370
581
1577
1405
1561
1087
1253
809
1909
1029
1195
523
996
915
951
935
1214
1089
954
854
1032
1179
1958
847
1218
1085
684
1051
1223
847
401
1305
326
85
407
1451
1031
446
1518
1331
752
1306
709
1271
1690
1426
883
1059
1406
1902
818
575
1527
815
317
228
1475
1096
1415
1071
795
516
1044
868
1145
934
368
1040
350
947
660
423
478
822
1058
1019
766
299
588
1326
503
1671
840
585
1983
1044
955
992
1696
955
85
1433
1857
991
791
1550
848
1376
780
619
585
738
1657
952
68
734
1136
1420
840
1257
806
1317
872
1198
371
960
603
464
529
289
602
421
1155
566
622
1332
160
505
1574
623
1177
773
1614
489
892
1402
1447
1200
1263
892
928
446
1238
1208
1249
735
983
1561
1671
675
1464
736
780
943
1378
1098
1481
841
647
589
563
1434
848
1160
977
1296
1338
942
534
1384
456
454
954
901
1255
1470
1126
891
1742
1453
1262
926
1216
932
1250
703
416
101
1477
730
906
1222
747
1135
409
917
1073
669
1203
1170
260
1594
930
334
976
329
1152
1032
1265
1397
907
1090
883
1144
1002
1377
337
861
1074
1080
928
1530
1889
760
281
488
1398
866
1171
1068
389
229
794
331
451
800
418
778
1135
1557
124
1211
1538
725
1013
1087
1849
199
1009
1043
1224
661
431
1900
130
1525
698
701
904
1185
1141
1194
1565
1041
1196
1372
1554
1266
463
983
1831
1835
1754
963
668
1519
198
671
789
633
503
1711
1142
740
882
1268
1423
1098
1445
1163
618
232
1150
1278
1381
732
986
1039
1335
1270
1178
1241
1359
1153
1386
681
1428
391
273
164
732
1778
1221
1217
582
338
984
1258
1645
335
1202
905
1387
1456
496
655
1226
1335
332
414
795
414
620
837
1500
670
291
1130
886
1464
889
219
1148
977
1260
1030
828
1434
1223
1944
794
1300
1931
810
715
1242
866
690
738
881
421
1416
992
949
1401
1249
567
1376
1112
692
1103
996
1620
686
1123
1124
1377
589
1784
1095
1742
1333
1290
1747
636
180
1206
786
528
946
547
1035
819
740
1135
946
1505
618
531
679
1134
432
1443
952
1060
1363
430
1515
1001
498
1012
572
932
1071
649
47
730
517
913
1099
1141
1119
1173
550
1009
1084
918
1271
997
921
1471
1337
1836
660
1456
1412
983
1124
636
1606
1261
405
656
773
305
696
986
283
251
905
1351
714
981
519
1293
1584
1585
1288
345
1057
326
759
895
1353
1193
878
1152
1427
644
201
519
1329
903
270
1434
418
1085
919
1292
604
1024
1191
373
935
1352
791
1947
779
1749
1217
247
762
825
762
873
1238
1393
1044
1151
582
557
1172
543
419
1108
910
695
327
798
834
955
533
1387
1302
1305
1416
1044
926
919
470
1005
1227
1539
1710
1270
119
870
594
459
1077
1214
534
890
988
1044
1302
562
1569
1576
854
1260
54
909
122
1885
145
655
813
1045
301
1270
1130
1023
439
1303
312
744
967
1367
982
419
1097
1740
1647
1502
1068
1161
444
588
933
914
1331
1564
680
781
1035
607
1444
1412
1141
822
934
549
1288
167
878
1440
930
1405
467
848
828
1115
1107
1477
797
1484
1293
1524
1022
501
1405
1455
250
641
1061
510
1040
1124
804
1326
597
714
757
983
942
1023
624
978
1225
578
1587
1078
151
980
918
437
638
475
1915
1581
1274
327
1539
1267
1193
1537
289
938
930
602
1123
1262
1103
1131
614
555
1534
888
1599
1762
983
1143
1577
1046
1271
1091
835
800
954
471
627
1365
921
1121
876
1415
1887
149
1745
648
1439
1094
602
1619
961
851
300
1115
1199
1659
1281
1338
968
1207
1054
1117
913
895
1542
1396
831
820
1197
557
1500
478
1382
1201
1066
1015
690
1358
990
1401
98
748
933
799
643
1417
934
1162
1238
1603
1823
674
887
296
1484
584
1376
939
574
759
892
489
1043
209
962
1141
646
1569
99
527
244
1130
792
393
734
1138
1362
679
755
635
928
869
1242
1588
1209
1101
989
753
1653
972
1029
665
1176
240
584
1464
1002
924
741
1859
837
1200
1424
1643
610
1166
454
970
515
831
1022
1688
457
1241
1207
603
1083
1427
1297
1306
853
812
430
1244
1007
1091
1107
1743
881
990
1423
1573
1138
715
1116
1219
1345
1169
385
955
265
862
876
841
767
1285
1516
1098
1158
1459
1053
1395
322
963
524
1470
1108
669
588
858
1323
498
1133
1314
680
501
1087
152
1313
1321
1171
1088
899
236
1458
1309
579
1755
499
1116
827
1161
546
790
417
1083
1637
1235
1799
1035
733
361
980
319
455
1114
1234
782
938
1292
1655
784
1460
1281
601
332
1360
685
686
1040
1694
1228
841
1405
1398
839
1044
1213
1060
1428
576
403
888
906
412
494
855
726
1039
1060
1731
827
698
1094
682
1191
480
318
301
1291
574
900
421
637
387
1177
1368
578
696
867
1073
1720
908
1208
1124
659
1147
1623
298
1824
983
1139
732
1284
623
953
275
621
649
775
613
1059
739
1751
66
55
524
984
1457
579
372
768
1644
1230
768
601
519
1792
1407
1022
762
1186
923
1198
660
1335
753
141
1029
1106
1155
614
1466
1873
511
755
646
1099
519
673
1622
102
1444
561
1277
246
504
1067
1314
779
724
1253
1522
49
669
116
1317
968
854
578
1264
1068
1774
794
898
1328
1086
582
1750
1134
579
857
1126
640
546
1456
1055
1673
1018
650
1047
782
843
698
596
1111
934
736
940
977
825
1703
663
735
1469
839
659
1074
1269
729
1606
1170
1185
1376
955
1594
1559
1236
1282
658
92
927
1155
1133
1225
584
1672
778
657
128
283
1808
1573
921
1157
906
1117
1180
923
453
251
1306
1626
971
1101
1629
1593
1002
904
586
422
1056
927
799
724
791
1669
918
633
1168
932
1401
789
1358
1149
991
723
1132
553
615
660
1055
1331
1823
1291
1222
1363
955
1887
124
846
833
1700
1679
1116
1705
974
627
1289
1652
690
667
1057
1044
1771
931
896
1028
1742
1045
589
878
624
1328
1078
736
568
1406
1409
1054
1231
1205
803
601
554
995
738
979
252
731
1133
1108
1078
777
1494
729
841
1094
1621
1608
577
643
1567
953
1396
1765
1493
1007
252
1200
1297
661
1242
268
1507
965
1084
1550
987
1734
1477
1211
1977
417
1642
1003
1550
319
1265
1236
991
692
1198
1219
1455
1030
1098
1613
1080
173
848
1779
1111
594
387
700
1145
973
1196
858
937
1089
602
1116
343
481
1230
1074
1390
1155
880
1404
1292
827
1475
1388
787
914
967
997
1457
1127
561
1852
1320
1286
945
248
1101
1228
1207
580
590
588
1009
745
1402
719
1480
664
1065
591
1303
916
1003
1307
994
961
1882
593
532
797
1462
1211
602
1533
1230
1321
1433
864
628
431
279
1587
1744
1603
907
686
801
1668
760
990
675
339
1419
1095
1116
1019
475
540
1046
1060
1891
962
835
910
1527
1220
799
909
889
800
846
1509
1955
793
607
747
1612
864
137
865
707
1241
1675
729
313
717
1512
958
829
680
1386
892
542
1322
1119
911
303
1267
1643
808
1542
855
455
1167
685
1155
820
61
525
642
919
515
1350
1782
1147
961
1410
1467
1226
1256
456
1145
1701
955
1074
1251
1724
101
366
1084
1413
79
877
1821
962
1548
321
525
1071
1679
515
597
592
1134
639
1112
1150
550
991
963
1674
528
1321
1110
808
1193
1630
709
1976
1783
876
1672
1236
1586
1068
912
1686
1556
1177
1066
883
1744
1025
1464
1305
266
1676
201
533
1002
530
617
1339
1334
739
358
1479
779
782
827
1012
1164
1525
851
1262
1102
1198
690
815
701
1079
755
918
1329
932
774
1450
1025
953
1292
1686
827
1264
1556
963
1097
530
453
1721
1986
1287
400
1517
998
1275
862
1570
662
1101
423
1102
425
1275
900
665
829
1153
1498
1840
1131
1267
616
852
1629
302
1110
343
771
907
877
1264
1559
994
1130
1121
144
1334
1554
1014
523
1638
989
1653
1183
1235
1336
285
687
1228
451
1107
858
1568
883
1000
1182
1113
711
1419
1479
1287
1460
822
401
1284
211
689
1002
1000
907
760
1196
1819
818
1884
1022
379
900
1294
432
787
521
1584
962
806
1046
1089
944
1053
890
632
1227
765
660
851
1472
982
1804
1350
344
625
1352
227
1054
1163
1228
910
1133
1663
906
588
924
30
1479
1846
228
1506
334
568
547
1486
1415
1102
985
258
1074
1835
1198
985
1142
1078
1718
467
1137
682
1361
933
1212
501
1268
1192
690
1205
1050
483
963
1315
1129
345
1040
1125
1730
994
1422
1713
307
893
509
1322
995
354
193
859
739
1274
951
854
1132
809
1332
889
1481
863
1597
1058
1390
1192
257
511
972
1173
1473
926
1000
1642
1430
1779
954
1410
572
1239
796
842
435
354
111
1273
540
666
1798
736
1044
1939
1073
1012
1171
753
936
1546
1114
930
1399
821
1261
1479
362
1322
824
402
1036
1659
1112
285
201
1021
382
1115
1134
1419
1069
539
856
1114
1014
744
1319
1061
1223
1362
1656
1570
614
207
1017
978
1135
1158
1350
1532
91
1433
1098
294
758
1200
808
1187
1401
1488
537
716
687
997
576
304
1036
983
619
1597
1051
1657
881
946
201
874
1365
1102
1297
719
1266
179
1309
878
975
1052
1618
1236
1088
956
1024
902
1634
897
1122
1254
1147
774
443
50
1366
434
675
1334
1275
891
426
1256
1119
1604
1300
1013
500
1074
1677
206
1841
617
702
1106
673
300
1714
306
987
1698
1296
322
899
1760
1650
1066
351
1154
1605
1411
875
1022
1050
1376
1255
853
1146
1444
1108
920
1424
1231
922
924
270
1112
867
952
836
662
515
1804
869
1615
1054
995
730
712
315
1018
1182
829
919
934
795
1122
1057
1161
1130
879
563
264
1102
1243
171
813
387
476
972
1365
1119
1091
558
1746
1313
778
798
955
1334
267
717
1015
1327
1312
1099
1564
1952
827
1621
1394
810
932
741
1283
198
448
781
612
689
883
851
1562
631
714
1075
627
768
13
329
268
591
1110
1113
1225
702
702
791
782
951
1625
1742
1167
843
511
517
650
1842
998
888
1080
1074
1134
897
704
862
1600
1290
854
1218
576
1709
64
1044
848
825
630
1633
1453
1226
1239
1370
690
967
1346
1012
508
1216
1347
1518
467
1100
673
1836
1057
1198
1186
1611
1229
814
1214
642
1046
956
415
1845
664
683
1484
1165
489
1365
1064
1509
831
546
1001
1607
1460
1799
1198
637
1456
1423
784
1156
1921
1421
1158
808
1554
1962
1430
671
1427
819
1137
1062
1149
1310
1677
1694
1050
781
536
388
1479
1009
588
1843
1552
1727
1122
179
271
944
599
1824
737
975
679
1471
1347
734
632
1125
563
1103
1711
1023
937
1392
660
1069
789
1784
1646
268
982
166
1412
1614
965
847
79
1523
946
1049
511
1144
1413
1236
1324
1862
1477
565
40
1026
1461
1029
1403
1274
1469
1446
985
608
748
1486
1562
733
480
310
622
1506
635
924
487
725
1221
1705
249
744
1501
1560
897
746
975
1884
396
1109
1075
1519
960
1216
929
1128
1132
805
1297
340
1094
1431
1211
964
1410
668
1545
1502
734
1895
1122
581
1105
1060
1095
889
1451
1289
833
715
1621
1453
1014
1299
1026
815
643
1883
1264
314
311
1319
1171
733
1130
920
1130
608
841
953
1468
1650
711
1282
849
1358
1469
753
1451
698
1392
208
1006
305
1521
841
552
997
1313
865
976
821
1473
1040
1366
1059
554
1297
998
1210
1183
1364
1384
1021
870
1002
295
781
1158
1365
717
1466
1133
1564
1178
766
541
818
1509
1361
550
1255
528
1332
1579
808
1412
669
919
1411
426
366
659
683
1224
1361
486
1063
552
925
963
1030
852
1178
1452
868
1456
857
1152
1469
1321
840
917
783
844
411
273
1115
982
614
603
814
1004
997
999
1486
955
1171
786
1124
1428
1049
543
948
1143
1228
1567
257
692
872
447
1090
886
1547
1105
1094
1511
614
31
214
1317
864
1095
1597
1436
886
759
1424
1409
966
1173
1033
126
567
1189
1827
794
825
1234
530
877
418
902
1038
1355
1512
473
1243
1636
1193
1364
1545
294
835
1717
1119
1241
807
1422
564
493
368
1119
1092
1283
615
1240
1021
1741
984
544
475
1230
1160
870
1468
984
868
256
1718
956
943
422
628
647
503
882
877
618
1511
916
764
581
1513
469
1461
744
1595
153
311
1052
893
1474
1219
1196
352
1249
531
333
965
1091
1242
1581
649
1859
830
1034
503
491
851
835
993
362
1656
800
1040
1554
901
244
916
778
1058
1009
1155
1207
1563
1212
506
315
1184
1199
993
1495
1152
731
934
1063
1189
979
814
779
283
1132
662
898
993
1472
725
613
1339
1337
1734
903
971
1034
824
1179
1370
1898
555
886
782
1288
1254
802
1119
964
1777
326
663
223
564
511
444
1487
1104
1484
581
1479
944
1071
473
621
1468
1158
377
264
983
350
817
183
1190
772
621
802
1207
788
1238
288
870
351
1214
1540
234
756
1585
1512
569
418
829
949
815
1411
1225
895
1187
1396
1528
923
1324
1457
763
550
257
961
1177
1428
889
1078
657
623
395
1095
671
1001
869
1681
844
963
1317
613
772
1066
419
1107
1845
1102
800
541
380
740
788
1020
1052
990
527
1197
981
857
1224
1052
1293
1052
552
1277
720
1118
427
1500
1388
1460
990
1141
1853
931
1355
986
1081
855
953
1062
1785
1043
934
765
1535
1480
392
900
950
1835
1031
1043
969
586
951
433
1410
1645
1748
1162
1079
704
865
929
464
1040
459
1448
233
920
1587
1009
1804
1174
989
545
1557
632
1594
1744
403
1414
1446
1438
316
593
627
956
1487
932
473
1465
812
395
1214
1212
1581
1474
425
802
695
848
72
878
1809
996
1056
952
824
1878
1323
1437
1018
870
1371
1090
1527
1251
995
977
1078
1214
1277
1300
1702
439
1080
914
1206
1500
621
1603
1731
155
1003
1001
1298
661
811
1431
778
1140
867
954
1441
1244
756
543
723
351
758
623
1082
359
1025
324
1204
1321
1294
943
1202
547
762
907
931
1299
1032
572
509
1229
1116
1672
781
723
1090
1462
509
1382
1215
799
650
1575
77
1790
214
862
1415
1966
1354
755
1686
1118
976
1175
1050
864
410
1670
901
1034
887
485
656
1536
655
462
1107
852
796
977
913
1637
717
925
763
1187
766
1581
944
602
354
1001
182
976
675
1222
874
834
1355
763
718
1283
1264
1386
1375
1263
1613
1387
1131
1313
618
221
425
1122
414
1060
1380
613
1612
824
1233
739
1306
975
1253
643
1242
1133
1313
1045
1102
1214
1266
1122
1273
912
752
225
1962
619
1040
828
410
880
1617
564
792
957
1193
1015
1342
1487
362
1934
413
1227
877
620
154
861
775
545
528
947
1810
746
1590
934
794
1727
984
1036
990
749
1176
628
1146
1350
1320
670
353
572
858
804
950
1078
576
1098
911
972
882
753
1534
1112
459
1022
1143
1113
1476
1592
1439
908
682
594
675
776
1242
734
1581
558
1798
1063
536
1230
1512
1467
948
102
1744
1473
894
1211
602
1145
289
1025
1009
1148
1399
1639
1424
1105
1679
1199
976
772
927
888
1276
1298
979
1223
697
1142
855
511
1210
928
1558
1000
1240
1414
1318
1022
558
1492
293
763
1339
1242
870
1173
144
1709
1530
921
675
1503
986
1323
1473
833
1385
1535
936
836
828
726
1731
685
1336
1460
544
1212
1107
1384
563
1084
1415
1363
1272
1078
866
1181
989
1756
1255
295
1131
809
416
1452
864
1223
623
953
1260
375
858
438
1218
1407
533
1041
203
223
1287
1229
403
1457
900
591
1304
1211
669
687
591
516
573
423
1406
772
1020
1072
766
1410
1087
1050
326
1038
1515
1779
1549
1018
879
948
1845
656
1447
979
1122
1000
1210
775
1094
979
869
1042
1261
1743
270
1316
915
877
445
1478
946
1327
1009
326
823
1308
882
815
1200
662
1103
458
862
850
998
1206
1383
1566
182
936
827
906
415
1342
1930
699
1377
682
1332
545
1316
440
1252
1102
1207
694
712
840
1461
737
972
1780
610
689
1427
884
567
461
1375
805
757
1088
1592
1091
1197
536
1068
763
1739
433
1566
642
954
1046
698
1347
959
1136
1327
949
1661
712
1194
1225
1162
1478
1266
1661
1323
373
1182
760
1249
257
1087
241
529
806
1348
1717
1119
1033
480
607
1002
952
247
1463
1093
629
514
953
1766
1835
1989
1644
1597
1406
1247
1214
1273
1091
1004
372
916
273
242
1228
1277
1129
1031
1042
575
582
1138
845
1064
1340
1055
255
1370
900
895
1034
930
664
822
586
930
169
1298
1383
392
301
1301
1153
583
1193
1030
1123
1686
1076
1238
1283
921
1580
560
766
892
1300
1425
1069
899
870
726
688
909
631
1278
1194
839
736
1773
1180
343
775
1165
1554
765
1258
1048
1056
935
580
419
996
106
1761
1650
1689
286
274
423
1490
1143
864
710
1092
1086
1445
772
449
1455
1792
936
306
227
970
1441
484
1145
1728
78
1597
1048
326
759
720
1479
1304
426
327
781
1042
591
1139
1056
1653
1237
396
1282
1143
981
943
703
1024
1375
777
1308
1012
1391
525
1220
1342
1690
923
1114
285
1105
224
1198
1256
1011
843
1417
690
1484
899
529
1328
837
577
539
840
471
1022
692
1387
863
1044
824
1453
302
480
1351
817
1255
1661
1462
953
1538
1453
846
952
1129
983
722
845
785
648
298
942
1202
980
480
511
1197
472
1516
485
838
1217
582
577
1312
196
1086
1427
965
1034
1366
1066
1180
1136
469
1495
1478
1653
1474
1074
1125
988
943
1434
593
1393
1517
726
1070
267
589
550
633
1634
499
836
1449
910
942
530
1280
818
1100
406
461
709
1787
665
1101
1611
396
662
526
1067
528
890
1144
649
842
608
789
544
1062
1444
485
1685
1342
1098
1073
650
1610
1415
1083
845
957
176
1058
713
1111
1415
176
964
1263
939
1375
657
1271
1581
550
1325
1076
713
1002
948
1611
1169
692
308
1467
1350
160
1182
539
956
1558
665
1082
339
956
1076
787
1488
670
594
988
1398
1322
793
1423
843
1541
1269
1446
1448
1036
1090
466
1019
1147
151
375
1171
438
1482
1117
425
456
907
914
1288
1399
1077
945
704
1073
524
1409
801
509
1024
716
869
930
1283
1626
532
1617
1184
1398
439
1148
1230
443
839
1391
715
1395
891
1642
908
656
1689
1206
776
611
1878
1241
539
1263
862
565
1528
1123
898
1035
935
1177
1172
828
1707
1529
1436
702
845
996
623
381
164
988
699
821
1169
763
908
629
1741
1377
644
1047
378
1159
1110
1557
1352
816
1455
881
1121
663
334
487
1270
1250
490
410
292
1081
1094
1284
1312
816
1081
1548
903
1004
474
1426
555
1088
1512
1466
1086
1280
1325
427
877
688
1293
1288
441
1270
466
1008
824
1332
1141
913
1047
972
1321
842
1823
672
835
1279
1228
1090
614
776
607
748
1221
1535
885
725
1856
1331
926
895
607
928
870
630
1146
1490
900
1044
1713
1411
1225
740
514
945
1111
1179
972
180
253
728
504
1359
1813
594
1283
1808
969
311
388
1579
1826
1829
1147
870
516
1573
807
826
612
1206
1579
1114
1196
590
603
1634
817
864
1067
322
1552
1590
512
446
1081
1427
1155
227
581
879
1183
1401
1166
842
1298
946
1706
1011
1057
902
829
495
913
1385
1237
843
684
1114
1031
918
1090
399
1297
866
713
1461
578
232
921
1777
771
1856
882
144
483
607
1485
1345
1153
1594
842
956
1105
1338
994
345
1065
1459
684
587
1364
825
989
1565
452
857
761
916
508
1464
816
109
1523
1225
1271
785
960
1742
556
344
810
482
1512
928
956
641
1458
113
478
1030
1053
478
1511
1109
1198
1495
1137
175
862
319
1026
1036
148
1399
131
880
310
467
1127
859
1794
1543
242
898
511
568
367
653
1561
934
1741
1237
819
1202
691
749
1246
536
694
652
399
1014
690
1048
132
1540
1572
1200
1092
1197
703
192
497
850
733
1058
1522
390
658
983
978
1621
425
915
881
1870
1863
975
522
815
1437
1147
864
1541
1863
789
1086
962
501
974
1137
1428
1161
1259
1062
1050
1474
259
291
1651
735
1637
385
663
1078
907
837
1610
945
888
1435
898
918
1414
453
1056
672
1022
769
1582
117
412
1245
1028
1160
1386
1665
376
1159
979
1549
895
779
1429
305
1461
1027
1228
1082
701
629
1358
1649
690
1729
467
664
981
1674
814
1221
704
1377
309
739
519
1077
1151
1078
1646
1403
777
1252
1070
786
895
1870
1095
995
1170
1504
929
804
932
1469
1062
1169
1070
894
221
1421
1580
939
1271
474
1852
1521
1194
1341
950
1503
262
1311
1042
1847
479
905
701
306
1295
776
865
1246
547
1452
400
759
1341
1166
801
654
1332
1051
1267
1057
1165
1520
1115
685
1122
1453
576
753
994
1059
976
1248
1384
1353
219
199
380
990
372
1233
139
1294
785
353
402
1368
947
672
1603
1396
616
1158
692
546
689
709
758
981
329
1105
768
1862
727
977
1253
1487
1029
1540
708
543
1083
239
823
1293
1511
1079
1218
1072
1357
446
645
615
181
781
1323
1059
1300
714
987
365
969
1006
604
744
1423
1821
1001
1160
912
1261
1425
1395
1633
1701
1073
1347
679
742
561
856
1114
1409
1156
1610
1345
927
1056
521
1772
878
885
509
846
923
1200
363
837
313
968
1340
1666
795
903
724
1107
1017
619
650
503
1176
853
833
1346
1297
273
432
458
615
1298
1798
951
384
665
1074
198
1097
496
1298
1060
1112
1632
924
865
228
620
595
967
647
769
922
1424
1480
388
227
870
989
664
1761
960
761
1744
1641
1050
920
698
749
1308
1573
646
1759
1526
728
1313
1069
866
93
323
483
736
715
221
953
1004
1433
113
440
837
787
844
1377
1155
454
1496
1361
1423
732
1326
950
524
1381
725
891
1495
1719
1066
523
1324
1252
594
1048
1091
863
896
1060
1319
517
965
1170
1412
866
1358
1153
1317
213
986
935
1542
1448
954
581
955
83
466
883
766
1252
1381
1325
1170
1313
455
762
1410
1338
1614
382
940
657
1623
1522
256
1132
1768
799
412
1618
757
1629
971
218
1046
1149
622
1644
1771
271
1735
941
929
927
1461
262
940
1366
1186
575
1414
161
980
1184
1625
1344
755
386
559
1569
1605
743
802
1286
171
1082
1056
1149
1555
1270
263
517
436
1445
799
735
1118
1023
241
1132
1596
1180
699
1465
1497
1378
1622
732
912
1502
1114
1008
559
538
938
328
1072
172
1267
629
1029
1735
554
1276
535
824
959
1382
723
1153
1697
1401
1227
1651
980
1611
926
1485
613
947
1094
1349
1511
488
636
34
1410
852
313
1129
1556
1624
935
698
1448
686
132
541
1022
909
1278
927
675
408
540
849
652
540
1309
1569
1340
1218
685
427
1181
1154
1083
927
813
1197
1371
854
1294
794
1012
1549
1203
1213
1423
1842
1201
1128
612
412
596
1849
1085
1079
1318
1040
642
1706
1209
972
1290
1699
574
1173
137
807
151
1331
561
975
925
552
1469
620
932
1445
231
451
1061
777
955
448
936
421
1894
1654
1272
821
746
1141
1759
1560
846
733
1158
511
957
1772
1122
211
1427
1228
618
841
497
645
854
884
674
1341
806
836
1028
1723
1226
686
735
391
1202
1512
334
1100
1075
1474
1506
1310
874
553
868
1308
1364
936
852
1223
1935
1328
1562
1028
1478
851
837
304
507
339
1037
1700
813
835
810
1243
1645
314
930
532
1317
709
1094
1168
1380
962
1837
864
1258
979
1520
632
831
419
1004
1383
1627
1809
794
1241
658
1809
1759
1625
1186
663
518
1120
1362
1574
1076
962
1382
187
547
673
1385
1263
1445
199
861
396
1084
1676
907
376
1216
471
1155
1202
924
1439
862
1039
993
1343
1602
1389
467
1499
953
941
1243
1327
1347
1106
1316
1378
985
971
1513
1527
499
1846
871
1392
785
490
359
1367
1156
1216
1414
974
1045
641
1305
736
1240
1115
776
450
577
901
620
864
678
1119
1044
1329
1153
1708
1637
1208
744
1073
1697
390
833
1119
1059
1189
279
1149
1028
626
1059
1109
1527
1359
592
1102
401
1080
483
1789
1017
634
1095
699
1074
1310
1286
1763
1422
1249
600
1810
687
1043
1249
1587
1113
951
701
974
875
1054
838
420
932
731
1108
489
1336
1461
768
1387
819
592
1200
1445
1075
680
1125
980
625
1621
551
856
1307
1008
329
1501
792
1393
1344
494
993
1332
614
1424
1528
1326
1516
886
1098
1324
733
1001
196
1458
1308
1112
626
873
1264
1919
757
1309
1468
1380
299
938
147
1844
450
1031
1607
1609
1304
1175
1229
1269
1552
974
925
1062
788
441
915
357
816
1563
344
1443
1324
688
515
1389
1111
1868
1001
1581
325
1312
1198
1202
1097
866
1719
902
998
1233
1422
1316
1560
382
634
364
1016
315
1357
1217
627
836
1556
1572
1573
1006
1582
638
413
1362
1881
1033
1306
1079
1250
1042
1060
1131
1116
1003
746
1058
760
1449
1176
507
952
1183
444
1024
849
1410
1208
1668
1021
1516
779
1037
816
1043
1270
1057
1790
937
1029
1109
1019
1533
809
774
805
1366
1619
984
1156
1937
1109
1683
1814
1529
559
318
1005
675
1145
927
608
464
1555
171
929
1312
1114
1513
1639
1084
1164
963
1056
1322
777
1345
793
1049
1353
1052
1080
1333
1046
1775
1139
1199
911
1158
1425
823
1061
1205
255
1092
665
697
864
166
1101
1089
1195
1792
893
1104
1042
1217
1054
432
453
1735
1176
786
827
416
1108
723
1238
1377
1935
899
1008
581
792
956
1921
1707
1680
679
1026
1543
1123
1030
1183
1210
1199
1020
849
1230
1889
269
582
996
1665
1361
751
676
610
830
1432
878
1216
370
1064
1735
329
348
236
635
1064
1058
1468
1221
1388
1362
472
1542
1397
1501
957
315
1142
878
1635
566
1368
1140
1355
1013
1461
1054
1064
807
1137
1189
542
1721
1117
571
554
826
746
1304
1484
1141
1082
1384
999
776
152
1133
1300
414
1472
1486
371
1036
1499
444
814
861
1565
885
509
1218
763
540
1027
1080
1581
591
1008
1094
856
488
875
537
818
1040
1121
1148
1631
1397
840
1223
340
1191
1621
370
1110
1100
1287
1451
1456
1093
1235
1290
785
586
1508
806
160
478
962
870
570
843
1375
991
1180
1404
1249
644
468
241
1004
886
1400
789
922
844
1702
941
1046
858
1888
612
1149
1075
1505
234
760
1177
1049
935
954
1014
947
996
400
1193
842
327
1477
785
1156
853
545
1831
1380
946
1519
1229
1686
1554
203
1192
1001
1695
555
729
504
526
1264
901
727
884
652
913
624
887
1121
314
1013
1206
987
1482
1551
1230
421
1269
904
1080
1149
1751
959
575
1019
542
851
815
1606
1040
1715
747
1041
719
894
1494
830
779
692
1552
485
877
1795
860
542
1391
1149
381
1167
1179
1307
795
1130
1366
1069
824
1346
235
531
149
1760
671
767
1129
366
488
1546
1183
1101
1171
1109
1734
1509
1418
1559
1516
954
957
1014
534
912
1194
1721
1364
1652
264
898
1393
1776
294
1519
1488
1385
614
846
966
1498
666
99
578
1179
1000
257
1333
1370
1236
467
474
687
524
1615
1260
449
687
1426
1014
1232
708
1399
1439
728
1172
1425
1246
711
724
1173
463
1580
1414
1613
1715
464
1195
1102
1775
1323
526
1543
741
1470
1075
874
1415
1080
1256
1093
665
806
923
1172
1122
1425
1433
21
1307
523
1593
1116
440
804
1509
1174
805
311
1034
1100
1138
1369
1232
419
582
1206
741
1092
909
1071
1509
1031
512
1652
1028
1290
1796
1364
819
465
1133
496
259
1738
820
683
1363
1118
100
450
819
527
1195
1890
960
1692
1896
1601
657
1466
855
1488
804
554
1859
874
1235
1229
1023
1645
1099
1084
663
1137
581
1400
977
555
1263
787
1387
1086
1063
1490
978
586
551
366
1443
381
272
1752
589
882
554
1425
164
774
848
449
882
1129
1101
319
1279
1064
1125
1174
1037
815
1022
482
405
453
1182
1130
1837
1263
1283
648
970
1449
1099
621
1331
755
1396
1933
1514
802
1418
1414
883
1183
1095
969
1304
111
1452
1679
1502
983
492
902
820
972
1502
728
1452
348
1155
926
936
916
1052
1313
1175
1211
1200
631
953
1416
949
919
684
883
1073
539
1137
1599
1815
1000
1071
1429
1182
823
1032
572
1801
980
737
1466
1294
1314
1067
666
1148
550
466
1254
1242
1179
1311
1309
886
1166
588
716
267
1073
1523
497
717
1502
1587
1207
1082
1232
1355
1008
1270
1104
1892
515
963
1461
1511
1527
1198
1085
786
1100
1169
1707
1717
960
1723
870
428
932
466
1259
1386
665
564
890
1785
1237
890
889
781
1852
387
726
1585
632
1283
1230
270
651
693
1486
812
933
1163
917
723
1013
276
1275
709
563
1055
1030
1070
1027
1290
1083
726
495
516
1264
1020
137
1602
410
565
755
769
289
594
993
1325
1016
1654
1159
1218
1062
674
1272
630
146
882
1079
893
860
1577
1316
830
1291
238
1160
1080
1077
1408
983
1821
1455
992
1550
700
1467
1401
858
592
1034
858
958
1359
357
1195
1882
562
1084
499
1288
1456
996
1252
1354
999
1285
790
196
1441
537
1004
1256
1326
1484
1457
588
1090
375
370
1055
1445
1706
1508
1189
636
870
1310
1056
1525
1613
741
1114
1044
165
1624
1274
457
1436
1411
1023
949
1155
681
1199
968
1332
1162
454
1701
846
318
373
1361
724
1123
1280
381
1547
1601
1511
175
1163
1670
768
1512
905
1084
955
1048
861
522
626
1579
1755
665
519
758
946
1005
804
420
1125
893
1479
622
1327
573
1325
174
1404
1335
1288
1272
819
1393
680
1016
1524
1338
362
1438
1321
309
743
1173
1091
104
1059
503
1324
1545
1714
606
967
1347
1392
1099
823
1145
1873
1829
263
635
1202
1175
1170
636
832
1265
147
991
944
1277
565
1568
853
1116
1198
783
448
1258
933
1301
851
1212
921
825
625
335
1498
638
849
619
1312
1358
1384
400
590
814
933
630
508
651
1914
637
1603
810
1231
860
953
735
708
1273
792
1493
1092
902
1241
1645
708
937
1295
1100
332
1479
636
1889
1162
1046
801
1811
1129
235
745
1668
1257
1272
1039
892
1855
839
1441
638
289
1104
1715
1311
1335
1806
965
1255
981
857
861
824
746
1581
1301
398
1147
363
1305
908
1425
386
1101
757
1035
1564
1328
1148
1385
1408
1290
1306
1184
1041
1772
786
1115
1242
754
1301
1715
1617
1401
1066
886
490
1183
876
1159
139
1632
1466
1516
1287
1632
909
340
1040
742
1076
622
573
523
1149
876
495
1617
773
653
472
960
904
1106
1469
1471
674
1209
1119
1191
1185
895
1132
574
1234
586
1270
718
867
327
753
462
1115
662
980
1282
562
1060
441
77
161
384
295
894
1062
1033
793
1120
1765
1497
225
748
1112
889
1355
601
341
1507
531
681
1444
1557
1789
1610
573
994
154
1758
302
1382
275
855
581
1798
1373
773
818
900
952
1852
1009
1229
1225
872
532
420
1309
696
342
176
137
844
665
739
1322
556
1390
868
320
1475
904
1945
1331
512
1004
927
1022
1702
1067
1023
616
939
1112
794
1332
1194
1118
445
1105
774
1011
1408
1330
480
873
1640
1106
977
555
505
888
1301
1196
945
1437
444
1377
1506
498
1073
1209
547
655
667
301
453
1337
1078
1142
806
734
825
514
1012
568
856
1782
1539
961
1668
973
1370
775
1235
746
1506
1437
1454
1340
1061
867
629
1268
1688
553
562
1311
830
593
1127
1092
1181
1086
950
727
1110
917
1024
1303
347
1045
963
999
683
1027
997
1065
1472
623
1068
656
712
1758
1199
1070
434
959
1200
646
1954
981
1102
1662
532
454
1363
451
177
894
1143
559
1628
1287
1259
694
1866
1454
287
1814
1257
543
743
1614
840
833
698
1251
766
1223
648
1177
1307
1423
1373
979
710
522
1198
1708
821
341
766
109
1000
504
662
1331
774
1293
894
942
700
1394
1195
1397
1057
884
1116
486
802
1308
778
551
1458
1466
1458
1283
1062
1568
431
1017
336
1289
1352
1294
909
1525
434
709
1514
1074
1648
1104
682
787
318
767
1518
1515
988
1183
936
1626
292
399
557
1915
178
1137
599
1456
943
1358
1254
404
753
973
1217
1149
1577
1039
985
394
630
1195
1368
1286
1098
1372
1838
811
557
1108
1627
836
779
716
1704
969
671
947
1386
985
839
1059
1353
893
1366
791
1672
801
1149
238
639
1520
1641
770
1069
733
1583
874
1175
1699
360
989
986
1052
507
1059
845
1159
829
494
1549
555
556
204
542
618
1770
912
1618
1680
637
279
130
1581
795
1588
1147
1083
1202
559
1366
1226
768
804
1152
898
888
1916
655
279
884
1202
1588
1435
1674
939
911
747
1592
190
277
1102
1583
890
1082
951
564
862
1506
1605
779
1400
1000
912
1544
1754
471
1150
1005
1383
639
875
962
1083
736
667
1139
908
1031
767
658
1465
638
995
394
1546
569
1298
828
761
786
1319
1268
1047
863
388
1633
656
1003
1249
992
932
1506
879
509
592
819
797
300
789
793
825
1113
1052
429
1062
1239
648
575
1747
981
1644
1424
834
159
310
636
1006
544
1072
1255
827
800
380
1448
985
1564
1195
1343
795
1026
777
1508
909
635
1350
1177
1060
883
1115
1470
1431
1311
573
720
1045
1505
392
562
1366
1434
1772
555
726
889
1627
1217
1251
1249
1125
679
1738
1163
711
1475
911
1166
634
1779
250
107
910
1186
1445
294
782
1858
1475
304
1154
718
849
1366
1340
1534
779
637
722
680
1467
852
1321
673
472
1044
863
723
1133
947
788
583
1412
636
751
729
823
597
1352
600
1429
1052
984
1618
1036
916
1707
1173
1148
1694
470
492
1028
575
1274
1134
449
839
5
1158
1093
981
1315
635
982
1150
1638
801
1596
1414
1635
364
1111
1178
833
1970
1503
1007
958
596
884
1131
709
1263
1056
761
649
1554
1396
863
1141
760
611
1414
1386
658
1272
508
1850
1336
910
1262
1347
705
957
302
1305
576
1314
555
651
803
301
1611
661
1562
1133
836
782
870
774
1170
1381
1415
313
1126
1433
1165
1392
1106
718
528
1269
930
1348
1446
1354
861
643
1039
689
983
991
863
1139
1082
749
993
1321
1536
341
1499
1472
970
959
1176
511
963
1228
728
914
1256
609
285
968
631
1098
786
1197
1013
1089
520
1359
386
414
1144
1002
1025
820
1040
1518
1153
372
378
857
518
1519
1253
1124
775
1282
1512
854
780
1067
567
1086
1771
949
534
1000
1204
623
1023
1262
1822
822
1271
1387
1040
1217
751
569
946
443
399
1866
139
726
767
915
995
1763
421
671
1770
555
918
1325
771
1287
1953
1119
524
1464
1085
1100
152
1007
825
841
1076
1032
1573
1118
307
1719
1678
496
525
164
673
813
900
1572
979
748
940
421
970
1259
796
245
639
756
698
1212
469
356
1430
1126
1142
1509
1429
1316
792
390
937
941
1155
858
880
1353
591
331
501
1225
1070
1153
987
1564
1620
1326
614
1151
1084
1493
1197
1293
545
614
450
740
624
1102
931
1082
1091
1107
519
995
86
1148
658
144
706
1289
1195
1377
1012
1425
713
548
1447
1092
637
1265
1722
306
1316
1454
1085
1163
1254
1181
561
740
1496
1276
1515
1776
1284
762
214
1838
1291
867
1456
1428
1548
444
838
1654
961
967
1185
436
1368
1501
163
760
985
1176
1109
876
470
381
1131
1303
1211
1163
292
1251
1002
1483
1218
1153
995
667
543
981
830
1097
579
1384
1064
1537
1235
821
1152
728
660
173
270
1275
859
886
585
747
1082
886
467
821
1265
1082
811
1096
1399
1208
677
525
1374
1170
696
548
365
1008
1788
612
1153
378
1162
1259
1682
472
1024
584
931
723
512
1240
709
569
469
486
593
901
1582
963
1096
548
1682
1002
816
1685
1379
1427
758
1211
1488
600
866
1125
1289
1171
1071
762
1011
864
1458
1848
445
759
645
707
1448
966
1427
1166
832
606
1040
897
1399
1528
95
690
1518
1340
1538
1246
1164
655
1429
989
231
459
852
693
1640
670
421
557
1127
985
374
1175
1076
1429
1018
685
1198
1175
614
917
748
1754
801
968
860
525
1061
425
738
511
1256
151
723
1221
831
1585
1577
1135
1349
1145
785
1005
790
878
986
1802
696
548
575
1002
367
818
1063
1002
242
138
1108
1034
789
1077
1375
1783
650
1240
1337
924
965
233
1245
1043
1501
246
1258
1329
1084
67
703
135
1530
1416
1082
1615
734
952
714
498
1245
1241
1035
1467
866
1009
777
1113
952
1335
1040
904
1605
599
1108
1047
1252
747
1364
791
1022
975
875
673
887
1756
994
953
704
635
815
421
515
596
1233
1120
1025
939
1130
1351
300
857
418
360
916
795
952
1402
1648
337
1674
1141
933
1404
505
1635
1127
1315
896
1312
994
960
1376
502
1162
976
694
895
1149
732
950
1768
393
560
734
983
1409
892
1359
889
716
1102
1155
1643
969
1925
1344
308
517
697
1754
909
317
1253
871
607
793
1182
1026
1569
1432
565
931
868
915
891
772
1223
802
1526
373
687
861
1065
1044
1256
408
778
667
688
1450
772
373
1739
1377
1461
1060
491
1179
1553
1306
1267
277
810
1103
899
1389
893
1236
942
379
1105
950
1529
869
1097
1501
840
454
785
608
1025
450
816
1404
1146
1541
1647
911
976
535
978
683
587
1286
142
762
706
1792
858
1770
699
853
739
1414
877
1407
265
953
837
1590
502
602
845
1480
1046
1401
1055
1543
681
1336
1396
1448
1367
159
573
1168
1658
1386
164
919
325
1311
1124
941
1707
1138
589
928
1141
1307
791
769
1688
1156
1474
1120
1571
850
1303
690
234
988
654
892
974
866
536
941
1236
735
1750
646
1702
1136
1434
1238
1250
819
406
1701
608
1780
428
389
659
513
1254
1389
1831
1550
1015
1766
1797
1012
1631
1391
1150
556
1503
1528
1461
646
911
831
1335
250
1181
1122
755
1544
812
674
1236
1128
622
1552
1213
1243
749
498
1677
1175
196
609
1213
954
1638
1131
1029
1644
677
783
1739
1082
244
1681
1610
820
1302
1057
1620
717
1055
950
1215
536
934
1196
400
1046
889
857
1120
778
462
548
1111
235
1414
1684
993
547
1292
994
1257
1108
923
1118
1018
1850
1184
858
569
1376
729
1011
719
944
431
521
1951
539
1199
1065
172
948
596
930
1112
1394
849
1129
874
806
660
652
1209
405
1091
1182
405
1222
940
1391
758
1309
613
1234
1098
1118
1279
1355
439
247
501
489
1574
1576
792
1833
1576
1114
1175
788
285
381
1452
726
770
931
440
1342
1095
987
485
254
816
391
700
784
703
348
1597
736
99
958
897
848
1367
1161
1240
574
1111
1417
1050
998
939
974
870
1170
1002
1312
617
848
929
592
1634
1121
1026
1323
1324
975
1023
1479
1248
1298
787
1095
338
539
963
488
1125
1475
966
1689
1210
374
1239
1163
1097
1601
1056
731
1531
597
964
1255
1535
185
1710
1348
991
1503
1481
858
308
927
1451
1254
455
1273
959
1019
1471
1484
336
819
1678
508
214
622
1117
912
767
411
553
1146
460
833
1340
1250
826
1191
1794
1121
1119
595
1264
752
1025
1534
1265
1035
830
739
657
458
1485
827
597
245
480
1757
1009
444
843
1034
1372
804
1730
934
1789
1304
1157
948
1329
355
1123
1135
743
945
320
587
1548
1317
719
1126
1226
616
1802
1134
213
505
845
812
948
743
1174
642
805
293
1218
1247
1450
584
1526
901
1182
1019
967
1245
1274
1133
1161
1697
1160
1220
1110
901
1204
1204
788
1013
1185
1244
1110
1319
469
764
1392
389
935
1700
757
630
1342
235
1814
656
500
651
605
1143
1508
636
571
1216
1112
923
1495
831
935
201
1503
1425
869
1098
898
1416
445
1974
677
1210
1036
932
586
58
1022
661
1299
547
1061
1186
1948
842
483
1086
374
764
844
1184
1513
942
556
562
1631
1051
839
1414
806
1232
1698
730
837
913
1926
1292
1638
585
386
852
319
1829
1631
1654
390
1809
1049
512
600
1447
1055
1667
763
524
908
785
342
1428
816
1304
1541
518
1214
987
1394
1146
1065
898
1135
1509
1216
1354
1396
1224
1195
1180
1260
1464
411
1096
673
867
202
1192
1086
1051
1384
666
806
1375
546
374
488
1044
1683
578
1046
365
1653
869
1522
444
1034
1689
1233
1028
1576
742
1011
426
1114
1017
1217
1542
1075
843
1010
781
591
760
370
1638
725
1277
962
1142
1643
1278
809
858
1416
709
808
939
1077
772
1034
776
1851
686
1062
882
985
179
1031
1065
1515
1461
754
546
663
762
543
1006
825
916
991
1139
1578
1246
780
611
1086
1240
793
476
190
1086
1318
1399
1708
228
656
720
689
913
1512
897
1049
793
917
712
1085
1360
1352
1049
182
598
637
34
787
1454
668
1070
1254
1371
923
630
1480
1096
630
1624
709
841
1636
1130
1462
1624
984
1254
790
765
982
874
848
1325
1602
1154
1452
479
811
1344
953
1730
1021
1403
1029
1174
970
988
1551
1097
1164
704
1231
1174
524
1050
1752
652
1364
1129
721
884
1070
1169
495
963
781
949
328
1252
962
708
1314
694
1100
439
714
1587
906
386
925
1705
598
1681
1157
1219
789
507
874
526
986
826
1282
476
479
701
1862
1356
1243
1240
570
647
1079
1040
339
1485
987
1024
1209
550
999
1438
387
839
1623
1304
701
1326
1072
1100
1747
954
1192
718
1753
1848
865
803
1272
1451
1230
1115
1016
856
570
465
1145
1166
1250
1268
1076
1318
853
1454
1188
1038
1504
1025
1091
663
1113
1505
1533
1026
1152
441
646
565
1320
171
693
750
866
535
1804
1018
689
1341
202
1446
655
1543
241
1527
710
1880
1029
563
1074
1586
1029
1091
1281
1478
498
671
1124
1008
960
902
625
981
533
1154
1583
342
1718
551
423
723
490
874
1038
790
264
1055
1253
228
625
679
986
400
1293
954
1371
215
1372
276
663
1512
886
960
1898
776
1052
1028
1860
1477
860
1083
217
355
1052
945
619
738
392
453
944
1088
747
1056
734
1498
1273
153
860
1220
970
1372
947
981
1272
817
1277
810
1128
655
1710
702
1151
1521
1000
1486
739
1279
958
1155
1856
1108
1628
672
725
1629
576
1329
1160
446
999
833
1201
1546
861
1309
1177
1255
1257
1197
1448
1295
878
931
1241
549
810
1007
1491
335
992
1151
875
787
511
1162
737
617
706
539
1719
1560
957
490
976
1460
664
838
1485
1317
1521
1729
1123
291
1320
1112
965
886
391
1144
828
1350
1103
575
796
1293
668
1482
482
242
1633
345
1424
1294
618
1251
623
1572
1202
1180
621
1706
1542
850
1250
772
1140
897
1399
967
1774
521
1162
861
1376
1017
1122
1583
233
1479
538
1354
972
367
1440
1153
1213
1112
826
1465
863
1192
962
268
560
706
1299
1365
1461
787
950
1264
879
1316
1927
1389
235
919
1171
684
1249
1168
983
410
1438
650
399
363
1346
621
1023
924
1823
562
1245
1176
1322
695
796
665
687
1343
496
1208
1938
1186
424
375
1108
972
1044
418
1214
479
1199
914
1287
486
1204
1565
1254
573
1118
735
378
443
1301
1563
959
1854
1527
1197
786
978
1385
859
1036
1434
918
390
1075
641
653
1654
716
1349
494
1589
1609
1090
572
174
1604
792
839
1162
1434
515
384
694
1227
617
964
1433
708
1496
219
1265
1066
637
935
791
1000
1314
884
1877
733
1089
1473
659
512
550
1665
1018
1248
1107
310
1174
1035
942
840
679
627
1920
983
796
1582
1341
1016
1200
1215
1000
796
1085
650
664
920
1102
1150
938
1427
593
556
1476
1424
991
1150
802
1395
815
1479
257
1727
951
1224
1303
1306
745
1369
1109
1699
1153
901
767
562
1126
969
602
1667
854
1161
1188
1686
1026
787
654
1171
1047
1795
1022
794
1705
620
1080
1265
919
441
633
398
1410
346
1341
1261
786
1038
1049
1722
838
1556
1083
305
652
555
1000
1145
1275
1196
1349
865
1432
761
529
517
705
1279
778
833
724
375
1088
1260
1283
442
695
1338
1194
1672
407
1230
1093
1667
1670
1443
1410
1244
430
932
1873
799
1187
957
595
1097
1501
387
755
1198
810
1309
858
367
1043
787
718
717
550
775
751
334
1141
1476
624
1826
390
1227
1220
717
993
1663
1248
456
292
1185
793
1854
1034
770
955
288
1518
854
380
1443
857
944
1644
603
745
653
166
862
1523
266
1251
942
1078
665
569
691
764
272
830
1658
1024
672
688
1012
1584
444
1661
1080
713
1022
974
690
1333
1023
1097
1391
955
415
968
1630
1115
1522
1621
709
1498
477
905
1160
1548
247
1173
509
630
1366
1380
1049
642
953
1069
483
1292
427
1390
655
1170
1160
1420
135
170
1218
564
778
887
1629
590
1198
897
909
1060
797
841
853
675
1290
980
226
795
953
1395
1620
1168
566
646
610
537
775
1800
300
766
259
1355
547
1768
1017
612
388
777
1162
527
1012
980
486
585
1497
897
1848
544
1072
929
583
842
1598
678
1207
763
1767
1047
1570
829
324
815
1214
667
982
1013
1072
358
449
253
1788
938
473
914
383
423
884
891
427
737
329
736
523
625
989
337
1712
1437
1340
368
1048
481
1083
1407
541
455
789
1026
684
1402
1230
638
472
85
1299
1244
1137
1030
715
260
1113
1023
1589
1058
663
680
1797
1107
104
1193
467
922
1263
931
1789
799
1565
1269
968
1212
889
583
1436
857
1669
1461
1668
435
1274
1038
1388
678
1196
1399
785
559
929
1359
864
708
253
926
628
667
777
671
1180
1411
601
556
1249
395
1246
1105
962
678
838
1698
384
1415
772
1539
1701
868
992
1565
1265
447
941
886
536
1013
1438
1398
1027
604
733
450
1273
1316
913
777
994
1029
503
860
621
1392
1081
543
1769
1929
542
1594
1348
1391
968
853
1079
1039
530
500
832
1012
858
1167
1347
144
1305
1052
664
1363
1113
152
1231
782
874
1232
665
1547
1357
1775
1061
1436
1640
926
1478
1446
604
596
1051
749
879
1018
1471
1325
1224
1123
1175
627
578
282
1012
1765
796
1408
290
1134
1261
1290
1590
1283
1386
677
1509
161
561
888
1175
548
646
702
780
825
693
540
814
1234
166
602
1840
483
422
1630
1364
333
1404
1155
1732
1661
48
803
1372
823
1290
512
299
932
1184
1183
1229
613
922
1496
870
1525
1271
905
811
1876
1767
1594
1692
840
362
877
1142
59
959
1016
1089
665
551
1042
615
1760
966
898
1177
1552
1784
1577
1542
284
1146
341
696
781
1415
973
1314
1222
1397
1912
1116
979
434
1176
375
898
1163
715
815
876
352
614
1438
223
45
329
1086
436
831
1740
1152
473
557
336
1448
477
1227
1006
663
1065
1298
1543
968
859
588
972
1129
532
1248
1682
917
839
880
267
1325
1528
1217
742
1529
310
164
1153
1017
613
1467
770
712
1316
947
1351
1324
613
1162
709
903
580
1029
1057
533
936
1069
1118
518
1232
1645
862
133
1149
682
779
1060
1044
1006
366
244
1246
855
1509
1498
571
730
393
1450
563
569
287
796
385
1366
524
682
928
1104
967
903
951
581
285
811
1382
1380
1290
1092
1319
1043
1160
940
813
778
1222
614
724
849
862
679
303
1165
707
918
1027
1103
1399
1063
481
680
1085
748
1827
1260
1347
326
1093
937
1211
1000
1243
1150
1063
462
1069
724
1432
1601
1285
327
851
1332
1131
1327
929
656
704
784
802
331
1677
1011
1157
517
1509
338
476
1735
1266
1323
990
962
922
844
447
715
379
639
269
865
1289
1173
1115
703
1396
1692
772
1558
440
770
820
249
443
1093
1336
1324
305
997
320
648
299
1643
638
1129
514
1096
1743
1420
1324
794
1234
721
1595
629
708
1322
714
477
1394
755
255
1100
1299
966
1231
861
1183
1263
1156
1025
1032
415
1812
1271
409
1131
1504
1540
1238
258
914
1020
1284
1240
1181
943
728
491
815
1099
656
239
1261
766
1510
730
1372
549
487
607
919
1305
1040
1505
800
763
871
913
1029
1377
495
1255
1002
995
1908
1046
386
873
679
941
1498
1700
879
520
1213
806
1143
1698
1862
377
178
1537
761
1399
1740
673
1513
1232
1599
1099
854
1661
768
1629
591
399
1231
958
1419
1245
760
954
1579
1212
1087
1449
1337
624
680
618
1268
1349
874
505
891
525
344
792
600
1569
539
786
1581
1890
834
1117
1029
719
1300
1111
651
692
928
1230
997
640
1024
1255
1400
1249
1145
1054
699
1338
1239
1102
586
1016
1384
1057
675
647
854
955
1200
666
1239
1848
677
942
824
1207
1335
938
761
571
739
915
496
765
1693
635
1483
851
1695
314
1494
399
1284
913
924
1030
1807
435
224
900
331
948
361
919
1598
912
1585
705
1281
864
797
1199
1271
957
547
593
1165
1428
784
978
998
894
671
1207
800
873
1709
237
906
971
705
1639
485
347
1041
1506
1112
1333
991
1518
1085
1061
1061
383
1169
764
808
828
313
323
667
1827
730
1328
1053
1013
745
912
936
1360
819
1260
609
986
722
243
504
590
863
1332
1549
1596
762
615
1248
1276
922
1247
1134
1444
694
1740
1142
1564
387
638
1802
905
799
1528
1255
838
534
238
351
1381
1125
878
1154
1426
1335
839
1258
507
874
1190
1052
974
448
238
538
713
239
1012
711
1346
955
603
1137
723
1413
572
1217
775
1150
946
1285
258
1000
1780
1498
888
1636
1702
350
1524
1675
704
1176
998
537
1437
1083
900
577
1932
690
1835
1310
1549
565
596
900
872
256
1499
1273
1297
691
748
1100
1617
586
1726
781
868
1553
938
635
1160
1012
1370
1467
615
720
1195
918
1293
797
771
1184
1663
1358
702
1255
1222
1002
1040
1685
994
1393
1089
1779
795
984
925
1638
83
811
1377
451
1218
1360
1280
1178
756
928
751
942
1552
757
738
975
956
1241
1284
986
767
1135
666
670
737
500
336
221
1431
1137
753
687
561
1057
1125
1571
212
752
1412
1670
1336
1080
956
1184
1617
1143
781
916
500
1730
1131
437
531
1436
1093
1384
1275
1381
1234
578
1440
310
1326
1105
1140
503
1499
768
709
321
473
821
329
865
708
1637
1049
777
1102
1593
1398
730
571
1544
692
1160
702
1155
1497
765
1752
498
186
430
1038
986
666
524
1353
527
693
725
1192
663
1648
1074
1400
1053
1136
534
722
837
1390
1254
468
1091
201
1045
1032
708
1498
722
644
1251
533
654
1191
993
1665
901
974
1681
1640
713
1433
1361
1302
1548
1183
889
1950
376
1402
1840
1507
915
1049
1109
673
645
709
631
447
1085
831
315
883
316
1184
396
1045
1458
1009
827
1460
1337
1153
1462
617
545
920
780
1376
1650
914
808
766
592
541
1075
834
1285
695
1434
1119
1134
1176
1376
1063
604
370
803
940
1042
1520
904
1869
1138
669
1305
1260
738
1008
891
751
1349
1126
953
1283
1220
1018
1397
1045
832
982
1466
717
1236
930
392
1592
204
942
1020
1470
534
1589
1700
973
1165
1449
1894
1839
1206
686
1346
1689
1220
1115
1585
1169
630
1202
686
1053
1401
444
793
1256
1184
548
1052
739
762
1072
1095
604
1466
1561
1980
1234
864
1300
1227
717
1055
1119
1077
1351
1490
1466
350
843
1883
385
1232
972
1520
577
999
1558
818
1402
1384
1420
510
1832
806
798
918
1608
1350
549
1094
706
902
1066
1120
602
1530
1057
896
238
352
1083
1472
1074
622
730
927
1192
1564
537
691
694
558
662
986
1196
477
99
831
1474
1597
797
1592
339
1631
1218
905
1834
1155
1647
852
1294
444
919
956
331
1066
1428
1425
646
1832
1071
1500
1374
496
816
1015
599
1080
1259
796
1075
1356
710
1237
1540
583
745
965
984
531
740
865
1353
333
1243
1485
767
709
922
743
939
536
1050
1326
1033
98
760
1416
977
571
452
1519
1037
945
965
1336
1511
852
1851
792
1064
596
406
1304
646
403
824
1239
1042
519
557
1545
1040
1726
553
1498
986
372
1808
1149
1489
1423
1386
1517
887
863
1561
479
790
1065
1288
634
1330
928
625
728
431
1189
274
359
889
1156
828
1581
1011
1235
1047
398
1049
1269
1518
1224
616
937
1885
1698
1519
1268
938
1793
849
1055
511
825
1287
1539
594
330
491
810
809
958
1333
663
1031
812
1201
1411
1587
1178
1191
1266
555
1397
621
657
242
1039
280
920
1820
213
536
169
1442
557
1153
426
969
1877
591
1117
503
1742
1516
1060
932
1005
883
905
804
563
127
1081
1217
1246
770
1657
267
980
416
488
812
1181
966
1653
944
1200
1197
672
1308
1085
712
1661
959
761
1183
1244
701
1580
1058
313
218
928
958
171
1069
1461
456
455
1250
488
421
896
616
1162
827
626
1065
1299
1712
119
1202
329
879
542
1166
1140
910
711
703
1067
1781
489
666
1390
1044
1219
167
499
1213
1780
1346
1318
914
732
676
576
580
964
1029
368
894
726
943
730
715
950
590
575
1742
381
1084
811
1331
449
172
1489
788
820
883
1209
334
904
724
1266
1077
897
1058
626
1237
1275
954
533
1258
1060
853
461
1908
1402
989
317
867
394
875
1321
1197
1642
749
1683
987
630
628
929
446
1053
204
1317
650
348
1649
1528
857
629
268
1269
863
530
733
625
1298
1307
1877
1023
781
704
1821
179
758
1012
1293
1241
925
650
495
782
828
1118
361
1172
901
1269
998
723
837
605
519
119
1806
431
379
725
927
1186
1594
1009
1303
1634
719
1679
1022
945
1444
831
548
1326
1515
1042
1178
1730
1008
