149
384
13824
81000
3200
78732
250
9
2560
7776
1024
9216
1458
48600
4374
37500
2025
58320
29160
90000
360
2160
405
2880
1152
5184
900
270
45
9216
65610
30
19440
10240
1944
49152
480
13500
77760
384
48
625
864
864
30000
32768
6
13500
12000
12288
24
11664
3600
32
8640
9
1728
6144
11664
90000
48600
90000
324
45000
4096
77760
6144
9000
400
12960
960
2
4608
243
10935
4096
10125
120
25600
64
8748
4500
200
25920
16875
96
90000
32768
8640
16
1080
675
18225
78125
675
20000
216
2250
135
61440
81920
54
480
65536
625
768
1500
5625
48
4860
24300
61440
80
4050
240
4
18000
73728
57600
192
150
10
5120
25600
25000
1024
2592
9375
19440
80000
19200
3375
50625
17280
128
36
5120
30720
640
162
16000
2304
34560
400
270
27000
10935
20000
7500
5832
