1 13 15 3 5 7 9
1 13 15 3 5 9 7
1 13 15 3 7 5 9
1 13 15 3 7 9 5
1 13 15 3 9 5 7
1 13 15 3 9 7 5
1 13 15 5 3 7 9
1 13 15 5 3 9 7
1 13 15 5 7 3 9
1 13 15 5 7 9 3
1 13 15 5 9 3 7
1 13 15 5 9 7 3
1 13 15 7 3 5 9
1 13 15 7 3 9 5
1 13 15 7 5 3 9
1 13 15 7 5 9 3
1 13 15 7 9 3 5
1 13 15 7 9 5 3
1 13 15 9 3 5 7
1 13 15 9 3 7 5
1 13 15 9 5 3 7
1 13 15 9 5 7 3
1 13 15 9 7 3 5
1 13 15 9 7 5 3
1 13 3 15 5 7 9
1 13 3 15 5 9 7
1 13 3 15 7 5 9
1 13 3 15 7 9 5
1 13 3 15 9 5 7
1 13 3 15 9 7 5
1 13 3 5 15 7 9
1 13 3 5 15 9 7
1 13 3 5 7 15 9
1 13 3 5 7 9 15
1 13 3 5 9 15 7
1 13 3 5 9 7 15
1 13 3 7 15 5 9
1 13 3 7 15 9 5
1 13 3 7 5 15 9
1 13 3 7 5 9 15
1 13 3 7 9 15 5
1 13 3 7 9 5 15
1 13 3 9 15 5 7
1 13 3 9 15 7 5
1 13 3 9 5 15 7
1 13 3 9 5 7 15
1 13 3 9 7 15 5
1 13 3 9 7 5 15
1 13 5 15 3 7 9
1 13 5 15 3 9 7
1 13 5 15 7 3 9
1 13 5 15 7 9 3
1 13 5 15 9 3 7
1 13 5 15 9 7 3
1 13 5 3 15 7 9
1 13 5 3 15 9 7
1 13 5 3 7 15 9
1 13 5 3 7 9 15
1 13 5 3 9 15 7
1 13 5 3 9 7 15
1 13 5 7 15 3 9
1 13 5 7 15 9 3
1 13 5 7 3 15 9
1 13 5 7 3 9 15
1 13 5 7 9 15 3
1 13 5 7 9 3 15
1 13 5 9 15 3 7
1 13 5 9 15 7 3
1 13 5 9 3 15 7
1 13 5 9 3 7 15
1 13 5 9 7 15 3
1 13 5 9 7 3 15
1 13 7 15 3 5 9
1 13 7 15 3 9 5
1 13 7 15 5 3 9
1 13 7 15 5 9 3
1 13 7 15 9 3 5
1 13 7 15 9 5 3
1 13 7 3 15 5 9
1 13 7 3 15 9 5
1 13 7 3 5 15 9
1 13 7 3 5 9 15
1 13 7 3 9 15 5
1 13 7 3 9 5 15
1 13 7 5 15 3 9
1 13 7 5 15 9 3
1 13 7 5 3 15 9
1 13 7 5 3 9 15
1 13 7 5 9 15 3
1 13 7 5 9 3 15
1 13 7 9 15 3 5
1 13 7 9 15 5 3
1 13 7 9 3 15 5
1 13 7 9 3 5 15
1 13 7 9 5 15 3
1 13 7 9 5 3 15
1 13 9 15 3 5 7
1 13 9 15 3 7 5
1 13 9 15 5 3 7
1 13 9 15 5 7 3
1 13 9 15 7 3 5
1 13 9 15 7 5 3
1 13 9 3 15 5 7
1 13 9 3 15 7 5
1 13 9 3 5 15 7
1 13 9 3 5 7 15
1 13 9 3 7 15 5
1 13 9 3 7 5 15
1 13 9 5 15 3 7
1 13 9 5 15 7 3
1 13 9 5 3 15 7
1 13 9 5 3 7 15
1 13 9 5 7 15 3
1 13 9 5 7 3 15
1 13 9 7 15 3 5
1 13 9 7 15 5 3
1 13 9 7 3 15 5
1 13 9 7 3 5 15
1 13 9 7 5 15 3
1 13 9 7 5 3 15
1 15 13 3 5 7 9
1 15 13 3 5 9 7
1 15 13 3 7 5 9
1 15 13 3 7 9 5
1 15 13 3 9 5 7
1 15 13 3 9 7 5
1 15 13 5 3 7 9
1 15 13 5 3 9 7
1 15 13 5 7 3 9
1 15 13 5 7 9 3
1 15 13 5 9 3 7
1 15 13 5 9 7 3
1 15 13 7 3 5 9
1 15 13 7 3 9 5
1 15 13 7 5 3 9
1 15 13 7 5 9 3
1 15 13 7 9 3 5
1 15 13 7 9 5 3
1 15 13 9 3 5 7
1 15 13 9 3 7 5
1 15 13 9 5 3 7
1 15 13 9 5 7 3
1 15 13 9 7 3 5
1 15 13 9 7 5 3
1 15 3 13 5 7 9
1 15 3 13 5 9 7
1 15 3 13 7 5 9
1 15 3 13 7 9 5
1 15 3 13 9 5 7
1 15 3 13 9 7 5
1 15 3 5 13 7 9
1 15 3 5 13 9 7
1 15 3 5 7 13 9
1 15 3 5 7 9 13
1 15 3 5 9 13 7
1 15 3 5 9 7 13
1 15 3 7 13 5 9
1 15 3 7 13 9 5
1 15 3 7 5 13 9
1 15 3 7 5 9 13
1 15 3 7 9 13 5
1 15 3 7 9 5 13
1 15 3 9 13 5 7
1 15 3 9 13 7 5
1 15 3 9 5 13 7
1 15 3 9 5 7 13
1 15 3 9 7 13 5
1 15 3 9 7 5 13
1 15 5 13 3 7 9
1 15 5 13 3 9 7
1 15 5 13 7 3 9
1 15 5 13 7 9 3
1 15 5 13 9 3 7
1 15 5 13 9 7 3
1 15 5 3 13 7 9
1 15 5 3 13 9 7
1 15 5 3 7 13 9
1 15 5 3 7 9 13
1 15 5 3 9 13 7
1 15 5 3 9 7 13
1 15 5 7 13 3 9
1 15 5 7 13 9 3
1 15 5 7 3 13 9
1 15 5 7 3 9 13
1 15 5 7 9 13 3
1 15 5 7 9 3 13
1 15 5 9 13 3 7
1 15 5 9 13 7 3
1 15 5 9 3 13 7
1 15 5 9 3 7 13
1 15 5 9 7 13 3
1 15 5 9 7 3 13
1 15 7 13 3 5 9
1 15 7 13 3 9 5
1 15 7 13 5 3 9
1 15 7 13 5 9 3
1 15 7 13 9 3 5
1 15 7 13 9 5 3
1 15 7 3 13 5 9
1 15 7 3 13 9 5
1 15 7 3 5 13 9
1 15 7 3 5 9 13
1 15 7 3 9 13 5
1 15 7 3 9 5 13
1 15 7 5 13 3 9
1 15 7 5 13 9 3
1 15 7 5 3 13 9
1 15 7 5 3 9 13
1 15 7 5 9 13 3
1 15 7 5 9 3 13
1 15 7 9 13 3 5
1 15 7 9 13 5 3
1 15 7 9 3 13 5
1 15 7 9 3 5 13
1 15 7 9 5 13 3
1 15 7 9 5 3 13
1 15 9 13 3 5 7
1 15 9 13 3 7 5
1 15 9 13 5 3 7
1 15 9 13 5 7 3
1 15 9 13 7 3 5
1 15 9 13 7 5 3
1 15 9 3 13 5 7
1 15 9 3 13 7 5
1 15 9 3 5 13 7
1 15 9 3 5 7 13
1 15 9 3 7 13 5
1 15 9 3 7 5 13
1 15 9 5 13 3 7
1 15 9 5 13 7 3
1 15 9 5 3 13 7
1 15 9 5 3 7 13
1 15 9 5 7 13 3
1 15 9 5 7 3 13
1 15 9 7 13 3 5
1 15 9 7 13 5 3
1 15 9 7 3 13 5
1 15 9 7 3 5 13
1 15 9 7 5 13 3
1 15 9 7 5 3 13
1 3 13 15 5 7 9
1 3 13 15 5 9 7
1 3 13 15 7 5 9
1 3 13 15 7 9 5
1 3 13 15 9 5 7
1 3 13 15 9 7 5
1 3 13 5 15 7 9
1 3 13 5 15 9 7
1 3 13 5 7 15 9
1 3 13 5 7 9 15
1 3 13 5 9 15 7
1 3 13 5 9 7 15
1 3 13 7 15 5 9
1 3 13 7 15 9 5
1 3 13 7 5 15 9
1 3 13 7 5 9 15
1 3 13 7 9 15 5
1 3 13 7 9 5 15
1 3 13 9 15 5 7
1 3 13 9 15 7 5
1 3 13 9 5 15 7
1 3 13 9 5 7 15
1 3 13 9 7 15 5
1 3 13 9 7 5 15
1 3 15 13 5 7 9
1 3 15 13 5 9 7
1 3 15 13 7 5 9
1 3 15 13 7 9 5
1 3 15 13 9 5 7
1 3 15 13 9 7 5
1 3 15 5 13 7 9
1 3 15 5 13 9 7
1 3 15 5 7 13 9
1 3 15 5 7 9 13
1 3 15 5 9 13 7
1 3 15 5 9 7 13
1 3 15 7 13 5 9
1 3 15 7 13 9 5
1 3 15 7 5 13 9
1 3 15 7 5 9 13
1 3 15 7 9 13 5
1 3 15 7 9 5 13
1 3 15 9 13 5 7
1 3 15 9 13 7 5
1 3 15 9 5 13 7
1 3 15 9 5 7 13
1 3 15 9 7 13 5
1 3 15 9 7 5 13
1 3 5 13 15 7 9
1 3 5 13 15 9 7
1 3 5 13 7 15 9
1 3 5 13 7 9 15
1 3 5 13 9 15 7
1 3 5 13 9 7 15
1 3 5 15 13 7 9
1 3 5 15 13 9 7
1 3 5 15 7 13 9
1 3 5 15 7 9 13
1 3 5 15 9 13 7
1 3 5 15 9 7 13
1 3 5 7 13 15 9
1 3 5 7 13 9 15
1 3 5 7 15 13 9
1 3 5 7 15 9 13
1 3 5 7 9 13 15
1 3 5 7 9 15 13
1 3 5 9 13 15 7
1 3 5 9 13 7 15
1 3 5 9 15 13 7
1 3 5 9 15 7 13
1 3 5 9 7 13 15
1 3 5 9 7 15 13
1 3 7 13 15 5 9
1 3 7 13 15 9 5
1 3 7 13 5 15 9
1 3 7 13 5 9 15
1 3 7 13 9 15 5
1 3 7 13 9 5 15
1 3 7 15 13 5 9
1 3 7 15 13 9 5
1 3 7 15 5 13 9
1 3 7 15 5 9 13
1 3 7 15 9 13 5
1 3 7 15 9 5 13
1 3 7 5 13 15 9
1 3 7 5 13 9 15
1 3 7 5 15 13 9
1 3 7 5 15 9 13
1 3 7 5 9 13 15
1 3 7 5 9 15 13
1 3 7 9 13 15 5
1 3 7 9 13 5 15
1 3 7 9 15 13 5
1 3 7 9 15 5 13
1 3 7 9 5 13 15
1 3 7 9 5 15 13
1 3 9 13 15 5 7
1 3 9 13 15 7 5
1 3 9 13 5 15 7
1 3 9 13 5 7 15
1 3 9 13 7 15 5
1 3 9 13 7 5 15
1 3 9 15 13 5 7
1 3 9 15 13 7 5
1 3 9 15 5 13 7
1 3 9 15 5 7 13
1 3 9 15 7 13 5
1 3 9 15 7 5 13
1 3 9 5 13 15 7
1 3 9 5 13 7 15
1 3 9 5 15 13 7
1 3 9 5 15 7 13
1 3 9 5 7 13 15
1 3 9 5 7 15 13
1 3 9 7 13 15 5
1 3 9 7 13 5 15
1 3 9 7 15 13 5
1 3 9 7 15 5 13
1 3 9 7 5 13 15
1 3 9 7 5 15 13
1 5 13 15 3 7 9
1 5 13 15 3 9 7
1 5 13 15 7 3 9
1 5 13 15 7 9 3
1 5 13 15 9 3 7
1 5 13 15 9 7 3
1 5 13 3 15 7 9
1 5 13 3 15 9 7
1 5 13 3 7 15 9
1 5 13 3 7 9 15
1 5 13 3 9 15 7
1 5 13 3 9 7 15
1 5 13 7 15 3 9
1 5 13 7 15 9 3
1 5 13 7 3 15 9
1 5 13 7 3 9 15
1 5 13 7 9 15 3
1 5 13 7 9 3 15
1 5 13 9 15 3 7
1 5 13 9 15 7 3
1 5 13 9 3 15 7
1 5 13 9 3 7 15
1 5 13 9 7 15 3
1 5 13 9 7 3 15
1 5 15 13 3 7 9
1 5 15 13 3 9 7
1 5 15 13 7 3 9
1 5 15 13 7 9 3
1 5 15 13 9 3 7
1 5 15 13 9 7 3
1 5 15 3 13 7 9
1 5 15 3 13 9 7
1 5 15 3 7 13 9
1 5 15 3 7 9 13
1 5 15 3 9 13 7
1 5 15 3 9 7 13
1 5 15 7 13 3 9
1 5 15 7 13 9 3
1 5 15 7 3 13 9
1 5 15 7 3 9 13
1 5 15 7 9 13 3
1 5 15 7 9 3 13
1 5 15 9 13 3 7
1 5 15 9 13 7 3
1 5 15 9 3 13 7
1 5 15 9 3 7 13
1 5 15 9 7 13 3
1 5 15 9 7 3 13
1 5 3 13 15 7 9
1 5 3 13 15 9 7
1 5 3 13 7 15 9
1 5 3 13 7 9 15
1 5 3 13 9 15 7
1 5 3 13 9 7 15
1 5 3 15 13 7 9
1 5 3 15 13 9 7
1 5 3 15 7 13 9
1 5 3 15 7 9 13
1 5 3 15 9 13 7
1 5 3 15 9 7 13
1 5 3 7 13 15 9
1 5 3 7 13 9 15
1 5 3 7 15 13 9
1 5 3 7 15 9 13
1 5 3 7 9 13 15
1 5 3 7 9 15 13
1 5 3 9 13 15 7
1 5 3 9 13 7 15
1 5 3 9 15 13 7
1 5 3 9 15 7 13
1 5 3 9 7 13 15
1 5 3 9 7 15 13
1 5 7 13 15 3 9
1 5 7 13 15 9 3
1 5 7 13 3 15 9
1 5 7 13 3 9 15
1 5 7 13 9 15 3
1 5 7 13 9 3 15
1 5 7 15 13 3 9
1 5 7 15 13 9 3
1 5 7 15 3 13 9
1 5 7 15 3 9 13
1 5 7 15 9 13 3
1 5 7 15 9 3 13
1 5 7 3 13 15 9
1 5 7 3 13 9 15
1 5 7 3 15 13 9
1 5 7 3 15 9 13
1 5 7 3 9 13 15
1 5 7 3 9 15 13
1 5 7 9 13 15 3
1 5 7 9 13 3 15
1 5 7 9 15 13 3
1 5 7 9 15 3 13
1 5 7 9 3 13 15
1 5 7 9 3 15 13
1 5 9 13 15 3 7
1 5 9 13 15 7 3
1 5 9 13 3 15 7
1 5 9 13 3 7 15
1 5 9 13 7 15 3
1 5 9 13 7 3 15
1 5 9 15 13 3 7
1 5 9 15 13 7 3
1 5 9 15 3 13 7
1 5 9 15 3 7 13
1 5 9 15 7 13 3
1 5 9 15 7 3 13
1 5 9 3 13 15 7
1 5 9 3 13 7 15
1 5 9 3 15 13 7
1 5 9 3 15 7 13
1 5 9 3 7 13 15
1 5 9 3 7 15 13
1 5 9 7 13 15 3
1 5 9 7 13 3 15
1 5 9 7 15 13 3
1 5 9 7 15 3 13
1 5 9 7 3 13 15
1 5 9 7 3 15 13
1 7 13 15 3 5 9
1 7 13 15 3 9 5
1 7 13 15 5 3 9
1 7 13 15 5 9 3
1 7 13 15 9 3 5
1 7 13 15 9 5 3
1 7 13 3 15 5 9
1 7 13 3 15 9 5
1 7 13 3 5 15 9
1 7 13 3 5 9 15
1 7 13 3 9 15 5
1 7 13 3 9 5 15
1 7 13 5 15 3 9
1 7 13 5 15 9 3
1 7 13 5 3 15 9
1 7 13 5 3 9 15
1 7 13 5 9 15 3
1 7 13 5 9 3 15
1 7 13 9 15 3 5
1 7 13 9 15 5 3
1 7 13 9 3 15 5
1 7 13 9 3 5 15
1 7 13 9 5 15 3
1 7 13 9 5 3 15
1 7 15 13 3 5 9
1 7 15 13 3 9 5
1 7 15 13 5 3 9
1 7 15 13 5 9 3
1 7 15 13 9 3 5
1 7 15 13 9 5 3
1 7 15 3 13 5 9
1 7 15 3 13 9 5
1 7 15 3 5 13 9
1 7 15 3 5 9 13
1 7 15 3 9 13 5
1 7 15 3 9 5 13
1 7 15 5 13 3 9
1 7 15 5 13 9 3
1 7 15 5 3 13 9
1 7 15 5 3 9 13
1 7 15 5 9 13 3
1 7 15 5 9 3 13
1 7 15 9 13 3 5
1 7 15 9 13 5 3
1 7 15 9 3 13 5
1 7 15 9 3 5 13
1 7 15 9 5 13 3
1 7 15 9 5 3 13
1 7 3 13 15 5 9
1 7 3 13 15 9 5
1 7 3 13 5 15 9
1 7 3 13 5 9 15
1 7 3 13 9 15 5
1 7 3 13 9 5 15
1 7 3 15 13 5 9
1 7 3 15 13 9 5
1 7 3 15 5 13 9
1 7 3 15 5 9 13
1 7 3 15 9 13 5
1 7 3 15 9 5 13
1 7 3 5 13 15 9
1 7 3 5 13 9 15
1 7 3 5 15 13 9
1 7 3 5 15 9 13
1 7 3 5 9 13 15
1 7 3 5 9 15 13
1 7 3 9 13 15 5
1 7 3 9 13 5 15
1 7 3 9 15 13 5
1 7 3 9 15 5 13
1 7 3 9 5 13 15
1 7 3 9 5 15 13
1 7 5 13 15 3 9
1 7 5 13 15 9 3
1 7 5 13 3 15 9
1 7 5 13 3 9 15
1 7 5 13 9 15 3
1 7 5 13 9 3 15
1 7 5 15 13 3 9
1 7 5 15 13 9 3
1 7 5 15 3 13 9
1 7 5 15 3 9 13
1 7 5 15 9 13 3
1 7 5 15 9 3 13
1 7 5 3 13 15 9
1 7 5 3 13 9 15
1 7 5 3 15 13 9
1 7 5 3 15 9 13
1 7 5 3 9 13 15
1 7 5 3 9 15 13
1 7 5 9 13 15 3
1 7 5 9 13 3 15
1 7 5 9 15 13 3
1 7 5 9 15 3 13
1 7 5 9 3 13 15
1 7 5 9 3 15 13
1 7 9 13 15 3 5
1 7 9 13 15 5 3
1 7 9 13 3 15 5
1 7 9 13 3 5 15
1 7 9 13 5 15 3
1 7 9 13 5 3 15
1 7 9 15 13 3 5
1 7 9 15 13 5 3
1 7 9 15 3 13 5
1 7 9 15 3 5 13
1 7 9 15 5 13 3
1 7 9 15 5 3 13
1 7 9 3 13 15 5
1 7 9 3 13 5 15
1 7 9 3 15 13 5
1 7 9 3 15 5 13
1 7 9 3 5 13 15
1 7 9 3 5 15 13
1 7 9 5 13 15 3
1 7 9 5 13 3 15
1 7 9 5 15 13 3
1 7 9 5 15 3 13
1 7 9 5 3 13 15
1 7 9 5 3 15 13
1 9 13 15 3 5 7
1 9 13 15 3 7 5
1 9 13 15 5 3 7
1 9 13 15 5 7 3
1 9 13 15 7 3 5
1 9 13 15 7 5 3
1 9 13 3 15 5 7
1 9 13 3 15 7 5
1 9 13 3 5 15 7
1 9 13 3 5 7 15
1 9 13 3 7 15 5
1 9 13 3 7 5 15
1 9 13 5 15 3 7
1 9 13 5 15 7 3
1 9 13 5 3 15 7
1 9 13 5 3 7 15
1 9 13 5 7 15 3
1 9 13 5 7 3 15
1 9 13 7 15 3 5
1 9 13 7 15 5 3
1 9 13 7 3 15 5
1 9 13 7 3 5 15
1 9 13 7 5 15 3
1 9 13 7 5 3 15
1 9 15 13 3 5 7
1 9 15 13 3 7 5
1 9 15 13 5 3 7
1 9 15 13 5 7 3
1 9 15 13 7 3 5
1 9 15 13 7 5 3
1 9 15 3 13 5 7
1 9 15 3 13 7 5
1 9 15 3 5 13 7
1 9 15 3 5 7 13
1 9 15 3 7 13 5
1 9 15 3 7 5 13
1 9 15 5 13 3 7
1 9 15 5 13 7 3
1 9 15 5 3 13 7
1 9 15 5 3 7 13
1 9 15 5 7 13 3
1 9 15 5 7 3 13
1 9 15 7 13 3 5
1 9 15 7 13 5 3
1 9 15 7 3 13 5
1 9 15 7 3 5 13
1 9 15 7 5 13 3
1 9 15 7 5 3 13
1 9 3 13 15 5 7
1 9 3 13 15 7 5
1 9 3 13 5 15 7
1 9 3 13 5 7 15
1 9 3 13 7 15 5
1 9 3 13 7 5 15
1 9 3 15 13 5 7
1 9 3 15 13 7 5
1 9 3 15 5 13 7
1 9 3 15 5 7 13
1 9 3 15 7 13 5
1 9 3 15 7 5 13
1 9 3 5 13 15 7
1 9 3 5 13 7 15
1 9 3 5 15 13 7
1 9 3 5 15 7 13
1 9 3 5 7 13 15
1 9 3 5 7 15 13
1 9 3 7 13 15 5
1 9 3 7 13 5 15
1 9 3 7 15 13 5
1 9 3 7 15 5 13
1 9 3 7 5 13 15
1 9 3 7 5 15 13
1 9 5 13 15 3 7
1 9 5 13 15 7 3
1 9 5 13 3 15 7
1 9 5 13 3 7 15
1 9 5 13 7 15 3
1 9 5 13 7 3 15
1 9 5 15 13 3 7
1 9 5 15 13 7 3
1 9 5 15 3 13 7
1 9 5 15 3 7 13
1 9 5 15 7 13 3
1 9 5 15 7 3 13
1 9 5 3 13 15 7
1 9 5 3 13 7 15
1 9 5 3 15 13 7
1 9 5 3 15 7 13
1 9 5 3 7 13 15
1 9 5 3 7 15 13
1 9 5 7 13 15 3
1 9 5 7 13 3 15
1 9 5 7 15 13 3
1 9 5 7 15 3 13
1 9 5 7 3 13 15
1 9 5 7 3 15 13
1 9 7 13 15 3 5
1 9 7 13 15 5 3
1 9 7 13 3 15 5
1 9 7 13 3 5 15
1 9 7 13 5 15 3
1 9 7 13 5 3 15
1 9 7 15 13 3 5
1 9 7 15 13 5 3
1 9 7 15 3 13 5
1 9 7 15 3 5 13
1 9 7 15 5 13 3
1 9 7 15 5 3 13
1 9 7 3 13 15 5
1 9 7 3 13 5 15
1 9 7 3 15 13 5
1 9 7 3 15 5 13
1 9 7 3 5 13 15
1 9 7 3 5 15 13
1 9 7 5 13 15 3
1 9 7 5 13 3 15
1 9 7 5 15 13 3
1 9 7 5 15 3 13
1 9 7 5 3 13 15
1 9 7 5 3 15 13
13 1 15 3 5 7 9
13 1 15 3 5 9 7
13 1 15 3 7 5 9
13 1 15 3 7 9 5
13 1 15 3 9 5 7
13 1 15 3 9 7 5
13 1 15 5 3 7 9
13 1 15 5 3 9 7
13 1 15 5 7 3 9
13 1 15 5 7 9 3
13 1 15 5 9 3 7
13 1 15 5 9 7 3
13 1 15 7 3 5 9
13 1 15 7 3 9 5
13 1 15 7 5 3 9
13 1 15 7 5 9 3
13 1 15 7 9 3 5
13 1 15 7 9 5 3
13 1 15 9 3 5 7
13 1 15 9 3 7 5
13 1 15 9 5 3 7
13 1 15 9 5 7 3
13 1 15 9 7 3 5
13 1 15 9 7 5 3
13 1 3 15 5 7 9
13 1 3 15 5 9 7
13 1 3 15 7 5 9
13 1 3 15 7 9 5
13 1 3 15 9 5 7
13 1 3 15 9 7 5
13 1 3 5 15 7 9
13 1 3 5 15 9 7
13 1 3 5 7 15 9
13 1 3 5 7 9 15
13 1 3 5 9 15 7
13 1 3 5 9 7 15
13 1 3 7 15 5 9
13 1 3 7 15 9 5
13 1 3 7 5 15 9
13 1 3 7 5 9 15
13 1 3 7 9 15 5
13 1 3 7 9 5 15
13 1 3 9 15 5 7
13 1 3 9 15 7 5
13 1 3 9 5 15 7
13 1 3 9 5 7 15
13 1 3 9 7 15 5
13 1 3 9 7 5 15
13 1 5 15 3 7 9
13 1 5 15 3 9 7
13 1 5 15 7 3 9
13 1 5 15 7 9 3
13 1 5 15 9 3 7
13 1 5 15 9 7 3
13 1 5 3 15 7 9
13 1 5 3 15 9 7
13 1 5 3 7 15 9
13 1 5 3 7 9 15
13 1 5 3 9 15 7
13 1 5 3 9 7 15
13 1 5 7 15 3 9
13 1 5 7 15 9 3
13 1 5 7 3 15 9
13 1 5 7 3 9 15
13 1 5 7 9 15 3
13 1 5 7 9 3 15
13 1 5 9 15 3 7
13 1 5 9 15 7 3
13 1 5 9 3 15 7
13 1 5 9 3 7 15
13 1 5 9 7 15 3
13 1 5 9 7 3 15
13 1 7 15 3 5 9
13 1 7 15 3 9 5
13 1 7 15 5 3 9
13 1 7 15 5 9 3
13 1 7 15 9 3 5
13 1 7 15 9 5 3
13 1 7 3 15 5 9
13 1 7 3 15 9 5
13 1 7 3 5 15 9
13 1 7 3 5 9 15
13 1 7 3 9 15 5
13 1 7 3 9 5 15
13 1 7 5 15 3 9
13 1 7 5 15 9 3
13 1 7 5 3 15 9
13 1 7 5 3 9 15
13 1 7 5 9 15 3
13 1 7 5 9 3 15
13 1 7 9 15 3 5
13 1 7 9 15 5 3
13 1 7 9 3 15 5
13 1 7 9 3 5 15
13 1 7 9 5 15 3
13 1 7 9 5 3 15
13 1 9 15 3 5 7
13 1 9 15 3 7 5
13 1 9 15 5 3 7
13 1 9 15 5 7 3
13 1 9 15 7 3 5
13 1 9 15 7 5 3
13 1 9 3 15 5 7
13 1 9 3 15 7 5
13 1 9 3 5 15 7
13 1 9 3 5 7 15
13 1 9 3 7 15 5
13 1 9 3 7 5 15
13 1 9 5 15 3 7
13 1 9 5 15 7 3
13 1 9 5 3 15 7
13 1 9 5 3 7 15
13 1 9 5 7 15 3
13 1 9 5 7 3 15
13 1 9 7 15 3 5
13 1 9 7 15 5 3
13 1 9 7 3 15 5
13 1 9 7 3 5 15
13 1 9 7 5 15 3
13 1 9 7 5 3 15
13 15 1 3 5 7 9
13 15 1 3 5 9 7
13 15 1 3 7 5 9
13 15 1 3 7 9 5
13 15 1 3 9 5 7
13 15 1 3 9 7 5
13 15 1 5 3 7 9
13 15 1 5 3 9 7
13 15 1 5 7 3 9
13 15 1 5 7 9 3
13 15 1 5 9 3 7
13 15 1 5 9 7 3
13 15 1 7 3 5 9
13 15 1 7 3 9 5
13 15 1 7 5 3 9
13 15 1 7 5 9 3
13 15 1 7 9 3 5
13 15 1 7 9 5 3
13 15 1 9 3 5 7
13 15 1 9 3 7 5
13 15 1 9 5 3 7
13 15 1 9 5 7 3
13 15 1 9 7 3 5
13 15 1 9 7 5 3
13 15 3 1 5 7 9
13 15 3 1 5 9 7
13 15 3 1 7 5 9
13 15 3 1 7 9 5
13 15 3 1 9 5 7
13 15 3 1 9 7 5
13 15 3 5 1 7 9
13 15 3 5 1 9 7
13 15 3 5 7 1 9
13 15 3 5 7 9 1
13 15 3 5 9 1 7
13 15 3 5 9 7 1
13 15 3 7 1 5 9
13 15 3 7 1 9 5
13 15 3 7 5 1 9
13 15 3 7 5 9 1
13 15 3 7 9 1 5
13 15 3 7 9 5 1
13 15 3 9 1 5 7
13 15 3 9 1 7 5
13 15 3 9 5 1 7
13 15 3 9 5 7 1
13 15 3 9 7 1 5
13 15 3 9 7 5 1
13 15 5 1 3 7 9
13 15 5 1 3 9 7
13 15 5 1 7 3 9
13 15 5 1 7 9 3
13 15 5 1 9 3 7
13 15 5 1 9 7 3
13 15 5 3 1 7 9
13 15 5 3 1 9 7
13 15 5 3 7 1 9
13 15 5 3 7 9 1
13 15 5 3 9 1 7
13 15 5 3 9 7 1
13 15 5 7 1 3 9
13 15 5 7 1 9 3
13 15 5 7 3 1 9
13 15 5 7 3 9 1
13 15 5 7 9 1 3
13 15 5 7 9 3 1
13 15 5 9 1 3 7
13 15 5 9 1 7 3
13 15 5 9 3 1 7
13 15 5 9 3 7 1
13 15 5 9 7 1 3
13 15 5 9 7 3 1
13 15 7 1 3 5 9
13 15 7 1 3 9 5
13 15 7 1 5 3 9
13 15 7 1 5 9 3
13 15 7 1 9 3 5
13 15 7 1 9 5 3
13 15 7 3 1 5 9
13 15 7 3 1 9 5
13 15 7 3 5 1 9
13 15 7 3 5 9 1
13 15 7 3 9 1 5
13 15 7 3 9 5 1
13 15 7 5 1 3 9
13 15 7 5 1 9 3
13 15 7 5 3 1 9
13 15 7 5 3 9 1
13 15 7 5 9 1 3
13 15 7 5 9 3 1
13 15 7 9 1 3 5
13 15 7 9 1 5 3
13 15 7 9 3 1 5
13 15 7 9 3 5 1
13 15 7 9 5 1 3
13 15 7 9 5 3 1
13 15 9 1 3 5 7
13 15 9 1 3 7 5
13 15 9 1 5 3 7
13 15 9 1 5 7 3
13 15 9 1 7 3 5
13 15 9 1 7 5 3
13 15 9 3 1 5 7
13 15 9 3 1 7 5
13 15 9 3 5 1 7
13 15 9 3 5 7 1
13 15 9 3 7 1 5
13 15 9 3 7 5 1
13 15 9 5 1 3 7
13 15 9 5 1 7 3
13 15 9 5 3 1 7
13 15 9 5 3 7 1
13 15 9 5 7 1 3
13 15 9 5 7 3 1
13 15 9 7 1 3 5
13 15 9 7 1 5 3
13 15 9 7 3 1 5
13 15 9 7 3 5 1
13 15 9 7 5 1 3
13 15 9 7 5 3 1
13 3 1 15 5 7 9
13 3 1 15 5 9 7
13 3 1 15 7 5 9
13 3 1 15 7 9 5
13 3 1 15 9 5 7
13 3 1 15 9 7 5
13 3 1 5 15 7 9
13 3 1 5 15 9 7
13 3 1 5 7 15 9
13 3 1 5 7 9 15
13 3 1 5 9 15 7
13 3 1 5 9 7 15
13 3 1 7 15 5 9
13 3 1 7 15 9 5
13 3 1 7 5 15 9
13 3 1 7 5 9 15
13 3 1 7 9 15 5
13 3 1 7 9 5 15
13 3 1 9 15 5 7
13 3 1 9 15 7 5
13 3 1 9 5 15 7
13 3 1 9 5 7 15
13 3 1 9 7 15 5
13 3 1 9 7 5 15
13 3 15 1 5 7 9
13 3 15 1 5 9 7
13 3 15 1 7 5 9
13 3 15 1 7 9 5
13 3 15 1 9 5 7
13 3 15 1 9 7 5
13 3 15 5 1 7 9
13 3 15 5 1 9 7
13 3 15 5 7 1 9
13 3 15 5 7 9 1
13 3 15 5 9 1 7
13 3 15 5 9 7 1
13 3 15 7 1 5 9
13 3 15 7 1 9 5
13 3 15 7 5 1 9
13 3 15 7 5 9 1
13 3 15 7 9 1 5
13 3 15 7 9 5 1
13 3 15 9 1 5 7
13 3 15 9 1 7 5
13 3 15 9 5 1 7
13 3 15 9 5 7 1
13 3 15 9 7 1 5
13 3 15 9 7 5 1
13 3 5 1 15 7 9
13 3 5 1 15 9 7
13 3 5 1 7 15 9
13 3 5 1 7 9 15
13 3 5 1 9 15 7
13 3 5 1 9 7 15
13 3 5 15 1 7 9
13 3 5 15 1 9 7
13 3 5 15 7 1 9
13 3 5 15 7 9 1
13 3 5 15 9 1 7
13 3 5 15 9 7 1
13 3 5 7 1 15 9
13 3 5 7 1 9 15
13 3 5 7 15 1 9
13 3 5 7 15 9 1
13 3 5 7 9 1 15
13 3 5 7 9 15 1
13 3 5 9 1 15 7
13 3 5 9 1 7 15
13 3 5 9 15 1 7
13 3 5 9 15 7 1
13 3 5 9 7 1 15
13 3 5 9 7 15 1
13 3 7 1 15 5 9
13 3 7 1 15 9 5
13 3 7 1 5 15 9
13 3 7 1 5 9 15
13 3 7 1 9 15 5
13 3 7 1 9 5 15
13 3 7 15 1 5 9
13 3 7 15 1 9 5
13 3 7 15 5 1 9
13 3 7 15 5 9 1
13 3 7 15 9 1 5
13 3 7 15 9 5 1
13 3 7 5 1 15 9
13 3 7 5 1 9 15
13 3 7 5 15 1 9
13 3 7 5 15 9 1
13 3 7 5 9 1 15
13 3 7 5 9 15 1
13 3 7 9 1 15 5
13 3 7 9 1 5 15
13 3 7 9 15 1 5
13 3 7 9 15 5 1
13 3 7 9 5 1 15
13 3 7 9 5 15 1
13 3 9 1 15 5 7
13 3 9 1 15 7 5
13 3 9 1 5 15 7
13 3 9 1 5 7 15
13 3 9 1 7 15 5
13 3 9 1 7 5 15
13 3 9 15 1 5 7
13 3 9 15 1 7 5
13 3 9 15 5 1 7
13 3 9 15 5 7 1
13 3 9 15 7 1 5
13 3 9 15 7 5 1
13 3 9 5 1 15 7
13 3 9 5 1 7 15
13 3 9 5 15 1 7
13 3 9 5 15 7 1
13 3 9 5 7 1 15
13 3 9 5 7 15 1
13 3 9 7 1 15 5
13 3 9 7 1 5 15
13 3 9 7 15 1 5
13 3 9 7 15 5 1
13 3 9 7 5 1 15
13 3 9 7 5 15 1
13 5 1 15 3 7 9
13 5 1 15 3 9 7
13 5 1 15 7 3 9
13 5 1 15 7 9 3
13 5 1 15 9 3 7
13 5 1 15 9 7 3
13 5 1 3 15 7 9
13 5 1 3 15 9 7
13 5 1 3 7 15 9
13 5 1 3 7 9 15
13 5 1 3 9 15 7
13 5 1 3 9 7 15
13 5 1 7 15 3 9
13 5 1 7 15 9 3
13 5 1 7 3 15 9
13 5 1 7 3 9 15
13 5 1 7 9 15 3
13 5 1 7 9 3 15
13 5 1 9 15 3 7
13 5 1 9 15 7 3
13 5 1 9 3 15 7
13 5 1 9 3 7 15
13 5 1 9 7 15 3
13 5 1 9 7 3 15
13 5 15 1 3 7 9
13 5 15 1 3 9 7
13 5 15 1 7 3 9
13 5 15 1 7 9 3
13 5 15 1 9 3 7
13 5 15 1 9 7 3
13 5 15 3 1 7 9
13 5 15 3 1 9 7
13 5 15 3 7 1 9
13 5 15 3 7 9 1
13 5 15 3 9 1 7
13 5 15 3 9 7 1
13 5 15 7 1 3 9
13 5 15 7 1 9 3
13 5 15 7 3 1 9
13 5 15 7 3 9 1
13 5 15 7 9 1 3
13 5 15 7 9 3 1
13 5 15 9 1 3 7
13 5 15 9 1 7 3
13 5 15 9 3 1 7
13 5 15 9 3 7 1
13 5 15 9 7 1 3
13 5 15 9 7 3 1
13 5 3 1 15 7 9
13 5 3 1 15 9 7
13 5 3 1 7 15 9
13 5 3 1 7 9 15
13 5 3 1 9 15 7
13 5 3 1 9 7 15
13 5 3 15 1 7 9
13 5 3 15 1 9 7
13 5 3 15 7 1 9
13 5 3 15 7 9 1
13 5 3 15 9 1 7
13 5 3 15 9 7 1
13 5 3 7 1 15 9
13 5 3 7 1 9 15
13 5 3 7 15 1 9
13 5 3 7 15 9 1
13 5 3 7 9 1 15
13 5 3 7 9 15 1
13 5 3 9 1 15 7
13 5 3 9 1 7 15
13 5 3 9 15 1 7
13 5 3 9 15 7 1
13 5 3 9 7 1 15
13 5 3 9 7 15 1
13 5 7 1 15 3 9
13 5 7 1 15 9 3
13 5 7 1 3 15 9
13 5 7 1 3 9 15
13 5 7 1 9 15 3
13 5 7 1 9 3 15
13 5 7 15 1 3 9
13 5 7 15 1 9 3
13 5 7 15 3 1 9
13 5 7 15 3 9 1
13 5 7 15 9 1 3
13 5 7 15 9 3 1
13 5 7 3 1 15 9
13 5 7 3 1 9 15
13 5 7 3 15 1 9
13 5 7 3 15 9 1
13 5 7 3 9 1 15
13 5 7 3 9 15 1
13 5 7 9 1 15 3
13 5 7 9 1 3 15
13 5 7 9 15 1 3
13 5 7 9 15 3 1
13 5 7 9 3 1 15
13 5 7 9 3 15 1
13 5 9 1 15 3 7
13 5 9 1 15 7 3
13 5 9 1 3 15 7
13 5 9 1 3 7 15
13 5 9 1 7 15 3
13 5 9 1 7 3 15
13 5 9 15 1 3 7
13 5 9 15 1 7 3
13 5 9 15 3 1 7
13 5 9 15 3 7 1
13 5 9 15 7 1 3
13 5 9 15 7 3 1
13 5 9 3 1 15 7
13 5 9 3 1 7 15
13 5 9 3 15 1 7
13 5 9 3 15 7 1
13 5 9 3 7 1 15
13 5 9 3 7 15 1
13 5 9 7 1 15 3
13 5 9 7 1 3 15
13 5 9 7 15 1 3
13 5 9 7 15 3 1
13 5 9 7 3 1 15
13 5 9 7 3 15 1
13 7 1 15 3 5 9
13 7 1 15 3 9 5
13 7 1 15 5 3 9
13 7 1 15 5 9 3
13 7 1 15 9 3 5
13 7 1 15 9 5 3
13 7 1 3 15 5 9
13 7 1 3 15 9 5
13 7 1 3 5 15 9
13 7 1 3 5 9 15
13 7 1 3 9 15 5
13 7 1 3 9 5 15
13 7 1 5 15 3 9
13 7 1 5 15 9 3
13 7 1 5 3 15 9
13 7 1 5 3 9 15
13 7 1 5 9 15 3
13 7 1 5 9 3 15
13 7 1 9 15 3 5
13 7 1 9 15 5 3
13 7 1 9 3 15 5
13 7 1 9 3 5 15
13 7 1 9 5 15 3
13 7 1 9 5 3 15
13 7 15 1 3 5 9
13 7 15 1 3 9 5
13 7 15 1 5 3 9
13 7 15 1 5 9 3
13 7 15 1 9 3 5
13 7 15 1 9 5 3
13 7 15 3 1 5 9
13 7 15 3 1 9 5
13 7 15 3 5 1 9
13 7 15 3 5 9 1
13 7 15 3 9 1 5
13 7 15 3 9 5 1
13 7 15 5 1 3 9
13 7 15 5 1 9 3
13 7 15 5 3 1 9
13 7 15 5 3 9 1
13 7 15 5 9 1 3
13 7 15 5 9 3 1
13 7 15 9 1 3 5
13 7 15 9 1 5 3
13 7 15 9 3 1 5
13 7 15 9 3 5 1
13 7 15 9 5 1 3
13 7 15 9 5 3 1
13 7 3 1 15 5 9
13 7 3 1 15 9 5
13 7 3 1 5 15 9
13 7 3 1 5 9 15
13 7 3 1 9 15 5
13 7 3 1 9 5 15
13 7 3 15 1 5 9
13 7 3 15 1 9 5
13 7 3 15 5 1 9
13 7 3 15 5 9 1
13 7 3 15 9 1 5
13 7 3 15 9 5 1
13 7 3 5 1 15 9
13 7 3 5 1 9 15
13 7 3 5 15 1 9
13 7 3 5 15 9 1
13 7 3 5 9 1 15
13 7 3 5 9 15 1
13 7 3 9 1 15 5
13 7 3 9 1 5 15
13 7 3 9 15 1 5
13 7 3 9 15 5 1
13 7 3 9 5 1 15
13 7 3 9 5 15 1
13 7 5 1 15 3 9
13 7 5 1 15 9 3
13 7 5 1 3 15 9
13 7 5 1 3 9 15
13 7 5 1 9 15 3
13 7 5 1 9 3 15
13 7 5 15 1 3 9
13 7 5 15 1 9 3
13 7 5 15 3 1 9
13 7 5 15 3 9 1
13 7 5 15 9 1 3
13 7 5 15 9 3 1
13 7 5 3 1 15 9
13 7 5 3 1 9 15
13 7 5 3 15 1 9
13 7 5 3 15 9 1
13 7 5 3 9 1 15
13 7 5 3 9 15 1
13 7 5 9 1 15 3
13 7 5 9 1 3 15
13 7 5 9 15 1 3
13 7 5 9 15 3 1
13 7 5 9 3 1 15
13 7 5 9 3 15 1
13 7 9 1 15 3 5
13 7 9 1 15 5 3
13 7 9 1 3 15 5
13 7 9 1 3 5 15
13 7 9 1 5 15 3
13 7 9 1 5 3 15
13 7 9 15 1 3 5
13 7 9 15 1 5 3
13 7 9 15 3 1 5
13 7 9 15 3 5 1
13 7 9 15 5 1 3
13 7 9 15 5 3 1
13 7 9 3 1 15 5
13 7 9 3 1 5 15
13 7 9 3 15 1 5
13 7 9 3 15 5 1
13 7 9 3 5 1 15
13 7 9 3 5 15 1
13 7 9 5 1 15 3
13 7 9 5 1 3 15
13 7 9 5 15 1 3
13 7 9 5 15 3 1
13 7 9 5 3 1 15
13 7 9 5 3 15 1
13 9 1 15 3 5 7
13 9 1 15 3 7 5
13 9 1 15 5 3 7
13 9 1 15 5 7 3
13 9 1 15 7 3 5
13 9 1 15 7 5 3
13 9 1 3 15 5 7
13 9 1 3 15 7 5
13 9 1 3 5 15 7
13 9 1 3 5 7 15
13 9 1 3 7 15 5
13 9 1 3 7 5 15
13 9 1 5 15 3 7
13 9 1 5 15 7 3
13 9 1 5 3 15 7
13 9 1 5 3 7 15
13 9 1 5 7 15 3
13 9 1 5 7 3 15
13 9 1 7 15 3 5
13 9 1 7 15 5 3
13 9 1 7 3 15 5
13 9 1 7 3 5 15
13 9 1 7 5 15 3
13 9 1 7 5 3 15
13 9 15 1 3 5 7
13 9 15 1 3 7 5
13 9 15 1 5 3 7
13 9 15 1 5 7 3
13 9 15 1 7 3 5
13 9 15 1 7 5 3
13 9 15 3 1 5 7
13 9 15 3 1 7 5
13 9 15 3 5 1 7
13 9 15 3 5 7 1
13 9 15 3 7 1 5
13 9 15 3 7 5 1
13 9 15 5 1 3 7
13 9 15 5 1 7 3
13 9 15 5 3 1 7
13 9 15 5 3 7 1
13 9 15 5 7 1 3
13 9 15 5 7 3 1
13 9 15 7 1 3 5
13 9 15 7 1 5 3
13 9 15 7 3 1 5
13 9 15 7 3 5 1
13 9 15 7 5 1 3
13 9 15 7 5 3 1
13 9 3 1 15 5 7
13 9 3 1 15 7 5
13 9 3 1 5 15 7
13 9 3 1 5 7 15
13 9 3 1 7 15 5
13 9 3 1 7 5 15
13 9 3 15 1 5 7
13 9 3 15 1 7 5
13 9 3 15 5 1 7
13 9 3 15 5 7 1
13 9 3 15 7 1 5
13 9 3 15 7 5 1
13 9 3 5 1 15 7
13 9 3 5 1 7 15
13 9 3 5 15 1 7
13 9 3 5 15 7 1
13 9 3 5 7 1 15
13 9 3 5 7 15 1
13 9 3 7 1 15 5
13 9 3 7 1 5 15
13 9 3 7 15 1 5
13 9 3 7 15 5 1
13 9 3 7 5 1 15
13 9 3 7 5 15 1
13 9 5 1 15 3 7
13 9 5 1 15 7 3
13 9 5 1 3 15 7
13 9 5 1 3 7 15
13 9 5 1 7 15 3
13 9 5 1 7 3 15
13 9 5 15 1 3 7
13 9 5 15 1 7 3
13 9 5 15 3 1 7
13 9 5 15 3 7 1
13 9 5 15 7 1 3
13 9 5 15 7 3 1
13 9 5 3 1 15 7
13 9 5 3 1 7 15
13 9 5 3 15 1 7
13 9 5 3 15 7 1
13 9 5 3 7 1 15
13 9 5 3 7 15 1
13 9 5 7 1 15 3
13 9 5 7 1 3 15
13 9 5 7 15 1 3
13 9 5 7 15 3 1
13 9 5 7 3 1 15
13 9 5 7 3 15 1
13 9 7 1 15 3 5
13 9 7 1 15 5 3
13 9 7 1 3 15 5
13 9 7 1 3 5 15
13 9 7 1 5 15 3
13 9 7 1 5 3 15
13 9 7 15 1 3 5
13 9 7 15 1 5 3
13 9 7 15 3 1 5
13 9 7 15 3 5 1
13 9 7 15 5 1 3
13 9 7 15 5 3 1
13 9 7 3 1 15 5
13 9 7 3 1 5 15
13 9 7 3 15 1 5
13 9 7 3 15 5 1
13 9 7 3 5 1 15
13 9 7 3 5 15 1
13 9 7 5 1 15 3
13 9 7 5 1 3 15
13 9 7 5 15 1 3
13 9 7 5 15 3 1
13 9 7 5 3 1 15
13 9 7 5 3 15 1
15 1 13 3 5 7 9
15 1 13 3 5 9 7
15 1 13 3 7 5 9
15 1 13 3 7 9 5
15 1 13 3 9 5 7
15 1 13 3 9 7 5
15 1 13 5 3 7 9
15 1 13 5 3 9 7
15 1 13 5 7 3 9
15 1 13 5 7 9 3
15 1 13 5 9 3 7
15 1 13 5 9 7 3
15 1 13 7 3 5 9
15 1 13 7 3 9 5
15 1 13 7 5 3 9
15 1 13 7 5 9 3
15 1 13 7 9 3 5
15 1 13 7 9 5 3
15 1 13 9 3 5 7
15 1 13 9 3 7 5
15 1 13 9 5 3 7
15 1 13 9 5 7 3
15 1 13 9 7 3 5
15 1 13 9 7 5 3
15 1 3 13 5 7 9
15 1 3 13 5 9 7
15 1 3 13 7 5 9
15 1 3 13 7 9 5
15 1 3 13 9 5 7
15 1 3 13 9 7 5
15 1 3 5 13 7 9
15 1 3 5 13 9 7
15 1 3 5 7 13 9
15 1 3 5 7 9 13
15 1 3 5 9 13 7
15 1 3 5 9 7 13
15 1 3 7 13 5 9
15 1 3 7 13 9 5
15 1 3 7 5 13 9
15 1 3 7 5 9 13
15 1 3 7 9 13 5
15 1 3 7 9 5 13
15 1 3 9 13 5 7
15 1 3 9 13 7 5
15 1 3 9 5 13 7
15 1 3 9 5 7 13
15 1 3 9 7 13 5
15 1 3 9 7 5 13
15 1 5 13 3 7 9
15 1 5 13 3 9 7
15 1 5 13 7 3 9
15 1 5 13 7 9 3
15 1 5 13 9 3 7
15 1 5 13 9 7 3
15 1 5 3 13 7 9
15 1 5 3 13 9 7
15 1 5 3 7 13 9
15 1 5 3 7 9 13
15 1 5 3 9 13 7
15 1 5 3 9 7 13
15 1 5 7 13 3 9
15 1 5 7 13 9 3
15 1 5 7 3 13 9
15 1 5 7 3 9 13
15 1 5 7 9 13 3
15 1 5 7 9 3 13
15 1 5 9 13 3 7
15 1 5 9 13 7 3
15 1 5 9 3 13 7
15 1 5 9 3 7 13
15 1 5 9 7 13 3
15 1 5 9 7 3 13
15 1 7 13 3 5 9
15 1 7 13 3 9 5
15 1 7 13 5 3 9
15 1 7 13 5 9 3
15 1 7 13 9 3 5
15 1 7 13 9 5 3
15 1 7 3 13 5 9
15 1 7 3 13 9 5
15 1 7 3 5 13 9
15 1 7 3 5 9 13
15 1 7 3 9 13 5
15 1 7 3 9 5 13
15 1 7 5 13 3 9
15 1 7 5 13 9 3
15 1 7 5 3 13 9
15 1 7 5 3 9 13
15 1 7 5 9 13 3
15 1 7 5 9 3 13
15 1 7 9 13 3 5
15 1 7 9 13 5 3
15 1 7 9 3 13 5
15 1 7 9 3 5 13
15 1 7 9 5 13 3
15 1 7 9 5 3 13
15 1 9 13 3 5 7
15 1 9 13 3 7 5
15 1 9 13 5 3 7
15 1 9 13 5 7 3
15 1 9 13 7 3 5
15 1 9 13 7 5 3
15 1 9 3 13 5 7
15 1 9 3 13 7 5
15 1 9 3 5 13 7
15 1 9 3 5 7 13
15 1 9 3 7 13 5
15 1 9 3 7 5 13
15 1 9 5 13 3 7
15 1 9 5 13 7 3
15 1 9 5 3 13 7
15 1 9 5 3 7 13
15 1 9 5 7 13 3
15 1 9 5 7 3 13
15 1 9 7 13 3 5
15 1 9 7 13 5 3
15 1 9 7 3 13 5
15 1 9 7 3 5 13
15 1 9 7 5 13 3
15 1 9 7 5 3 13
15 13 1 3 5 7 9
15 13 1 3 5 9 7
15 13 1 3 7 5 9
15 13 1 3 7 9 5
15 13 1 3 9 5 7
15 13 1 3 9 7 5
15 13 1 5 3 7 9
15 13 1 5 3 9 7
15 13 1 5 7 3 9
15 13 1 5 7 9 3
15 13 1 5 9 3 7
15 13 1 5 9 7 3
15 13 1 7 3 5 9
15 13 1 7 3 9 5
15 13 1 7 5 3 9
15 13 1 7 5 9 3
15 13 1 7 9 3 5
15 13 1 7 9 5 3
15 13 1 9 3 5 7
15 13 1 9 3 7 5
15 13 1 9 5 3 7
15 13 1 9 5 7 3
15 13 1 9 7 3 5
15 13 1 9 7 5 3
15 13 3 1 5 7 9
15 13 3 1 5 9 7
15 13 3 1 7 5 9
15 13 3 1 7 9 5
15 13 3 1 9 5 7
15 13 3 1 9 7 5
15 13 3 5 1 7 9
15 13 3 5 1 9 7
15 13 3 5 7 1 9
15 13 3 5 7 9 1
15 13 3 5 9 1 7
15 13 3 5 9 7 1
15 13 3 7 1 5 9
15 13 3 7 1 9 5
15 13 3 7 5 1 9
15 13 3 7 5 9 1
15 13 3 7 9 1 5
15 13 3 7 9 5 1
15 13 3 9 1 5 7
15 13 3 9 1 7 5
15 13 3 9 5 1 7
15 13 3 9 5 7 1
15 13 3 9 7 1 5
15 13 3 9 7 5 1
15 13 5 1 3 7 9
15 13 5 1 3 9 7
15 13 5 1 7 3 9
15 13 5 1 7 9 3
15 13 5 1 9 3 7
15 13 5 1 9 7 3
15 13 5 3 1 7 9
15 13 5 3 1 9 7
15 13 5 3 7 1 9
15 13 5 3 7 9 1
15 13 5 3 9 1 7
15 13 5 3 9 7 1
15 13 5 7 1 3 9
15 13 5 7 1 9 3
15 13 5 7 3 1 9
15 13 5 7 3 9 1
15 13 5 7 9 1 3
15 13 5 7 9 3 1
15 13 5 9 1 3 7
15 13 5 9 1 7 3
15 13 5 9 3 1 7
15 13 5 9 3 7 1
15 13 5 9 7 1 3
15 13 5 9 7 3 1
15 13 7 1 3 5 9
15 13 7 1 3 9 5
15 13 7 1 5 3 9
15 13 7 1 5 9 3
15 13 7 1 9 3 5
15 13 7 1 9 5 3
15 13 7 3 1 5 9
15 13 7 3 1 9 5
15 13 7 3 5 1 9
15 13 7 3 5 9 1
15 13 7 3 9 1 5
15 13 7 3 9 5 1
15 13 7 5 1 3 9
15 13 7 5 1 9 3
15 13 7 5 3 1 9
15 13 7 5 3 9 1
15 13 7 5 9 1 3
15 13 7 5 9 3 1
15 13 7 9 1 3 5
15 13 7 9 1 5 3
15 13 7 9 3 1 5
15 13 7 9 3 5 1
15 13 7 9 5 1 3
15 13 7 9 5 3 1
15 13 9 1 3 5 7
15 13 9 1 3 7 5
15 13 9 1 5 3 7
15 13 9 1 5 7 3
15 13 9 1 7 3 5
15 13 9 1 7 5 3
15 13 9 3 1 5 7
15 13 9 3 1 7 5
15 13 9 3 5 1 7
15 13 9 3 5 7 1
15 13 9 3 7 1 5
15 13 9 3 7 5 1
15 13 9 5 1 3 7
15 13 9 5 1 7 3
15 13 9 5 3 1 7
15 13 9 5 3 7 1
15 13 9 5 7 1 3
15 13 9 5 7 3 1
15 13 9 7 1 3 5
15 13 9 7 1 5 3
15 13 9 7 3 1 5
15 13 9 7 3 5 1
15 13 9 7 5 1 3
15 13 9 7 5 3 1
15 3 1 13 5 7 9
15 3 1 13 5 9 7
15 3 1 13 7 5 9
15 3 1 13 7 9 5
15 3 1 13 9 5 7
15 3 1 13 9 7 5
15 3 1 5 13 7 9
15 3 1 5 13 9 7
15 3 1 5 7 13 9
15 3 1 5 7 9 13
15 3 1 5 9 13 7
15 3 1 5 9 7 13
15 3 1 7 13 5 9
15 3 1 7 13 9 5
15 3 1 7 5 13 9
15 3 1 7 5 9 13
15 3 1 7 9 13 5
15 3 1 7 9 5 13
15 3 1 9 13 5 7
15 3 1 9 13 7 5
15 3 1 9 5 13 7
15 3 1 9 5 7 13
15 3 1 9 7 13 5
15 3 1 9 7 5 13
15 3 13 1 5 7 9
15 3 13 1 5 9 7
15 3 13 1 7 5 9
15 3 13 1 7 9 5
15 3 13 1 9 5 7
15 3 13 1 9 7 5
15 3 13 5 1 7 9
15 3 13 5 1 9 7
15 3 13 5 7 1 9
15 3 13 5 7 9 1
15 3 13 5 9 1 7
15 3 13 5 9 7 1
15 3 13 7 1 5 9
15 3 13 7 1 9 5
15 3 13 7 5 1 9
15 3 13 7 5 9 1
15 3 13 7 9 1 5
15 3 13 7 9 5 1
15 3 13 9 1 5 7
15 3 13 9 1 7 5
15 3 13 9 5 1 7
15 3 13 9 5 7 1
15 3 13 9 7 1 5
15 3 13 9 7 5 1
15 3 5 1 13 7 9
15 3 5 1 13 9 7
15 3 5 1 7 13 9
15 3 5 1 7 9 13
15 3 5 1 9 13 7
15 3 5 1 9 7 13
15 3 5 13 1 7 9
15 3 5 13 1 9 7
15 3 5 13 7 1 9
15 3 5 13 7 9 1
15 3 5 13 9 1 7
15 3 5 13 9 7 1
15 3 5 7 1 13 9
15 3 5 7 1 9 13
15 3 5 7 13 1 9
15 3 5 7 13 9 1
15 3 5 7 9 1 13
15 3 5 7 9 13 1
15 3 5 9 1 13 7
15 3 5 9 1 7 13
15 3 5 9 13 1 7
15 3 5 9 13 7 1
15 3 5 9 7 1 13
15 3 5 9 7 13 1
15 3 7 1 13 5 9
15 3 7 1 13 9 5
15 3 7 1 5 13 9
15 3 7 1 5 9 13
15 3 7 1 9 13 5
15 3 7 1 9 5 13
15 3 7 13 1 5 9
15 3 7 13 1 9 5
15 3 7 13 5 1 9
15 3 7 13 5 9 1
15 3 7 13 9 1 5
15 3 7 13 9 5 1
15 3 7 5 1 13 9
15 3 7 5 1 9 13
15 3 7 5 13 1 9
15 3 7 5 13 9 1
15 3 7 5 9 1 13
15 3 7 5 9 13 1
15 3 7 9 1 13 5
15 3 7 9 1 5 13
15 3 7 9 13 1 5
15 3 7 9 13 5 1
15 3 7 9 5 1 13
15 3 7 9 5 13 1
15 3 9 1 13 5 7
15 3 9 1 13 7 5
15 3 9 1 5 13 7
15 3 9 1 5 7 13
15 3 9 1 7 13 5
15 3 9 1 7 5 13
15 3 9 13 1 5 7
15 3 9 13 1 7 5
15 3 9 13 5 1 7
15 3 9 13 5 7 1
15 3 9 13 7 1 5
15 3 9 13 7 5 1
15 3 9 5 1 13 7
15 3 9 5 1 7 13
15 3 9 5 13 1 7
15 3 9 5 13 7 1
15 3 9 5 7 1 13
15 3 9 5 7 13 1
15 3 9 7 1 13 5
15 3 9 7 1 5 13
15 3 9 7 13 1 5
15 3 9 7 13 5 1
15 3 9 7 5 1 13
15 3 9 7 5 13 1
15 5 1 13 3 7 9
15 5 1 13 3 9 7
15 5 1 13 7 3 9
15 5 1 13 7 9 3
15 5 1 13 9 3 7
15 5 1 13 9 7 3
15 5 1 3 13 7 9
15 5 1 3 13 9 7
15 5 1 3 7 13 9
15 5 1 3 7 9 13
15 5 1 3 9 13 7
15 5 1 3 9 7 13
15 5 1 7 13 3 9
15 5 1 7 13 9 3
15 5 1 7 3 13 9
15 5 1 7 3 9 13
15 5 1 7 9 13 3
15 5 1 7 9 3 13
15 5 1 9 13 3 7
15 5 1 9 13 7 3
15 5 1 9 3 13 7
15 5 1 9 3 7 13
15 5 1 9 7 13 3
15 5 1 9 7 3 13
15 5 13 1 3 7 9
15 5 13 1 3 9 7
15 5 13 1 7 3 9
15 5 13 1 7 9 3
15 5 13 1 9 3 7
15 5 13 1 9 7 3
15 5 13 3 1 7 9
15 5 13 3 1 9 7
15 5 13 3 7 1 9
15 5 13 3 7 9 1
15 5 13 3 9 1 7
15 5 13 3 9 7 1
15 5 13 7 1 3 9
15 5 13 7 1 9 3
15 5 13 7 3 1 9
15 5 13 7 3 9 1
15 5 13 7 9 1 3
15 5 13 7 9 3 1
15 5 13 9 1 3 7
15 5 13 9 1 7 3
15 5 13 9 3 1 7
15 5 13 9 3 7 1
15 5 13 9 7 1 3
15 5 13 9 7 3 1
15 5 3 1 13 7 9
15 5 3 1 13 9 7
15 5 3 1 7 13 9
15 5 3 1 7 9 13
15 5 3 1 9 13 7
15 5 3 1 9 7 13
15 5 3 13 1 7 9
15 5 3 13 1 9 7
15 5 3 13 7 1 9
15 5 3 13 7 9 1
15 5 3 13 9 1 7
15 5 3 13 9 7 1
15 5 3 7 1 13 9
15 5 3 7 1 9 13
15 5 3 7 13 1 9
15 5 3 7 13 9 1
15 5 3 7 9 1 13
15 5 3 7 9 13 1
15 5 3 9 1 13 7
15 5 3 9 1 7 13
15 5 3 9 13 1 7
15 5 3 9 13 7 1
15 5 3 9 7 1 13
15 5 3 9 7 13 1
15 5 7 1 13 3 9
15 5 7 1 13 9 3
15 5 7 1 3 13 9
15 5 7 1 3 9 13
15 5 7 1 9 13 3
15 5 7 1 9 3 13
15 5 7 13 1 3 9
15 5 7 13 1 9 3
15 5 7 13 3 1 9
15 5 7 13 3 9 1
15 5 7 13 9 1 3
15 5 7 13 9 3 1
15 5 7 3 1 13 9
15 5 7 3 1 9 13
15 5 7 3 13 1 9
15 5 7 3 13 9 1
15 5 7 3 9 1 13
15 5 7 3 9 13 1
15 5 7 9 1 13 3
15 5 7 9 1 3 13
15 5 7 9 13 1 3
15 5 7 9 13 3 1
15 5 7 9 3 1 13
15 5 7 9 3 13 1
15 5 9 1 13 3 7
15 5 9 1 13 7 3
15 5 9 1 3 13 7
15 5 9 1 3 7 13
15 5 9 1 7 13 3
15 5 9 1 7 3 13
15 5 9 13 1 3 7
15 5 9 13 1 7 3
15 5 9 13 3 1 7
15 5 9 13 3 7 1
15 5 9 13 7 1 3
15 5 9 13 7 3 1
15 5 9 3 1 13 7
15 5 9 3 1 7 13
15 5 9 3 13 1 7
15 5 9 3 13 7 1
15 5 9 3 7 1 13
15 5 9 3 7 13 1
15 5 9 7 1 13 3
15 5 9 7 1 3 13
15 5 9 7 13 1 3
15 5 9 7 13 3 1
15 5 9 7 3 1 13
15 5 9 7 3 13 1
15 7 1 13 3 5 9
15 7 1 13 3 9 5
15 7 1 13 5 3 9
15 7 1 13 5 9 3
15 7 1 13 9 3 5
15 7 1 13 9 5 3
15 7 1 3 13 5 9
15 7 1 3 13 9 5
15 7 1 3 5 13 9
15 7 1 3 5 9 13
15 7 1 3 9 13 5
15 7 1 3 9 5 13
15 7 1 5 13 3 9
15 7 1 5 13 9 3
15 7 1 5 3 13 9
15 7 1 5 3 9 13
15 7 1 5 9 13 3
15 7 1 5 9 3 13
15 7 1 9 13 3 5
15 7 1 9 13 5 3
15 7 1 9 3 13 5
15 7 1 9 3 5 13
15 7 1 9 5 13 3
15 7 1 9 5 3 13
15 7 13 1 3 5 9
15 7 13 1 3 9 5
15 7 13 1 5 3 9
15 7 13 1 5 9 3
15 7 13 1 9 3 5
15 7 13 1 9 5 3
15 7 13 3 1 5 9
15 7 13 3 1 9 5
15 7 13 3 5 1 9
15 7 13 3 5 9 1
15 7 13 3 9 1 5
15 7 13 3 9 5 1
15 7 13 5 1 3 9
15 7 13 5 1 9 3
15 7 13 5 3 1 9
15 7 13 5 3 9 1
15 7 13 5 9 1 3
15 7 13 5 9 3 1
15 7 13 9 1 3 5
15 7 13 9 1 5 3
15 7 13 9 3 1 5
15 7 13 9 3 5 1
15 7 13 9 5 1 3
15 7 13 9 5 3 1
15 7 3 1 13 5 9
15 7 3 1 13 9 5
15 7 3 1 5 13 9
15 7 3 1 5 9 13
15 7 3 1 9 13 5
15 7 3 1 9 5 13
15 7 3 13 1 5 9
15 7 3 13 1 9 5
15 7 3 13 5 1 9
15 7 3 13 5 9 1
15 7 3 13 9 1 5
15 7 3 13 9 5 1
15 7 3 5 1 13 9
15 7 3 5 1 9 13
15 7 3 5 13 1 9
15 7 3 5 13 9 1
15 7 3 5 9 1 13
15 7 3 5 9 13 1
15 7 3 9 1 13 5
15 7 3 9 1 5 13
15 7 3 9 13 1 5
15 7 3 9 13 5 1
15 7 3 9 5 1 13
15 7 3 9 5 13 1
15 7 5 1 13 3 9
15 7 5 1 13 9 3
15 7 5 1 3 13 9
15 7 5 1 3 9 13
15 7 5 1 9 13 3
15 7 5 1 9 3 13
15 7 5 13 1 3 9
15 7 5 13 1 9 3
15 7 5 13 3 1 9
15 7 5 13 3 9 1
15 7 5 13 9 1 3
15 7 5 13 9 3 1
15 7 5 3 1 13 9
15 7 5 3 1 9 13
15 7 5 3 13 1 9
15 7 5 3 13 9 1
15 7 5 3 9 1 13
15 7 5 3 9 13 1
15 7 5 9 1 13 3
15 7 5 9 1 3 13
15 7 5 9 13 1 3
15 7 5 9 13 3 1
15 7 5 9 3 1 13
15 7 5 9 3 13 1
15 7 9 1 13 3 5
15 7 9 1 13 5 3
15 7 9 1 3 13 5
15 7 9 1 3 5 13
15 7 9 1 5 13 3
15 7 9 1 5 3 13
15 7 9 13 1 3 5
15 7 9 13 1 5 3
15 7 9 13 3 1 5
15 7 9 13 3 5 1
15 7 9 13 5 1 3
15 7 9 13 5 3 1
15 7 9 3 1 13 5
15 7 9 3 1 5 13
15 7 9 3 13 1 5
15 7 9 3 13 5 1
15 7 9 3 5 1 13
15 7 9 3 5 13 1
15 7 9 5 1 13 3
15 7 9 5 1 3 13
15 7 9 5 13 1 3
15 7 9 5 13 3 1
15 7 9 5 3 1 13
15 7 9 5 3 13 1
15 9 1 13 3 5 7
15 9 1 13 3 7 5
15 9 1 13 5 3 7
15 9 1 13 5 7 3
15 9 1 13 7 3 5
15 9 1 13 7 5 3
15 9 1 3 13 5 7
15 9 1 3 13 7 5
15 9 1 3 5 13 7
15 9 1 3 5 7 13
15 9 1 3 7 13 5
15 9 1 3 7 5 13
15 9 1 5 13 3 7
15 9 1 5 13 7 3
15 9 1 5 3 13 7
15 9 1 5 3 7 13
15 9 1 5 7 13 3
15 9 1 5 7 3 13
15 9 1 7 13 3 5
15 9 1 7 13 5 3
15 9 1 7 3 13 5
15 9 1 7 3 5 13
15 9 1 7 5 13 3
15 9 1 7 5 3 13
15 9 13 1 3 5 7
15 9 13 1 3 7 5
15 9 13 1 5 3 7
15 9 13 1 5 7 3
15 9 13 1 7 3 5
15 9 13 1 7 5 3
15 9 13 3 1 5 7
15 9 13 3 1 7 5
15 9 13 3 5 1 7
15 9 13 3 5 7 1
15 9 13 3 7 1 5
15 9 13 3 7 5 1
15 9 13 5 1 3 7
15 9 13 5 1 7 3
15 9 13 5 3 1 7
15 9 13 5 3 7 1
15 9 13 5 7 1 3
15 9 13 5 7 3 1
15 9 13 7 1 3 5
15 9 13 7 1 5 3
15 9 13 7 3 1 5
15 9 13 7 3 5 1
15 9 13 7 5 1 3
15 9 13 7 5 3 1
15 9 3 1 13 5 7
15 9 3 1 13 7 5
15 9 3 1 5 13 7
15 9 3 1 5 7 13
15 9 3 1 7 13 5
15 9 3 1 7 5 13
15 9 3 13 1 5 7
15 9 3 13 1 7 5
15 9 3 13 5 1 7
15 9 3 13 5 7 1
15 9 3 13 7 1 5
15 9 3 13 7 5 1
15 9 3 5 1 13 7
15 9 3 5 1 7 13
15 9 3 5 13 1 7
15 9 3 5 13 7 1
15 9 3 5 7 1 13
15 9 3 5 7 13 1
15 9 3 7 1 13 5
15 9 3 7 1 5 13
15 9 3 7 13 1 5
15 9 3 7 13 5 1
15 9 3 7 5 1 13
15 9 3 7 5 13 1
15 9 5 1 13 3 7
15 9 5 1 13 7 3
15 9 5 1 3 13 7
15 9 5 1 3 7 13
15 9 5 1 7 13 3
15 9 5 1 7 3 13
15 9 5 13 1 3 7
15 9 5 13 1 7 3
15 9 5 13 3 1 7
15 9 5 13 3 7 1
15 9 5 13 7 1 3
15 9 5 13 7 3 1
15 9 5 3 1 13 7
15 9 5 3 1 7 13
15 9 5 3 13 1 7
15 9 5 3 13 7 1
15 9 5 3 7 1 13
15 9 5 3 7 13 1
15 9 5 7 1 13 3
15 9 5 7 1 3 13
15 9 5 7 13 1 3
15 9 5 7 13 3 1
15 9 5 7 3 1 13
15 9 5 7 3 13 1
15 9 7 1 13 3 5
15 9 7 1 13 5 3
15 9 7 1 3 13 5
15 9 7 1 3 5 13
15 9 7 1 5 13 3
15 9 7 1 5 3 13
15 9 7 13 1 3 5
15 9 7 13 1 5 3
15 9 7 13 3 1 5
15 9 7 13 3 5 1
15 9 7 13 5 1 3
15 9 7 13 5 3 1
15 9 7 3 1 13 5
15 9 7 3 1 5 13
15 9 7 3 13 1 5
15 9 7 3 13 5 1
15 9 7 3 5 1 13
15 9 7 3 5 13 1
15 9 7 5 1 13 3
15 9 7 5 1 3 13
15 9 7 5 13 1 3
15 9 7 5 13 3 1
15 9 7 5 3 1 13
15 9 7 5 3 13 1
3 1 13 15 5 7 9
3 1 13 15 5 9 7
3 1 13 15 7 5 9
3 1 13 15 7 9 5
3 1 13 15 9 5 7
3 1 13 15 9 7 5
3 1 13 5 15 7 9
3 1 13 5 15 9 7
3 1 13 5 7 15 9
3 1 13 5 7 9 15
3 1 13 5 9 15 7
3 1 13 5 9 7 15
3 1 13 7 15 5 9
3 1 13 7 15 9 5
3 1 13 7 5 15 9
3 1 13 7 5 9 15
3 1 13 7 9 15 5
3 1 13 7 9 5 15
3 1 13 9 15 5 7
3 1 13 9 15 7 5
3 1 13 9 5 15 7
3 1 13 9 5 7 15
3 1 13 9 7 15 5
3 1 13 9 7 5 15
3 1 15 13 5 7 9
3 1 15 13 5 9 7
3 1 15 13 7 5 9
3 1 15 13 7 9 5
3 1 15 13 9 5 7
3 1 15 13 9 7 5
3 1 15 5 13 7 9
3 1 15 5 13 9 7
3 1 15 5 7 13 9
3 1 15 5 7 9 13
3 1 15 5 9 13 7
3 1 15 5 9 7 13
3 1 15 7 13 5 9
3 1 15 7 13 9 5
3 1 15 7 5 13 9
3 1 15 7 5 9 13
3 1 15 7 9 13 5
3 1 15 7 9 5 13
3 1 15 9 13 5 7
3 1 15 9 13 7 5
3 1 15 9 5 13 7
3 1 15 9 5 7 13
3 1 15 9 7 13 5
3 1 15 9 7 5 13
3 1 5 13 15 7 9
3 1 5 13 15 9 7
3 1 5 13 7 15 9
3 1 5 13 7 9 15
3 1 5 13 9 15 7
3 1 5 13 9 7 15
3 1 5 15 13 7 9
3 1 5 15 13 9 7
3 1 5 15 7 13 9
3 1 5 15 7 9 13
3 1 5 15 9 13 7
3 1 5 15 9 7 13
3 1 5 7 13 15 9
3 1 5 7 13 9 15
3 1 5 7 15 13 9
3 1 5 7 15 9 13
3 1 5 7 9 13 15
3 1 5 7 9 15 13
3 1 5 9 13 15 7
3 1 5 9 13 7 15
3 1 5 9 15 13 7
3 1 5 9 15 7 13
3 1 5 9 7 13 15
3 1 5 9 7 15 13
3 1 7 13 15 5 9
3 1 7 13 15 9 5
3 1 7 13 5 15 9
3 1 7 13 5 9 15
3 1 7 13 9 15 5
3 1 7 13 9 5 15
3 1 7 15 13 5 9
3 1 7 15 13 9 5
3 1 7 15 5 13 9
3 1 7 15 5 9 13
3 1 7 15 9 13 5
3 1 7 15 9 5 13
3 1 7 5 13 15 9
3 1 7 5 13 9 15
3 1 7 5 15 13 9
3 1 7 5 15 9 13
3 1 7 5 9 13 15
3 1 7 5 9 15 13
3 1 7 9 13 15 5
3 1 7 9 13 5 15
3 1 7 9 15 13 5
3 1 7 9 15 5 13
3 1 7 9 5 13 15
3 1 7 9 5 15 13
3 1 9 13 15 5 7
3 1 9 13 15 7 5
3 1 9 13 5 15 7
3 1 9 13 5 7 15
3 1 9 13 7 15 5
3 1 9 13 7 5 15
3 1 9 15 13 5 7
3 1 9 15 13 7 5
3 1 9 15 5 13 7
3 1 9 15 5 7 13
3 1 9 15 7 13 5
3 1 9 15 7 5 13
3 1 9 5 13 15 7
3 1 9 5 13 7 15
3 1 9 5 15 13 7
3 1 9 5 15 7 13
3 1 9 5 7 13 15
3 1 9 5 7 15 13
3 1 9 7 13 15 5
3 1 9 7 13 5 15
3 1 9 7 15 13 5
3 1 9 7 15 5 13
3 1 9 7 5 13 15
3 1 9 7 5 15 13
3 13 1 15 5 7 9
3 13 1 15 5 9 7
3 13 1 15 7 5 9
3 13 1 15 7 9 5
3 13 1 15 9 5 7
3 13 1 15 9 7 5
3 13 1 5 15 7 9
3 13 1 5 15 9 7
3 13 1 5 7 15 9
3 13 1 5 7 9 15
3 13 1 5 9 15 7
3 13 1 5 9 7 15
3 13 1 7 15 5 9
3 13 1 7 15 9 5
3 13 1 7 5 15 9
3 13 1 7 5 9 15
3 13 1 7 9 15 5
3 13 1 7 9 5 15
3 13 1 9 15 5 7
3 13 1 9 15 7 5
3 13 1 9 5 15 7
3 13 1 9 5 7 15
3 13 1 9 7 15 5
3 13 1 9 7 5 15
3 13 15 1 5 7 9
3 13 15 1 5 9 7
3 13 15 1 7 5 9
3 13 15 1 7 9 5
3 13 15 1 9 5 7
3 13 15 1 9 7 5
3 13 15 5 1 7 9
3 13 15 5 1 9 7
3 13 15 5 7 1 9
3 13 15 5 7 9 1
3 13 15 5 9 1 7
3 13 15 5 9 7 1
3 13 15 7 1 5 9
3 13 15 7 1 9 5
3 13 15 7 5 1 9
3 13 15 7 5 9 1
3 13 15 7 9 1 5
3 13 15 7 9 5 1
3 13 15 9 1 5 7
3 13 15 9 1 7 5
3 13 15 9 5 1 7
3 13 15 9 5 7 1
3 13 15 9 7 1 5
3 13 15 9 7 5 1
3 13 5 1 15 7 9
3 13 5 1 15 9 7
3 13 5 1 7 15 9
3 13 5 1 7 9 15
3 13 5 1 9 15 7
3 13 5 1 9 7 15
3 13 5 15 1 7 9
3 13 5 15 1 9 7
3 13 5 15 7 1 9
3 13 5 15 7 9 1
3 13 5 15 9 1 7
3 13 5 15 9 7 1
3 13 5 7 1 15 9
3 13 5 7 1 9 15
3 13 5 7 15 1 9
3 13 5 7 15 9 1
3 13 5 7 9 1 15
3 13 5 7 9 15 1
3 13 5 9 1 15 7
3 13 5 9 1 7 15
3 13 5 9 15 1 7
3 13 5 9 15 7 1
3 13 5 9 7 1 15
3 13 5 9 7 15 1
3 13 7 1 15 5 9
3 13 7 1 15 9 5
3 13 7 1 5 15 9
3 13 7 1 5 9 15
3 13 7 1 9 15 5
3 13 7 1 9 5 15
3 13 7 15 1 5 9
3 13 7 15 1 9 5
3 13 7 15 5 1 9
3 13 7 15 5 9 1
3 13 7 15 9 1 5
3 13 7 15 9 5 1
3 13 7 5 1 15 9
3 13 7 5 1 9 15
3 13 7 5 15 1 9
3 13 7 5 15 9 1
3 13 7 5 9 1 15
3 13 7 5 9 15 1
3 13 7 9 1 15 5
3 13 7 9 1 5 15
3 13 7 9 15 1 5
3 13 7 9 15 5 1
3 13 7 9 5 1 15
3 13 7 9 5 15 1
3 13 9 1 15 5 7
3 13 9 1 15 7 5
3 13 9 1 5 15 7
3 13 9 1 5 7 15
3 13 9 1 7 15 5
3 13 9 1 7 5 15
3 13 9 15 1 5 7
3 13 9 15 1 7 5
3 13 9 15 5 1 7
3 13 9 15 5 7 1
3 13 9 15 7 1 5
3 13 9 15 7 5 1
3 13 9 5 1 15 7
3 13 9 5 1 7 15
3 13 9 5 15 1 7
3 13 9 5 15 7 1
3 13 9 5 7 1 15
3 13 9 5 7 15 1
3 13 9 7 1 15 5
3 13 9 7 1 5 15
3 13 9 7 15 1 5
3 13 9 7 15 5 1
3 13 9 7 5 1 15
3 13 9 7 5 15 1
3 15 1 13 5 7 9
3 15 1 13 5 9 7
3 15 1 13 7 5 9
3 15 1 13 7 9 5
3 15 1 13 9 5 7
3 15 1 13 9 7 5
3 15 1 5 13 7 9
3 15 1 5 13 9 7
3 15 1 5 7 13 9
3 15 1 5 7 9 13
3 15 1 5 9 13 7
3 15 1 5 9 7 13
3 15 1 7 13 5 9
3 15 1 7 13 9 5
3 15 1 7 5 13 9
3 15 1 7 5 9 13
3 15 1 7 9 13 5
3 15 1 7 9 5 13
3 15 1 9 13 5 7
3 15 1 9 13 7 5
3 15 1 9 5 13 7
3 15 1 9 5 7 13
3 15 1 9 7 13 5
3 15 1 9 7 5 13
3 15 13 1 5 7 9
3 15 13 1 5 9 7
3 15 13 1 7 5 9
3 15 13 1 7 9 5
3 15 13 1 9 5 7
3 15 13 1 9 7 5
3 15 13 5 1 7 9
3 15 13 5 1 9 7
3 15 13 5 7 1 9
3 15 13 5 7 9 1
3 15 13 5 9 1 7
3 15 13 5 9 7 1
3 15 13 7 1 5 9
3 15 13 7 1 9 5
3 15 13 7 5 1 9
3 15 13 7 5 9 1
3 15 13 7 9 1 5
3 15 13 7 9 5 1
3 15 13 9 1 5 7
3 15 13 9 1 7 5
3 15 13 9 5 1 7
3 15 13 9 5 7 1
3 15 13 9 7 1 5
3 15 13 9 7 5 1
3 15 5 1 13 7 9
3 15 5 1 13 9 7
3 15 5 1 7 13 9
3 15 5 1 7 9 13
3 15 5 1 9 13 7
3 15 5 1 9 7 13
3 15 5 13 1 7 9
3 15 5 13 1 9 7
3 15 5 13 7 1 9
3 15 5 13 7 9 1
3 15 5 13 9 1 7
3 15 5 13 9 7 1
3 15 5 7 1 13 9
3 15 5 7 1 9 13
3 15 5 7 13 1 9
3 15 5 7 13 9 1
3 15 5 7 9 1 13
3 15 5 7 9 13 1
3 15 5 9 1 13 7
3 15 5 9 1 7 13
3 15 5 9 13 1 7
3 15 5 9 13 7 1
3 15 5 9 7 1 13
3 15 5 9 7 13 1
3 15 7 1 13 5 9
3 15 7 1 13 9 5
3 15 7 1 5 13 9
3 15 7 1 5 9 13
3 15 7 1 9 13 5
3 15 7 1 9 5 13
3 15 7 13 1 5 9
3 15 7 13 1 9 5
3 15 7 13 5 1 9
3 15 7 13 5 9 1
3 15 7 13 9 1 5
3 15 7 13 9 5 1
3 15 7 5 1 13 9
3 15 7 5 1 9 13
3 15 7 5 13 1 9
3 15 7 5 13 9 1
3 15 7 5 9 1 13
3 15 7 5 9 13 1
3 15 7 9 1 13 5
3 15 7 9 1 5 13
3 15 7 9 13 1 5
3 15 7 9 13 5 1
3 15 7 9 5 1 13
3 15 7 9 5 13 1
3 15 9 1 13 5 7
3 15 9 1 13 7 5
3 15 9 1 5 13 7
3 15 9 1 5 7 13
3 15 9 1 7 13 5
3 15 9 1 7 5 13
3 15 9 13 1 5 7
3 15 9 13 1 7 5
3 15 9 13 5 1 7
3 15 9 13 5 7 1
3 15 9 13 7 1 5
3 15 9 13 7 5 1
3 15 9 5 1 13 7
3 15 9 5 1 7 13
3 15 9 5 13 1 7
3 15 9 5 13 7 1
3 15 9 5 7 1 13
3 15 9 5 7 13 1
3 15 9 7 1 13 5
3 15 9 7 1 5 13
3 15 9 7 13 1 5
3 15 9 7 13 5 1
3 15 9 7 5 1 13
3 15 9 7 5 13 1
3 5 1 13 15 7 9
3 5 1 13 15 9 7
3 5 1 13 7 15 9
3 5 1 13 7 9 15
3 5 1 13 9 15 7
3 5 1 13 9 7 15
3 5 1 15 13 7 9
3 5 1 15 13 9 7
3 5 1 15 7 13 9
3 5 1 15 7 9 13
3 5 1 15 9 13 7
3 5 1 15 9 7 13
3 5 1 7 13 15 9
3 5 1 7 13 9 15
3 5 1 7 15 13 9
3 5 1 7 15 9 13
3 5 1 7 9 13 15
3 5 1 7 9 15 13
3 5 1 9 13 15 7
3 5 1 9 13 7 15
3 5 1 9 15 13 7
3 5 1 9 15 7 13
3 5 1 9 7 13 15
3 5 1 9 7 15 13
3 5 13 1 15 7 9
3 5 13 1 15 9 7
3 5 13 1 7 15 9
3 5 13 1 7 9 15
3 5 13 1 9 15 7
3 5 13 1 9 7 15
3 5 13 15 1 7 9
3 5 13 15 1 9 7
3 5 13 15 7 1 9
3 5 13 15 7 9 1
3 5 13 15 9 1 7
3 5 13 15 9 7 1
3 5 13 7 1 15 9
3 5 13 7 1 9 15
3 5 13 7 15 1 9
3 5 13 7 15 9 1
3 5 13 7 9 1 15
3 5 13 7 9 15 1
3 5 13 9 1 15 7
3 5 13 9 1 7 15
3 5 13 9 15 1 7
3 5 13 9 15 7 1
3 5 13 9 7 1 15
3 5 13 9 7 15 1
3 5 15 1 13 7 9
3 5 15 1 13 9 7
3 5 15 1 7 13 9
3 5 15 1 7 9 13
3 5 15 1 9 13 7
3 5 15 1 9 7 13
3 5 15 13 1 7 9
3 5 15 13 1 9 7
3 5 15 13 7 1 9
3 5 15 13 7 9 1
3 5 15 13 9 1 7
3 5 15 13 9 7 1
3 5 15 7 1 13 9
3 5 15 7 1 9 13
3 5 15 7 13 1 9
3 5 15 7 13 9 1
3 5 15 7 9 1 13
3 5 15 7 9 13 1
3 5 15 9 1 13 7
3 5 15 9 1 7 13
3 5 15 9 13 1 7
3 5 15 9 13 7 1
3 5 15 9 7 1 13
3 5 15 9 7 13 1
3 5 7 1 13 15 9
3 5 7 1 13 9 15
3 5 7 1 15 13 9
3 5 7 1 15 9 13
3 5 7 1 9 13 15
3 5 7 1 9 15 13
3 5 7 13 1 15 9
3 5 7 13 1 9 15
3 5 7 13 15 1 9
3 5 7 13 15 9 1
3 5 7 13 9 1 15
3 5 7 13 9 15 1
3 5 7 15 1 13 9
3 5 7 15 1 9 13
3 5 7 15 13 1 9
3 5 7 15 13 9 1
3 5 7 15 9 1 13
3 5 7 15 9 13 1
3 5 7 9 1 13 15
3 5 7 9 1 15 13
3 5 7 9 13 1 15
3 5 7 9 13 15 1
3 5 7 9 15 1 13
3 5 7 9 15 13 1
3 5 9 1 13 15 7
3 5 9 1 13 7 15
3 5 9 1 15 13 7
3 5 9 1 15 7 13
3 5 9 1 7 13 15
3 5 9 1 7 15 13
3 5 9 13 1 15 7
3 5 9 13 1 7 15
3 5 9 13 15 1 7
3 5 9 13 15 7 1
3 5 9 13 7 1 15
3 5 9 13 7 15 1
3 5 9 15 1 13 7
3 5 9 15 1 7 13
3 5 9 15 13 1 7
3 5 9 15 13 7 1
3 5 9 15 7 1 13
3 5 9 15 7 13 1
3 5 9 7 1 13 15
3 5 9 7 1 15 13
3 5 9 7 13 1 15
3 5 9 7 13 15 1
3 5 9 7 15 1 13
3 5 9 7 15 13 1
3 7 1 13 15 5 9
3 7 1 13 15 9 5
3 7 1 13 5 15 9
3 7 1 13 5 9 15
3 7 1 13 9 15 5
3 7 1 13 9 5 15
3 7 1 15 13 5 9
3 7 1 15 13 9 5
3 7 1 15 5 13 9
3 7 1 15 5 9 13
3 7 1 15 9 13 5
3 7 1 15 9 5 13
3 7 1 5 13 15 9
3 7 1 5 13 9 15
3 7 1 5 15 13 9
3 7 1 5 15 9 13
3 7 1 5 9 13 15
3 7 1 5 9 15 13
3 7 1 9 13 15 5
3 7 1 9 13 5 15
3 7 1 9 15 13 5
3 7 1 9 15 5 13
3 7 1 9 5 13 15
3 7 1 9 5 15 13
3 7 13 1 15 5 9
3 7 13 1 15 9 5
3 7 13 1 5 15 9
3 7 13 1 5 9 15
3 7 13 1 9 15 5
3 7 13 1 9 5 15
3 7 13 15 1 5 9
3 7 13 15 1 9 5
3 7 13 15 5 1 9
3 7 13 15 5 9 1
3 7 13 15 9 1 5
3 7 13 15 9 5 1
3 7 13 5 1 15 9
3 7 13 5 1 9 15
3 7 13 5 15 1 9
3 7 13 5 15 9 1
3 7 13 5 9 1 15
3 7 13 5 9 15 1
3 7 13 9 1 15 5
3 7 13 9 1 5 15
3 7 13 9 15 1 5
3 7 13 9 15 5 1
3 7 13 9 5 1 15
3 7 13 9 5 15 1
3 7 15 1 13 5 9
3 7 15 1 13 9 5
3 7 15 1 5 13 9
3 7 15 1 5 9 13
3 7 15 1 9 13 5
3 7 15 1 9 5 13
3 7 15 13 1 5 9
3 7 15 13 1 9 5
3 7 15 13 5 1 9
3 7 15 13 5 9 1
3 7 15 13 9 1 5
3 7 15 13 9 5 1
3 7 15 5 1 13 9
3 7 15 5 1 9 13
3 7 15 5 13 1 9
3 7 15 5 13 9 1
3 7 15 5 9 1 13
3 7 15 5 9 13 1
3 7 15 9 1 13 5
3 7 15 9 1 5 13
3 7 15 9 13 1 5
3 7 15 9 13 5 1
3 7 15 9 5 1 13
3 7 15 9 5 13 1
3 7 5 1 13 15 9
3 7 5 1 13 9 15
3 7 5 1 15 13 9
3 7 5 1 15 9 13
3 7 5 1 9 13 15
3 7 5 1 9 15 13
3 7 5 13 1 15 9
3 7 5 13 1 9 15
3 7 5 13 15 1 9
3 7 5 13 15 9 1
3 7 5 13 9 1 15
3 7 5 13 9 15 1
3 7 5 15 1 13 9
3 7 5 15 1 9 13
3 7 5 15 13 1 9
3 7 5 15 13 9 1
3 7 5 15 9 1 13
3 7 5 15 9 13 1
3 7 5 9 1 13 15
3 7 5 9 1 15 13
3 7 5 9 13 1 15
3 7 5 9 13 15 1
3 7 5 9 15 1 13
3 7 5 9 15 13 1
3 7 9 1 13 15 5
3 7 9 1 13 5 15
3 7 9 1 15 13 5
3 7 9 1 15 5 13
3 7 9 1 5 13 15
3 7 9 1 5 15 13
3 7 9 13 1 15 5
3 7 9 13 1 5 15
3 7 9 13 15 1 5
3 7 9 13 15 5 1
3 7 9 13 5 1 15
3 7 9 13 5 15 1
3 7 9 15 1 13 5
3 7 9 15 1 5 13
3 7 9 15 13 1 5
3 7 9 15 13 5 1
3 7 9 15 5 1 13
3 7 9 15 5 13 1
3 7 9 5 1 13 15
3 7 9 5 1 15 13
3 7 9 5 13 1 15
3 7 9 5 13 15 1
3 7 9 5 15 1 13
3 7 9 5 15 13 1
3 9 1 13 15 5 7
3 9 1 13 15 7 5
3 9 1 13 5 15 7
3 9 1 13 5 7 15
3 9 1 13 7 15 5
3 9 1 13 7 5 15
3 9 1 15 13 5 7
3 9 1 15 13 7 5
3 9 1 15 5 13 7
3 9 1 15 5 7 13
3 9 1 15 7 13 5
3 9 1 15 7 5 13
3 9 1 5 13 15 7
3 9 1 5 13 7 15
3 9 1 5 15 13 7
3 9 1 5 15 7 13
3 9 1 5 7 13 15
3 9 1 5 7 15 13
3 9 1 7 13 15 5
3 9 1 7 13 5 15
3 9 1 7 15 13 5
3 9 1 7 15 5 13
3 9 1 7 5 13 15
3 9 1 7 5 15 13
3 9 13 1 15 5 7
3 9 13 1 15 7 5
3 9 13 1 5 15 7
3 9 13 1 5 7 15
3 9 13 1 7 15 5
3 9 13 1 7 5 15
3 9 13 15 1 5 7
3 9 13 15 1 7 5
3 9 13 15 5 1 7
3 9 13 15 5 7 1
3 9 13 15 7 1 5
3 9 13 15 7 5 1
3 9 13 5 1 15 7
3 9 13 5 1 7 15
3 9 13 5 15 1 7
3 9 13 5 15 7 1
3 9 13 5 7 1 15
3 9 13 5 7 15 1
3 9 13 7 1 15 5
3 9 13 7 1 5 15
3 9 13 7 15 1 5
3 9 13 7 15 5 1
3 9 13 7 5 1 15
3 9 13 7 5 15 1
3 9 15 1 13 5 7
3 9 15 1 13 7 5
3 9 15 1 5 13 7
3 9 15 1 5 7 13
3 9 15 1 7 13 5
3 9 15 1 7 5 13
3 9 15 13 1 5 7
3 9 15 13 1 7 5
3 9 15 13 5 1 7
3 9 15 13 5 7 1
3 9 15 13 7 1 5
3 9 15 13 7 5 1
3 9 15 5 1 13 7
3 9 15 5 1 7 13
3 9 15 5 13 1 7
3 9 15 5 13 7 1
3 9 15 5 7 1 13
3 9 15 5 7 13 1
3 9 15 7 1 13 5
3 9 15 7 1 5 13
3 9 15 7 13 1 5
3 9 15 7 13 5 1
3 9 15 7 5 1 13
3 9 15 7 5 13 1
3 9 5 1 13 15 7
3 9 5 1 13 7 15
3 9 5 1 15 13 7
3 9 5 1 15 7 13
3 9 5 1 7 13 15
3 9 5 1 7 15 13
3 9 5 13 1 15 7
3 9 5 13 1 7 15
3 9 5 13 15 1 7
3 9 5 13 15 7 1
3 9 5 13 7 1 15
3 9 5 13 7 15 1
3 9 5 15 1 13 7
3 9 5 15 1 7 13
3 9 5 15 13 1 7
3 9 5 15 13 7 1
3 9 5 15 7 1 13
3 9 5 15 7 13 1
3 9 5 7 1 13 15
3 9 5 7 1 15 13
3 9 5 7 13 1 15
3 9 5 7 13 15 1
3 9 5 7 15 1 13
3 9 5 7 15 13 1
3 9 7 1 13 15 5
3 9 7 1 13 5 15
3 9 7 1 15 13 5
3 9 7 1 15 5 13
3 9 7 1 5 13 15
3 9 7 1 5 15 13
3 9 7 13 1 15 5
3 9 7 13 1 5 15
3 9 7 13 15 1 5
3 9 7 13 15 5 1
3 9 7 13 5 1 15
3 9 7 13 5 15 1
3 9 7 15 1 13 5
3 9 7 15 1 5 13
3 9 7 15 13 1 5
3 9 7 15 13 5 1
3 9 7 15 5 1 13
3 9 7 15 5 13 1
3 9 7 5 1 13 15
3 9 7 5 1 15 13
3 9 7 5 13 1 15
3 9 7 5 13 15 1
3 9 7 5 15 1 13
3 9 7 5 15 13 1
5 1 13 15 3 7 9
5 1 13 15 3 9 7
5 1 13 15 7 3 9
5 1 13 15 7 9 3
5 1 13 15 9 3 7
5 1 13 15 9 7 3
5 1 13 3 15 7 9
5 1 13 3 15 9 7
5 1 13 3 7 15 9
5 1 13 3 7 9 15
5 1 13 3 9 15 7
5 1 13 3 9 7 15
5 1 13 7 15 3 9
5 1 13 7 15 9 3
5 1 13 7 3 15 9
5 1 13 7 3 9 15
5 1 13 7 9 15 3
5 1 13 7 9 3 15
5 1 13 9 15 3 7
5 1 13 9 15 7 3
5 1 13 9 3 15 7
5 1 13 9 3 7 15
5 1 13 9 7 15 3
5 1 13 9 7 3 15
5 1 15 13 3 7 9
5 1 15 13 3 9 7
5 1 15 13 7 3 9
5 1 15 13 7 9 3
5 1 15 13 9 3 7
5 1 15 13 9 7 3
5 1 15 3 13 7 9
5 1 15 3 13 9 7
5 1 15 3 7 13 9
5 1 15 3 7 9 13
5 1 15 3 9 13 7
5 1 15 3 9 7 13
5 1 15 7 13 3 9
5 1 15 7 13 9 3
5 1 15 7 3 13 9
5 1 15 7 3 9 13
5 1 15 7 9 13 3
5 1 15 7 9 3 13
5 1 15 9 13 3 7
5 1 15 9 13 7 3
5 1 15 9 3 13 7
5 1 15 9 3 7 13
5 1 15 9 7 13 3
5 1 15 9 7 3 13
5 1 3 13 15 7 9
5 1 3 13 15 9 7
5 1 3 13 7 15 9
5 1 3 13 7 9 15
5 1 3 13 9 15 7
5 1 3 13 9 7 15
5 1 3 15 13 7 9
5 1 3 15 13 9 7
5 1 3 15 7 13 9
5 1 3 15 7 9 13
5 1 3 15 9 13 7
5 1 3 15 9 7 13
5 1 3 7 13 15 9
5 1 3 7 13 9 15
5 1 3 7 15 13 9
5 1 3 7 15 9 13
5 1 3 7 9 13 15
5 1 3 7 9 15 13
5 1 3 9 13 15 7
5 1 3 9 13 7 15
5 1 3 9 15 13 7
5 1 3 9 15 7 13
5 1 3 9 7 13 15
5 1 3 9 7 15 13
5 1 7 13 15 3 9
5 1 7 13 15 9 3
5 1 7 13 3 15 9
5 1 7 13 3 9 15
5 1 7 13 9 15 3
5 1 7 13 9 3 15
5 1 7 15 13 3 9
5 1 7 15 13 9 3
5 1 7 15 3 13 9
5 1 7 15 3 9 13
5 1 7 15 9 13 3
5 1 7 15 9 3 13
5 1 7 3 13 15 9
5 1 7 3 13 9 15
5 1 7 3 15 13 9
5 1 7 3 15 9 13
5 1 7 3 9 13 15
5 1 7 3 9 15 13
5 1 7 9 13 15 3
5 1 7 9 13 3 15
5 1 7 9 15 13 3
5 1 7 9 15 3 13
5 1 7 9 3 13 15
5 1 7 9 3 15 13
5 1 9 13 15 3 7
5 1 9 13 15 7 3
5 1 9 13 3 15 7
5 1 9 13 3 7 15
5 1 9 13 7 15 3
5 1 9 13 7 3 15
5 1 9 15 13 3 7
5 1 9 15 13 7 3
5 1 9 15 3 13 7
5 1 9 15 3 7 13
5 1 9 15 7 13 3
5 1 9 15 7 3 13
5 1 9 3 13 15 7
5 1 9 3 13 7 15
5 1 9 3 15 13 7
5 1 9 3 15 7 13
5 1 9 3 7 13 15
5 1 9 3 7 15 13
5 1 9 7 13 15 3
5 1 9 7 13 3 15
5 1 9 7 15 13 3
5 1 9 7 15 3 13
5 1 9 7 3 13 15
5 1 9 7 3 15 13
5 13 1 15 3 7 9
5 13 1 15 3 9 7
5 13 1 15 7 3 9
5 13 1 15 7 9 3
5 13 1 15 9 3 7
5 13 1 15 9 7 3
5 13 1 3 15 7 9
5 13 1 3 15 9 7
5 13 1 3 7 15 9
5 13 1 3 7 9 15
5 13 1 3 9 15 7
5 13 1 3 9 7 15
5 13 1 7 15 3 9
5 13 1 7 15 9 3
5 13 1 7 3 15 9
5 13 1 7 3 9 15
5 13 1 7 9 15 3
5 13 1 7 9 3 15
5 13 1 9 15 3 7
5 13 1 9 15 7 3
5 13 1 9 3 15 7
5 13 1 9 3 7 15
5 13 1 9 7 15 3
5 13 1 9 7 3 15
5 13 15 1 3 7 9
5 13 15 1 3 9 7
5 13 15 1 7 3 9
5 13 15 1 7 9 3
5 13 15 1 9 3 7
5 13 15 1 9 7 3
5 13 15 3 1 7 9
5 13 15 3 1 9 7
5 13 15 3 7 1 9
5 13 15 3 7 9 1
5 13 15 3 9 1 7
5 13 15 3 9 7 1
5 13 15 7 1 3 9
5 13 15 7 1 9 3
5 13 15 7 3 1 9
5 13 15 7 3 9 1
5 13 15 7 9 1 3
5 13 15 7 9 3 1
5 13 15 9 1 3 7
5 13 15 9 1 7 3
5 13 15 9 3 1 7
5 13 15 9 3 7 1
5 13 15 9 7 1 3
5 13 15 9 7 3 1
5 13 3 1 15 7 9
5 13 3 1 15 9 7
5 13 3 1 7 15 9
5 13 3 1 7 9 15
5 13 3 1 9 15 7
5 13 3 1 9 7 15
5 13 3 15 1 7 9
5 13 3 15 1 9 7
5 13 3 15 7 1 9
5 13 3 15 7 9 1
5 13 3 15 9 1 7
5 13 3 15 9 7 1
5 13 3 7 1 15 9
5 13 3 7 1 9 15
5 13 3 7 15 1 9
5 13 3 7 15 9 1
5 13 3 7 9 1 15
5 13 3 7 9 15 1
5 13 3 9 1 15 7
5 13 3 9 1 7 15
5 13 3 9 15 1 7
5 13 3 9 15 7 1
5 13 3 9 7 1 15
5 13 3 9 7 15 1
5 13 7 1 15 3 9
5 13 7 1 15 9 3
5 13 7 1 3 15 9
5 13 7 1 3 9 15
5 13 7 1 9 15 3
5 13 7 1 9 3 15
5 13 7 15 1 3 9
5 13 7 15 1 9 3
5 13 7 15 3 1 9
5 13 7 15 3 9 1
5 13 7 15 9 1 3
5 13 7 15 9 3 1
5 13 7 3 1 15 9
5 13 7 3 1 9 15
5 13 7 3 15 1 9
5 13 7 3 15 9 1
5 13 7 3 9 1 15
5 13 7 3 9 15 1
5 13 7 9 1 15 3
5 13 7 9 1 3 15
5 13 7 9 15 1 3
5 13 7 9 15 3 1
5 13 7 9 3 1 15
5 13 7 9 3 15 1
5 13 9 1 15 3 7
5 13 9 1 15 7 3
5 13 9 1 3 15 7
5 13 9 1 3 7 15
5 13 9 1 7 15 3
5 13 9 1 7 3 15
5 13 9 15 1 3 7
5 13 9 15 1 7 3
5 13 9 15 3 1 7
5 13 9 15 3 7 1
5 13 9 15 7 1 3
5 13 9 15 7 3 1
5 13 9 3 1 15 7
5 13 9 3 1 7 15
5 13 9 3 15 1 7
5 13 9 3 15 7 1
5 13 9 3 7 1 15
5 13 9 3 7 15 1
5 13 9 7 1 15 3
5 13 9 7 1 3 15
5 13 9 7 15 1 3
5 13 9 7 15 3 1
5 13 9 7 3 1 15
5 13 9 7 3 15 1
5 15 1 13 3 7 9
5 15 1 13 3 9 7
5 15 1 13 7 3 9
5 15 1 13 7 9 3
5 15 1 13 9 3 7
5 15 1 13 9 7 3
5 15 1 3 13 7 9
5 15 1 3 13 9 7
5 15 1 3 7 13 9
5 15 1 3 7 9 13
5 15 1 3 9 13 7
5 15 1 3 9 7 13
5 15 1 7 13 3 9
5 15 1 7 13 9 3
5 15 1 7 3 13 9
5 15 1 7 3 9 13
5 15 1 7 9 13 3
5 15 1 7 9 3 13
5 15 1 9 13 3 7
5 15 1 9 13 7 3
5 15 1 9 3 13 7
5 15 1 9 3 7 13
5 15 1 9 7 13 3
5 15 1 9 7 3 13
5 15 13 1 3 7 9
5 15 13 1 3 9 7
5 15 13 1 7 3 9
5 15 13 1 7 9 3
5 15 13 1 9 3 7
5 15 13 1 9 7 3
5 15 13 3 1 7 9
5 15 13 3 1 9 7
5 15 13 3 7 1 9
5 15 13 3 7 9 1
5 15 13 3 9 1 7
5 15 13 3 9 7 1
5 15 13 7 1 3 9
5 15 13 7 1 9 3
5 15 13 7 3 1 9
5 15 13 7 3 9 1
5 15 13 7 9 1 3
5 15 13 7 9 3 1
5 15 13 9 1 3 7
5 15 13 9 1 7 3
5 15 13 9 3 1 7
5 15 13 9 3 7 1
5 15 13 9 7 1 3
5 15 13 9 7 3 1
5 15 3 1 13 7 9
5 15 3 1 13 9 7
5 15 3 1 7 13 9
5 15 3 1 7 9 13
5 15 3 1 9 13 7
5 15 3 1 9 7 13
5 15 3 13 1 7 9
5 15 3 13 1 9 7
5 15 3 13 7 1 9
5 15 3 13 7 9 1
5 15 3 13 9 1 7
5 15 3 13 9 7 1
5 15 3 7 1 13 9
5 15 3 7 1 9 13
5 15 3 7 13 1 9
5 15 3 7 13 9 1
5 15 3 7 9 1 13
5 15 3 7 9 13 1
5 15 3 9 1 13 7
5 15 3 9 1 7 13
5 15 3 9 13 1 7
5 15 3 9 13 7 1
5 15 3 9 7 1 13
5 15 3 9 7 13 1
5 15 7 1 13 3 9
5 15 7 1 13 9 3
5 15 7 1 3 13 9
5 15 7 1 3 9 13
5 15 7 1 9 13 3
5 15 7 1 9 3 13
5 15 7 13 1 3 9
5 15 7 13 1 9 3
5 15 7 13 3 1 9
5 15 7 13 3 9 1
5 15 7 13 9 1 3
5 15 7 13 9 3 1
5 15 7 3 1 13 9
5 15 7 3 1 9 13
5 15 7 3 13 1 9
5 15 7 3 13 9 1
5 15 7 3 9 1 13
5 15 7 3 9 13 1
5 15 7 9 1 13 3
5 15 7 9 1 3 13
5 15 7 9 13 1 3
5 15 7 9 13 3 1
5 15 7 9 3 1 13
5 15 7 9 3 13 1
5 15 9 1 13 3 7
5 15 9 1 13 7 3
5 15 9 1 3 13 7
5 15 9 1 3 7 13
5 15 9 1 7 13 3
5 15 9 1 7 3 13
5 15 9 13 1 3 7
5 15 9 13 1 7 3
5 15 9 13 3 1 7
5 15 9 13 3 7 1
5 15 9 13 7 1 3
5 15 9 13 7 3 1
5 15 9 3 1 13 7
5 15 9 3 1 7 13
5 15 9 3 13 1 7
5 15 9 3 13 7 1
5 15 9 3 7 1 13
5 15 9 3 7 13 1
5 15 9 7 1 13 3
5 15 9 7 1 3 13
5 15 9 7 13 1 3
5 15 9 7 13 3 1
5 15 9 7 3 1 13
5 15 9 7 3 13 1
5 3 1 13 15 7 9
5 3 1 13 15 9 7
5 3 1 13 7 15 9
5 3 1 13 7 9 15
5 3 1 13 9 15 7
5 3 1 13 9 7 15
5 3 1 15 13 7 9
5 3 1 15 13 9 7
5 3 1 15 7 13 9
5 3 1 15 7 9 13
5 3 1 15 9 13 7
5 3 1 15 9 7 13
5 3 1 7 13 15 9
5 3 1 7 13 9 15
5 3 1 7 15 13 9
5 3 1 7 15 9 13
5 3 1 7 9 13 15
5 3 1 7 9 15 13
5 3 1 9 13 15 7
5 3 1 9 13 7 15
5 3 1 9 15 13 7
5 3 1 9 15 7 13
5 3 1 9 7 13 15
5 3 1 9 7 15 13
5 3 13 1 15 7 9
5 3 13 1 15 9 7
5 3 13 1 7 15 9
5 3 13 1 7 9 15
5 3 13 1 9 15 7
5 3 13 1 9 7 15
5 3 13 15 1 7 9
5 3 13 15 1 9 7
5 3 13 15 7 1 9
5 3 13 15 7 9 1
5 3 13 15 9 1 7
5 3 13 15 9 7 1
5 3 13 7 1 15 9
5 3 13 7 1 9 15
5 3 13 7 15 1 9
5 3 13 7 15 9 1
5 3 13 7 9 1 15
5 3 13 7 9 15 1
5 3 13 9 1 15 7
5 3 13 9 1 7 15
5 3 13 9 15 1 7
5 3 13 9 15 7 1
5 3 13 9 7 1 15
5 3 13 9 7 15 1
5 3 15 1 13 7 9
5 3 15 1 13 9 7
5 3 15 1 7 13 9
5 3 15 1 7 9 13
5 3 15 1 9 13 7
5 3 15 1 9 7 13
5 3 15 13 1 7 9
5 3 15 13 1 9 7
5 3 15 13 7 1 9
5 3 15 13 7 9 1
5 3 15 13 9 1 7
5 3 15 13 9 7 1
5 3 15 7 1 13 9
5 3 15 7 1 9 13
5 3 15 7 13 1 9
5 3 15 7 13 9 1
5 3 15 7 9 1 13
5 3 15 7 9 13 1
5 3 15 9 1 13 7
5 3 15 9 1 7 13
5 3 15 9 13 1 7
5 3 15 9 13 7 1
5 3 15 9 7 1 13
5 3 15 9 7 13 1
5 3 7 1 13 15 9
5 3 7 1 13 9 15
5 3 7 1 15 13 9
5 3 7 1 15 9 13
5 3 7 1 9 13 15
5 3 7 1 9 15 13
5 3 7 13 1 15 9
5 3 7 13 1 9 15
5 3 7 13 15 1 9
5 3 7 13 15 9 1
5 3 7 13 9 1 15
5 3 7 13 9 15 1
5 3 7 15 1 13 9
5 3 7 15 1 9 13
5 3 7 15 13 1 9
5 3 7 15 13 9 1
5 3 7 15 9 1 13
5 3 7 15 9 13 1
5 3 7 9 1 13 15
5 3 7 9 1 15 13
5 3 7 9 13 1 15
5 3 7 9 13 15 1
5 3 7 9 15 1 13
5 3 7 9 15 13 1
5 3 9 1 13 15 7
5 3 9 1 13 7 15
5 3 9 1 15 13 7
5 3 9 1 15 7 13
5 3 9 1 7 13 15
5 3 9 1 7 15 13
5 3 9 13 1 15 7
5 3 9 13 1 7 15
5 3 9 13 15 1 7
5 3 9 13 15 7 1
5 3 9 13 7 1 15
5 3 9 13 7 15 1
5 3 9 15 1 13 7
5 3 9 15 1 7 13
5 3 9 15 13 1 7
5 3 9 15 13 7 1
5 3 9 15 7 1 13
5 3 9 15 7 13 1
5 3 9 7 1 13 15
5 3 9 7 1 15 13
5 3 9 7 13 1 15
5 3 9 7 13 15 1
5 3 9 7 15 1 13
5 3 9 7 15 13 1
5 7 1 13 15 3 9
5 7 1 13 15 9 3
5 7 1 13 3 15 9
5 7 1 13 3 9 15
5 7 1 13 9 15 3
5 7 1 13 9 3 15
5 7 1 15 13 3 9
5 7 1 15 13 9 3
5 7 1 15 3 13 9
5 7 1 15 3 9 13
5 7 1 15 9 13 3
5 7 1 15 9 3 13
5 7 1 3 13 15 9
5 7 1 3 13 9 15
5 7 1 3 15 13 9
5 7 1 3 15 9 13
5 7 1 3 9 13 15
5 7 1 3 9 15 13
5 7 1 9 13 15 3
5 7 1 9 13 3 15
5 7 1 9 15 13 3
5 7 1 9 15 3 13
5 7 1 9 3 13 15
5 7 1 9 3 15 13
5 7 13 1 15 3 9
5 7 13 1 15 9 3
5 7 13 1 3 15 9
5 7 13 1 3 9 15
5 7 13 1 9 15 3
5 7 13 1 9 3 15
5 7 13 15 1 3 9
5 7 13 15 1 9 3
5 7 13 15 3 1 9
5 7 13 15 3 9 1
5 7 13 15 9 1 3
5 7 13 15 9 3 1
5 7 13 3 1 15 9
5 7 13 3 1 9 15
5 7 13 3 15 1 9
5 7 13 3 15 9 1
5 7 13 3 9 1 15
5 7 13 3 9 15 1
5 7 13 9 1 15 3
5 7 13 9 1 3 15
5 7 13 9 15 1 3
5 7 13 9 15 3 1
5 7 13 9 3 1 15
5 7 13 9 3 15 1
5 7 15 1 13 3 9
5 7 15 1 13 9 3
5 7 15 1 3 13 9
5 7 15 1 3 9 13
5 7 15 1 9 13 3
5 7 15 1 9 3 13
5 7 15 13 1 3 9
5 7 15 13 1 9 3
5 7 15 13 3 1 9
5 7 15 13 3 9 1
5 7 15 13 9 1 3
5 7 15 13 9 3 1
5 7 15 3 1 13 9
5 7 15 3 1 9 13
5 7 15 3 13 1 9
5 7 15 3 13 9 1
5 7 15 3 9 1 13
5 7 15 3 9 13 1
5 7 15 9 1 13 3
5 7 15 9 1 3 13
5 7 15 9 13 1 3
5 7 15 9 13 3 1
5 7 15 9 3 1 13
5 7 15 9 3 13 1
5 7 3 1 13 15 9
5 7 3 1 13 9 15
5 7 3 1 15 13 9
5 7 3 1 15 9 13
5 7 3 1 9 13 15
5 7 3 1 9 15 13
5 7 3 13 1 15 9
5 7 3 13 1 9 15
5 7 3 13 15 1 9
5 7 3 13 15 9 1
5 7 3 13 9 1 15
5 7 3 13 9 15 1
5 7 3 15 1 13 9
5 7 3 15 1 9 13
5 7 3 15 13 1 9
5 7 3 15 13 9 1
5 7 3 15 9 1 13
5 7 3 15 9 13 1
5 7 3 9 1 13 15
5 7 3 9 1 15 13
5 7 3 9 13 1 15
5 7 3 9 13 15 1
5 7 3 9 15 1 13
5 7 3 9 15 13 1
5 7 9 1 13 15 3
5 7 9 1 13 3 15
5 7 9 1 15 13 3
5 7 9 1 15 3 13
5 7 9 1 3 13 15
5 7 9 1 3 15 13
5 7 9 13 1 15 3
5 7 9 13 1 3 15
5 7 9 13 15 1 3
5 7 9 13 15 3 1
5 7 9 13 3 1 15
5 7 9 13 3 15 1
5 7 9 15 1 13 3
5 7 9 15 1 3 13
5 7 9 15 13 1 3
5 7 9 15 13 3 1
5 7 9 15 3 1 13
5 7 9 15 3 13 1
5 7 9 3 1 13 15
5 7 9 3 1 15 13
5 7 9 3 13 1 15
5 7 9 3 13 15 1
5 7 9 3 15 1 13
5 7 9 3 15 13 1
5 9 1 13 15 3 7
5 9 1 13 15 7 3
5 9 1 13 3 15 7
5 9 1 13 3 7 15
5 9 1 13 7 15 3
5 9 1 13 7 3 15
5 9 1 15 13 3 7
5 9 1 15 13 7 3
5 9 1 15 3 13 7
5 9 1 15 3 7 13
5 9 1 15 7 13 3
5 9 1 15 7 3 13
5 9 1 3 13 15 7
5 9 1 3 13 7 15
5 9 1 3 15 13 7
5 9 1 3 15 7 13
5 9 1 3 7 13 15
5 9 1 3 7 15 13
5 9 1 7 13 15 3
5 9 1 7 13 3 15
5 9 1 7 15 13 3
5 9 1 7 15 3 13
5 9 1 7 3 13 15
5 9 1 7 3 15 13
5 9 13 1 15 3 7
5 9 13 1 15 7 3
5 9 13 1 3 15 7
5 9 13 1 3 7 15
5 9 13 1 7 15 3
5 9 13 1 7 3 15
5 9 13 15 1 3 7
5 9 13 15 1 7 3
5 9 13 15 3 1 7
5 9 13 15 3 7 1
5 9 13 15 7 1 3
5 9 13 15 7 3 1
5 9 13 3 1 15 7
5 9 13 3 1 7 15
5 9 13 3 15 1 7
5 9 13 3 15 7 1
5 9 13 3 7 1 15
5 9 13 3 7 15 1
5 9 13 7 1 15 3
5 9 13 7 1 3 15
5 9 13 7 15 1 3
5 9 13 7 15 3 1
5 9 13 7 3 1 15
5 9 13 7 3 15 1
5 9 15 1 13 3 7
5 9 15 1 13 7 3
5 9 15 1 3 13 7
5 9 15 1 3 7 13
5 9 15 1 7 13 3
5 9 15 1 7 3 13
5 9 15 13 1 3 7
5 9 15 13 1 7 3
5 9 15 13 3 1 7
5 9 15 13 3 7 1
5 9 15 13 7 1 3
5 9 15 13 7 3 1
5 9 15 3 1 13 7
5 9 15 3 1 7 13
5 9 15 3 13 1 7
5 9 15 3 13 7 1
5 9 15 3 7 1 13
5 9 15 3 7 13 1
5 9 15 7 1 13 3
5 9 15 7 1 3 13
5 9 15 7 13 1 3
5 9 15 7 13 3 1
5 9 15 7 3 1 13
5 9 15 7 3 13 1
5 9 3 1 13 15 7
5 9 3 1 13 7 15
5 9 3 1 15 13 7
5 9 3 1 15 7 13
5 9 3 1 7 13 15
5 9 3 1 7 15 13
5 9 3 13 1 15 7
5 9 3 13 1 7 15
5 9 3 13 15 1 7
5 9 3 13 15 7 1
5 9 3 13 7 1 15
5 9 3 13 7 15 1
5 9 3 15 1 13 7
5 9 3 15 1 7 13
5 9 3 15 13 1 7
5 9 3 15 13 7 1
5 9 3 15 7 1 13
5 9 3 15 7 13 1
5 9 3 7 1 13 15
5 9 3 7 1 15 13
5 9 3 7 13 1 15
5 9 3 7 13 15 1
5 9 3 7 15 1 13
5 9 3 7 15 13 1
5 9 7 1 13 15 3
5 9 7 1 13 3 15
5 9 7 1 15 13 3
5 9 7 1 15 3 13
5 9 7 1 3 13 15
5 9 7 1 3 15 13
5 9 7 13 1 15 3
5 9 7 13 1 3 15
5 9 7 13 15 1 3
5 9 7 13 15 3 1
5 9 7 13 3 1 15
5 9 7 13 3 15 1
5 9 7 15 1 13 3
5 9 7 15 1 3 13
5 9 7 15 13 1 3
5 9 7 15 13 3 1
5 9 7 15 3 1 13
5 9 7 15 3 13 1
5 9 7 3 1 13 15
5 9 7 3 1 15 13
5 9 7 3 13 1 15
5 9 7 3 13 15 1
5 9 7 3 15 1 13
5 9 7 3 15 13 1
7 1 13 15 3 5 9
7 1 13 15 3 9 5
7 1 13 15 5 3 9
7 1 13 15 5 9 3
7 1 13 15 9 3 5
7 1 13 15 9 5 3
7 1 13 3 15 5 9
7 1 13 3 15 9 5
7 1 13 3 5 15 9
7 1 13 3 5 9 15
7 1 13 3 9 15 5
7 1 13 3 9 5 15
7 1 13 5 15 3 9
7 1 13 5 15 9 3
7 1 13 5 3 15 9
7 1 13 5 3 9 15
7 1 13 5 9 15 3
7 1 13 5 9 3 15
7 1 13 9 15 3 5
7 1 13 9 15 5 3
7 1 13 9 3 15 5
7 1 13 9 3 5 15
7 1 13 9 5 15 3
7 1 13 9 5 3 15
7 1 15 13 3 5 9
7 1 15 13 3 9 5
7 1 15 13 5 3 9
7 1 15 13 5 9 3
7 1 15 13 9 3 5
7 1 15 13 9 5 3
7 1 15 3 13 5 9
7 1 15 3 13 9 5
7 1 15 3 5 13 9
7 1 15 3 5 9 13
7 1 15 3 9 13 5
7 1 15 3 9 5 13
7 1 15 5 13 3 9
7 1 15 5 13 9 3
7 1 15 5 3 13 9
7 1 15 5 3 9 13
7 1 15 5 9 13 3
7 1 15 5 9 3 13
7 1 15 9 13 3 5
7 1 15 9 13 5 3
7 1 15 9 3 13 5
7 1 15 9 3 5 13
7 1 15 9 5 13 3
7 1 15 9 5 3 13
7 1 3 13 15 5 9
7 1 3 13 15 9 5
7 1 3 13 5 15 9
7 1 3 13 5 9 15
7 1 3 13 9 15 5
7 1 3 13 9 5 15
7 1 3 15 13 5 9
7 1 3 15 13 9 5
7 1 3 15 5 13 9
7 1 3 15 5 9 13
7 1 3 15 9 13 5
7 1 3 15 9 5 13
7 1 3 5 13 15 9
7 1 3 5 13 9 15
7 1 3 5 15 13 9
7 1 3 5 15 9 13
7 1 3 5 9 13 15
7 1 3 5 9 15 13
7 1 3 9 13 15 5
7 1 3 9 13 5 15
7 1 3 9 15 13 5
7 1 3 9 15 5 13
7 1 3 9 5 13 15
7 1 3 9 5 15 13
7 1 5 13 15 3 9
7 1 5 13 15 9 3
7 1 5 13 3 15 9
7 1 5 13 3 9 15
7 1 5 13 9 15 3
7 1 5 13 9 3 15
7 1 5 15 13 3 9
7 1 5 15 13 9 3
7 1 5 15 3 13 9
7 1 5 15 3 9 13
7 1 5 15 9 13 3
7 1 5 15 9 3 13
7 1 5 3 13 15 9
7 1 5 3 13 9 15
7 1 5 3 15 13 9
7 1 5 3 15 9 13
7 1 5 3 9 13 15
7 1 5 3 9 15 13
7 1 5 9 13 15 3
7 1 5 9 13 3 15
7 1 5 9 15 13 3
7 1 5 9 15 3 13
7 1 5 9 3 13 15
7 1 5 9 3 15 13
7 1 9 13 15 3 5
7 1 9 13 15 5 3
7 1 9 13 3 15 5
7 1 9 13 3 5 15
7 1 9 13 5 15 3
7 1 9 13 5 3 15
7 1 9 15 13 3 5
7 1 9 15 13 5 3
7 1 9 15 3 13 5
7 1 9 15 3 5 13
7 1 9 15 5 13 3
7 1 9 15 5 3 13
7 1 9 3 13 15 5
7 1 9 3 13 5 15
7 1 9 3 15 13 5
7 1 9 3 15 5 13
7 1 9 3 5 13 15
7 1 9 3 5 15 13
7 1 9 5 13 15 3
7 1 9 5 13 3 15
7 1 9 5 15 13 3
7 1 9 5 15 3 13
7 1 9 5 3 13 15
7 1 9 5 3 15 13
7 13 1 15 3 5 9
7 13 1 15 3 9 5
7 13 1 15 5 3 9
7 13 1 15 5 9 3
7 13 1 15 9 3 5
7 13 1 15 9 5 3
7 13 1 3 15 5 9
7 13 1 3 15 9 5
7 13 1 3 5 15 9
7 13 1 3 5 9 15
7 13 1 3 9 15 5
7 13 1 3 9 5 15
7 13 1 5 15 3 9
7 13 1 5 15 9 3
7 13 1 5 3 15 9
7 13 1 5 3 9 15
7 13 1 5 9 15 3
7 13 1 5 9 3 15
7 13 1 9 15 3 5
7 13 1 9 15 5 3
7 13 1 9 3 15 5
7 13 1 9 3 5 15
7 13 1 9 5 15 3
7 13 1 9 5 3 15
7 13 15 1 3 5 9
7 13 15 1 3 9 5
7 13 15 1 5 3 9
7 13 15 1 5 9 3
7 13 15 1 9 3 5
7 13 15 1 9 5 3
7 13 15 3 1 5 9
7 13 15 3 1 9 5
7 13 15 3 5 1 9
7 13 15 3 5 9 1
7 13 15 3 9 1 5
7 13 15 3 9 5 1
7 13 15 5 1 3 9
7 13 15 5 1 9 3
7 13 15 5 3 1 9
7 13 15 5 3 9 1
7 13 15 5 9 1 3
7 13 15 5 9 3 1
7 13 15 9 1 3 5
7 13 15 9 1 5 3
7 13 15 9 3 1 5
7 13 15 9 3 5 1
7 13 15 9 5 1 3
7 13 15 9 5 3 1
7 13 3 1 15 5 9
7 13 3 1 15 9 5
7 13 3 1 5 15 9
7 13 3 1 5 9 15
7 13 3 1 9 15 5
7 13 3 1 9 5 15
7 13 3 15 1 5 9
7 13 3 15 1 9 5
7 13 3 15 5 1 9
7 13 3 15 5 9 1
7 13 3 15 9 1 5
7 13 3 15 9 5 1
7 13 3 5 1 15 9
7 13 3 5 1 9 15
7 13 3 5 15 1 9
7 13 3 5 15 9 1
7 13 3 5 9 1 15
7 13 3 5 9 15 1
7 13 3 9 1 15 5
7 13 3 9 1 5 15
7 13 3 9 15 1 5
7 13 3 9 15 5 1
7 13 3 9 5 1 15
7 13 3 9 5 15 1
7 13 5 1 15 3 9
7 13 5 1 15 9 3
7 13 5 1 3 15 9
7 13 5 1 3 9 15
7 13 5 1 9 15 3
7 13 5 1 9 3 15
7 13 5 15 1 3 9
7 13 5 15 1 9 3
7 13 5 15 3 1 9
7 13 5 15 3 9 1
7 13 5 15 9 1 3
7 13 5 15 9 3 1
7 13 5 3 1 15 9
7 13 5 3 1 9 15
7 13 5 3 15 1 9
7 13 5 3 15 9 1
7 13 5 3 9 1 15
7 13 5 3 9 15 1
7 13 5 9 1 15 3
7 13 5 9 1 3 15
7 13 5 9 15 1 3
7 13 5 9 15 3 1
7 13 5 9 3 1 15
7 13 5 9 3 15 1
7 13 9 1 15 3 5
7 13 9 1 15 5 3
7 13 9 1 3 15 5
7 13 9 1 3 5 15
7 13 9 1 5 15 3
7 13 9 1 5 3 15
7 13 9 15 1 3 5
7 13 9 15 1 5 3
7 13 9 15 3 1 5
7 13 9 15 3 5 1
7 13 9 15 5 1 3
7 13 9 15 5 3 1
7 13 9 3 1 15 5
7 13 9 3 1 5 15
7 13 9 3 15 1 5
7 13 9 3 15 5 1
7 13 9 3 5 1 15
7 13 9 3 5 15 1
7 13 9 5 1 15 3
7 13 9 5 1 3 15
7 13 9 5 15 1 3
7 13 9 5 15 3 1
7 13 9 5 3 1 15
7 13 9 5 3 15 1
7 15 1 13 3 5 9
7 15 1 13 3 9 5
7 15 1 13 5 3 9
7 15 1 13 5 9 3
7 15 1 13 9 3 5
7 15 1 13 9 5 3
7 15 1 3 13 5 9
7 15 1 3 13 9 5
7 15 1 3 5 13 9
7 15 1 3 5 9 13
7 15 1 3 9 13 5
7 15 1 3 9 5 13
7 15 1 5 13 3 9
7 15 1 5 13 9 3
7 15 1 5 3 13 9
7 15 1 5 3 9 13
7 15 1 5 9 13 3
7 15 1 5 9 3 13
7 15 1 9 13 3 5
7 15 1 9 13 5 3
7 15 1 9 3 13 5
7 15 1 9 3 5 13
7 15 1 9 5 13 3
7 15 1 9 5 3 13
7 15 13 1 3 5 9
7 15 13 1 3 9 5
7 15 13 1 5 3 9
7 15 13 1 5 9 3
7 15 13 1 9 3 5
7 15 13 1 9 5 3
7 15 13 3 1 5 9
7 15 13 3 1 9 5
7 15 13 3 5 1 9
7 15 13 3 5 9 1
7 15 13 3 9 1 5
7 15 13 3 9 5 1
7 15 13 5 1 3 9
7 15 13 5 1 9 3
7 15 13 5 3 1 9
7 15 13 5 3 9 1
7 15 13 5 9 1 3
7 15 13 5 9 3 1
7 15 13 9 1 3 5
7 15 13 9 1 5 3
7 15 13 9 3 1 5
7 15 13 9 3 5 1
7 15 13 9 5 1 3
7 15 13 9 5 3 1
7 15 3 1 13 5 9
7 15 3 1 13 9 5
7 15 3 1 5 13 9
7 15 3 1 5 9 13
7 15 3 1 9 13 5
7 15 3 1 9 5 13
7 15 3 13 1 5 9
7 15 3 13 1 9 5
7 15 3 13 5 1 9
7 15 3 13 5 9 1
7 15 3 13 9 1 5
7 15 3 13 9 5 1
7 15 3 5 1 13 9
7 15 3 5 1 9 13
7 15 3 5 13 1 9
7 15 3 5 13 9 1
7 15 3 5 9 1 13
7 15 3 5 9 13 1
7 15 3 9 1 13 5
7 15 3 9 1 5 13
7 15 3 9 13 1 5
7 15 3 9 13 5 1
7 15 3 9 5 1 13
7 15 3 9 5 13 1
7 15 5 1 13 3 9
7 15 5 1 13 9 3
7 15 5 1 3 13 9
7 15 5 1 3 9 13
7 15 5 1 9 13 3
7 15 5 1 9 3 13
7 15 5 13 1 3 9
7 15 5 13 1 9 3
7 15 5 13 3 1 9
7 15 5 13 3 9 1
7 15 5 13 9 1 3
7 15 5 13 9 3 1
7 15 5 3 1 13 9
7 15 5 3 1 9 13
7 15 5 3 13 1 9
7 15 5 3 13 9 1
7 15 5 3 9 1 13
7 15 5 3 9 13 1
7 15 5 9 1 13 3
7 15 5 9 1 3 13
7 15 5 9 13 1 3
7 15 5 9 13 3 1
7 15 5 9 3 1 13
7 15 5 9 3 13 1
7 15 9 1 13 3 5
7 15 9 1 13 5 3
7 15 9 1 3 13 5
7 15 9 1 3 5 13
7 15 9 1 5 13 3
7 15 9 1 5 3 13
7 15 9 13 1 3 5
7 15 9 13 1 5 3
7 15 9 13 3 1 5
7 15 9 13 3 5 1
7 15 9 13 5 1 3
7 15 9 13 5 3 1
7 15 9 3 1 13 5
7 15 9 3 1 5 13
7 15 9 3 13 1 5
7 15 9 3 13 5 1
7 15 9 3 5 1 13
7 15 9 3 5 13 1
7 15 9 5 1 13 3
7 15 9 5 1 3 13
7 15 9 5 13 1 3
7 15 9 5 13 3 1
7 15 9 5 3 1 13
7 15 9 5 3 13 1
7 3 1 13 15 5 9
7 3 1 13 15 9 5
7 3 1 13 5 15 9
7 3 1 13 5 9 15
7 3 1 13 9 15 5
7 3 1 13 9 5 15
7 3 1 15 13 5 9
7 3 1 15 13 9 5
7 3 1 15 5 13 9
7 3 1 15 5 9 13
7 3 1 15 9 13 5
7 3 1 15 9 5 13
7 3 1 5 13 15 9
7 3 1 5 13 9 15
7 3 1 5 15 13 9
7 3 1 5 15 9 13
7 3 1 5 9 13 15
7 3 1 5 9 15 13
7 3 1 9 13 15 5
7 3 1 9 13 5 15
7 3 1 9 15 13 5
7 3 1 9 15 5 13
7 3 1 9 5 13 15
7 3 1 9 5 15 13
7 3 13 1 15 5 9
7 3 13 1 15 9 5
7 3 13 1 5 15 9
7 3 13 1 5 9 15
7 3 13 1 9 15 5
7 3 13 1 9 5 15
7 3 13 15 1 5 9
7 3 13 15 1 9 5
7 3 13 15 5 1 9
7 3 13 15 5 9 1
7 3 13 15 9 1 5
7 3 13 15 9 5 1
7 3 13 5 1 15 9
7 3 13 5 1 9 15
7 3 13 5 15 1 9
7 3 13 5 15 9 1
7 3 13 5 9 1 15
7 3 13 5 9 15 1
7 3 13 9 1 15 5
7 3 13 9 1 5 15
7 3 13 9 15 1 5
7 3 13 9 15 5 1
7 3 13 9 5 1 15
7 3 13 9 5 15 1
7 3 15 1 13 5 9
7 3 15 1 13 9 5
7 3 15 1 5 13 9
7 3 15 1 5 9 13
7 3 15 1 9 13 5
7 3 15 1 9 5 13
7 3 15 13 1 5 9
7 3 15 13 1 9 5
7 3 15 13 5 1 9
7 3 15 13 5 9 1
7 3 15 13 9 1 5
7 3 15 13 9 5 1
7 3 15 5 1 13 9
7 3 15 5 1 9 13
7 3 15 5 13 1 9
7 3 15 5 13 9 1
7 3 15 5 9 1 13
7 3 15 5 9 13 1
7 3 15 9 1 13 5
7 3 15 9 1 5 13
7 3 15 9 13 1 5
7 3 15 9 13 5 1
7 3 15 9 5 1 13
7 3 15 9 5 13 1
7 3 5 1 13 15 9
7 3 5 1 13 9 15
7 3 5 1 15 13 9
7 3 5 1 15 9 13
7 3 5 1 9 13 15
7 3 5 1 9 15 13
7 3 5 13 1 15 9
7 3 5 13 1 9 15
7 3 5 13 15 1 9
7 3 5 13 15 9 1
7 3 5 13 9 1 15
7 3 5 13 9 15 1
7 3 5 15 1 13 9
7 3 5 15 1 9 13
7 3 5 15 13 1 9
7 3 5 15 13 9 1
7 3 5 15 9 1 13
7 3 5 15 9 13 1
7 3 5 9 1 13 15
7 3 5 9 1 15 13
7 3 5 9 13 1 15
7 3 5 9 13 15 1
7 3 5 9 15 1 13
7 3 5 9 15 13 1
7 3 9 1 13 15 5
7 3 9 1 13 5 15
7 3 9 1 15 13 5
7 3 9 1 15 5 13
7 3 9 1 5 13 15
7 3 9 1 5 15 13
7 3 9 13 1 15 5
7 3 9 13 1 5 15
7 3 9 13 15 1 5
7 3 9 13 15 5 1
7 3 9 13 5 1 15
7 3 9 13 5 15 1
7 3 9 15 1 13 5
7 3 9 15 1 5 13
7 3 9 15 13 1 5
7 3 9 15 13 5 1
7 3 9 15 5 1 13
7 3 9 15 5 13 1
7 3 9 5 1 13 15
7 3 9 5 1 15 13
7 3 9 5 13 1 15
7 3 9 5 13 15 1
7 3 9 5 15 1 13
7 3 9 5 15 13 1
7 5 1 13 15 3 9
7 5 1 13 15 9 3
7 5 1 13 3 15 9
7 5 1 13 3 9 15
7 5 1 13 9 15 3
7 5 1 13 9 3 15
7 5 1 15 13 3 9
7 5 1 15 13 9 3
7 5 1 15 3 13 9
7 5 1 15 3 9 13
7 5 1 15 9 13 3
7 5 1 15 9 3 13
7 5 1 3 13 15 9
7 5 1 3 13 9 15
7 5 1 3 15 13 9
7 5 1 3 15 9 13
7 5 1 3 9 13 15
7 5 1 3 9 15 13
7 5 1 9 13 15 3
7 5 1 9 13 3 15
7 5 1 9 15 13 3
7 5 1 9 15 3 13
7 5 1 9 3 13 15
7 5 1 9 3 15 13
7 5 13 1 15 3 9
7 5 13 1 15 9 3
7 5 13 1 3 15 9
7 5 13 1 3 9 15
7 5 13 1 9 15 3
7 5 13 1 9 3 15
7 5 13 15 1 3 9
7 5 13 15 1 9 3
7 5 13 15 3 1 9
7 5 13 15 3 9 1
7 5 13 15 9 1 3
7 5 13 15 9 3 1
7 5 13 3 1 15 9
7 5 13 3 1 9 15
7 5 13 3 15 1 9
7 5 13 3 15 9 1
7 5 13 3 9 1 15
7 5 13 3 9 15 1
7 5 13 9 1 15 3
7 5 13 9 1 3 15
7 5 13 9 15 1 3
7 5 13 9 15 3 1
7 5 13 9 3 1 15
7 5 13 9 3 15 1
7 5 15 1 13 3 9
7 5 15 1 13 9 3
7 5 15 1 3 13 9
7 5 15 1 3 9 13
7 5 15 1 9 13 3
7 5 15 1 9 3 13
7 5 15 13 1 3 9
7 5 15 13 1 9 3
7 5 15 13 3 1 9
7 5 15 13 3 9 1
7 5 15 13 9 1 3
7 5 15 13 9 3 1
7 5 15 3 1 13 9
7 5 15 3 1 9 13
7 5 15 3 13 1 9
7 5 15 3 13 9 1
7 5 15 3 9 1 13
7 5 15 3 9 13 1
7 5 15 9 1 13 3
7 5 15 9 1 3 13
7 5 15 9 13 1 3
7 5 15 9 13 3 1
7 5 15 9 3 1 13
7 5 15 9 3 13 1
7 5 3 1 13 15 9
7 5 3 1 13 9 15
7 5 3 1 15 13 9
7 5 3 1 15 9 13
7 5 3 1 9 13 15
7 5 3 1 9 15 13
7 5 3 13 1 15 9
7 5 3 13 1 9 15
7 5 3 13 15 1 9
7 5 3 13 15 9 1
7 5 3 13 9 1 15
7 5 3 13 9 15 1
7 5 3 15 1 13 9
7 5 3 15 1 9 13
7 5 3 15 13 1 9
7 5 3 15 13 9 1
7 5 3 15 9 1 13
7 5 3 15 9 13 1
7 5 3 9 1 13 15
7 5 3 9 1 15 13
7 5 3 9 13 1 15
7 5 3 9 13 15 1
7 5 3 9 15 1 13
7 5 3 9 15 13 1
7 5 9 1 13 15 3
7 5 9 1 13 3 15
7 5 9 1 15 13 3
7 5 9 1 15 3 13
7 5 9 1 3 13 15
7 5 9 1 3 15 13
7 5 9 13 1 15 3
7 5 9 13 1 3 15
7 5 9 13 15 1 3
7 5 9 13 15 3 1
7 5 9 13 3 1 15
7 5 9 13 3 15 1
7 5 9 15 1 13 3
7 5 9 15 1 3 13
7 5 9 15 13 1 3
7 5 9 15 13 3 1
7 5 9 15 3 1 13
7 5 9 15 3 13 1
7 5 9 3 1 13 15
7 5 9 3 1 15 13
7 5 9 3 13 1 15
7 5 9 3 13 15 1
7 5 9 3 15 1 13
7 5 9 3 15 13 1
7 9 1 13 15 3 5
7 9 1 13 15 5 3
7 9 1 13 3 15 5
7 9 1 13 3 5 15
7 9 1 13 5 15 3
7 9 1 13 5 3 15
7 9 1 15 13 3 5
7 9 1 15 13 5 3
7 9 1 15 3 13 5
7 9 1 15 3 5 13
7 9 1 15 5 13 3
7 9 1 15 5 3 13
7 9 1 3 13 15 5
7 9 1 3 13 5 15
7 9 1 3 15 13 5
7 9 1 3 15 5 13
7 9 1 3 5 13 15
7 9 1 3 5 15 13
7 9 1 5 13 15 3
7 9 1 5 13 3 15
7 9 1 5 15 13 3
7 9 1 5 15 3 13
7 9 1 5 3 13 15
7 9 1 5 3 15 13
7 9 13 1 15 3 5
7 9 13 1 15 5 3
7 9 13 1 3 15 5
7 9 13 1 3 5 15
7 9 13 1 5 15 3
7 9 13 1 5 3 15
7 9 13 15 1 3 5
7 9 13 15 1 5 3
7 9 13 15 3 1 5
7 9 13 15 3 5 1
7 9 13 15 5 1 3
7 9 13 15 5 3 1
7 9 13 3 1 15 5
7 9 13 3 1 5 15
7 9 13 3 15 1 5
7 9 13 3 15 5 1
7 9 13 3 5 1 15
7 9 13 3 5 15 1
7 9 13 5 1 15 3
7 9 13 5 1 3 15
7 9 13 5 15 1 3
7 9 13 5 15 3 1
7 9 13 5 3 1 15
7 9 13 5 3 15 1
7 9 15 1 13 3 5
7 9 15 1 13 5 3
7 9 15 1 3 13 5
7 9 15 1 3 5 13
7 9 15 1 5 13 3
7 9 15 1 5 3 13
7 9 15 13 1 3 5
7 9 15 13 1 5 3
7 9 15 13 3 1 5
7 9 15 13 3 5 1
7 9 15 13 5 1 3
7 9 15 13 5 3 1
7 9 15 3 1 13 5
7 9 15 3 1 5 13
7 9 15 3 13 1 5
7 9 15 3 13 5 1
7 9 15 3 5 1 13
7 9 15 3 5 13 1
7 9 15 5 1 13 3
7 9 15 5 1 3 13
7 9 15 5 13 1 3
7 9 15 5 13 3 1
7 9 15 5 3 1 13
7 9 15 5 3 13 1
7 9 3 1 13 15 5
7 9 3 1 13 5 15
7 9 3 1 15 13 5
7 9 3 1 15 5 13
7 9 3 1 5 13 15
7 9 3 1 5 15 13
7 9 3 13 1 15 5
7 9 3 13 1 5 15
7 9 3 13 15 1 5
7 9 3 13 15 5 1
7 9 3 13 5 1 15
7 9 3 13 5 15 1
7 9 3 15 1 13 5
7 9 3 15 1 5 13
7 9 3 15 13 1 5
7 9 3 15 13 5 1
7 9 3 15 5 1 13
7 9 3 15 5 13 1
7 9 3 5 1 13 15
7 9 3 5 1 15 13
7 9 3 5 13 1 15
7 9 3 5 13 15 1
7 9 3 5 15 1 13
7 9 3 5 15 13 1
7 9 5 1 13 15 3
7 9 5 1 13 3 15
7 9 5 1 15 13 3
7 9 5 1 15 3 13
7 9 5 1 3 13 15
7 9 5 1 3 15 13
7 9 5 13 1 15 3
7 9 5 13 1 3 15
7 9 5 13 15 1 3
7 9 5 13 15 3 1
7 9 5 13 3 1 15
7 9 5 13 3 15 1
7 9 5 15 1 13 3
7 9 5 15 1 3 13
7 9 5 15 13 1 3
7 9 5 15 13 3 1
7 9 5 15 3 1 13
7 9 5 15 3 13 1
7 9 5 3 1 13 15
7 9 5 3 1 15 13
7 9 5 3 13 1 15
7 9 5 3 13 15 1
7 9 5 3 15 1 13
7 9 5 3 15 13 1
9 1 13 15 3 5 7
9 1 13 15 3 7 5
9 1 13 15 5 3 7
9 1 13 15 5 7 3
9 1 13 15 7 3 5
9 1 13 15 7 5 3
9 1 13 3 15 5 7
9 1 13 3 15 7 5
9 1 13 3 5 15 7
9 1 13 3 5 7 15
9 1 13 3 7 15 5
9 1 13 3 7 5 15
9 1 13 5 15 3 7
9 1 13 5 15 7 3
9 1 13 5 3 15 7
9 1 13 5 3 7 15
9 1 13 5 7 15 3
9 1 13 5 7 3 15
9 1 13 7 15 3 5
9 1 13 7 15 5 3
9 1 13 7 3 15 5
9 1 13 7 3 5 15
9 1 13 7 5 15 3
9 1 13 7 5 3 15
9 1 15 13 3 5 7
9 1 15 13 3 7 5
9 1 15 13 5 3 7
9 1 15 13 5 7 3
9 1 15 13 7 3 5
9 1 15 13 7 5 3
9 1 15 3 13 5 7
9 1 15 3 13 7 5
9 1 15 3 5 13 7
9 1 15 3 5 7 13
9 1 15 3 7 13 5
9 1 15 3 7 5 13
9 1 15 5 13 3 7
9 1 15 5 13 7 3
9 1 15 5 3 13 7
9 1 15 5 3 7 13
9 1 15 5 7 13 3
9 1 15 5 7 3 13
9 1 15 7 13 3 5
9 1 15 7 13 5 3
9 1 15 7 3 13 5
9 1 15 7 3 5 13
9 1 15 7 5 13 3
9 1 15 7 5 3 13
9 1 3 13 15 5 7
9 1 3 13 15 7 5
9 1 3 13 5 15 7
9 1 3 13 5 7 15
9 1 3 13 7 15 5
9 1 3 13 7 5 15
9 1 3 15 13 5 7
9 1 3 15 13 7 5
9 1 3 15 5 13 7
9 1 3 15 5 7 13
9 1 3 15 7 13 5
9 1 3 15 7 5 13
9 1 3 5 13 15 7
9 1 3 5 13 7 15
9 1 3 5 15 13 7
9 1 3 5 15 7 13
9 1 3 5 7 13 15
9 1 3 5 7 15 13
9 1 3 7 13 15 5
9 1 3 7 13 5 15
9 1 3 7 15 13 5
9 1 3 7 15 5 13
9 1 3 7 5 13 15
9 1 3 7 5 15 13
9 1 5 13 15 3 7
9 1 5 13 15 7 3
9 1 5 13 3 15 7
9 1 5 13 3 7 15
9 1 5 13 7 15 3
9 1 5 13 7 3 15
9 1 5 15 13 3 7
9 1 5 15 13 7 3
9 1 5 15 3 13 7
9 1 5 15 3 7 13
9 1 5 15 7 13 3
9 1 5 15 7 3 13
9 1 5 3 13 15 7
9 1 5 3 13 7 15
9 1 5 3 15 13 7
9 1 5 3 15 7 13
9 1 5 3 7 13 15
9 1 5 3 7 15 13
9 1 5 7 13 15 3
9 1 5 7 13 3 15
9 1 5 7 15 13 3
9 1 5 7 15 3 13
9 1 5 7 3 13 15
9 1 5 7 3 15 13
9 1 7 13 15 3 5
9 1 7 13 15 5 3
9 1 7 13 3 15 5
9 1 7 13 3 5 15
9 1 7 13 5 15 3
9 1 7 13 5 3 15
9 1 7 15 13 3 5
9 1 7 15 13 5 3
9 1 7 15 3 13 5
9 1 7 15 3 5 13
9 1 7 15 5 13 3
9 1 7 15 5 3 13
9 1 7 3 13 15 5
9 1 7 3 13 5 15
9 1 7 3 15 13 5
9 1 7 3 15 5 13
9 1 7 3 5 13 15
9 1 7 3 5 15 13
9 1 7 5 13 15 3
9 1 7 5 13 3 15
9 1 7 5 15 13 3
9 1 7 5 15 3 13
9 1 7 5 3 13 15
9 1 7 5 3 15 13
9 13 1 15 3 5 7
9 13 1 15 3 7 5
9 13 1 15 5 3 7
9 13 1 15 5 7 3
9 13 1 15 7 3 5
9 13 1 15 7 5 3
9 13 1 3 15 5 7
9 13 1 3 15 7 5
9 13 1 3 5 15 7
9 13 1 3 5 7 15
9 13 1 3 7 15 5
9 13 1 3 7 5 15
9 13 1 5 15 3 7
9 13 1 5 15 7 3
9 13 1 5 3 15 7
9 13 1 5 3 7 15
9 13 1 5 7 15 3
9 13 1 5 7 3 15
9 13 1 7 15 3 5
9 13 1 7 15 5 3
9 13 1 7 3 15 5
9 13 1 7 3 5 15
9 13 1 7 5 15 3
9 13 1 7 5 3 15
9 13 15 1 3 5 7
9 13 15 1 3 7 5
9 13 15 1 5 3 7
9 13 15 1 5 7 3
9 13 15 1 7 3 5
9 13 15 1 7 5 3
9 13 15 3 1 5 7
9 13 15 3 1 7 5
9 13 15 3 5 1 7
9 13 15 3 5 7 1
9 13 15 3 7 1 5
9 13 15 3 7 5 1
9 13 15 5 1 3 7
9 13 15 5 1 7 3
9 13 15 5 3 1 7
9 13 15 5 3 7 1
9 13 15 5 7 1 3
9 13 15 5 7 3 1
9 13 15 7 1 3 5
9 13 15 7 1 5 3
9 13 15 7 3 1 5
9 13 15 7 3 5 1
9 13 15 7 5 1 3
9 13 15 7 5 3 1
9 13 3 1 15 5 7
9 13 3 1 15 7 5
9 13 3 1 5 15 7
9 13 3 1 5 7 15
9 13 3 1 7 15 5
9 13 3 1 7 5 15
9 13 3 15 1 5 7
9 13 3 15 1 7 5
9 13 3 15 5 1 7
9 13 3 15 5 7 1
9 13 3 15 7 1 5
9 13 3 15 7 5 1
9 13 3 5 1 15 7
9 13 3 5 1 7 15
9 13 3 5 15 1 7
9 13 3 5 15 7 1
9 13 3 5 7 1 15
9 13 3 5 7 15 1
9 13 3 7 1 15 5
9 13 3 7 1 5 15
9 13 3 7 15 1 5
9 13 3 7 15 5 1
9 13 3 7 5 1 15
9 13 3 7 5 15 1
9 13 5 1 15 3 7
9 13 5 1 15 7 3
9 13 5 1 3 15 7
9 13 5 1 3 7 15
9 13 5 1 7 15 3
9 13 5 1 7 3 15
9 13 5 15 1 3 7
9 13 5 15 1 7 3
9 13 5 15 3 1 7
9 13 5 15 3 7 1
9 13 5 15 7 1 3
9 13 5 15 7 3 1
9 13 5 3 1 15 7
9 13 5 3 1 7 15
9 13 5 3 15 1 7
9 13 5 3 15 7 1
9 13 5 3 7 1 15
9 13 5 3 7 15 1
9 13 5 7 1 15 3
9 13 5 7 1 3 15
9 13 5 7 15 1 3
9 13 5 7 15 3 1
9 13 5 7 3 1 15
9 13 5 7 3 15 1
9 13 7 1 15 3 5
9 13 7 1 15 5 3
9 13 7 1 3 15 5
9 13 7 1 3 5 15
9 13 7 1 5 15 3
9 13 7 1 5 3 15
9 13 7 15 1 3 5
9 13 7 15 1 5 3
9 13 7 15 3 1 5
9 13 7 15 3 5 1
9 13 7 15 5 1 3
9 13 7 15 5 3 1
9 13 7 3 1 15 5
9 13 7 3 1 5 15
9 13 7 3 15 1 5
9 13 7 3 15 5 1
9 13 7 3 5 1 15
9 13 7 3 5 15 1
9 13 7 5 1 15 3
9 13 7 5 1 3 15
9 13 7 5 15 1 3
9 13 7 5 15 3 1
9 13 7 5 3 1 15
9 13 7 5 3 15 1
9 15 1 13 3 5 7
9 15 1 13 3 7 5
9 15 1 13 5 3 7
9 15 1 13 5 7 3
9 15 1 13 7 3 5
9 15 1 13 7 5 3
9 15 1 3 13 5 7
9 15 1 3 13 7 5
9 15 1 3 5 13 7
9 15 1 3 5 7 13
9 15 1 3 7 13 5
9 15 1 3 7 5 13
9 15 1 5 13 3 7
9 15 1 5 13 7 3
9 15 1 5 3 13 7
9 15 1 5 3 7 13
9 15 1 5 7 13 3
9 15 1 5 7 3 13
9 15 1 7 13 3 5
9 15 1 7 13 5 3
9 15 1 7 3 13 5
9 15 1 7 3 5 13
9 15 1 7 5 13 3
9 15 1 7 5 3 13
9 15 13 1 3 5 7
9 15 13 1 3 7 5
9 15 13 1 5 3 7
9 15 13 1 5 7 3
9 15 13 1 7 3 5
9 15 13 1 7 5 3
9 15 13 3 1 5 7
9 15 13 3 1 7 5
9 15 13 3 5 1 7
9 15 13 3 5 7 1
9 15 13 3 7 1 5
9 15 13 3 7 5 1
9 15 13 5 1 3 7
9 15 13 5 1 7 3
9 15 13 5 3 1 7
9 15 13 5 3 7 1
9 15 13 5 7 1 3
9 15 13 5 7 3 1
9 15 13 7 1 3 5
9 15 13 7 1 5 3
9 15 13 7 3 1 5
9 15 13 7 3 5 1
9 15 13 7 5 1 3
9 15 13 7 5 3 1
9 15 3 1 13 5 7
9 15 3 1 13 7 5
9 15 3 1 5 13 7
9 15 3 1 5 7 13
9 15 3 1 7 13 5
9 15 3 1 7 5 13
9 15 3 13 1 5 7
9 15 3 13 1 7 5
9 15 3 13 5 1 7
9 15 3 13 5 7 1
9 15 3 13 7 1 5
9 15 3 13 7 5 1
9 15 3 5 1 13 7
9 15 3 5 1 7 13
9 15 3 5 13 1 7
9 15 3 5 13 7 1
9 15 3 5 7 1 13
9 15 3 5 7 13 1
9 15 3 7 1 13 5
9 15 3 7 1 5 13
9 15 3 7 13 1 5
9 15 3 7 13 5 1
9 15 3 7 5 1 13
9 15 3 7 5 13 1
9 15 5 1 13 3 7
9 15 5 1 13 7 3
9 15 5 1 3 13 7
9 15 5 1 3 7 13
9 15 5 1 7 13 3
9 15 5 1 7 3 13
9 15 5 13 1 3 7
9 15 5 13 1 7 3
9 15 5 13 3 1 7
9 15 5 13 3 7 1
9 15 5 13 7 1 3
9 15 5 13 7 3 1
9 15 5 3 1 13 7
9 15 5 3 1 7 13
9 15 5 3 13 1 7
9 15 5 3 13 7 1
9 15 5 3 7 1 13
9 15 5 3 7 13 1
9 15 5 7 1 13 3
9 15 5 7 1 3 13
9 15 5 7 13 1 3
9 15 5 7 13 3 1
9 15 5 7 3 1 13
9 15 5 7 3 13 1
9 15 7 1 13 3 5
9 15 7 1 13 5 3
9 15 7 1 3 13 5
9 15 7 1 3 5 13
9 15 7 1 5 13 3
9 15 7 1 5 3 13
9 15 7 13 1 3 5
9 15 7 13 1 5 3
9 15 7 13 3 1 5
9 15 7 13 3 5 1
9 15 7 13 5 1 3
9 15 7 13 5 3 1
9 15 7 3 1 13 5
9 15 7 3 1 5 13
9 15 7 3 13 1 5
9 15 7 3 13 5 1
9 15 7 3 5 1 13
9 15 7 3 5 13 1
9 15 7 5 1 13 3
9 15 7 5 1 3 13
9 15 7 5 13 1 3
9 15 7 5 13 3 1
9 15 7 5 3 1 13
9 15 7 5 3 13 1
9 3 1 13 15 5 7
9 3 1 13 15 7 5
9 3 1 13 5 15 7
9 3 1 13 5 7 15
9 3 1 13 7 15 5
9 3 1 13 7 5 15
9 3 1 15 13 5 7
9 3 1 15 13 7 5
9 3 1 15 5 13 7
9 3 1 15 5 7 13
9 3 1 15 7 13 5
9 3 1 15 7 5 13
9 3 1 5 13 15 7
9 3 1 5 13 7 15
9 3 1 5 15 13 7
9 3 1 5 15 7 13
9 3 1 5 7 13 15
9 3 1 5 7 15 13
9 3 1 7 13 15 5
9 3 1 7 13 5 15
9 3 1 7 15 13 5
9 3 1 7 15 5 13
9 3 1 7 5 13 15
9 3 1 7 5 15 13
9 3 13 1 15 5 7
9 3 13 1 15 7 5
9 3 13 1 5 15 7
9 3 13 1 5 7 15
9 3 13 1 7 15 5
9 3 13 1 7 5 15
9 3 13 15 1 5 7
9 3 13 15 1 7 5
9 3 13 15 5 1 7
9 3 13 15 5 7 1
9 3 13 15 7 1 5
9 3 13 15 7 5 1
9 3 13 5 1 15 7
9 3 13 5 1 7 15
9 3 13 5 15 1 7
9 3 13 5 15 7 1
9 3 13 5 7 1 15
9 3 13 5 7 15 1
9 3 13 7 1 15 5
9 3 13 7 1 5 15
9 3 13 7 15 1 5
9 3 13 7 15 5 1
9 3 13 7 5 1 15
9 3 13 7 5 15 1
9 3 15 1 13 5 7
9 3 15 1 13 7 5
9 3 15 1 5 13 7
9 3 15 1 5 7 13
9 3 15 1 7 13 5
9 3 15 1 7 5 13
9 3 15 13 1 5 7
9 3 15 13 1 7 5
9 3 15 13 5 1 7
9 3 15 13 5 7 1
9 3 15 13 7 1 5
9 3 15 13 7 5 1
9 3 15 5 1 13 7
9 3 15 5 1 7 13
9 3 15 5 13 1 7
9 3 15 5 13 7 1
9 3 15 5 7 1 13
9 3 15 5 7 13 1
9 3 15 7 1 13 5
9 3 15 7 1 5 13
9 3 15 7 13 1 5
9 3 15 7 13 5 1
9 3 15 7 5 1 13
9 3 15 7 5 13 1
9 3 5 1 13 15 7
9 3 5 1 13 7 15
9 3 5 1 15 13 7
9 3 5 1 15 7 13
9 3 5 1 7 13 15
9 3 5 1 7 15 13
9 3 5 13 1 15 7
9 3 5 13 1 7 15
9 3 5 13 15 1 7
9 3 5 13 15 7 1
9 3 5 13 7 1 15
9 3 5 13 7 15 1
9 3 5 15 1 13 7
9 3 5 15 1 7 13
9 3 5 15 13 1 7
9 3 5 15 13 7 1
9 3 5 15 7 1 13
9 3 5 15 7 13 1
9 3 5 7 1 13 15
9 3 5 7 1 15 13
9 3 5 7 13 1 15
9 3 5 7 13 15 1
9 3 5 7 15 1 13
9 3 5 7 15 13 1
9 3 7 1 13 15 5
9 3 7 1 13 5 15
9 3 7 1 15 13 5
9 3 7 1 15 5 13
9 3 7 1 5 13 15
9 3 7 1 5 15 13
9 3 7 13 1 15 5
9 3 7 13 1 5 15
9 3 7 13 15 1 5
9 3 7 13 15 5 1
9 3 7 13 5 1 15
9 3 7 13 5 15 1
9 3 7 15 1 13 5
9 3 7 15 1 5 13
9 3 7 15 13 1 5
9 3 7 15 13 5 1
9 3 7 15 5 1 13
9 3 7 15 5 13 1
9 3 7 5 1 13 15
9 3 7 5 1 15 13
9 3 7 5 13 1 15
9 3 7 5 13 15 1
9 3 7 5 15 1 13
9 3 7 5 15 13 1
9 5 1 13 15 3 7
9 5 1 13 15 7 3
9 5 1 13 3 15 7
9 5 1 13 3 7 15
9 5 1 13 7 15 3
9 5 1 13 7 3 15
9 5 1 15 13 3 7
9 5 1 15 13 7 3
9 5 1 15 3 13 7
9 5 1 15 3 7 13
9 5 1 15 7 13 3
9 5 1 15 7 3 13
9 5 1 3 13 15 7
9 5 1 3 13 7 15
9 5 1 3 15 13 7
9 5 1 3 15 7 13
9 5 1 3 7 13 15
9 5 1 3 7 15 13
9 5 1 7 13 15 3
9 5 1 7 13 3 15
9 5 1 7 15 13 3
9 5 1 7 15 3 13
9 5 1 7 3 13 15
9 5 1 7 3 15 13
9 5 13 1 15 3 7
9 5 13 1 15 7 3
9 5 13 1 3 15 7
9 5 13 1 3 7 15
9 5 13 1 7 15 3
9 5 13 1 7 3 15
9 5 13 15 1 3 7
9 5 13 15 1 7 3
9 5 13 15 3 1 7
9 5 13 15 3 7 1
9 5 13 15 7 1 3
9 5 13 15 7 3 1
9 5 13 3 1 15 7
9 5 13 3 1 7 15
9 5 13 3 15 1 7
9 5 13 3 15 7 1
9 5 13 3 7 1 15
9 5 13 3 7 15 1
9 5 13 7 1 15 3
9 5 13 7 1 3 15
9 5 13 7 15 1 3
9 5 13 7 15 3 1
9 5 13 7 3 1 15
9 5 13 7 3 15 1
9 5 15 1 13 3 7
9 5 15 1 13 7 3
9 5 15 1 3 13 7
9 5 15 1 3 7 13
9 5 15 1 7 13 3
9 5 15 1 7 3 13
9 5 15 13 1 3 7
9 5 15 13 1 7 3
9 5 15 13 3 1 7
9 5 15 13 3 7 1
9 5 15 13 7 1 3
9 5 15 13 7 3 1
9 5 15 3 1 13 7
9 5 15 3 1 7 13
9 5 15 3 13 1 7
9 5 15 3 13 7 1
9 5 15 3 7 1 13
9 5 15 3 7 13 1
9 5 15 7 1 13 3
9 5 15 7 1 3 13
9 5 15 7 13 1 3
9 5 15 7 13 3 1
9 5 15 7 3 1 13
9 5 15 7 3 13 1
9 5 3 1 13 15 7
9 5 3 1 13 7 15
9 5 3 1 15 13 7
9 5 3 1 15 7 13
9 5 3 1 7 13 15
9 5 3 1 7 15 13
9 5 3 13 1 15 7
9 5 3 13 1 7 15
9 5 3 13 15 1 7
9 5 3 13 15 7 1
9 5 3 13 7 1 15
9 5 3 13 7 15 1
9 5 3 15 1 13 7
9 5 3 15 1 7 13
9 5 3 15 13 1 7
9 5 3 15 13 7 1
9 5 3 15 7 1 13
9 5 3 15 7 13 1
9 5 3 7 1 13 15
9 5 3 7 1 15 13
9 5 3 7 13 1 15
9 5 3 7 13 15 1
9 5 3 7 15 1 13
9 5 3 7 15 13 1
9 5 7 1 13 15 3
9 5 7 1 13 3 15
9 5 7 1 15 13 3
9 5 7 1 15 3 13
9 5 7 1 3 13 15
9 5 7 1 3 15 13
9 5 7 13 1 15 3
9 5 7 13 1 3 15
9 5 7 13 15 1 3
9 5 7 13 15 3 1
9 5 7 13 3 1 15
9 5 7 13 3 15 1
9 5 7 15 1 13 3
9 5 7 15 1 3 13
9 5 7 15 13 1 3
9 5 7 15 13 3 1
9 5 7 15 3 1 13
9 5 7 15 3 13 1
9 5 7 3 1 13 15
9 5 7 3 1 15 13
9 5 7 3 13 1 15
9 5 7 3 13 15 1
9 5 7 3 15 1 13
9 5 7 3 15 13 1
9 7 1 13 15 3 5
9 7 1 13 15 5 3
9 7 1 13 3 15 5
9 7 1 13 3 5 15
9 7 1 13 5 15 3
9 7 1 13 5 3 15
9 7 1 15 13 3 5
9 7 1 15 13 5 3
9 7 1 15 3 13 5
9 7 1 15 3 5 13
9 7 1 15 5 13 3
9 7 1 15 5 3 13
9 7 1 3 13 15 5
9 7 1 3 13 5 15
9 7 1 3 15 13 5
9 7 1 3 15 5 13
9 7 1 3 5 13 15
9 7 1 3 5 15 13
9 7 1 5 13 15 3
9 7 1 5 13 3 15
9 7 1 5 15 13 3
9 7 1 5 15 3 13
9 7 1 5 3 13 15
9 7 1 5 3 15 13
9 7 13 1 15 3 5
9 7 13 1 15 5 3
9 7 13 1 3 15 5
9 7 13 1 3 5 15
9 7 13 1 5 15 3
9 7 13 1 5 3 15
9 7 13 15 1 3 5
9 7 13 15 1 5 3
9 7 13 15 3 1 5
9 7 13 15 3 5 1
9 7 13 15 5 1 3
9 7 13 15 5 3 1
9 7 13 3 1 15 5
9 7 13 3 1 5 15
9 7 13 3 15 1 5
9 7 13 3 15 5 1
9 7 13 3 5 1 15
9 7 13 3 5 15 1
9 7 13 5 1 15 3
9 7 13 5 1 3 15
9 7 13 5 15 1 3
9 7 13 5 15 3 1
9 7 13 5 3 1 15
9 7 13 5 3 15 1
9 7 15 1 13 3 5
9 7 15 1 13 5 3
9 7 15 1 3 13 5
9 7 15 1 3 5 13
9 7 15 1 5 13 3
9 7 15 1 5 3 13
9 7 15 13 1 3 5
9 7 15 13 1 5 3
9 7 15 13 3 1 5
9 7 15 13 3 5 1
9 7 15 13 5 1 3
9 7 15 13 5 3 1
9 7 15 3 1 13 5
9 7 15 3 1 5 13
9 7 15 3 13 1 5
9 7 15 3 13 5 1
9 7 15 3 5 1 13
9 7 15 3 5 13 1
9 7 15 5 1 13 3
9 7 15 5 1 3 13
9 7 15 5 13 1 3
9 7 15 5 13 3 1
9 7 15 5 3 1 13
9 7 15 5 3 13 1
9 7 3 1 13 15 5
9 7 3 1 13 5 15
9 7 3 1 15 13 5
9 7 3 1 15 5 13
9 7 3 1 5 13 15
9 7 3 1 5 15 13
9 7 3 13 1 15 5
9 7 3 13 1 5 15
9 7 3 13 15 1 5
9 7 3 13 15 5 1
9 7 3 13 5 1 15
9 7 3 13 5 15 1
9 7 3 15 1 13 5
9 7 3 15 1 5 13
9 7 3 15 13 1 5
9 7 3 15 13 5 1
9 7 3 15 5 1 13
9 7 3 15 5 13 1
9 7 3 5 1 13 15
9 7 3 5 1 15 13
9 7 3 5 13 1 15
9 7 3 5 13 15 1
9 7 3 5 15 1 13
9 7 3 5 15 13 1
9 7 5 1 13 15 3
9 7 5 1 13 3 15
9 7 5 1 15 13 3
9 7 5 1 15 3 13
9 7 5 1 3 13 15
9 7 5 1 3 15 13
9 7 5 13 1 15 3
9 7 5 13 1 3 15
9 7 5 13 15 1 3
9 7 5 13 15 3 1
9 7 5 13 3 1 15
9 7 5 13 3 15 1
9 7 5 15 1 13 3
9 7 5 15 1 3 13
9 7 5 15 13 1 3
9 7 5 15 13 3 1
9 7 5 15 3 1 13
9 7 5 15 3 13 1
9 7 5 3 1 13 15
9 7 5 3 1 15 13
9 7 5 3 13 1 15
9 7 5 3 13 15 1
9 7 5 3 15 1 13
9 7 5 3 15 13 1