1027 345 427 541 691 777
1027 345 427 541 777 691
1027 345 427 691 541 777
1027 345 427 691 777 541
1027 345 427 777 541 691
1027 345 427 777 691 541
1027 345 541 427 691 777
1027 345 541 427 777 691
1027 345 541 691 427 777
1027 345 541 691 777 427
1027 345 541 777 427 691
1027 345 541 777 691 427
1027 345 691 427 541 777
1027 345 691 427 777 541
1027 345 691 541 427 777
1027 345 691 541 777 427
1027 345 691 777 427 541
1027 345 691 777 541 427
1027 345 777 427 541 691
1027 345 777 427 691 541
1027 345 777 541 427 691
1027 345 777 541 691 427
1027 345 777 691 427 541
1027 345 777 691 541 427
1027 427 345 541 691 777
1027 427 345 541 777 691
1027 427 345 691 541 777
1027 427 345 691 777 541
1027 427 345 777 541 691
1027 427 345 777 691 541
1027 427 541 345 691 777
1027 427 541 345 777 691
1027 427 541 691 345 777
1027 427 541 691 777 345
1027 427 541 777 345 691
1027 427 541 777 691 345
1027 427 691 345 541 777
1027 427 691 345 777 541
1027 427 691 541 345 777
1027 427 691 541 777 345
1027 427 691 777 345 541
1027 427 691 777 541 345
1027 427 777 345 541 691
1027 427 777 345 691 541
1027 427 777 541 345 691
1027 427 777 541 691 345
1027 427 777 691 345 541
1027 427 777 691 541 345
1027 541 345 427 691 777
1027 541 345 427 777 691
1027 541 345 691 427 777
1027 541 345 691 777 427
1027 541 345 777 427 691
1027 541 345 777 691 427
1027 541 427 345 691 777
1027 541 427 345 777 691
1027 541 427 691 345 777
1027 541 427 691 777 345
1027 541 427 777 345 691
1027 541 427 777 691 345
1027 541 691 345 427 777
1027 541 691 345 777 427
1027 541 691 427 345 777
1027 541 691 427 777 345
1027 541 691 777 345 427
1027 541 691 777 427 345
1027 541 777 345 427 691
1027 541 777 345 691 427
1027 541 777 427 345 691
1027 541 777 427 691 345
1027 541 777 691 345 427
1027 541 777 691 427 345
1027 691 345 427 541 777
1027 691 345 427 777 541
1027 691 345 541 427 777
1027 691 345 541 777 427
1027 691 345 777 427 541
1027 691 345 777 541 427
1027 691 427 345 541 777
1027 691 427 345 777 541
1027 691 427 541 345 777
1027 691 427 541 777 345
1027 691 427 777 345 541
1027 691 427 777 541 345
1027 691 541 345 427 777
1027 691 541 345 777 427
1027 691 541 427 345 777
1027 691 541 427 777 345
1027 691 541 777 345 427
1027 691 541 777 427 345
1027 691 777 345 427 541
1027 691 777 345 541 427
1027 691 777 427 345 541
1027 691 777 427 541 345
1027 691 777 541 345 427
1027 691 777 541 427 345
1027 777 345 427 541 691
1027 777 345 427 691 541
1027 777 345 541 427 691
1027 777 345 541 691 427
1027 777 345 691 427 541
1027 777 345 691 541 427
1027 777 427 345 541 691
1027 777 427 345 691 541
1027 777 427 541 345 691
1027 777 427 541 691 345
1027 777 427 691 345 541
1027 777 427 691 541 345
1027 777 541 345 427 691
1027 777 541 345 691 427
1027 777 541 427 345 691
1027 777 541 427 691 345
1027 777 541 691 345 427
1027 777 541 691 427 345
1027 777 691 345 427 541
1027 777 691 345 541 427
1027 777 691 427 345 541
1027 777 691 427 541 345
1027 777 691 541 345 427
1027 777 691 541 427 345
345 1027 427 541 691 777
345 1027 427 541 777 691
345 1027 427 691 541 777
345 1027 427 691 777 541
345 1027 427 777 541 691
345 1027 427 777 691 541
345 1027 541 427 691 777
345 1027 541 427 777 691
345 1027 541 691 427 777
345 1027 541 691 777 427
345 1027 541 777 427 691
345 1027 541 777 691 427
345 1027 691 427 541 777
345 1027 691 427 777 541
345 1027 691 541 427 777
345 1027 691 541 777 427
345 1027 691 777 427 541
345 1027 691 777 541 427
345 1027 777 427 541 691
345 1027 777 427 691 541
345 1027 777 541 427 691
345 1027 777 541 691 427
345 1027 777 691 427 541
345 1027 777 691 541 427
345 427 1027 541 691 777
345 427 1027 541 777 691
345 427 1027 691 541 777
345 427 1027 691 777 541
345 427 1027 777 541 691
345 427 1027 777 691 541
345 427 541 1027 691 777
345 427 541 1027 777 691
345 427 541 691 1027 777
345 427 541 691 777 1027
345 427 541 777 1027 691
345 427 541 777 691 1027
345 427 691 1027 541 777
345 427 691 1027 777 541
345 427 691 541 1027 777
345 427 691 541 777 1027
345 427 691 777 1027 541
345 427 691 777 541 1027
345 427 777 1027 541 691
345 427 777 1027 691 541
345 427 777 541 1027 691
345 427 777 541 691 1027
345 427 777 691 1027 541
345 427 777 691 541 1027
345 541 1027 427 691 777
345 541 1027 427 777 691
345 541 1027 691 427 777
345 541 1027 691 777 427
345 541 1027 777 427 691
345 541 1027 777 691 427
345 541 427 1027 691 777
345 541 427 1027 777 691
345 541 427 691 1027 777
345 541 427 691 777 1027
345 541 427 777 1027 691
345 541 427 777 691 1027
345 541 691 1027 427 777
345 541 691 1027 777 427
345 541 691 427 1027 777
345 541 691 427 777 1027
345 541 691 777 1027 427
345 541 691 777 427 1027
345 541 777 1027 427 691
345 541 777 1027 691 427
345 541 777 427 1027 691
345 541 777 427 691 1027
345 541 777 691 1027 427
345 541 777 691 427 1027
345 691 1027 427 541 777
345 691 1027 427 777 541
345 691 1027 541 427 777
345 691 1027 541 777 427
345 691 1027 777 427 541
345 691 1027 777 541 427
345 691 427 1027 541 777
345 691 427 1027 777 541
345 691 427 541 1027 777
345 691 427 541 777 1027
345 691 427 777 1027 541
345 691 427 777 541 1027
345 691 541 1027 427 777
345 691 541 1027 777 427
345 691 541 427 1027 777
345 691 541 427 777 1027
345 691 541 777 1027 427
345 691 541 777 427 1027
345 691 777 1027 427 541
345 691 777 1027 541 427
345 691 777 427 1027 541
345 691 777 427 541 1027
345 691 777 541 1027 427
345 691 777 541 427 1027
345 777 1027 427 541 691
345 777 1027 427 691 541
345 777 1027 541 427 691
345 777 1027 541 691 427
345 777 1027 691 427 541
345 777 1027 691 541 427
345 777 427 1027 541 691
345 777 427 1027 691 541
345 777 427 541 1027 691
345 777 427 541 691 1027
345 777 427 691 1027 541
345 777 427 691 541 1027
345 777 541 1027 427 691
345 777 541 1027 691 427
345 777 541 427 1027 691
345 777 541 427 691 1027
345 777 541 691 1027 427
345 777 541 691 427 1027
345 777 691 1027 427 541
345 777 691 1027 541 427
345 777 691 427 1027 541
345 777 691 427 541 1027
345 777 691 541 1027 427
345 777 691 541 427 1027
427 1027 345 541 691 777
427 1027 345 541 777 691
427 1027 345 691 541 777
427 1027 345 691 777 541
427 1027 345 777 541 691
427 1027 345 777 691 541
427 1027 541 345 691 777
427 1027 541 345 777 691
427 1027 541 691 345 777
427 1027 541 691 777 345
427 1027 541 777 345 691
427 1027 541 777 691 345
427 1027 691 345 541 777
427 1027 691 345 777 541
427 1027 691 541 345 777
427 1027 691 541 777 345
427 1027 691 777 345 541
427 1027 691 777 541 345
427 1027 777 345 541 691
427 1027 777 345 691 541
427 1027 777 541 345 691
427 1027 777 541 691 345
427 1027 777 691 345 541
427 1027 777 691 541 345
427 345 1027 541 691 777
427 345 1027 541 777 691
427 345 1027 691 541 777
427 345 1027 691 777 541
427 345 1027 777 541 691
427 345 1027 777 691 541
427 345 541 1027 691 777
427 345 541 1027 777 691
427 345 541 691 1027 777
427 345 541 691 777 1027
427 345 541 777 1027 691
427 345 541 777 691 1027
427 345 691 1027 541 777
427 345 691 1027 777 541
427 345 691 541 1027 777
427 345 691 541 777 1027
427 345 691 777 1027 541
427 345 691 777 541 1027
427 345 777 1027 541 691
427 345 777 1027 691 541
427 345 777 541 1027 691
427 345 777 541 691 1027
427 345 777 691 1027 541
427 345 777 691 541 1027
427 541 1027 345 691 777
427 541 1027 345 777 691
427 541 1027 691 345 777
427 541 1027 691 777 345
427 541 1027 777 345 691
427 541 1027 777 691 345
427 541 345 1027 691 777
427 541 345 1027 777 691
427 541 345 691 1027 777
427 541 345 691 777 1027
427 541 345 777 1027 691
427 541 345 777 691 1027
427 541 691 1027 345 777
427 541 691 1027 777 345
427 541 691 345 1027 777
427 541 691 345 777 1027
427 541 691 777 1027 345
427 541 691 777 345 1027
427 541 777 1027 345 691
427 541 777 1027 691 345
427 541 777 345 1027 691
427 541 777 345 691 1027
427 541 777 691 1027 345
427 541 777 691 345 1027
427 691 1027 345 541 777
427 691 1027 345 777 541
427 691 1027 541 345 777
427 691 1027 541 777 345
427 691 1027 777 345 541
427 691 1027 777 541 345
427 691 345 1027 541 777
427 691 345 1027 777 541
427 691 345 541 1027 777
427 691 345 541 777 1027
427 691 345 777 1027 541
427 691 345 777 541 1027
427 691 541 1027 345 777
427 691 541 1027 777 345
427 691 541 345 1027 777
427 691 541 345 777 1027
427 691 541 777 1027 345
427 691 541 777 345 1027
427 691 777 1027 345 541
427 691 777 1027 541 345
427 691 777 345 1027 541
427 691 777 345 541 1027
427 691 777 541 1027 345
427 691 777 541 345 1027
427 777 1027 345 541 691
427 777 1027 345 691 541
427 777 1027 541 345 691
427 777 1027 541 691 345
427 777 1027 691 345 541
427 777 1027 691 541 345
427 777 345 1027 541 691
427 777 345 1027 691 541
427 777 345 541 1027 691
427 777 345 541 691 1027
427 777 345 691 1027 541
427 777 345 691 541 1027
427 777 541 1027 345 691
427 777 541 1027 691 345
427 777 541 345 1027 691
427 777 541 345 691 1027
427 777 541 691 1027 345
427 777 541 691 345 1027
427 777 691 1027 345 541
427 777 691 1027 541 345
427 777 691 345 1027 541
427 777 691 345 541 1027
427 777 691 541 1027 345
427 777 691 541 345 1027
541 1027 345 427 691 777
541 1027 345 427 777 691
541 1027 345 691 427 777
541 1027 345 691 777 427
541 1027 345 777 427 691
541 1027 345 777 691 427
541 1027 427 345 691 777
541 1027 427 345 777 691
541 1027 427 691 345 777
541 1027 427 691 777 345
541 1027 427 777 345 691
541 1027 427 777 691 345
541 1027 691 345 427 777
541 1027 691 345 777 427
541 1027 691 427 345 777
541 1027 691 427 777 345
541 1027 691 777 345 427
541 1027 691 777 427 345
541 1027 777 345 427 691
541 1027 777 345 691 427
541 1027 777 427 345 691
541 1027 777 427 691 345
541 1027 777 691 345 427
541 1027 777 691 427 345
541 345 1027 427 691 777
541 345 1027 427 777 691
541 345 1027 691 427 777
541 345 1027 691 777 427
541 345 1027 777 427 691
541 345 1027 777 691 427
541 345 427 1027 691 777
541 345 427 1027 777 691
541 345 427 691 1027 777
541 345 427 691 777 1027
541 345 427 777 1027 691
541 345 427 777 691 1027
541 345 691 1027 427 777
541 345 691 1027 777 427
541 345 691 427 1027 777
541 345 691 427 777 1027
541 345 691 777 1027 427
541 345 691 777 427 1027
541 345 777 1027 427 691
541 345 777 1027 691 427
541 345 777 427 1027 691
541 345 777 427 691 1027
541 345 777 691 1027 427
541 345 777 691 427 1027
541 427 1027 345 691 777
541 427 1027 345 777 691
541 427 1027 691 345 777
541 427 1027 691 777 345
541 427 1027 777 345 691
541 427 1027 777 691 345
541 427 345 1027 691 777
541 427 345 1027 777 691
541 427 345 691 1027 777
541 427 345 691 777 1027
541 427 345 777 1027 691
541 427 345 777 691 1027
541 427 691 1027 345 777
541 427 691 1027 777 345
541 427 691 345 1027 777
541 427 691 345 777 1027
541 427 691 777 1027 345
541 427 691 777 345 1027
541 427 777 1027 345 691
541 427 777 1027 691 345
541 427 777 345 1027 691
541 427 777 345 691 1027
541 427 777 691 1027 345
541 427 777 691 345 1027
541 691 1027 345 427 777
541 691 1027 345 777 427
541 691 1027 427 345 777
541 691 1027 427 777 345
541 691 1027 777 345 427
541 691 1027 777 427 345
541 691 345 1027 427 777
541 691 345 1027 777 427
541 691 345 427 1027 777
541 691 345 427 777 1027
541 691 345 777 1027 427
541 691 345 777 427 1027
541 691 427 1027 345 777
541 691 427 1027 777 345
541 691 427 345 1027 777
541 691 427 345 777 1027
541 691 427 777 1027 345
541 691 427 777 345 1027
541 691 777 1027 345 427
541 691 777 1027 427 345
541 691 777 345 1027 427
541 691 777 345 427 1027
541 691 777 427 1027 345
541 691 777 427 345 1027
541 777 1027 345 427 691
541 777 1027 345 691 427
541 777 1027 427 345 691
541 777 1027 427 691 345
541 777 1027 691 345 427
541 777 1027 691 427 345
541 777 345 1027 427 691
541 777 345 1027 691 427
541 777 345 427 1027 691
541 777 345 427 691 1027
541 777 345 691 1027 427
541 777 345 691 427 1027
541 777 427 1027 345 691
541 777 427 1027 691 345
541 777 427 345 1027 691
541 777 427 345 691 1027
541 777 427 691 1027 345
541 777 427 691 345 1027
541 777 691 1027 345 427
541 777 691 1027 427 345
541 777 691 345 1027 427
541 777 691 345 427 1027
541 777 691 427 1027 345
541 777 691 427 345 1027
691 1027 345 427 541 777
691 1027 345 427 777 541
691 1027 345 541 427 777
691 1027 345 541 777 427
691 1027 345 777 427 541
691 1027 345 777 541 427
691 1027 427 345 541 777
691 1027 427 345 777 541
691 1027 427 541 345 777
691 1027 427 541 777 345
691 1027 427 777 345 541
691 1027 427 777 541 345
691 1027 541 345 427 777
691 1027 541 345 777 427
691 1027 541 427 345 777
691 1027 541 427 777 345
691 1027 541 777 345 427
691 1027 541 777 427 345
691 1027 777 345 427 541
691 1027 777 345 541 427
691 1027 777 427 345 541
691 1027 777 427 541 345
691 1027 777 541 345 427
691 1027 777 541 427 345
691 345 1027 427 541 777
691 345 1027 427 777 541
691 345 1027 541 427 777
691 345 1027 541 777 427
691 345 1027 777 427 541
691 345 1027 777 541 427
691 345 427 1027 541 777
691 345 427 1027 777 541
691 345 427 541 1027 777
691 345 427 541 777 1027
691 345 427 777 1027 541
691 345 427 777 541 1027
691 345 541 1027 427 777
691 345 541 1027 777 427
691 345 541 427 1027 777
691 345 541 427 777 1027
691 345 541 777 1027 427
691 345 541 777 427 1027
691 345 777 1027 427 541
691 345 777 1027 541 427
691 345 777 427 1027 541
691 345 777 427 541 1027
691 345 777 541 1027 427
691 345 777 541 427 1027
691 427 1027 345 541 777
691 427 1027 345 777 541
691 427 1027 541 345 777
691 427 1027 541 777 345
691 427 1027 777 345 541
691 427 1027 777 541 345
691 427 345 1027 541 777
691 427 345 1027 777 541
691 427 345 541 1027 777
691 427 345 541 777 1027
691 427 345 777 1027 541
691 427 345 777 541 1027
691 427 541 1027 345 777
691 427 541 1027 777 345
691 427 541 345 1027 777
691 427 541 345 777 1027
691 427 541 777 1027 345
691 427 541 777 345 1027
691 427 777 1027 345 541
691 427 777 1027 541 345
691 427 777 345 1027 541
691 427 777 345 541 1027
691 427 777 541 1027 345
691 427 777 541 345 1027
691 541 1027 345 427 777
691 541 1027 345 777 427
691 541 1027 427 345 777
691 541 1027 427 777 345
691 541 1027 777 345 427
691 541 1027 777 427 345
691 541 345 1027 427 777
691 541 345 1027 777 427
691 541 345 427 1027 777
691 541 345 427 777 1027
691 541 345 777 1027 427
691 541 345 777 427 1027
691 541 427 1027 345 777
691 541 427 1027 777 345
691 541 427 345 1027 777
691 541 427 345 777 1027
691 541 427 777 1027 345
691 541 427 777 345 1027
691 541 777 1027 345 427
691 541 777 1027 427 345
691 541 777 345 1027 427
691 541 777 345 427 1027
691 541 777 427 1027 345
691 541 777 427 345 1027
691 777 1027 345 427 541
691 777 1027 345 541 427
691 777 1027 427 345 541
691 777 1027 427 541 345
691 777 1027 541 345 427
691 777 1027 541 427 345
691 777 345 1027 427 541
691 777 345 1027 541 427
691 777 345 427 1027 541
691 777 345 427 541 1027
691 777 345 541 1027 427
691 777 345 541 427 1027
691 777 427 1027 345 541
691 777 427 1027 541 345
691 777 427 345 1027 541
691 777 427 345 541 1027
691 777 427 541 1027 345
691 777 427 541 345 1027
691 777 541 1027 345 427
691 777 541 1027 427 345
691 777 541 345 1027 427
691 777 541 345 427 1027
691 777 541 427 1027 345
691 777 541 427 345 1027
777 1027 345 427 541 691
777 1027 345 427 691 541
777 1027 345 541 427 691
777 1027 345 541 691 427
777 1027 345 691 427 541
777 1027 345 691 541 427
777 1027 427 345 541 691
777 1027 427 345 691 541
777 1027 427 541 345 691
777 1027 427 541 691 345
777 1027 427 691 345 541
777 1027 427 691 541 345
777 1027 541 345 427 691
777 1027 541 345 691 427
777 1027 541 427 345 691
777 1027 541 427 691 345
777 1027 541 691 345 427
777 1027 541 691 427 345
777 1027 691 345 427 541
777 1027 691 345 541 427
777 1027 691 427 345 541
777 1027 691 427 541 345
777 1027 691 541 345 427
777 1027 691 541 427 345
777 345 1027 427 541 691
777 345 1027 427 691 541
777 345 1027 541 427 691
777 345 1027 541 691 427
777 345 1027 691 427 541
777 345 1027 691 541 427
777 345 427 1027 541 691
777 345 427 1027 691 541
777 345 427 541 1027 691
777 345 427 541 691 1027
777 345 427 691 1027 541
777 345 427 691 541 1027
777 345 541 1027 427 691
777 345 541 1027 691 427
777 345 541 427 1027 691
777 345 541 427 691 1027
777 345 541 691 1027 427
777 345 541 691 427 1027
777 345 691 1027 427 541
777 345 691 1027 541 427
777 345 691 427 1027 541
777 345 691 427 541 1027
777 345 691 541 1027 427
777 345 691 541 427 1027
777 427 1027 345 541 691
777 427 1027 345 691 541
777 427 1027 541 345 691
777 427 1027 541 691 345
777 427 1027 691 345 541
777 427 1027 691 541 345
777 427 345 1027 541 691
777 427 345 1027 691 541
777 427 345 541 1027 691
777 427 345 541 691 1027
777 427 345 691 1027 541
777 427 345 691 541 1027
777 427 541 1027 345 691
777 427 541 1027 691 345
777 427 541 345 1027 691
777 427 541 345 691 1027
777 427 541 691 1027 345
777 427 541 691 345 1027
777 427 691 1027 345 541
777 427 691 1027 541 345
777 427 691 345 1027 541
777 427 691 345 541 1027
777 427 691 541 1027 345
777 427 691 541 345 1027
777 541 1027 345 427 691
777 541 1027 345 691 427
777 541 1027 427 345 691
777 541 1027 427 691 345
777 541 1027 691 345 427
777 541 1027 691 427 345
777 541 345 1027 427 691
777 541 345 1027 691 427
777 541 345 427 1027 691
777 541 345 427 691 1027
777 541 345 691 1027 427
777 541 345 691 427 1027
777 541 427 1027 345 691
777 541 427 1027 691 345
777 541 427 345 1027 691
777 541 427 345 691 1027
777 541 427 691 1027 345
777 541 427 691 345 1027
777 541 691 1027 345 427
777 541 691 1027 427 345
777 541 691 345 1027 427
777 541 691 345 427 1027
777 541 691 427 1027 345
777 541 691 427 345 1027
777 691 1027 345 427 541
777 691 1027 345 541 427
777 691 1027 427 345 541
777 691 1027 427 541 345
777 691 1027 541 345 427
777 691 1027 541 427 345
777 691 345 1027 427 541
777 691 345 1027 541 427
777 691 345 427 1027 541
777 691 345 427 541 1027
777 691 345 541 1027 427
777 691 345 541 427 1027
777 691 427 1027 345 541
777 691 427 1027 541 345
777 691 427 345 1027 541
777 691 427 345 541 1027
777 691 427 541 1027 345
777 691 427 541 345 1027
777 691 541 1027 345 427
777 691 541 1027 427 345
777 691 541 345 1027 427
777 691 541 345 427 1027
777 691 541 427 1027 345
777 691 541 427 345 1027