1 10 100 1000 10000 100000
1 10 100 1000 100000 10000
1 10 100 10000 1000 100000
1 10 100 10000 100000 1000
1 10 100 100000 1000 10000
1 10 100 100000 10000 1000
1 10 1000 100 10000 100000
1 10 1000 100 100000 10000
1 10 1000 10000 100 100000
1 10 1000 10000 100000 100
1 10 1000 100000 100 10000
1 10 1000 100000 10000 100
1 10 10000 100 1000 100000
1 10 10000 100 100000 1000
1 10 10000 1000 100 100000
1 10 10000 1000 100000 100
1 10 10000 100000 100 1000
1 10 10000 100000 1000 100
1 10 100000 100 1000 10000
1 10 100000 100 10000 1000
1 10 100000 1000 100 10000
1 10 100000 1000 10000 100
1 10 100000 10000 100 1000
1 10 100000 10000 1000 100
1 100 10 1000 10000 100000
1 100 10 1000 100000 10000
1 100 10 10000 1000 100000
1 100 10 10000 100000 1000
1 100 10 100000 1000 10000
1 100 10 100000 10000 1000
1 100 1000 10 10000 100000
1 100 1000 10 100000 10000
1 100 1000 10000 10 100000
1 100 1000 10000 100000 10
1 100 1000 100000 10 10000
1 100 1000 100000 10000 10
1 100 10000 10 1000 100000
1 100 10000 10 100000 1000
1 100 10000 1000 10 100000
1 100 10000 1000 100000 10
1 100 10000 100000 10 1000
1 100 10000 100000 1000 10
1 100 100000 10 1000 10000
1 100 100000 10 10000 1000
1 100 100000 1000 10 10000
1 100 100000 1000 10000 10
1 100 100000 10000 10 1000
1 100 100000 10000 1000 10
1 1000 10 100 10000 100000
1 1000 10 100 100000 10000
1 1000 10 10000 100 100000
1 1000 10 10000 100000 100
1 1000 10 100000 100 10000
1 1000 10 100000 10000 100
1 1000 100 10 10000 100000
1 1000 100 10 100000 10000
1 1000 100 10000 10 100000
1 1000 100 10000 100000 10
1 1000 100 100000 10 10000
1 1000 100 100000 10000 10
1 1000 10000 10 100 100000
1 1000 10000 10 100000 100
1 1000 10000 100 10 100000
1 1000 10000 100 100000 10
1 1000 10000 100000 10 100
1 1000 10000 100000 100 10
1 1000 100000 10 100 10000
1 1000 100000 10 10000 100
1 1000 100000 100 10 10000
1 1000 100000 100 10000 10
1 1000 100000 10000 10 100
1 1000 100000 10000 100 10
1 10000 10 100 1000 100000
1 10000 10 100 100000 1000
1 10000 10 1000 100 100000
1 10000 10 1000 100000 100
1 10000 10 100000 100 1000
1 10000 10 100000 1000 100
1 10000 100 10 1000 100000
1 10000 100 10 100000 1000
1 10000 100 1000 10 100000
1 10000 100 1000 100000 10
1 10000 100 100000 10 1000
1 10000 100 100000 1000 10
1 10000 1000 10 100 100000
1 10000 1000 10 100000 100
1 10000 1000 100 10 100000
1 10000 1000 100 100000 10
1 10000 1000 100000 10 100
1 10000 1000 100000 100 10
1 10000 100000 10 100 1000
1 10000 100000 10 1000 100
1 10000 100000 100 10 1000
1 10000 100000 100 1000 10
1 10000 100000 1000 10 100
1 10000 100000 1000 100 10
1 100000 10 100 1000 10000
1 100000 10 100 10000 1000
1 100000 10 1000 100 10000
1 100000 10 1000 10000 100
1 100000 10 10000 100 1000
1 100000 10 10000 1000 100
1 100000 100 10 1000 10000
1 100000 100 10 10000 1000
1 100000 100 1000 10 10000
1 100000 100 1000 10000 10
1 100000 100 10000 10 1000
1 100000 100 10000 1000 10
1 100000 1000 10 100 10000
1 100000 1000 10 10000 100
1 100000 1000 100 10 10000
1 100000 1000 100 10000 10
1 100000 1000 10000 10 100
1 100000 1000 10000 100 10
1 100000 10000 10 100 1000
1 100000 10000 10 1000 100
1 100000 10000 100 10 1000
1 100000 10000 100 1000 10
1 100000 10000 1000 10 100
1 100000 10000 1000 100 10
10 1 100 1000 10000 100000
10 1 100 1000 100000 10000
10 1 100 10000 1000 100000
10 1 100 10000 100000 1000
10 1 100 100000 1000 10000
10 1 100 100000 10000 1000
10 1 1000 100 10000 100000
10 1 1000 100 100000 10000
10 1 1000 10000 100 100000
10 1 1000 10000 100000 100
10 1 1000 100000 100 10000
10 1 1000 100000 10000 100
10 1 10000 100 1000 100000
10 1 10000 100 100000 1000
10 1 10000 1000 100 100000
10 1 10000 1000 100000 100
10 1 10000 100000 100 1000
10 1 10000 100000 1000 100
10 1 100000 100 1000 10000
10 1 100000 100 10000 1000
10 1 100000 1000 100 10000
10 1 100000 1000 10000 100
10 1 100000 10000 100 1000
10 1 100000 10000 1000 100
10 100 1 1000 10000 100000
10 100 1 1000 100000 10000
10 100 1 10000 1000 100000
10 100 1 10000 100000 1000
10 100 1 100000 1000 10000
10 100 1 100000 10000 1000
10 100 1000 1 10000 100000
10 100 1000 1 100000 10000
10 100 1000 10000 1 100000
10 100 1000 10000 100000 1
10 100 1000 100000 1 10000
10 100 1000 100000 10000 1
10 100 10000 1 1000 100000
10 100 10000 1 100000 1000
10 100 10000 1000 1 100000
10 100 10000 1000 100000 1
10 100 10000 100000 1 1000
10 100 10000 100000 1000 1
10 100 100000 1 1000 10000
10 100 100000 1 10000 1000
10 100 100000 1000 1 10000
10 100 100000 1000 10000 1
10 100 100000 10000 1 1000
10 100 100000 10000 1000 1
10 1000 1 100 10000 100000
10 1000 1 100 100000 10000
10 1000 1 10000 100 100000
10 1000 1 10000 100000 100
10 1000 1 100000 100 10000
10 1000 1 100000 10000 100
10 1000 100 1 10000 100000
10 1000 100 1 100000 10000
10 1000 100 10000 1 100000
10 1000 100 10000 100000 1
10 1000 100 100000 1 10000
10 1000 100 100000 10000 1
10 1000 10000 1 100 100000
10 1000 10000 1 100000 100
10 1000 10000 100 1 100000
10 1000 10000 100 100000 1
10 1000 10000 100000 1 100
10 1000 10000 100000 100 1
10 1000 100000 1 100 10000
10 1000 100000 1 10000 100
10 1000 100000 100 1 10000
10 1000 100000 100 10000 1
10 1000 100000 10000 1 100
10 1000 100000 10000 100 1
10 10000 1 100 1000 100000
10 10000 1 100 100000 1000
10 10000 1 1000 100 100000
10 10000 1 1000 100000 100
10 10000 1 100000 100 1000
10 10000 1 100000 1000 100
10 10000 100 1 1000 100000
10 10000 100 1 100000 1000
10 10000 100 1000 1 100000
10 10000 100 1000 100000 1
10 10000 100 100000 1 1000
10 10000 100 100000 1000 1
10 10000 1000 1 100 100000
10 10000 1000 1 100000 100
10 10000 1000 100 1 100000
10 10000 1000 100 100000 1
10 10000 1000 100000 1 100
10 10000 1000 100000 100 1
10 10000 100000 1 100 1000
10 10000 100000 1 1000 100
10 10000 100000 100 1 1000
10 10000 100000 100 1000 1
10 10000 100000 1000 1 100
10 10000 100000 1000 100 1
10 100000 1 100 1000 10000
10 100000 1 100 10000 1000
10 100000 1 1000 100 10000
10 100000 1 1000 10000 100
10 100000 1 10000 100 1000
10 100000 1 10000 1000 100
10 100000 100 1 1000 10000
10 100000 100 1 10000 1000
10 100000 100 1000 1 10000
10 100000 100 1000 10000 1
10 100000 100 10000 1 1000
10 100000 100 10000 1000 1
10 100000 1000 1 100 10000
10 100000 1000 1 10000 100
10 100000 1000 100 1 10000
10 100000 1000 100 10000 1
10 100000 1000 10000 1 100
10 100000 1000 10000 100 1
10 100000 10000 1 100 1000
10 100000 10000 1 1000 100
10 100000 10000 100 1 1000
10 100000 10000 100 1000 1
10 100000 10000 1000 1 100
10 100000 10000 1000 100 1
100 1 10 1000 10000 100000
100 1 10 1000 100000 10000
100 1 10 10000 1000 100000
100 1 10 10000 100000 1000
100 1 10 100000 1000 10000
100 1 10 100000 10000 1000
100 1 1000 10 10000 100000
100 1 1000 10 100000 10000
100 1 1000 10000 10 100000
100 1 1000 10000 100000 10
100 1 1000 100000 10 10000
100 1 1000 100000 10000 10
100 1 10000 10 1000 100000
100 1 10000 10 100000 1000
100 1 10000 1000 10 100000
100 1 10000 1000 100000 10
100 1 10000 100000 10 1000
100 1 10000 100000 1000 10
100 1 100000 10 1000 10000
100 1 100000 10 10000 1000
100 1 100000 1000 10 10000
100 1 100000 1000 10000 10
100 1 100000 10000 10 1000
100 1 100000 10000 1000 10
100 10 1 1000 10000 100000
100 10 1 1000 100000 10000
100 10 1 10000 1000 100000
100 10 1 10000 100000 1000
100 10 1 100000 1000 10000
100 10 1 100000 10000 1000
100 10 1000 1 10000 100000
100 10 1000 1 100000 10000
100 10 1000 10000 1 100000
100 10 1000 10000 100000 1
100 10 1000 100000 1 10000
100 10 1000 100000 10000 1
100 10 10000 1 1000 100000
100 10 10000 1 100000 1000
100 10 10000 1000 1 100000
100 10 10000 1000 100000 1
100 10 10000 100000 1 1000
100 10 10000 100000 1000 1
100 10 100000 1 1000 10000
100 10 100000 1 10000 1000
100 10 100000 1000 1 10000
100 10 100000 1000 10000 1
100 10 100000 10000 1 1000
100 10 100000 10000 1000 1
100 1000 1 10 10000 100000
100 1000 1 10 100000 10000
100 1000 1 10000 10 100000
100 1000 1 10000 100000 10
100 1000 1 100000 10 10000
100 1000 1 100000 10000 10
100 1000 10 1 10000 100000
100 1000 10 1 100000 10000
100 1000 10 10000 1 100000
100 1000 10 10000 100000 1
100 1000 10 100000 1 10000
100 1000 10 100000 10000 1
100 1000 10000 1 10 100000
100 1000 10000 1 100000 10
100 1000 10000 10 1 100000
100 1000 10000 10 100000 1
100 1000 10000 100000 1 10
100 1000 10000 100000 10 1
100 1000 100000 1 10 10000
100 1000 100000 1 10000 10
100 1000 100000 10 1 10000
100 1000 100000 10 10000 1
100 1000 100000 10000 1 10
100 1000 100000 10000 10 1
100 10000 1 10 1000 100000
100 10000 1 10 100000 1000
100 10000 1 1000 10 100000
100 10000 1 1000 100000 10
100 10000 1 100000 10 1000
100 10000 1 100000 1000 10
100 10000 10 1 1000 100000
100 10000 10 1 100000 1000
100 10000 10 1000 1 100000
100 10000 10 1000 100000 1
100 10000 10 100000 1 1000
100 10000 10 100000 1000 1
100 10000 1000 1 10 100000
100 10000 1000 1 100000 10
100 10000 1000 10 1 100000
100 10000 1000 10 100000 1
100 10000 1000 100000 1 10
100 10000 1000 100000 10 1
100 10000 100000 1 10 1000
100 10000 100000 1 1000 10
100 10000 100000 10 1 1000
100 10000 100000 10 1000 1
100 10000 100000 1000 1 10
100 10000 100000 1000 10 1
100 100000 1 10 1000 10000
100 100000 1 10 10000 1000
100 100000 1 1000 10 10000
100 100000 1 1000 10000 10
100 100000 1 10000 10 1000
100 100000 1 10000 1000 10
100 100000 10 1 1000 10000
100 100000 10 1 10000 1000
100 100000 10 1000 1 10000
100 100000 10 1000 10000 1
100 100000 10 10000 1 1000
100 100000 10 10000 1000 1
100 100000 1000 1 10 10000
100 100000 1000 1 10000 10
100 100000 1000 10 1 10000
100 100000 1000 10 10000 1
100 100000 1000 10000 1 10
100 100000 1000 10000 10 1
100 100000 10000 1 10 1000
100 100000 10000 1 1000 10
100 100000 10000 10 1 1000
100 100000 10000 10 1000 1
100 100000 10000 1000 1 10
100 100000 10000 1000 10 1
1000 1 10 100 10000 100000
1000 1 10 100 100000 10000
1000 1 10 10000 100 100000
1000 1 10 10000 100000 100
1000 1 10 100000 100 10000
1000 1 10 100000 10000 100
1000 1 100 10 10000 100000
1000 1 100 10 100000 10000
1000 1 100 10000 10 100000
1000 1 100 10000 100000 10
1000 1 100 100000 10 10000
1000 1 100 100000 10000 10
1000 1 10000 10 100 100000
1000 1 10000 10 100000 100
1000 1 10000 100 10 100000
1000 1 10000 100 100000 10
1000 1 10000 100000 10 100
1000 1 10000 100000 100 10
1000 1 100000 10 100 10000
1000 1 100000 10 10000 100
1000 1 100000 100 10 10000
1000 1 100000 100 10000 10
1000 1 100000 10000 10 100
1000 1 100000 10000 100 10
1000 10 1 100 10000 100000
1000 10 1 100 100000 10000
1000 10 1 10000 100 100000
1000 10 1 10000 100000 100
1000 10 1 100000 100 10000
1000 10 1 100000 10000 100
1000 10 100 1 10000 100000
1000 10 100 1 100000 10000
1000 10 100 10000 1 100000
1000 10 100 10000 100000 1
1000 10 100 100000 1 10000
1000 10 100 100000 10000 1
1000 10 10000 1 100 100000
1000 10 10000 1 100000 100
1000 10 10000 100 1 100000
1000 10 10000 100 100000 1
1000 10 10000 100000 1 100
1000 10 10000 100000 100 1
1000 10 100000 1 100 10000
1000 10 100000 1 10000 100
1000 10 100000 100 1 10000
1000 10 100000 100 10000 1
1000 10 100000 10000 1 100
1000 10 100000 10000 100 1
1000 100 1 10 10000 100000
1000 100 1 10 100000 10000
1000 100 1 10000 10 100000
1000 100 1 10000 100000 10
1000 100 1 100000 10 10000
1000 100 1 100000 10000 10
1000 100 10 1 10000 100000
1000 100 10 1 100000 10000
1000 100 10 10000 1 100000
1000 100 10 10000 100000 1
1000 100 10 100000 1 10000
1000 100 10 100000 10000 1
1000 100 10000 1 10 100000
1000 100 10000 1 100000 10
1000 100 10000 10 1 100000
1000 100 10000 10 100000 1
1000 100 10000 100000 1 10
1000 100 10000 100000 10 1
1000 100 100000 1 10 10000
1000 100 100000 1 10000 10
1000 100 100000 10 1 10000
1000 100 100000 10 10000 1
1000 100 100000 10000 1 10
1000 100 100000 10000 10 1
1000 10000 1 10 100 100000
1000 10000 1 10 100000 100
1000 10000 1 100 10 100000
1000 10000 1 100 100000 10
1000 10000 1 100000 10 100
1000 10000 1 100000 100 10
1000 10000 10 1 100 100000
1000 10000 10 1 100000 100
1000 10000 10 100 1 100000
1000 10000 10 100 100000 1
1000 10000 10 100000 1 100
1000 10000 10 100000 100 1
1000 10000 100 1 10 100000
1000 10000 100 1 100000 10
1000 10000 100 10 1 100000
1000 10000 100 10 100000 1
1000 10000 100 100000 1 10
1000 10000 100 100000 10 1
1000 10000 100000 1 10 100
1000 10000 100000 1 100 10
1000 10000 100000 10 1 100
1000 10000 100000 10 100 1
1000 10000 100000 100 1 10
1000 10000 100000 100 10 1
1000 100000 1 10 100 10000
1000 100000 1 10 10000 100
1000 100000 1 100 10 10000
1000 100000 1 100 10000 10
1000 100000 1 10000 10 100
1000 100000 1 10000 100 10
1000 100000 10 1 100 10000
1000 100000 10 1 10000 100
1000 100000 10 100 1 10000
1000 100000 10 100 10000 1
1000 100000 10 10000 1 100
1000 100000 10 10000 100 1
1000 100000 100 1 10 10000
1000 100000 100 1 10000 10
1000 100000 100 10 1 10000
1000 100000 100 10 10000 1
1000 100000 100 10000 1 10
1000 100000 100 10000 10 1
1000 100000 10000 1 10 100
1000 100000 10000 1 100 10
1000 100000 10000 10 1 100
1000 100000 10000 10 100 1
1000 100000 10000 100 1 10
1000 100000 10000 100 10 1
10000 1 10 100 1000 100000
10000 1 10 100 100000 1000
10000 1 10 1000 100 100000
10000 1 10 1000 100000 100
10000 1 10 100000 100 1000
10000 1 10 100000 1000 100
10000 1 100 10 1000 100000
10000 1 100 10 100000 1000
10000 1 100 1000 10 100000
10000 1 100 1000 100000 10
10000 1 100 100000 10 1000
10000 1 100 100000 1000 10
10000 1 1000 10 100 100000
10000 1 1000 10 100000 100
10000 1 1000 100 10 100000
10000 1 1000 100 100000 10
10000 1 1000 100000 10 100
10000 1 1000 100000 100 10
10000 1 100000 10 100 1000
10000 1 100000 10 1000 100
10000 1 100000 100 10 1000
10000 1 100000 100 1000 10
10000 1 100000 1000 10 100
10000 1 100000 1000 100 10
10000 10 1 100 1000 100000
10000 10 1 100 100000 1000
10000 10 1 1000 100 100000
10000 10 1 1000 100000 100
10000 10 1 100000 100 1000
10000 10 1 100000 1000 100
10000 10 100 1 1000 100000
10000 10 100 1 100000 1000
10000 10 100 1000 1 100000
10000 10 100 1000 100000 1
10000 10 100 100000 1 1000
10000 10 100 100000 1000 1
10000 10 1000 1 100 100000
10000 10 1000 1 100000 100
10000 10 1000 100 1 100000
10000 10 1000 100 100000 1
10000 10 1000 100000 1 100
10000 10 1000 100000 100 1
10000 10 100000 1 100 1000
10000 10 100000 1 1000 100
10000 10 100000 100 1 1000
10000 10 100000 100 1000 1
10000 10 100000 1000 1 100
10000 10 100000 1000 100 1
10000 100 1 10 1000 100000
10000 100 1 10 100000 1000
10000 100 1 1000 10 100000
10000 100 1 1000 100000 10
10000 100 1 100000 10 1000
10000 100 1 100000 1000 10
10000 100 10 1 1000 100000
10000 100 10 1 100000 1000
10000 100 10 1000 1 100000
10000 100 10 1000 100000 1
10000 100 10 100000 1 1000
10000 100 10 100000 1000 1
10000 100 1000 1 10 100000
10000 100 1000 1 100000 10
10000 100 1000 10 1 100000
10000 100 1000 10 100000 1
10000 100 1000 100000 1 10
10000 100 1000 100000 10 1
10000 100 100000 1 10 1000
10000 100 100000 1 1000 10
10000 100 100000 10 1 1000
10000 100 100000 10 1000 1
10000 100 100000 1000 1 10
10000 100 100000 1000 10 1
10000 1000 1 10 100 100000
10000 1000 1 10 100000 100
10000 1000 1 100 10 100000
10000 1000 1 100 100000 10
10000 1000 1 100000 10 100
10000 1000 1 100000 100 10
10000 1000 10 1 100 100000
10000 1000 10 1 100000 100
10000 1000 10 100 1 100000
10000 1000 10 100 100000 1
10000 1000 10 100000 1 100
10000 1000 10 100000 100 1
10000 1000 100 1 10 100000
10000 1000 100 1 100000 10
10000 1000 100 10 1 100000
10000 1000 100 10 100000 1
10000 1000 100 100000 1 10
10000 1000 100 100000 10 1
10000 1000 100000 1 10 100
10000 1000 100000 1 100 10
10000 1000 100000 10 1 100
10000 1000 100000 10 100 1
10000 1000 100000 100 1 10
10000 1000 100000 100 10 1
10000 100000 1 10 100 1000
10000 100000 1 10 1000 100
10000 100000 1 100 10 1000
10000 100000 1 100 1000 10
10000 100000 1 1000 10 100
10000 100000 1 1000 100 10
10000 100000 10 1 100 1000
10000 100000 10 1 1000 100
10000 100000 10 100 1 1000
10000 100000 10 100 1000 1
10000 100000 10 1000 1 100
10000 100000 10 1000 100 1
10000 100000 100 1 10 1000
10000 100000 100 1 1000 10
10000 100000 100 10 1 1000
10000 100000 100 10 1000 1
10000 100000 100 1000 1 10
10000 100000 100 1000 10 1
10000 100000 1000 1 10 100
10000 100000 1000 1 100 10
10000 100000 1000 10 1 100
10000 100000 1000 10 100 1
10000 100000 1000 100 1 10
10000 100000 1000 100 10 1
100000 1 10 100 1000 10000
100000 1 10 100 10000 1000
100000 1 10 1000 100 10000
100000 1 10 1000 10000 100
100000 1 10 10000 100 1000
100000 1 10 10000 1000 100
100000 1 100 10 1000 10000
100000 1 100 10 10000 1000
100000 1 100 1000 10 10000
100000 1 100 1000 10000 10
100000 1 100 10000 10 1000
100000 1 100 10000 1000 10
100000 1 1000 10 100 10000
100000 1 1000 10 10000 100
100000 1 1000 100 10 10000
100000 1 1000 100 10000 10
100000 1 1000 10000 10 100
100000 1 1000 10000 100 10
100000 1 10000 10 100 1000
100000 1 10000 10 1000 100
100000 1 10000 100 10 1000
100000 1 10000 100 1000 10
100000 1 10000 1000 10 100
100000 1 10000 1000 100 10
100000 10 1 100 1000 10000
100000 10 1 100 10000 1000
100000 10 1 1000 100 10000
100000 10 1 1000 10000 100
100000 10 1 10000 100 1000
100000 10 1 10000 1000 100
100000 10 100 1 1000 10000
100000 10 100 1 10000 1000
100000 10 100 1000 1 10000
100000 10 100 1000 10000 1
100000 10 100 10000 1 1000
100000 10 100 10000 1000 1
100000 10 1000 1 100 10000
100000 10 1000 1 10000 100
100000 10 1000 100 1 10000
100000 10 1000 100 10000 1
100000 10 1000 10000 1 100
100000 10 1000 10000 100 1
100000 10 10000 1 100 1000
100000 10 10000 1 1000 100
100000 10 10000 100 1 1000
100000 10 10000 100 1000 1
100000 10 10000 1000 1 100
100000 10 10000 1000 100 1
100000 100 1 10 1000 10000
100000 100 1 10 10000 1000
100000 100 1 1000 10 10000
100000 100 1 1000 10000 10
100000 100 1 10000 10 1000
100000 100 1 10000 1000 10
100000 100 10 1 1000 10000
100000 100 10 1 10000 1000
100000 100 10 1000 1 10000
100000 100 10 1000 10000 1
100000 100 10 10000 1 1000
100000 100 10 10000 1000 1
100000 100 1000 1 10 10000
100000 100 1000 1 10000 10
100000 100 1000 10 1 10000
100000 100 1000 10 10000 1
100000 100 1000 10000 1 10
100000 100 1000 10000 10 1
100000 100 10000 1 10 1000
100000 100 10000 1 1000 10
100000 100 10000 10 1 1000
100000 100 10000 10 1000 1
100000 100 10000 1000 1 10
100000 100 10000 1000 10 1
100000 1000 1 10 100 10000
100000 1000 1 10 10000 100
100000 1000 1 100 10 10000
100000 1000 1 100 10000 10
100000 1000 1 10000 10 100
100000 1000 1 10000 100 10
100000 1000 10 1 100 10000
100000 1000 10 1 10000 100
100000 1000 10 100 1 10000
100000 1000 10 100 10000 1
100000 1000 10 10000 1 100
100000 1000 10 10000 100 1
100000 1000 100 1 10 10000
100000 1000 100 1 10000 10
100000 1000 100 10 1 10000
100000 1000 100 10 10000 1
100000 1000 100 10000 1 10
100000 1000 100 10000 10 1
100000 1000 10000 1 10 100
100000 1000 10000 1 100 10
100000 1000 10000 10 1 100
100000 1000 10000 10 100 1
100000 1000 10000 100 1 10
100000 1000 10000 100 10 1
100000 10000 1 10 100 1000
100000 10000 1 10 1000 100
100000 10000 1 100 10 1000
100000 10000 1 100 1000 10
100000 10000 1 1000 10 100
100000 10000 1 1000 100 10
100000 10000 10 1 100 1000
100000 10000 10 1 1000 100
100000 10000 10 100 1 1000
100000 10000 10 100 1000 1
100000 10000 10 1000 1 100
100000 10000 10 1000 100 1
100000 10000 100 1 10 1000
100000 10000 100 1 1000 10
100000 10000 100 10 1 1000
100000 10000 100 10 1000 1
100000 10000 100 1000 1 10
100000 10000 100 1000 10 1
100000 10000 1000 1 10 100
100000 10000 1000 1 100 10
100000 10000 1000 10 1 100
100000 10000 1000 10 100 1
100000 10000 1000 100 1 10
100000 10000 1000 100 10 1