1921
1902 1927
1887 1934 1969
1942 1973 1997
1880 2006
1875 2027
1871 1873 2269
1831 1852 2248
330 421 2170 2262
295 416 1219 2078 2233 2258 2265 2276
57 153 304 376 710 1669 2054 2092 2186 2239 2250 4408
51 105 204 324 344 388 496 885 1489 1766 2029 2067 2085 2155 2173 2195 3099 5011
47 94 106 183 235 334 347 386 391 475 630 717 974 1302 1574 1759 1815 2083 2114 2167 2188 2206 2597 3421 4618 5419
18 86 108 180 187 210 281 343 413 446 478 531 637 714 760 937 1098 1289 1350 1562 1633 1737 1764 1777 1819 2126 2217 2410 2742 3121 3905 4590 4992 5268 6738
1 40 59 116 168 182 189 224 263 283 453 501 560 651 721 832 933 967 1083 1134 1251 1301 1311 1420 1528 1564 1577 1645 1677 1773 1787 2362 2483 2715 2972 3114 3250 3790 4043 4510 4602 4822 5018 5329 5812 7974
6 61 128 160 241 270 497 525 543 590 645 684 757 770 853 932 934 950 970 1082 1109 1147 1224 1268 1342 1396 1469 1508 1554 1573 1596 1641 1650 1679 2290 2389 2454 2507 2705 2738 2817 3091 3200 3401 3680 3837 3955 4313 4409 4547 4591 4614 4728 4888 5185 5294 5361 5557 6537 7622 8161
7 80 126 146 532 549 570 622 701 755 769 771 859 911 945 960 1004 1099 1130 1180 1282 1335 1345 1450 1480 1592 1629 1639 1655 1731 2284 2321 2368 2412 2472 2490 2551 2644 2707 2724 2814 2960 3022 3096 3163 3213 3299 3402 3514 3789 3826 3901 3952 4007 4248 4398 4465 4555 4594 4638 4821 4878 4961 5113 5229 5297 5353 5418 5449 5686 6429 6563 7277 7623 8155 9116
587 612 746 809 857 870 929 951 995 1023 1167 1211 1316 1439 1458 2346 2369 2447 2506 2514 2592 2627 2674 2712 2784 2952 2966 2998 3059 3151 3176 3205 3226 3262 3306 3450 3679 3763 3812 3876 3941 3954 3970 4008 4229 4269 4327 4411 4478 4552 4584 4718 4769 4864 4948 4967 5054 5155 5217 5253 5345 5360 5374 5425 5527 5564 5793 6037 6532 6547 6577 7214 7396 7892 8006 8157 8841 9894
610 861 920 985 1063 1161 1177 1207 1215 2350 2371 2432 2529 2598 2649 2702 2713 2759 2799 2842 2976 3002 3051 3072 3130 3155 3171 3194 3203 3222 3245 3279 3350 3448 3479 3657 3707 3783 3873 3885 3928 3943 3995 4020 4192 4230 4249 4301 4369 4425 4471 4485 4582 4716 4791 4848 4877 4907 4969 5024 5083 5147 5161 5338 5523 5552 5600 5739 5802 6009 6154 6450 6535 6574 6607 6799 7232 7334 7524 7650 7953 7994 8124 8297 9114 9570 9992
988 1030 1064 1148 1195 2352 2422 2530 2605 2663 2692 2785 2819 2860 2992 3013 3058 3071 3083 3141 3181 3242 3263 3284 3330 3398 3468 3507 3567 3669 3715 3770 3854 3882 3890 3910 3942 3951 4102 4223 4239 4255 4279 4308 4330 4381 4416 4453 4466 4656 4788 4811 4846 4902 4980 5049 5074 5092 5117 5148 5171 5451 5528 5680 5730 5792 5998 6011 6051 6250 6437 6490 6571 6603 6719 6773 7101 7242 7294 7339 7439 7525 7633 7869 7938 7963 7989 7995 8024 8138 8199 8695 8950 9436 9864 9931
2545 2666 2691 2693 2837 2845 2877 2983 3007 3018 3070 3178 3292 3322 3332 3381 3465 3497 3510 3554 3617 3710 3716 3765 3884 4100 4120 4211 4267 4307 4352 4378 4397 4643 4689 4771 4797 4816 4898 4972 4983 5026 5056 5085 5107 5166 5172 5509 5620 5681 5721 5732 5779 5895 6047 6145 6191 6413 6467 6503 6579 6664 6734 6765 6784 6966 7171 7237 7268 7285 7337 7379 7424 7518 7542 7817 7875 7923 8014 8062 8152 8185 8239 8624 8780 8885 9061 9275 9524 9716 9887 9922 9981
2701 2825 2840 2897 2977 2987 3014 3385 3461 3509 3561 3588 3720 4049 4190 4198 4265 4345 4680 4692 4773 5038 5163 5168 5184 5457 5614 5622 5692 5725 5755 5781 5888 5913 6044 6095 6149 6156 6240 6259 6428 6458 6489 6502 6645 6704 6726 6764 6849 7030 7168 7172 7258 7288 7416 7430 7455 7522 7540 7591 7684 7834 7899 7926 8037 8079 8169 8207 8249 8377 8687 8699 8804 8859 8928 8972 9091 9155 9406 9440 9531 9624 9723 9910 9959 9990
2878 2930 3589 4055 4130 4191 4662 4781 5042 5506 5621 5659 5741 5778 5871 5954 6067 6112 6148 6150 6234 6249 6321 6486 6629 6652 6672 6722 6727 6831 6859 7007 7066 7157 7169 7207 7401 7420 7511 7547 7606 7670 7758 7825 7865 7914 8035 8055 8064 8094 8204 8216 8251 8317 8473 8671 8737 8793 8820 8842 8875 8919 8968 9033 9068 9102 9146 9223 9362 9416 9517 9568 9581 9650 9805 9953 9984
2931 4129 4187 5463 5855 5887 5951 5962 6096 6293 6374 6473 6614 6659 6818 6871 6986 7027 7144 7162 7195 7209 7505 7515 7603 7621 7674 7718 7760 7849 8046 8092 8110 8210 8271 8344 8467 8608 8640 8675 8734 8778 8790 8834 8850 8903 9000 9046 9129 9187 9231 9350 9390 9419 9493 9523 9562 9580 9618 9636 9681 9728 9816
4160 4188 5503 5840 5858 5883 5988 6295 6366 6382 6477 6867 6953 6980 6989 7011 7130 7487 7715 7800 7863 8450 8513 8623 8636 8728 8764 8917 8997 9145 9165 9215 9252 9326 9375 9397 9473 9507 9542 9600 9665 9703 9792 9813 9850
5859 5975 6311 6348 6372 6379 6399 6865 6870 6923 6961 7001 7129 7694 7791 8438 8459 8483 8594 8746 8913 8994 9177 9245 9263 9373 9386 9400 9557 9588 9601 9652 9671 9698 9782 9839
5869 5982 6340 6361 6368 6388 6904 7118 7702 7775 8394 8503 8536 8603 9166 9232 9365 9667 9673 9689
6329 6354 6919 7788 8383 8428 8527 8588
8408 8526 8557 8589
8583 8590
