892
890
867 887
294 668 872 888
233 393 821 870 882 889 893
229 278 378 505 792 839 874 883 901 933
227 230 249 279 319 388 435 577 740 815 833 863 873 876 895 919 970
110 244 275 288 313 327 387 391 405 450 554 662 688 776 810 819 822 838 855 865 899 913 923 954 984
15 160 241 246 268 276 286 293 309 315 323 377 384 389 401 431 447 460 532 561 580 665 679 731 761 779 806 813 818 820 827 849 860 866 896 900 912 920 929 936 958 973 991
7 76 142 194 235 242 245 248 259 274 283 292 304 311 314 321 361 379 400 402 420 432 442 448 455 484 526 534 557 572 579 603 667 669 683 699 738 759 772 777 786 798 809 823 831 844 851 858 861 898 909 922 926 931 935 940 967 971 980 987 997
6 10 44 108 113 153 179 215 247 251 266 273 289 303 307 346 362 380 396 415 422 433 441 445 449 452 457 472 502 516 527 533 550 556 570 573 581 656 671 681 687 693 712 736 750 766 778 780 796 799 829 841 845 854 856 859 897 921 927 934 937 949 964 976 986 989 992 998
4 8 43 69 107 112 125 151 159 170 190 198 225 250 254 263 270 306 342 352 370 383 398 407 419 421 429 443 453 456 463 477 486 504 513 523 530 545 565 571 575 599 610 661 690 707 730 735 749 754 765 771 784 794 803 840 842 945 950 961 965 975 977 995 999
1 9 23 46 74 99 119 127 150 154 162 172 181 204 224 252 257 265 330 344 348 358 368 399 427 462 467 474 483 495 512 515 520 528 544 548 562 567 587 600 609 641 659 689 706 710 725 743 756 763 770 783 801 804 953
20 33 45 50 71 80 103 118 124 139 144 155 163 171 175 189 199 214 256 264 339 353 366 465 470 476 478 487 501 509 514 518 541 547 584 598 608 635 652 658 700 708 711 724 726 741 745 768 802
18 21 31 40 48 51 79 95 100 106 131 147 156 164 173 187 207 334 355 464 469 475 496 508 511 582 585 592 606 622 649 653 703 718 728 769
17 25 47 53 78 90 97 128 132 165 211 335 468 506 583 597 616 623 647 651 705 715 722
27 52 67 83 91 96 138 507 595 613 617 633 642
29 60 68 82 137 594 612 614 618 627 644
30 57 63 611 615 619 632
66 620
