656
652 658 650
651 648 647
646
638 619
630 644 617
629 631 643 613 563
625 636 610 615 551 659
590 611 562 699 723
568 595 612 557 691 713 790 549
564 574 591 599 552 560 673 697 704 714 769 810 496 454
567 569 575 600 667 674 693 700 711 721 748 785 800 984 461 531 373 305
566 570 589 604 663 669 688 696 707 712 717 733 751 779 788 791 809 816 985 459 492 506 544 363 437 269 987
572 583 602 605 660 666 668 671 687 690 709 725 741 749 766 778 782 787 796 807 811 864 457 490 497 528 536 546 331 368 376 450 2 275 996
578 584 665 685 727 738 742 759 768 777 803 808 815 846 888 455 483 491 503 525 530 532 537 545 320 338 366 372 375 433 449 453 1 171 274 282 995 998
580 680 726 730 735 739 757 764 774 805 812 820 847 868 916 466 485 502 521 527 534 539 311 326 335 342 371 374 412 434 442 37 237 270 278 289 993
582 676 682 729 761 770 775 819 842 861 867 875 899 974 464 469 489 500 510 526 309 314 325 328 333 336 361 390 428 441 445 16 128 191 265 281 286 302 991
817 826 844 856 863 866 869 887 898 911 919 981 479 498 508 516 307 313 329 332 334 357 362 388 391 424 430 438 448 7 17 124 149 189 192 249 267 279 288 293
821 830 843 853 859 870 878 892 900 918 926 977 982 476 482 499 513 518 306 308 330 353 378 404 416 425 429 3 10 28 113 126 140 166 186 236 239 253 296
822 829 838 848 855 857 891 897 905 923 939 976 978 471 481 517 520 346 381 392 408 414 421 6 9 15 27 31 52 115 138 142 155 169 180 188 230 244 252 262 295
828 837 850 896 902 924 931 948 473 352 387 393 405 409 415 12 20 29 48 71 118 133 141 147 152 160 167 170 177 185 212 232 240 250 261 263
836 893 904 929 933 944 959 474 347 395 410 18 23 39 50 57 98 122 132 135 145 148 151 153 156 161 182 206 216 235 242 251
903 937 942 946 958 972 400 21 26 41 51 55 64 78 100 123 137 143 146 164 201 214 217 233
935 945 947 949 970 22 40 43 61 66 74 79 110 193 204 227
957 969 46 59 63 69 72 75 92 103 220 229
951 961 60 76 90 94 107 222
956 77 80 95 105
953 81
