81201
81105 81302 81401
80967 81500
79407 81800
79712 82854
79040
74975 83296
67592 70412 75099 83603
63241 66487 71401 78681 87340
61288 61538 65107 66942 71187 73517 76194 84826 88111
31811 62205 64947 66221 66745 66979 70893 72115 73983 75317 78063 83782 84884 90712
14566 39823 61925 64115 64949 65256 66239 66545 67349 74316 77341 90450
9415 21400 34207 46329 63325 65239 67530
4803 10178 20010 26794 33670 34856 40189 49873 63635
2863 5904 10130 11859 15535 21250 21426 28148 32221 33747 37720 45250 48227 50203 63728
923 4169 5780 8286 10040 10329 12457 15237 17500 25742 26855 29693 32901 34041 34996 39476 41516 46259 46860 48710 55209
166 2778 8003 10293 10397 13662 14621 16554 18125 23123 26169 27840 29572 30945 34159 37636 39284 41231 43247 47600 48972 50209 56279
742 1360 7905 11224 13227 14719 22532 24038 29157 29936 31641 35610 38817 42754 43779 48153 53055 56278 56892
6436 10571 11703 13270 14987 21741 23026 24835 29023 30398 31227 35263 42647 43456 43847 51903 53253 60948
5945 11094 24087 24890 51375 52518 57276
6348 25039 50814 51717 52468 53015 57109
5958 51927
