3
5
5
3
4
3
5
3
3
6
2
5
3
4
3
4
2
3
5
5
6
8
2
1
5
0
2
2
4
2
4
2
3
4
4
4
3
3
9
3
2
0
3
2
7
4
2
8
4
3
3
4
2
3
2
1
1
4
5
3
4
5
5
4
3
3
4
4
4
3
2
5
4
3
2
2
2
2
3
3
3
2
5
3
2
2
1
2
4
2
2
4
2
2
4
2
3
2
3
4
2
2
6
1
4
3
2
6
2
4
5
3
2
3
4
5
3
3
1
3
3
5
3
2
5
5
3
4
3
3
1
3
3
4
5
7
3
2
2
3
3
3
4
2
2
2
2
2
3
3
4
2
5
2
1
4
2
4
5
2
2
1
1
1
4
3
4
5
2
2
5
2
4
3
2
3
3
4
5
2
4
3
4
1
2
3
3
3
3
5
4
3
4
3
3
2
2
4
3
3
3
4
4
3
3
5
5
3
6
2
3
2
2
1
4
3
2
2
2
2
3
3
3
3
8
3
2
4
6
3
3
3
3
4
6
3
5
3
2
4
5
2
2
3
1
2
4
3
2
3
6
5
3
2
3
3
1
1
1
5
2
3
4
3
5
4
2
5
2
2
5
2
2
3
2
2
3
3
3
3
2
6
4
2
4
4
4
3
3
2
2
4
4
3
3
2
3
2
4
2
6
2
3
2
3
4
3
3
2
4
4
2
3
5
2
3
3
5
2
4
4
3
5
4
3
2
4
1
4
4
2
5
4
3
3
2
4
4
7
3
3
4
3
3
4
2
1
2
3
3
2
2
2
3
2
3
3
6
3
3
4
2
2
4
3
3
3
4
5
5
3
3
5
3
3
3
4
3
2
2
5
5
4
4
3
3
3
3
3
3
4
1
2
2
3
6
4
2
2
4
3
3
3
1
4
2
5
3
8
3
3
3
2
2
5
2
3
5
3
3
2
2
2
2
3
2
2
6
4
3
2
4
4
4
2
2
3
4
3
5
2
3
3
3
4
2
3
3
5
3
2
0
3
2
2
4
3
2
3
1
1
7
6
0
5
4
1
2
3
2
4
2
4
6
2
5
1
2
3
2
5
3
5
3
2
4
2
4
5
3
2
3
2
3
3
5
2
1
1
7
