45
163
106
95
99
183
93
151
152
132
106
157
97
57
103
97
120
115
106
171
126
34
115
94
161
97
62
28
45
170
65
130
109
125
94
141
78
65
133
107
133
89
125
120
180
111
128
150
146
117
103
97
96
133
81
75
115
84
161
111
37
126
117
118
71
123
106
92
77
104
23
93
82
40
144
138
103
80
152
56
59
50
118
147
117
110
130
108
183
190
150
29
109
77
39
72
126
45
95
167
135
42
78
69
31
123
46
61
142
128
189
140
141
119
101
159
130
77
78
179
135
68
121
50
119
134
137
52
109
44
98
63
79
80
170
109
133
29
86
99
111
151
106
111
50
106
101
136
80
137
142
59
121
20
88
79
118
179
110
118
116
55
53
151
64
16
118
111
70
129
173
47
146
54
128
50
78
104
134
110
60
68
63
50
44
112
63
145
65
126
93
148
81
144
138
63
154
144
34
115
126
67
126
64
124
77
41
159
93
40
81
130
121
81
51
108
139
33
32
169
139
154
136
24
91
98
65
67
132
90
135
141
75
165
120
153
152
169
150
82
26
78
151
125
86
152
150
174
93
66
134
102
101
54
128
187
99
72
113
49
71
129
82
67
118
183
67
97
30
130
39
143
54
76
93
81
110
181
113
79
115
108
142
107
94
94
69
131
20
95
75
119
83
123
96
132
156
50
98
164
119
81
165
108
83
40
153
135
121
115
111
90
80
67
74
96
100
164
63
89
53
104
76
175
95
85
37
177
107
84
73
85
59
120
112
160
100
66
161
37
165
186
119
36
101
48
70
146
79
138
160
97
96
94
115
108
149
178
90
74
159
70
95
49
76
151
96
130
114
170
53
149
18
124
164
53
155
129
56
50
135
87
97
60
77
108
113
116
68
127
124
38
158
76
99
56
19
66
113
104
120
119
61
99
91
135
47
149
172
93
96
68
51
119
122
105
112
70
129
83
137
86
109
120
62
91
92
73
127
88
78
113
65
177
110
192
100
57
126
41
152
162
179
58
137
88
115
105
159
109
160
160
91
57
36
135
93
94
47
111
41
112
67
152
68
103
107
135
71
147
92
145
161
104
105
142
111
76
138
161
112
93
85
186
53
106
91
111
44
172
76
105
51
158
108
113
101
51
77
9
