486
271
457
179
491
476
280
885
447
206
854
266
658
335
250
571
505
524
657
644
896
514
438
540
116
384
330
363
288
583
399
530
730
697
928
480
697
402
688
666
136
444
614
143
387
515
786
194
817
637
85
609
667
693
593
491
532
707
538
847
309
142
758
210
553
597
479
823
457
715
551
619
583
874
677
400
750
256
814
437
484
365
506
402
447
32
394
362
866
407
819
769
455
818
278
237
329
601
672
322
460
582
656
814
144
87
466
910
770
229
431
396
233
543
680
215
258
458
350
906
500
296
684
378
596
519
611
587
695
633
461
523
415
620
836
743
523
664
477
617
557
403
620
305
359
686
237
518
213
131
699
315
433
273
864
272
553
306
858
314
170
332
491
141
441
585
744
305
72
734
814
361
724
835
263
816
694
539
664
347
489
507
608
337
791
649
302
455
488
218
590
57
653
408
551
635
368
463
520
440
389
846
521
790
625
620
945
945
664
338
581
397
248
345
101
475
748
801
411
677
422
667
527
220
638
403
609
104
124
600
421
944
559
678
431
602
557
38
494
369
370
442
675
471
522
799
762
306
547
344
336
334
667
458
232
544
522
644
492
468
670
233
345
776
824
817
610
418
840
886
332
262
519
659
879
491
592
476
156
700
406
611
550
323
467
922
473
463
515
746
595
586
678
446
509
195
499
898
572
888
623
201
533
487
87
477
436
412
596
818
507
366
405
162
629
298
578
879
520
719
386
46
201
346
530
428
650
623
174
588
586
493
698
551
442
623
612
517
609
123
824
320
608
615
339
554
358
583
371
377
729
743
813
375
859
572
159
374
383
302
592
462
408
435
500
181
870
505
446
803
547
553
129
545
563
712
550
625
572
286
492
390
562
109
904
492
403
282
231
174
372
659
794
456
556
272
477
722
240
210
812
611
473
681
106
658
432
326
922
733
557
247
473
788
432
383
722
401
544
426
514
226
185
394
857
621
229
323
738
204
387
217
354
337
352
537
822
464
586
646
317
669
619
367
855
483
537
583
910
609
317
322
504
681
335
759
623
353
676
462
915
336
451
655
930
340
618
903
691
131
797
476
499
552
794
427
580
464
168
488
322
231
340
531
581
425
750
777
92
829
549
455
603
407
462
659
524
699
139
718
289
700
781
562
34
491
516
701
877
417
345
471
587
606
593
124
210
60
269
196
699
449
411
640
516
621
960
363
239
706
547
511
451
608
227
347
561
178
437
637
225
326
442
452
588
401
624
561
420
632
600
831
400
421
581
512
172
332
553
237
627
218
522
487
394
759
546
484
773
254
758
760
412
340
538
754
488
92
239
394
806
525
350
275
297
285
506
955
213
827
549
245
819
484
513
623
112
313
479
667
369
476
488
613
100
518
858
845
613
549
270
659
642
550
367
55
705
669
472
624
468
425
145
347
779
681
579
234
544
626
679
370
497
686
366
771
578
399
395
667
522
651
818
507
580
377
511
505
580
632
184
724
497
568
473
709
792
791
637
516
618
219
651
492
727
582
419
876
434
279
681
714
567
476
402
306
569
237
726
388
496
781
574
587
510
720
403
153
426
337
314
435
607
764
498
495
679
156
424
532
336
442
775
516
496
472
556
577
462
857
702
760
587
493
580
483
510
257
511
358
689
294
597
178
346
742
622
909
441
484
642
308
552
682
417
629
136
556
590
579
748
418
549
377
498
713
609
346
590
654
363
531
523
763
701
431
923
133
311
466
393
302
231
202
386
353
815
401
526
403
632
494
406
714
473
866
393
827
269
630
776
700
924
355
255
535
546
960
376
810
651
809
286
621
560
855
464
688
441
400
731
658
350
865
577
292
388
598
379
838
208
483
656
278
293
225
293
503
801
700
397
355
421
658
767
732
490
416
443
862
548
258
844
654
660
343
527
438
761
440
557
705
585
410
763
815
499
484
637
413
683
675
555
233
241
315
604
311
149
139
820
590
320
676
687
641
384
396
746
442
161
486
662
483
200
639
626
587
655
352
46
594
688
749
317
541
321
474
544
891
458
408
360
281
813
460
94
395
456
410
446
906
277
317
255
450
290
356
561
156
706
517
395
641
543
629
649
307
416
168
312
310
460
628
428
470
260
540
675
667
191
371
481
586
180
817
445
234
860
566
282
471
692
204
245
789
499
814
734
370
592
607
581
801
259
344
587
652
994
916
320
283
579
625
582
664
299
750
772
427
194
294
724
532
621
492
480
225
268
558
350
628
285
445
509
763
40
309
531
308
430
442
347
389
340
536
102
392
820
434
790
256
563
475
658
632
472
359
911
545
425
129
284
487
156
233
331
262
870
378
416
658
374
708
507
324
448
761
576
470
718
748
392
808
841
583
452
561
308
709
446
450
431
807
833
152
581
510
654
754
525
436
527
447
317
813
619
553
539
664
852
514
626
243
71
473
498
390
655
491
669
458
371
942
579
220
821
771
186
713
298
961
385
522
573
386
566
521
675
348
388
906
122
397
731
413
442
519
257
535
441
654
306
568
623
522
233
65
467
511
806
581
465
253
216
911
685
650
544
846
53
393
820
561
403
570
329
598
482
745
674
291
930
722
769
799
867
914
561
585
466
560
595
403
670
284
94
525
718
589
245
339
559
70
867
385
581
767
121
324
624
673
579
603
254
755
324
516
345
340
594
338
803
572
476
635
877
655
375
190
358
191
267
205
775
484
515
608
479
627
455
650
920
801
861
567
445
521
707
758
682
422
391
413
377
342
287
800
826
804
720
830
304
160
471
562
525
337
609
405
906
209
76
969
738
824
583
660
851
433
261
406
866
427
723
724
531
475
460
489
522
94
107
595
470
498
813
726
482
707
461
826
554
922
542
410
793
585
405
144
915
487
276
280
334
489
927
928
482
712
366
690
294
465
925
28
751
668
513
562
732
600
739
625
456
635
600
453
362
337
532
424
241
170
431
276
589
713
771
440
692
621
553
699
319
877
186
436
414
29
731
157
587
704
440
616
444
85
221
684
467
447
479
684
345
315
599
186
577
372
432
359
624
399
770
487
735
544
518
815
715
795
807
601
388
298
429
625
357
575
381
618
511
327
426
354
469
365
450
575
472
677
687
629
393
156
413
866
488
580
854
647
738
467
333
476
825
748
417
731
344
686
572
659
321
499
591
776
528
436
495
471
127
536
441
612
238
511
876
404
451
508
660
286
413
743
542
614
533
197
530
795
317
757
398
537
254
322
780
6
922
557
133
605
421
640
503
683
334
600
562
192
245
597
458
613
287
21
551
261
842
702
717
758
581
498
715
810
398
496
472
117
377
527
560
607
890
688
291
447
544
407
504
179
422
500
458
604
788
862
337
674
302
459
457
126
567
503
204
292
689
438
787
119
432
407
312
619
482
467
576
648
569
447
191
216
345
581
760
677
547
369
781
797
718
466
442
750
504
416
633
513
759
296
494
562
429
610
621
214
474
487
350
700
686
598
739
581
699
154
786
587
716
402
636
394
247
345
287
724
740
770
809
855
584
705
382
877
578
471
534
390
845
674
516
864
485
884
699
472
159
971
529
399
648
249
556
189
383
739
670
690
225
341
302
460
39
374
683
495
500
532
778
488
190
300
440
241
665
471
662
802
411
624
375
77
197
272
901
524
594
590
657
343
36
643
858
477
821
213
552
692
808
398
328
652
527
100
446
424
757
494
481
434
451
632
895
425
247
606
495
805
534
214
494
499
622
223
164
303
431
434
396
961
418
287
547
170
204
405
797
427
459
783
566
572
428
833
604
348
576
576
836
566
668
713
750
590
652
956
717
157
832
510
641
612
170
387
921
800
829
278
411
204
194
276
261
484
552
590
495
600
358
627
641
840
474
340
482
613
264
763
217
757
373
456
441
803
260
522
528
37
455
367
533
828
71
474
207
229
283
671
285
564
464
329
473
514
664
624
756
342
627
557
384
724
436
200
220
456
476
446
364
277
504
385
261
301
849
671
354
437
628
762
450
535
439
270
406
400
633
597
112
674
459
593
901
440
346
326
560
738
168
804
155
336
398
641
414
667
829
725
401
89
438
331
852
363
182
513
492
718
248
495
284
390
609
537
680
768
652
440
637
410
464
633
831
690
439
706
699
322
570
683
435
308
248
588
213
884
495
152
672
53
480
379
104
732
344
560
271
374
501
690
597
565
602
734
549
559
203
248
410
559
549
738
424
630
540
386
692
585
922
274
439
732
771
179
738
216
631
815
735
199
569
514
402
861
222
532
559
298
191
779
658
862
717
551
621
555
483
632
474
442
393
502
140
391
522
502
364
370
428
706
55
802
604
556
738
294
777
270
616
280
817
352
335
508
965
717
529
185
411
486
462
382
591
469
479
176
548
207
440
498
223
754
280
654
339
392
540
252
595
517
251
636
524
439
351
587
283
545
542
601
280
820
500
395
232
628
466
666
517
473
428
838
253
557
155
669
542
534
793
267
614
248
469
425
594
533
669
135
349
796
495
709
450
587
487
393
531
278
679
667
627
591
295
366
645
296
508
252
235
653
770
277
306
498
729
392
774
890
500
506
519
222
663
619
560
646
816
85
502
552
886
555
512
430
348
396
298
670
136
353
352
363
517
565
643
583
407
158
656
605
526
372
372
280
739
285
818
314
625
63
126
197
447
130
782
105
152
389
589
329
459
333
555
537
598
807
213
872
682
230
253
404
766
277
289
164
114
923
509
324
283
697
116
538
476
366
595
721
593
641
760
496
617
599
842
297
935
339
584
617
147
490
434
505
872
446
534
538
325
492
487
357
248
647
492
887
207
761
863
273
464
595
479
480
362
563
614
96
364
689
642
553
731
252
726
477
418
512
748
242
334
452
397
352
775
499
622
744
504
650
592
621
677
522
361
851
759
511
187
634
695
674
508
608
253
240
838
460
506
220
645
747
151
436
473
654
749
534
407
354
731
396
289
713
529
146
456
557
653
502
737
298
632
136
204
538
448
738
359
560
695
419
319
559
405
595
781
596
643
466
314
254
353
445
231
347
247
385
287
218
345
143
460
389
536
489
867
165
403
343
66
490
100
505
285
442
575
254
179
545
527
751
508
483
119
761
369
720
205
208
500
480
622
430
431
278
786
673
310
566
566
476
515
34
453
828
703
603
428
132
617
434
641
768
850
845
238
340
318
610
480
557
651
691
574
868
820
482
833
461
291
603
480
681
324
683
770
341
461
594
330
533
454
556
399
34
580
681
137
609
553
692
287
672
611
490
231
511
397
643
778
560
359
448
694
667
258
198
672
479
293
541
247
304
297
121
963
728
739
503
255
211
654
582
560
833
355
643
621
388
256
534
532
563
511
628
416
515
85
685
561
209
280
439
270
403
414
782
167
496
305
472
306
860
830
517
959
398
420
375
760
174
281
674
488
71
401
374
449
668
221
755
901
662
698
352
798
704
460
275
605
565
336
221
734
624
742
484
485
543
461
595
351
409
544
955
641
565
518
528
560
498
535
173
153
627
63
808
117
480
571
702
600
355
610
258
638
469
580
276
625
609
757
328
525
485
529
546
609
955
420
175
655
448
591
420
295
448
794
731
663
678
690
679
444
312
621
800
803
299
767
481
565
616
239
291
317
480
903
950
829
710
369
537
191
259
218
788
753
518
587
442
465
673
473
419
501
587
611
559
728
65
537
423
417
571
881
489
504
609
752
550
930
396
436
318
150
864
955
414
167
677
349
246
547
520
308
462
52
411
686
461
591
402
231
397
436
602
603
475
617
554
337
266
599
673
693
575
617
114
258
282
597
757
249
860
522
446
613
569
589
436
316
569
834
593
220
483
399
433
513
116
502
295
510
414
908
474
487
344
724
493
517
263
30
614
505
394
804
680
482
590
714
851
388
74
516
254
420
57
90
66
231
426
620
102
480
492
394
608
813
409
400
127
370
454
301
705
670
250
524
409
377
367
178
828
653
733
571
431
798
679
296
533
463
271
870
408
762
354
328
553
523
612
699
900
698
398
767
524
725
176
514
334
665
455
540
298
462
441
612
758
890
740
382
752
551
639
667
573
379
497
523
471
238
465
437
464
629
844
476
246
301
508
781
380
212
558
208
662
528
695
831
313
460
463
407
542
417
806
408
564
276
510
256
524
237
572
914
450
615
252
581
407
665
568
165
601
630
503
318
670
468
422
746
820
515
722
549
435
235
531
533
700
827
529
436
397
482
703
652
732
608
602
196
524
756
379
103
311
102
466
719
122
268
610
585
465
125
512
621
636
467
710
303
640
445
527
569
603
610
837
416
389
924
603
284
569
786
318
160
587
791
506
530
980
872
486
504
462
311
797
233
291
323
648
348
328
384
405
413
414
635
603
502
847
407
208
111
391
460
515
477
563
929
516
289
548
471
457
227
278
298
703
593
736
526
771
532
663
883
224
632
557
500
532
411
397
627
385
788
335
574
532
224
414
736
298
392
907
615
664
507
475
856
122
236
473
788
671
535
309
936
374
320
462
254
369
390
351
308
415
417
464
693
250
514
264
265
503
260
518
490
283
507
545
675
360
618
778
537
417
452
364
208
689
633
406
790
567
491
586
175
625
566
141
626
467
538
761
464
566
562
618
758
702
704
189
584
671
573
473
507
384
825
485
766
522
460
747
52
546
829
771
308
629
384
871
416
478
853
344
273
531
450
275
542
339
429
466
481
429
281
173
268
522
781
590
517
832
618
498
955
679
274
534
472
497
613
177
684
552
748
284
425
155
510
991
304
488
255
184
335
670
548
733
530
400
483
735
711
212
312
594
494
128
435
453
610
473
492
520
735
888
335
565
726
588
464
630
450
607
509
478
800
487
510
534
955
491
266
540
824
312
316
729
186
158
785
388
337
440
666
514
569
824
591
368
475
120
612
464
261
276
414
507
362
580
504
407
463
728
752
614
93
728
277
401
834
437
817
160
444
398
469
448
384
522
638
290
805
672
363
700
607
330
927
698
261
683
395
193
160
571
347
419
290
664
385
90
493
588
98
725
174
607
145
600
144
208
252
359
597
292
514
663
888
574
859
680
367
288
544
350
213
476
368
445
533
776
500
775
443
686
485
467
421
217
965
609
663
669
722
813
307
323
475
279
628
163
828
697
293
389
650
461
435
195
941
580
199
407
495
396
505
815
488
165
462
640
581
541
448
514
646
399
643
226
473
534
550
650
692
175
499
620
697
879
605
871
515
765
520
617
566
815
402
674
497
462
705
612
774
409
572
847
394
83
427
297
284
605
720
888
297
221
668
82
244
406
789
670
377
815
663
463
496
336
483
385
270
271
465
489
621
719
374
215
441
498
233
780
364
494
911
487
252
951
729
153
731
263
466
336
506
784
379
322
892
558
288
445
856
547
919
622
668
455
655
455
141
311
829
797
369
683
716
598
594
751
314
818
440
563
308
552
876
241
556
123
464
454
507
748
570
694
396
102
345
217
502
385
612
131
481
778
150
383
404
882
590
650
133
379
472
63
646
652
120
124
366
859
737
606
265
433
647
427
975
276
378
390
614
380
499
350
359
372
538
664
629
457
509
867
478
180
357
527
692
384
168
438
488
503
504
398
571
605
294
506
640
96
339
685
176
160
847
686
519
251
382
840
502
620
412
812
434
486
607
594
428
337
197
114
74
342
457
273
613
750
726
481
560
793
143
291
808
402
644
230
508
49
511
342
717
439
491
762
653
682
797
536
515
397
444
571
633
344
667
454
296
750
501
592
601
586
299
391
461
409
756
666
245
432
220
471
443
558
329
530
499
632
551
640
677
788
398
553
676
584
389
490
473
313
292
729
621
414
139
164
349
509
516
751
207
705
190
173
357
500
556
801
397
506
953
578
171
375
145
329
732
225
799
514
528
485
410
299
649
526
545
754
850
508
531
463
192
546
526
308
698
491
632
413
323
298
367
354
724
452
414
386
122
499
153
166
341
925
535
422
838
226
450
422
507
702
818
445
603
194
952
533
287
355
701
583
503
540
290
562
608
288
708
508
327
485
881
512
610
712
265
728
475
677
430
112
614
760
609
256
436
270
539
472
782
589
237
277
628
447
506
385
938
888
746
494
472
373
569
627
468
567
648
650
816
454
619
220
196
559
466
556
665
627
300
304
116
887
376
503
835
512
661
708
201
73
162
436
490
267
488
798
843
349
605
333
453
606
230
489
322
616
571
503
366
461
373
673
638
824
423
558
437
979
634
805
565
259
706
282
452
578
172
858
714
791
556
785
460
658
197
891
502
772
789
773
421
477
674
706
325
94
194
588
423
253
913
669
666
598
461
515
664
178
339
356
714
443
560
626
787
408
195
455
216
426
465
899
654
357
472
404
419
263
494
748
455
495
270
479
570
496
538
195
867
575
278
431
418
182
818
631
388
51
281
789
446
759
879
667
455
468
537
786
641
512
510
844
555
362
140
700
646
866
269
317
511
755
322
284
923
630
818
552
635
534
873
241
491
584
475
331
586
577
610
497
360
532
549
284
707
716
949
799
785
712
389
362
130
437
611
70
153
431
679
317
518
647
649
603
167
543
290
610
766
635
622
781
597
923
501
359
516
379
84
528
381
149
746
533
269
653
332
717
896
333
156
85
407
293
300
187
531
191
858
848
539
810
360
511
481
679
829
247
581
668
452
835
184
124
772
321
931
381
504
593
702
579
423
458
651
657
354
49
564
745
794
512
385
627
311
554
148
391
315
602
622
531
191
450
490
272
646
595
888
611
430
329
544
900
417
656
487
370
444
471
342
321
355
493
586
332
302
591
875
350
597
167
553
779
680
343
703
173
837
664
504
640
383
802
457
884
487
226
583
993
640
888
719
314
783
532
491
653
426
782
858
511
813
334
702
498
618
663
496
500
556
201
794
897
500
542
435
219
607
439
419
53
565
324
617
705
469
490
200
405
863
407
629
698
567
538
300
284
601
322
486
430
914
478
345
305
488
632
656
374
591
205
772
566
304
544
666
272
751
501
764
705
415
44
542
486
905
695
421
616
84
549
447
255
239
364
400
518
569
718
318
690
128
487
496
733
846
768
340
617
657
623
591
832
518
628
404
413
299
399
585
194
486
202
255
90
842
742
830
387
498
640
501
837
268
665
652
616
711
488
404
499
448
173
499
527
455
240
546
471
119
351
693
265
572
620
369
733
735
430
450
584
383
328
427
391
992
441
353
279
298
841
517
870
737
185
481
110
597
499
649
689
579
298
17
329
469
963
881
369
501
147
443
224
463
372
461
923
399
359
340
834
468
504
487
607
111
686
546
578
515
437
585
506
419
706
337
33
110
590
705
753
644
585
584
67
242
267
739
347
674
722
782
415
354
538
173
692
340
846
224
798
528
365
420
770
131
434
299
239
91
539
524
430
217
355
473
493
325
794
276
200
338
393
476
528
90
283
382
891
724
491
323
161
602
358
392
614
338
563
764
744
555
608
673
647
729
675
592
351
418
715
566
516
641
112
398
728
429
616
263
596
215
576
254
488
515
168
560
425
723
933
269
272
400
552
705
354
539
722
432
427
900
503
523
886
655
706
467
423
659
677
322
433
844
741
525
690
425
128
260
632
435
552
496
672
425
589
396
377
567
393
548
486
479
598
652
865
624
504
652
658
639
534
246
642
241
290
388
269
404
513
81
511
362
545
759
548
441
96
658
530
107
427
213
559
673
703
604
444
654
423
686
651
758
716
460
435
311
104
604
688
430
297
277
496
331
126
241
825
496
456
303
653
537
441
687
503
406
740
537
614
527
179
320
702
410
455
306
477
288
480
597
855
527
234
519
452
648
307
788
333
582
525
560
518
504
259
736
804
388
304
620
282
666
221
793
316
451
416
400
599
841
398
630
553
753
560
230
568
321
578
296
661
429
205
494
492
387
778
553
562
794
669
177
427
650
147
648
904
28
473
353
642
56
377
855
390
921
176
304
784
279
154
785
567
289
646
537
763
771
222
140
453
525
253
482
689
567
425
321
141
619
589
458
310
403
718
671
440
749
415
452
738
470
88
797
409
263
714
480
265
674
539
189
677
345
733
454
662
477
692
591
399
300
317
663
484
132
525
620
519
567
511
508
964
457
571
262
243
299
549
613
516
82
484
277
704
412
647
582
268
336
408
171
553
413
514
712
786
479
283
409
645
603
300
592
858
183
103
398
597
499
870
370
473
616
422
463
575
148
121
493
503
784
293
449
731
684
786
651
607
30
344
504
395
529
646
91
464
620
257
806
703
432
260
724
125
637
259
720
669
275
538
429
382
404
218
317
535
335
441
254
701
370
808
141
315
485
416
512
902
668
508
830
284
297
528
685
771
295
463
294
268
720
601
416
897
672
469
579
180
805
220
423
735
121
782
434
245
472
620
298
592
151
406
491
365
484
415
646
232
409
418
693
587
344
575
435
712
904
849
330
624
583
682
269
345
467
306
336
533
257
301
654
147
320
717
843
171
311
561
555
676
138
370
365
623
377
522
406
360
420
473
617
819
117
775
793
343
466
123
439
454
701
410
614
348
558
522
502
60
555
265
510
216
906
699
558
725
433
594
517
642
452
529
288
124
303
140
745
646
489
582
567
290
745
515
436
906
493
414
399
438
367
400
461
462
549
367
761
366
490
437
215
638
881
141
437
248
380
463
107
612
861
593
606
574
477
454
184
467
453
469
675
686
193
525
278
153
407
230
794
679
285
859
197
499
560
429
807
226
618
124
740
281
811
272
74
946
827
828
734
724
870
327
456
331
627
590
399
705
850
602
552
538
487
436
374
691
750
537
648
475
514
415
564
487
56
445
926
805
731
307
738
419
447
828
510
520
117
283
266
624
272
597
802
469
323
581
575
802
608
521
469
560
134
472
510
228
687
599
465
357
434
676
887
509
304
938
322
203
384
491
316
793
248
870
631
242
237
281
500
460
733
331
780
308
679
269
516
248
183
497
158
338
484
371
867
252
524
512
103
274
618
574
660
401
190
664
522
359
196
317
642
517
489
297
628
271
456
564
540
779
753
450
707
142
405
566
303
443
424
835
814
805
679
580
740
976
895
589
433
869
520
152
779
539
620
350
624
320
127
407
379
748
430
420
209
476
361
732
211
118
609
475
415
741
616
559
590
695
700
219
331
604
676
961
490
128
631
477
584
506
339
498
627
610
895
589
217
227
455
140
607
359
788
518
606
228
880
639
530
187
826
465
603
350
882
840
451
393
112
743
311
401
679
301
175
458
598
398
284
503
480
775
535
626
276
859
388
377
840
646
451
719
456
415
251
747
352
256
708
109
574
515
414
650
418
633
398
298
283
359
532
531
792
657
236
318
414
130
94
682
206
590
577
558
447
405
