68563
42655
75366
21177
57865
36940
57631
41859
50186
66423
47115
39484
14796
90432
31767
75452
52175
16901
51070
44409
85581
79040
53391
69068
38036
74261
65988
67174
56478
57567
26106
81948
45091
29901
44771
36448
81695
36163
49988
47491
26532
36552
27600
72347
72985
30582
63782
37914
66880
53882
68527
65319
22443
60631
61550
50637
55445
43152
46910
47788
54025
54234
62107
26014
36549
72554
22581
7067
9569
88690
69429
47301
43612
78770
28183
71386
76449
33254
47575
97005
57057
89367
51900
65113
45469
78460
33893
69154
24165
37577
49314
50591
51451
37509
36814
67265
51251
14902
97185
80755
50765
42252
30358
64013
74146
29612
41710
52695
46276
38157
36363
30727
51049
41194
22626
26614
20863
15187
89894
71661
43866
56574
90106
93356
35718
37082
57551
53945
36013
94593
22121
41352
59011
91302
52079
44306
50148
68417
7330
48161
63494
29415
39837
88230
56532
71505
12448
50629
26395
47320
36404
61339
21500
65709
61077
27738
57038
79019
60097
34151
52074
32357
19435
72963
52803
34524
45597
45832
34123
29396
71150
65342
67504
43357
49499
78310
54224
40426
14679
53411
34919
67564
33553
88358
42235
48355
49584
42943
23229
7536
91154
66440
45374
66185
70135
65836
45425
30746
47729
25746
52888
49823
49675
39164
63083
48870
33939
72000
41936
72507
31917
41253
63953
88051
64509
88758
22850
57388
66942
39641
77117
58674
72857
68781
69402
31552
71686
72088
64374
20937
71072
49067
70493
63512
79398
50454
70974
53472
53171
58394
74070
71651
41730
38051
82139
23820
53781
36496
78322
86864
48186
48094
62992
61121
64093
33008
66161
38370
47839
23116
30303
70749
46134
57401
95022
57009
21268
44830
18237
61369
46827
22693
80812
18033
57406
29379
59567
57298
56482
30970
57930
19133
3574
50699
43806
69615
64328
15902
64948
71052
80297
40975
61739
17033
40495
25102
46471
68317
44200
67966
21124
41734
61898
33299
65418
68065
93355
85844
67242
71050
69547
45917
85783
40780
40895
74277
15791
42477
31596
41511
32723
88938
58816
43699
61415
94894
23434
45787
78684
55210
66790
69519
20080
72109
25050
53478
40140
38156
7665
27375
31538
27211
65093
41713
51636
85880
79511
31896
42130
49525
66855
73319
54992
71468
43793
48057
64506
65849
75015
75609
42476
56878
77796
52396
61432
50451
45779
72520
27362
50821
58600
23700
69714
47689
56460
69368
90085
62926
48782
69824
43339
48981
93963
23934
43428
90929
50397
13685
55331
60276
66607
18600
58845
33216
45531
16410
49300
40404
44408
72752
18797
88186
45321
53877
32179
33456
7688
38676
64571
70977
56302
70251
34648
76236
54884
77409
31474
45320
40974
58120
48030
71519
66427
51255
76752
39890
47856
55991
63469
66988
35029
20410
77053
59406
45108
42534
57067
78059
35606
24540
63799
63620
64734
80128
64239
57282
49278
8518
39770
45411
27795
27645
54668
91103
76734
28128
36900
65802
53539
47515
55491
41681
29401
13252
62400
47449
52551
80123
29729
72226
42632
61951
76892
43440
27215
61877
7105
44517
48125
57154
52661
41164
42711
46031
35350
59996
68949
26339
71028
12009
58674
52837
44295
71313
57161
61063
74289
46499
31219
50702
46658
20609
44270
45578
67396
51448
43569
61146
47047
41894
51347
76136
73975
7385
39030
95032
54839
57435
34683
8495
63573
38793
72984
30052
49766
73826
33342
15601
82683
73593
87527
44963
80133
55355
20558
59054
51021
82816
51515
83306
7562
24163
43693
61364
39936
59333
17781
44271
71207
35984
48652
61551
16400
24800
90222
53735
55672
67014
91073
30013
49409
32890
68646
90748
38362
25373
53279
31464
42876
14720
38257
28657
62277
23585
33857
44483
45375
37641
38394
73023
16151
67107
47835
56994
34545
48620
48847
63367
51721
17333
9253
30322
38402
19457
50685
23597
60794
56846
35841
6140
76265
49036
27070
24733
67764
87784
38026
88224
65537
66981
15042
60971
21748
51332
60363
23583
36126
77500
58915
57795
79706
37666
56856
46134
63537
47686
29623
18297
54287
28446
37512
66333
45818
65213
67417
18537
84212
40263
28226
74355
42513
78253
50207
48926
83983
18601
28389
53286
60373
82243
34546
48289
65468
24298
65363
51882
36178
58829
43276
64034
25237
51705
31182
36031
87873
82285
82302
60400
50082
92363
31336
52362
73723
24982
74399
79318
30907
25531
41316
51166
62778
85245
64105
68909
56099
12732
28539
27406
54139
6471
37544
20368
37494
28732
12362
84990
63734
11003
88423
46926
54127
46913
53040
84020
40128
63036
34874
51575
90588
67650
36148
42042
16886
43019
89988
68424
16125
37300
67967
45173
61070
57926
56409
78397
36053
50400
29395
73427
47704
46241
57194
48022
20694
41041
32254
72587
56738
36915
56259
49806
31696
57649
52281
61194
28481
61110
25049
68445
32470
30663
28744
73161
59600
14421
48690
40893
28752
39769
29285
41749
36077
67288
18808
42921
37815
69233
19350
17957
80024
20349
29407
57620
56762
61171
58499
28783
48722
17064
44180
69290
66234
42627
94267
41035
75406
88202
39845
80147
30658
14229
72917
39256
83213
56794
31185
56065
41752
54644
69027
65542
831
49135
41138
29122
45940
79270
62226
21201
59273
58965
35475
65730
53086
49200
41955
68362
13921
71911
57729
41906
67680
30318
19312
26553
36137
65932
44099
60902
23441
35803
55673
37092
45516
24954
68069
37033
12378
67065
44081
18711
51971
60669
54562
19760
89335
50523
37022
13280
52960
43437
74492
37071
30010
86696
53365
75339
45953
34095
89319
45553
94724
67521
35902
34778
45733
57099
9025
64720
52560
37055
37432
44696
29830
10815
8445
68381
64275
34374
53498
47911
31910
48829
49346
30173
92969
78332
26545
24833
53661
71082
39921
30954
68072
59312
53040
38161
46189
48307
87287
39109
49890
20392
64328
40854
69791
41252
53934
44379
58226
53854
24949
40024
41554
26667
52297
44675
28843
84066
35514
76313
67773
88232
17142
30618
32995
31133
54868
51909
17074
65353
56294
69232
47924
63206
62512
40858
58611
16961
47179
43635
18051
70561
31268
57408
30376
42533
68206
44292
51654
29599
78094
39574
33539
95422
30820
93529
55352
48735
97427
33405
66103
55176
56682
26087
33946
45028
76359
77040
43747
71815
19677
27736
41428
16836
10208
30742
33357
53622
2800
31285
60883
87947
19466
37294
74280
92481
50430
65765
68796
56515
51116
76048
51255
49885
47942
28521
90268
69154
77800
51462
57488
34175
85338
50717
78499
59139
56671
46658
55997
27095
43828
55729
78996
50261
38339
52352
90670
48588
13852
75244
23243
43912
56944
48443
7182
51181
38390
51848
64894
58332
58298
56171
65664
50388
20196
49740
42338
61707
52004
85747
39408
45145
57925
74676
91614
42826
95720
51602
45898
23088
71419
32390
12234
72198
51899
82899
68895
49363
37679
52938
42662
43367
74626
75613
33779
86652
51299
67215
16078
70855
48288
56769
38780
44479
81796
12409
53297
28232
86347
72630
69528
82439
61424
29248
32834
33422
64237
62451
63825
61306
37693
62841
13101
65633
36556
6318
20729
75178
53090
59605
84191
88472
63847
47668
29280
86449
59938
18307
27629
65755
50456
18764
33809
81018
59178
63433
86204
38811
87267
53680
56204
82757
34924
55114
72109
74634
29941
45390
50703
93462
12230
52914
43736
60456
31348
17848
40988
42122
51342
36788
47886
32009
45429
5739
25504
88274
64594
92456
52712
40272
43558
35330
36925
20609
54729
64360
38635
60871
57082
53668
48826
91597
17039
57325
55115
63757
29298
73056
35827
40393
39025
48178
55392
68289
67958
41447
24894
89017
40506
41610
54031
77573
32593
43492
36420
29627
29901
94896
11800
35613
43683
62475
13083
66762
51256
31526
53315
58120
19353
58120
53160
67870
33113
56775
83634
58841
54452
67268
52776
52068
48484
60333
59848
61293
66182
17411
35957
47742
33041
29934
35102
17933
66733
55419
80478
62375
13428
39692
20593
36321
47785
22556
15987
73604
34519
23275
45600
28419
59127
40734
25945
55432
37956
30667
69860
73416
54947
76263
47002
49960
32868
43418
18425
38043
48204
65178
55671
83372
22552
59384
30598
73302
18054
40576
14163
55626
64236
42461
41856
55140
56711
58360
26795
52512
74327
21642
26995
50111
50770
25763
53166
44287
28922
56215
63030
41144
67130
20237
41228
31016
48853
68095
21592
15993
53145
35434
64181
44221
81897
81902
30988
49585
62252
35601
24637
47544
38573
71414
7596
14572
58838
31007
39961
45440
57515
68635
47639
70949
24906
78783
51981
37564
47579
86456
40253
31868
63278
66486
37449
46456
15841
98729
11616
45530
60013
58288
47817
58960
32852
18074
23008
27930
58962
71355
46581
50010
50434
31345
17544
68851
36139
64284
93187
40591
67913
42036
29002
18245
79945
82078
48673
60213
77905
38306
52697
22784
28118
42767
68992
78498
10813
61570
9719
24947
40874
45145
59055
49026
63179
22829
33053
70392
60011
45129
82962
95594
35833
63793
51812
42066
49682
54230
58984
44933
68359
52919
61798
52302
85353
44603
72470
28112
10524
41145
64849
51209
60710
51891
27720
86717
60085
81246
42369
20348
73198
51178
15275
30232
32825
54763
66175
32567
95600
76815
37583
58395
45888
52363
54351
30807
58430
40674
23004
45097
36164
76783
46135
75416
52671
19259
32247
68531
24388
29031
4433
25830
2843
54105
51606
61412
21799
78960
49404
33038
43772
41647
15295
56459
35704
83277
70690
37668
47912
8396
36921
63261
59120
55596
47294
24804
39588
83516
75092
44192
79217
18080
38513
63011
12265
82754
49919
38729
37058
48996
46472
19557
36068
35240
63176
9782
26676
81073
52418
47089
18404
53976
85552
3088
11133
48148
8731
49096
47940
43341
68540
50511
47912
29548
57865
37576
56011
48089
62222
20166
55732
65846
48984
74746
88108
67173
38808
57468
49356
11348
59656
23645
50273
51661
54453
35499
84466
85887
55874
27143
65783
57139
67714
75799
22228
40163
56651
50111
49442
10191
90114
49178
55869
44979
84320
66603
21654
54023
76972
10509
54479
85367
7348
54280
55357
45559
20660
58910
51536
38511
12113
36189
43453
56418
70972
80744
43662
58318
59764
35536
23407
35636
69076
69499
39419
50851
59845
58720
78103
29265
36905
81366
50779
68933
81494
34349
38459
89037
34203
39216
34704
24120
67937
68023
23251
76576
39636
35392
67468
39546
67484
51146
45853
46706
45308
48714
52680
47636
87910
61355
79427
52507
17829
10949
11600
61949
35661
21328
86964
42603
37872
55028
49923
37903
54910
6867
89507
62359
44915
88785
60635
45175
37285
48333
64052
56460
24725
84344
59983
67838
74653
79360
57358
46573
71655
39501
61898
25955
45979
92982
38037
34938
26797
54996
33440
19959
46977
68998
61235
49308
92630
76252
64362
21473
51898
51470
71265
30868
72720
66833
52374
69142
67328
80370
63094
28732
36174
23111
36237
30776
41693
44643
39411
56862
48547
41749
46569
78632
31352
55281
44322
62779
35381
87793
11048
17382
56450
46455
50626
72981
93225
31173
44419
55394
57524
42622
61880
84199
33075
39808
65716
54596
89397
29019
57876
55100
74865
13295
61907
57085
26814
2132
62896
58791
16725
24008
22365
66835
36284
29842
53171
34450
67225
69462
38688
40228
48185
49901
26660
51454
44009
49600
11906
82146
44277
96562
20752
57418
54644
6735
12261
75147
78609
24359
45143
72214
56959
76879
59457
49406
35119
30310
55543
35093
56558
42714
75873
50000
43831
82260
49597
86605
17910
53024
32543
41106
71346
18206
64797
66220
40055
80050
50136
60603
37197
26338
42048
43472
60907
60976
17400
34921
57087
56242
33647
46231
49511
30305
62886
72193
38651
48777
78722
47414
45766
20887
54830
41787
57943
69575
94933
54293
50307
72544
51471
63221
22071
66268
34965
51431
66500
71684
39288
35830
21335
59568
64244
36982
36017
40672
69471
78063
76117
56280
16654
25023
57951
72319
51635
65064
66335
21712
40160
27990
33672
10886
57514
77327
84044
51994
11580
31562
57040
21558
75829
47571
7994
55117
75652
83128
28568
54552
17136
45159
56020
45349
15668
57490
21833
60316
13169
18926
85773
70305
55349
72927
32966
30353
46836
41471
53159
26241
65871
93011
42897
60066
48866
60662
63172
27287
56100
61634
34071
22728
51374
63093
52433
43085
84693
40296
20607
18290
56436
34323
42078
38350
58881
62807
30830
31125
60763
66761
48107
3852
28265
46603
66430
45948
16458
49404
74561
49743
29875
53139
45608
54965
77685
53853
10898
47422
50509
65829
36796
74051
35812
59597
29809
52031
66156
22467
56404
53026
52515
47268
63547
45597
74192
43836
44704
17293
61887
52309
32317
54878
53051
24938
50878
60136
57628
45828
30667
72418
5909
58535
32742
75814
29902
71101
33016
15902
70228
47778
53304
78557
76388
41785
29999
68419
58559
42946
48708
42764
74316
27188
19979
51731
19532
67172
67165
71675
45496
52773
37905
64994
83711
70321
30347
38471
54305
44694
37863
71916
52027
51239
80130
55393
48160
40449
89865
71263
81800
50922
80246
64607
50797
39251
53111
54499
74189
97626
20536
79107
32898
58824
56869
49482
30408
63538
87571
41581
35253
68158
12715
62866
42544
82967
43556
53459
40498
39984
72215
22913
66234
23286
33159
48342
59931
29472
89508
80221
71143
70471
63501
46026
80738
61292
1854
46162
21772
43599
64415
55085
63149
37008
15389
78263
68027
29225
35020
74123
46206
37740
43622
48319
48987
43235
64169
50559
45703
44919
63537
91547
21558
65318
83514
63948
72818
30976
42507
54318
22196
5764
55621
57541
45011
73608
45625
21268
35781
52046
21995
43389
55731
74972
74713
55208
79627
70846
20517
35944
76563
4131
51180
48793
37893
42165
92422
17623
54203
68508
35425
26684
54022
55995
55795
68370
39223
60797
17529
76148
82962
39494
92758
28108
61897
28184
19503
18122
58227
38699
37179
65217
57587
82748
43475
73340
45709
73593
39663
15925
74097
31208
71725
55492
42477
50318
15486
30457
52451
78152
42540
24969
77668
44767
46848
96659
78949
14081
68259
32839
45890
14580
55796
74929
52357
39448
75932
46859
51720
73660
30416
21281
84971
37117
42415
77859
31041
16461
22422
73391
32756
32007
60367
34134
37582
37797
54889
47369
89428
33396
15227
30763
40605
59262
39017
37683
88853
42954
43158
54015
42635
46571
30498
47142
89916
29148
36470
90040
32515
77084
45934
54037
18258
17788
10530
15125
53072
74814
57582
79083
50267
71000
32041
16117
44421
29738
42595
56926
37793
16335
50438
53397
21847
49766
79524
13771
60037
10353
68168
63388
72881
54682
41744
57968
62533
32274
60771
84731
52832
61227
50317
64777
37257
43532
79359
52328
9866
34122
52466
62539
13297
70361
84682
42811
32007
34629
64826
68770
34754
55596
82213
52598
62943
74895
41395
29296
31118
57364
31593
35850
54821
42822
36888
48942
81165
48698
17420
46129
32473
16752
87919
62316
7085
36148
62992
83859
48394
39940
44201
42760
34595
50383
82686
28673
60087
57359
51272
89123
70397
45322
9129
37826
74407
32566
51785
85183
77722
53968
55090
12446
51770
15082
41929
15690
66308
19502
70195
56167
30509
45496
41678
76962
33878
48686
75455
75299
58461
51517
29348
68023
60788
64650
36501
10347
24022
45233
60162
60920
58042
35605
91238
46205
94264
9605
44079
52832
73645
54835
85339
52046
45774
56669
33074
47704
40796
20351
36058
49475
53465
75370
95073
89550
19021
82805
53929
92647
54733
6581
40276
53309
53990
92327
58486
47963
42014
73762
19817
48245
65033
49351
14528
16474
33244
23263
29107
49292
58680
38947
30026
41770
57659
40647
43095
49971
40559
60836
64690
65284
81891
58788
61965
78979
66198
28291
78201
42243
51823
37773
82593
40117
65522
14401
16956
39212
73615
59355
68838
68280
61702
33860
51288
39795
56348
50802
45139
47421
29990
22249
71888
73328
30119
56849
61679
29150
31320
43027
54067
59682
80218
39732
40675
51101
35379
84084
41716
70944
52054
83542
54651
30575
35193
44444
29330
34384
13790
70209
27031
33388
68577
65230
83227
75592
68787
55486
27485
50327
86562
28274
57589
53671
50793
56287
25049
51996
70290
45695
30624
79684
42246
48312
33996
34465
39603
13765
29308
48513
48090
42868
32528
52831
53873
45589
5010
17481
50465
54660
42473
39717
60252
51104
82273
55636
42450
42796
51232
33212
72563
37545
45159
66456
58868
30770
70383
28043
49116
64632
25985
35037
34624
43485
63505
35074
81077
35973
55047
80541
86027
51498
8995
52813
58095
56509
51774
52214
52284
36782
21684
20971
80760
49259
20109
29119
63131
74129
41577
74991
38074
50122
74942
93725
51935
24683
69356
55508
57382
31744
48829
56860
86463
48752
63985
30864
61499
46577
19360
66174
15347
28266
61168
37537
52234
87962
57658
55197
55642
44428
24936
12278
13021
75994
28992
65474
28739
30068
51957
44424
30651
53352
75667
43800
60810
74383
64763
24536
24277
77887
27423
54397
52214
52999
77371
16996
16714
22820
55255
57112
42149
58448
41613
52310
74228
77505
10181
60290
43111
66238
51111
43799
49622
18686
17879
19597
56015
58108
40144
85207
58002
42891
24409
35794
45804
46006
47144
44362
65129
43996
29836
29783
67585
41403
46149
96624
43994
23603
29359
29445
79467
18502
20453
89353
69857
38352
79578
69805
55084
43343
54420
32212
35968
81715
56635
68438
17846
44902
33072
74501
13512
86390
50455
59439
69518
96562
85524
59375
51874
65665
46028
52909
45357
73782
88334
61066
58389
67613
41829
88860
34552
33880
45475
29331
52617
49475
42078
99218
29554
72021
79966
70009
78048
59622
47402
17626
9802
11104
48304
23245
39047
64986
31523
55789
16692
63904
54470
66069
57650
82142
46798
68894
47522
59089
92048
60033
27276
51597
30835
42295
12076
54275
64436
30016
68203
59129
69607
47262
79755
7363
13889
56778
42793
41413
55897
32997
61214
66626
54306
39669
12877
42523
24927
90780
40405
64060
56555
30331
58680
58277
71477
75607
49317
54847
71360
64040
31524
9026
32266
65736
65760
60392
31539
55740
58386
58570
28270
84617
59405
40953
49230
54511
81208
28636
81222
60106
69224
41518
24085
59654
28183
14516
33367
73233
84637
10179
59973
70291
19019
60351
28478
42519
10430
55527
62965
5105
40644
30933
46335
70048
36236
49344
37420
31242
87815
9503
95281
15615
30298
60827
62830
70505
44014
17852
75448
68543
44752
35118
27592
50268
45434
55534
67975
58297
70264
40423
72467
46102
85418
55361
42182
70494
73907
34961
46899
30565
6482
72044
82931
65214
54477
27254
56717
32410
80651
48457
27069
36176
34656
53794
31509
43260
68085
43610
69116
16070
42087
78247
66450
85323
18467
52966
79191
33985
51604
49125
67957
72276
67397
33343
65483
24729
79795
61819
49288
29934
79686
40118
59799
77358
29075
53192
17660
48730
65290
37622
56335
30532
36722
35410
78722
46614
52049
60322
56441
84388
55047
46445
73480
63447
48993
42867
47904
73591
59815
53922
98962
88481
31817
18006
32886
38998
63430
51717
22906
35339
93840
59424
78458
40134
67578
54611
36076
52644
53262
35373
28159
78389
80260
77409
38338
65136
38348
50533
29824
58374
50164
68604
84723
70050
68416
33156
38119
58883
19909
42668
55401
74075
49489
61884
57909
47820
71539
86923
75423
57085
59224
3286
41528
63979
60269
53660
48957
46327
57785
49075
40390
15712
37270
35190
52890
18010
61014
32408
61632
63143
34999
12886
33214
72671
91552
62423
51612
26276
35915
72479
62221
19382
28646
41071
61923
78879
48810
64645
41436
36869
38604
75370
48010
32541
30708
60140
58672
28037
75630
20643
45004
28224
62160
54682
43367
46729
17537
37054
22995
17634
61431
82786
75753
61872
53489
30136
45494
6262
23988
38019
73837
73025
78560
54353
53422
66920
85502
59073
50131
35543
19960
19240
23443
75742
93119
41584
37935
35763
52575
69185
30521
61959
56464
71653
65760
47642
74019
52440
5217
57129
28665
58273
81405
24427
79190
7358
59011
84866
82117
52991
61836
28213
74438
31644
45417
83378
31764
93815
96280
66618
31306
46836
41276
79551
11973
60279
46915
45310
35147
56755
80674
23716
83720
61438
81489
72918
59305
54815
36623
46711
27168
52454
49471
35464
38582
41830
93189
39942
73897
33326
13017
1969
20744
38953
31767
55249
17758
28534
65633
16213
59714
52363
39862
27428
22369
53152
54220
32913
25631
92057
62623
31324
82377
39276
35396
32303
35408
29495
30251
44525
32276
43521
63358
39520
44979
27412
62267
31259
57858
35288
16598
57666
27854
31810
22477
36641
34518
31470
42343
62955
48057
54039
65978
77021
30183
70461
20670
56659
57158
76157
49280
47640
69419
56490
26531
64154
49720
56938
42417
85615
21770
62381
66824
74699
75333
80000
73760
33984
39916
56679
58183
66419
76230
56172
82424
72845
80504
33304
37029
63638
62156
32069
50516
50638
21458
21341
17611
83233
36256
52515
35911
59524
32162
44937
29939
35692
46728
92187
86039
31290
75125
56635
61412
14652
60406
61408
43807
53329
45551
39022
36467
82626
35962
29356
32979
27948
23165
50544
58859
17780
49720
61540
18900
18534
23738
61948
66302
86244
37901
71250
47634
73340
59190
24236
53629
36603
46894
97093
4697
50242
36031
36009
78418
54536
42236
61902
63091
45638
24552
6611
45845
40265
66825
50066
20189
17367
63011
35883
22223
54826
47446
95390
72348
54033
72417
48108
16605
32173
44858
48592
53656
68640
31113
50994
17190
78169
11520
18426
40979
25276
69227
73812
33725
57113
47148
49450
84415
61176
64946
56578
45952
17629
34648
79410
23370
64759
81917
62500
24688
29440
70634
45375
32421
32875
22365
27719
45722
57813
78909
50876
44660
18035
47663
66066
6987
9044
22221
62309
56725
38984
36379
73112
74476
23974
41735
56600
43060
42831
75964
54905
57300
37826
72227
55879
82869
32558
53970
22453
35447
25463
94333
55167
39581
40180
79262
27560
61845
58277
60158
55925
55323
45218
53331
13794
10632
56692
66517
89975
57063
35517
29576
42953
39311
52891
26818
20562
21187
64252
20440
17899
34843
41280
53063
73917
68629
85459
39934
15690
56770
69905
53734
33044
42504
52731
18298
38252
14723
60900
51231
51323
49996
45382
54089
43642
21367
46049
22026
26867
13753
58823
16077
68549
46255
77828
57554
52964
21748
70061
49139
71901
50306
79006
56713
56879
84342
14310
27632
59880
28595
26026
19308
62791
42723
75737
67304
44187
33138
37474
37608
68286
75497
61197
44101
44386
65007
51142
50331
35375
70276
47029
19040
56597
47264
65917
65786
28186
50790
63588
29865
49727
29808
74516
36699
18526
27952
92565
56770
46850
58677
58010
59303
82463
61111
46295
49076
74440
55774
30477
18876
38162
62308
75779
49198
35867
94819
34828
62267
28116
62931
81071
77961
48286
64871
20251
37572
68566
75766
39668
36840
56489
61783
62504
65555
50405
72251
49547
74061
78283
32741
41052
15557
43668
78245
19569
37655
64240
57524
25430
42584
75472
61055
55080
37898
15330
55995
55982
37627
45337
39741
50154
46541
49111
48585
25378
42793
68740
43395
77111
32649
76133
66553
20945
21667
65093
33951
62404
70836
27670
34477
87233
63031
55592
20387
46116
35389
68016
59695
68514
53389
64277
68257
38422
50398
58588
49213
26536
62769
40020
52274
36280
29391
25133
47341
94662
46990
63077
88194
3353
19570
47843
33306
23481
64435
65506
35008
69831
30326
47873
40962
64642
19320
58228
49988
46908
71630
77346
8901
38653
36462
39791
16613
46841
64989
36850
94626
75269
41516
65205
47415
36218
40532
49823
71262
34373
77265
70720
68948
37815
45045
84235
40846
32473
73804
73198
82887
38706
23880
50446
61555
39180
29140
58023
21523
45644
5782
20939
66151
27390
45912
94135
51803
15356
23678
20392
51624
74340
34500
87567
52267
38196
54815
43558
65007
14114
35259
41470
66292
44503
61495
55611
70327
47789
32506
68590
17284
50063
62154
31668
73650
26414
19781
77484
32202
40831
11888
48916
52399
31802
58790
92771
85083
48974
50307
18116
46211
55342
31859
95458
67679
78888
34881
43794
80177
30736
81796
8664
11191
48551
21804
13382
54564
44248
24811
73829
57493
52266
82906
24930
17916
75683
63354
58712
36055
28124
56634
93047
39169
49678
50488
6337
74311
60920
17068
36351
36856
33836
52325
30656
37933
48276
47586
74909
75573
49616
76502
32445
38650
40674
38763
53379
73176
49132
46520
60968
49598
41133
86454
46410
40798
49844
30522
47032
70032
3382
24084
36214
65598
86751
18366
59428
54425
17052
48698
42499
42758
34189
50826
63960
16790
67010
31968
56257
7249
63373
33103
46872
95386
38304
53640
26752
51115
59186
34648
18162
40574
63210
61241
74427
61081
52411
44330
43532
50975
63764
41932
84797
58712
40160
52366
30255
59947
81427
50246
66211
42101
43180
69474
50016
69401
71920
34138
20852
24157
46123
69303
54913
63694
62443
67206
36414
86249
69655
71407
79205
33792
82684
51295
51427
35724
63165
15433
85062
19749
15094
20690
22926
7302
77763
31219
53460
61340
19130
36336
49150
69386
5757
36104
58312
25296
73499
40325
20272
47363
56144
63204
48289
33150
19229
73274
54025
54860
51860
52653
68101
38645
20470
60782
64188
67229
14274
82824
73920
80136
49564
62617
50648
48584
67427
48963
65485
30467
12374
74346
64877
46767
67638
12929
70502
75719
41880
53788
54458
84096
60520
24310
44565
77356
21210
60001
68824
49660
26907
24555
54205
49399
13065
48606
13007
39303
44393
40879
56678
51168
23412
54171
41989
71891
54195
39669
48146
43804
80365
75925
38753
33192
74809
82104
29790
51474
44576
34672
33819
53408
9081
48975
29383
45959
41997
44676
30387
11410
3733
22581
33328
74010
45065
31349
64526
68114
62680
73034
57536
52365
49938
39605
49310
58732
65437
54067
74138
80501
52495
57073
50745
17677
24311
79145
58051
30503
37361
59897
43996
42605
82825
60184
85460
36726
84099
52934
83692
22514
69289
79402
9763
51382
5165
58843
58862
77226
45835
56039
88074
75210
28842
67453
34690
67034
42491
58467
38805
59740
43198
44692
18733
24206
28940
55895
67755
54824
36343
54694
88201
93968
77021
36944
97164
47008
48846
55826
60081
46125
21076
45614
27150
31291
67280
38894
14199
41497
37662
63103
66166
29662
27916
37525
41636
38041
29060
96638
66210
45433
20720
75709
25783
67298
39052
46229
53414
49013
26344
18004
74204
43989
14755
68162
31137
44680
61747
52713
39339
37232
20502
37088
67673
52608
40787
25788
80273
55845
68001
28049
41875
86800
55075
57382
26903
11648
38766
51609
23042
46871
56916
59598
53788
39334
18925
71417
32709
51492
67493
36951
50302
40092
60655
8827
57252
61018
22389
39324
89745
88637
34602
20842
70926
47233
63086
74442
65332
24732
45158
79623
45883
46708
34858
58133
28529
45560
48711
7289
40383
22024
42911
38616
79848
11954
38340
50573
65186
69496
76429
54663
23813
23142
65022
55792
43920
76891
71509
42663
58769
60829
80433
73626
84088
15146
60761
59689
29146
73048
61311
30774
42140
42136
65253
74709
44067
23787
44747
36618
81312
75208
64645
45934
27119
31611
52512
52250
23719
41399
87774
39093
47941
50320
48933
59661
61524
65041
35791
51622
68847
72549
39470
52183
37778
50269
73728
54451
41409
70125
51227
90937
63764
72874
64730
68173
38578
55698
70886
53043
77778
12284
20125
10461
57063
34274
72950
52145
57233
79361
70125
60697
50363
38804
40368
51407
6915
74674
49166
40139
17387
82548
31781
51599
91857
31880
45343
57243
14336
23789
46182
64939
12674
36578
71636
64553
50821
95262
41583
65135
51768
32206
44973
47247
47525
45517
61819
68660
55325
7332
28428
37577
56642
20960
66883
92913
66924
62411
36313
19402
54852
15411
68653
69292
55981
19672
21417
88843
70879
32841
39941
45970
13815
24608
81132
23811
53859
58030
26026
79086
46560
18667
26986
64277
76097
42477
78052
52641
97965
19347
41133
59335
19504
41889
53315
60547
40501
82592
80077
48750
10963
51654
5147
28962
53919
27099
53708
79404
47687
56571
34712
51879
39820
45682
55427
46807
31176
29481
57945
76646
71034
34852
54384
37532
24467
56224
17280
40839
69404
43027
47178
36968
81094
78173
57691
68731
92378
70213
46771
66140
83738
52983
35880
57443
62772
31045
41159
72885
72294
20610
15324
48674
8173
81774
61514
58068
91059
32328
35154
49793
95822
33485
77986
53662
16513
42794
72645
43705
36187
59024
55540
26709
56997
29134
55219
86203
29055
27687
61085
40444
56108
30997
38341
53040
53750
14900
34843
28219
57264
87478
42251
60797
59589
49440
51669
28198
43555
39794
40435
66296
77034
33357
63409
47334
32788
53997
63591
40165
75319
46114
43798
44140
24669
38498
48403
73853
43930
51709
55894
77431
45588
58112
29098
63917
79158
78693
90372
65204
49085
43569
36575
58547
53175
49429
90308
9613
35837
73965
77194
58085
25672
41376
22512
54969
61078
56618
44834
54461
37581
69990
56976
75059
85486
68912
56589
18531
72820
19673
43406
46111
63273
56606
47378
54302
54504
89618
55008
44233
21861
86846
53903
50807
84439
64084
33217
67067
24826
54252
82103
57755
13255
60864
63368
67220
34447
54209
31695
35624
49132
42396
33619
36587
60861
74046
25306
72476
69529
67348
38321
47912
78066
62208
43965
77749
50144
51068
30242
76396
20613
62630
81112
52547
49951
45490
69924
56483
36300
57144
55397
36727
45258
49091
13335
40696
24035
50322
67192
31473
34384
20534
65087
13479
27636
18730
75480
46495
79455
84962
79548
47972
55634
76692
39436
45275
60722
25986
32634
95592
47236
60846
2866
47241
36253
74307
95540
20104
58772
24856
12066
53632
65260
38381
53860
24023
74993
66730
14997
27435
91506
62907
67236
88458
56928
34546
27314
63342
54337
63333
38729
72550
18077
59445
26009
25700
90428
87996
61489
39341
46389
68246
61242
88400
73375
47236
26199
45522
76086
21159
63405
78848
27852
43038
47960
32734
33529
59477
44627
38405
64447
24690
31593
44028
45762
55740
27132
69471
49914
57420
71833
53564
51281
42957
52790
93298
80908
59318
14600
34253
56712
68033
35743
19786
64643
32060
66300
69216
66201
55031
64530
31913
55015
46853
37803
48083
57758
49160
36648
54657
57291
12713
81711
49633
59431
49809
82261
67715
30586
68856
30310
53234
54117
39841
70270
69200
88853
64797
58929
31307
80554
26846
31850
80817
63075
51129
83671
50534
61346
53789
40905
51932
22983
60746
40291
35590
62846
29850
78322
38389
40833
71869
10432
91394
26035
34008
66751
41567
30609
22010
88687
13511
47021
24515
19934
49658
58822
32703
26647
80463
44857
88444
42769
12583
9890
47739
54043
27539
45420
65608
58365
49268
21188
57584
23227
51519
66453
32382
35075
21550
43212
38340
57530
35157
51659
23278
69322
90385
66919
25882
38545
37640
36689
88238
51643
42262
77058
58750
71350
55404
70713
19950
39961
57573
61260
40738
51604
71030
20714
43704
57786
30202
82978
47868
29043
63117
15055
19902
42549
78313
32789
41550
82676
78859
72503
56371
52457
63151
42738
53467
26159
34393
29170
51978
48761
36610
44580
4120
51441
33263
56109
50884
51816
71234
36216
14754
60889
54575
63157
53061
34331
81608
39970
51343
65262
53508
20804
64823
17163
76374
52308
84326
57367
58324
58858
38091
80469
52871
76231
43770
73581
24229
49134
43619
59991
84670
50529
9314
59914
47634
31869
79211
88662
21962
74745
51945
60507
82383
64254
56677
55057
13856
33460
39101
71283
36407
61933
65231
49611
61844
29235
22246
55229
72982
31072
62045
16223
65129
45710
70508
18024
54345
44746
75968
13611
80345
47784
62701
55284
6842
86373
56902
59823
56468
28308
50698
65999
6186
34274
47474
86669
18732
52177
56846
68074
75922
59107
47512
48511
23283
60320
80679
66614
27599
17944
60215
53983
28305
25780
29322
53868
61262
60423
64367
42362
34453
69038
17124
48839
32029
68270
23564
55928
50634
71069
45452
66685
46792
74509
58122
42115
68756
48556
69261
56000
25362
71783
51601
34481
33154
25822
64576
77305
25758
35329
53942
58293
63031
42075
77102
86527
43655
83467
89527
33336
32307
16204
89038
56216
23917
64316
32143
77772
49446
36406
52110
46877
57690
54179
45522
49766
84664
83229
35773
36869
11054
95808
64633
46789
54068
41561
34270
35989
43841
13150
75413
71688
34952
20871
74098
50385
31841
50294
74944
84263
35181
17534
61773
40587
9272
79662
57022
75089
53112
10064
33773
12165
19175
34779
70605
66796
32902
74699
20505
12790
37310
32694
43856
48041
56410
38037
8860
47819
25873
39959
55105
56498
15977
30162
94357
45803
68545
79116
26975
78442
72149
77434
23526
24174
46929
36776
41675
57792
60609
24626
41712
53347
14395
73280
46614
89106
62534
57951
37898
57949
18489
29786
44073
30167
36262
4866
44444
35047
5954
57597
66135
40340
61437
48829
66241
42801
50702
88181
43820
51476
32541
27279
48920
43691
44192
40179
7078
63735
18425
78358
66974
84906
45623
95185
45626
85796
70959
32021
79085
67616
54442
54620
54301
72989
90768
52728
83019
84618
41620
77570
14019
52008
63884
46914
41807
61044
45459
42476
49348
57938
14249
48364
47270
14017
54577
25540
80684
31413
32593
47454
57804
19274
41252
37046
48061
22013
28938
75400
78100
77303
54904
41990
61301
37098
35572
39069
40518
49821
76486
47692
86857
43700
64770
34252
83698
61424
33909
36166
85398
40263
69862
21516
49813
62567
89081
97466
26012
54942
47604
61238
78803
43047
52624
85540
49509
40700
77111
33227
37808
52715
6064
9703
68334
42573
18956
39098
40240
82299
38179
22641
22151
54545
10198
57551
22381
80840
51714
44022
82001
25427
59474
61501
76584
42604
75115
12777
51231
12605
79973
43748
43358
53298
57016
45398
58743
43194
46798
70540
66772
79751
26361
37895
12803
46274
63659
43396
43207
51312
85486
46595
14183
42680
36563
35411
52115
38809
9586
37969
63795
46760
43045
42029
64817
32868
25627
57682
41418
18988
86808
66926
50377
34459
63953
87253
30196
64108
20925
34700
31816
32716
66512
37797
29294
14603
57050
71024
62461
38548
54083
59329
22603
25837
20681
27605
69799
35087
56382
66044
23202
39008
78179
55810
46554
88926
44926
75197
41780
59916
39858
22624
95712
60355
22014
49294
67334
44884
94041
22543
28932
75670
42075
88189
28731
8081
42668
88373
37315
27995
35245
86711
57597
26987
54354
52244
71891
27414
58914
78733
45174
39660
59585
5922
28915
14243
66798
50775
15250
55735
35629
32529
72656
39006
55211
45981
63554
78712
15598
68809
72334
34667
43008
45137
49245
64526
69827
42808
31560
52642
43996
49948
42272
32678
77889
43687
73664
78025
51599
81021
10398
57631
69059
41270
47782
61360
57472
58248
54522
99499
85907
63976
73794
54229
37164
31064
59970
54063
41541
56153
45325
52833
17325
68488
66302
64237
34110
75648
62772
20405
52356
92009
77367
80865
45722
23596
36418
34541
22266
60876
46025
35783
23093
79939
10299
23839
57766
29212
74493
22858
54658
81270
72330
51074
54656
42345
67552
6999
71606
42316
73438
58080
73567
72621
42797
24425
57810
79319
8543
49080
77900
72453
53510
69267
59975
61293
52808
54918
44791
1847
42658
89770
54266
41524
72568
88338
50805
26349
37632
58177
26025
63502
44286
93640
75676
64078
70743
59244
67144
75468
30524
46970
20021
90880
52281
67746
39469
27030
6300
46253
45761
18705
21563
46698
68462
62407
71789
24514
77090
43798
24195
31445
45317
41279
6494
65147
49832
67664
65673
69232
74533
54930
46368
31121
13611
40641
71708
72748
37943
61167
61756
52522
15964
77018
55622
25455
62234
62303
82576
24718
17190
33537
41247
46335
36591
63215
68902
78352
67730
69917
69845
55584
87058
8267
28277
80099
14521
55062
65647
61003
85588
59552
76966
7656
7409
24113
47909
57673
44913
53735
46346
91346
52472
39596
86369
63510
18207
51538
24107
62630
52749
60404
48815
61076
68644
54219
60397
52170
86803
49443
91481
28796
41606
38885
77164
21402
37625
38920
38514
43478
35990
58601
69790
43804
21192
44455
27458
64813
57130
49241
47127
33952
26352
65939
56312
88068
76624
81512
48229
34476
37974
38242
67072
61793
42238
37077
34445
60959
34905
27291
46082
52669
1665
89544
55020
9012
61876
21170
31695
34347
50321
30431
46174
59851
65638
37251
11832
9121
57442
89737
7394
58581
35389
52776
40894
46587
19063
67545
63513
45641
62531
71949
3020
32816
8938
42624
19788
86359
66592
48795
58797
26234
14595
52520
58525
58481
52417
43233
27872
62641
47201
92800
19254
81888
33742
46225
40015
44519
49521
70085
61115
28771
9359
60519
75769
12154
79058
39510
55368
83037
83092
76155
62041
73843
90063
62400
49344
77133
93514
46480
45063
53390
74388
54224
46455
74270
42924
45167
72295
54265
57952
48091
22739
40888
52997
5573
68503
63888
74112
55055
66723
75013
73082
60170
90437
41339
52291
17773
70404
45552
58360
44115
45132
40430
33008
53437
37438
66803
62423
23655
64310
30555
51380
61685
53000
47414
75671
81954
24588
40781
72322
83739
60448
69545
63448
44444
89738
48821
70974
32542
44808
70106
4889
30360
40657
84175
27169
31607
65052
89529
35896
31724
7763
55070
48742
41928
23848
82885
32904
57959
47109
32152
75756
54947
53664
37324
13552
62902
28348
46422
58425
28291
70778
69111
43861
64276
72654
50376
10623
69220
67221
56562
66016
66530
11514
85002
45434
42397
46896
81602
37020
62519
35521
32362
29597
15954
35339
66581
78772
63151
23295
23273
60615
55868
42385
8399
55762
34328
51023
60630
58787
16272
85967
76504
83996
77677
13666
60936
43833
51692
62877
56089
61213
42157
33773
89331
56387
54976
91071
71042
22428
45746
14098
64890
8968
45105
8648
44768
62764
42441
74377
20109
68592
21477
45648
88252
38732
60485
59735
69186
60870
52343
40005
87058
33117
55146
89031
24142
47789
8570
29128
56864
29819
47446
81860
15424
78033
32423
19652
33062
59171
68750
30356
65701
24433
64583
56034
31924
40810
65483
46704
11088
31224
57855
65794
15969
67830
67896
28928
14843
57535
27609
51871
60552
51500
15610
54647
55281
50421
48089
77707
80224
62186
66159
36974
28117
51322
41465
44362
49927
82084
78963
36828
55146
29042
57505
33296
60821
70474
50092
18676
84119
35932
61116
32075
55054
41367
45936
38625
5635
31900
62600
52412
66728
58281
62265
72286
66223
78169
43272
44823
69216
26885
24655
62167
43061
70567
14535
41872
36727
52408
50153
4661
51514
27131
19133
38102
52502
47328
64806
65433
62868
29289
54103
65729
61524
49133
15525
45905
18585
44796
53240
45988
81533
19641
68587
29471
44108
61245
49634
79632
70465
43557
46246
18532
76109
90046
55505
36912
53638
55183
62751
73734
45098
29661
30100
68196
33487
31953
48486
75374
14875
41391
20625
58139
27101
41368
50088
32462
44059
72295
86810
46927
58891
67527
58538
73070
25242
33750
58861
40148
34958
39111
63488
16018
45879
24989
45739
81563
70656
91399
29562
48820
30637
15308
49572
18212
52463
65220
69359
41726
47915
55780
49297
31072
48015
47991
43510
25206
34178
34315
12028
34704
56015
30902
52665
46981
8279
73578
27839
89467
3802
36921
57036
76183
28116
56297
73216
74154
66714
40139
22226
47814
22359
94943
23969
18307
63034
50022
35640
29827
59656
24120
52888
29622
78602
60040
24192
53108
70364
22210
30386
39745
85263
54566
40724
73618
64929
30882
43382
59884
31667
56846
46735
18183
86596
80702
46326
56730
34623
82121
59260
76665
33960
28916
69750
25323
58137
73014
35533
23927
45394
59760
65618
72030
66226
61929
13386
62379
16638
14896
59058
72112
43785
26489
67207
53774
49160
34531
74521
54155
73042
54217
94269
37206
44652
33820
92106
30844
42342
16499
68308
79738
62502
66557
70624
83453
85484
38568
15143
41496
11862
80557
89434
61676
44903
15038
52282
38616
46959
71661
20663
57280
26568
18096
86757
39370
82898
68571
41217
61349
67026
61219
13332
31415
22660
32357
21849
75232
36896
36638
70087
58975
82498
31010
50298
31393
80402
51355
44325
13780
62422
22782
84804
86921
72857
50301
83177
63933
39884
78697
23210
31678
59622
26146
75775
55022
28703
21640
90425
46397
19033
26315
56799
59910
23672
41944
37994
32778
60835
50247
94709
79080
34631
42501
37955
55433
18935
72844
42581
46847
25526
53835
43838
14874
51095
4217
71956
44624
61816
76047
70668
47001
53820
64002
63745
60467
96066
34417
24929
62570
87306
58479
61028
45311
81899
47674
49815
50251
60282
47012
45790
37273
50799
15528
26664
68990
39642
87307
91580
51896
20631
51684
63288
16387
11130
44791
81680
71785
74896
38400
40535
57535
61343
13903
48792
59196
14954
13380
53523
68614
41520
22462
49096
61901
35919
51483
55179
56081
44447
42989
54961
57273
36968
81390
40070
47147
74859
33697
31317
29124
77606
56114
34831
34233
76016
43666
67777
39275
77004
13123
55728
70790
18957
10371
9333
73586
47413
75111
42942
56539
21076
88407
32996
38282
10757
60018
57146
14130
54783
56991
34015
84843
14371
30176
69233
61442
63424
54128
25846
87516
70463
49032
66404
30405
51019
50906
39286
32227
50251
31744
40397
40638
35920
47050
50592
57385
58186
35971
84524
49953
40557
73046
12507
33117
50769
38228
55628
63580
73387
52908
30826
55261
55381
16380
40597
48327
46676
97329
51462
22363
19007
73657
59593
50874
83805
15623
35052
24522
35446
42525
49170
78784
63362
31734
17605
75426
31368
69931
92545
28435
42826
71961
48841
46126
28176
55897
60406
14649
57804
52558
27036
38420
63969
18348
26563
23761
83577
50423
14551
49500
94621
60669
30063
37380
69819
34777
35738
59311
47869
54523
40098
57362
60569
41369
39331
61477
49904
71186
64336
20177
42879
38769
65744
63276
67451
78956
34590
61966
92402
57968
10741
15777
44685
7042
75573
30958
45466
56246
42655
26558
30122
60267
63681
35215
34563
10240
71868
42687
81679
72754
63579
29704
86430
76652
65796
30363
73022
49361
74672
78393
26097
25749
49307
59669
37685
82788
48826
73294
55671
37754
44376
76765
43092
19704
69073
38497
53223
65582
44187
63245
60318
4883
43302
65206
35069
36107
48100
47763
77909
50948
34389
73454
48044
67447
56273
38465
30108
63165
44148
48153
37581
30090
47162
51034
24929
40813
42532
48137
38341
32809
43892
51644
86248
74159
28838
11458
42874
53613
33029
59224
47724
40104
69223
73563
39170
23895
20347
52510
11005
40807
49128
33350
57083
97666
52521
41509
61602
34897
17791
36821
34005
36615
42504
46563
85142
50548
45862
84055
28356
55794
77732
17123
38675
58600
83156
30386
44022
32216
79733
23756
25082
68769
49509
28390
73579
37018
57083
56289
10214
42885
18169
14644
66362
45678
58491
31787
33301
57365
27756
57856
43721
30759
17478
63223
67788
57195
87986
67381
73681
87246
50773
76897
36005
22182
81879
52556
44298
65905
28029
38345
67932
15605
75592
65725
32006
68774
44208
73543
77830
5792
62858
49283
97119
47426
64406
8702
21667
62644
41278
45153
91153
48267
26547
92487
43734
40379
77249
54904
75967
29632
96097
55864
56737
89620
61802
21017
5970
76225
45360
88092
27593
30923
60482
69441
34668
53268
74187
14148
9932
64584
46268
54942
33128
46725
55734
40089
62976
38194
55712
39942
9045
45648
22296
52912
26290
78193
27156
59146
45189
28456
24764
22280
38154
34551
76926
39054
92420
2489
89994
49657
63800
58012
78437
78718
54102
12887
81742
66422
66140
14732
52081
74038
60251
43939
23086
68826
39745
52361
38019
37322
14491
3505
40641
63871
34330
14298
30488
39452
31621
90977
23758
89191
51269
29711
3334
33131
61973
38741
45867
65782
46969
86646
9961
86709
42602
87001
54501
57464
48472
49395
17902
36686
35979
32353
74361
27132
36573
85253
14668
62247
43611
35309
32680
58346
58700
80664
58320
43392
82851
68614
50531
49927
91111
69120
35257
54011
44997
23577
49253
28133
72695
43798
62916
39498
43619
67408
57369
66266
55629
48186
49969
59420
29540
60820
86145
92934
19890
26168
64812
54656
60762
20891
45073
72530
45471
61836
35304
36057
48901
46772
52613
47433
79471
24344
38483
33219
26263
23523
44798
48553
10957
62363
67233
85220
42253
72886
15219
96328
69865
73699
33874
48643
56332
70508
66238
38789
44105
73891
49882
18319
23538
57115
28478
46046
52063
70814
78835
50172
37884
39509
65275
57959
78240
84089
55390
53307
63905
56255
61890
55536
37792
54419
54608
59874
76785
33267
14765
39584
28029
52061
66945
7196
32560
8435
65709
47820
19485
37486
60071
36543
74840
52290
39288
35605
33017
89445
76640
35858
88086
62645
49931
60999
53420
66834
33543
43328
57114
8773
31402
49980
32930
29024
31070
50754
30443
56027
35120
19353
70975
96023
24476
40445
60268
22821
82881
75292
74068
51341
88844
80664
35031
54116
55702
58075
18014
75443
1704
34930
59789
17671
95834
47914
56118
43281
32849
60668
54467
83913
60750
63600
35956
31299
65090
47605
21993
64173
53934
68778
24453
75548
9914
66874
47187
51162
49673
44237
87793
32061
85760
79643
34165
55728
35423
14566
62733
75601
59850
32411
82436
58735
13011
64451
66289
33645
94831
78630
10942
43059
78991
93198
88602
42619
43736
58191
20381
20028
29360
49120
28954
73507
50148
25924
54231
51360
20369
5674
40734
79179
42723
75100
57615
43341
68512
13337
23494
50211
37837
33240
80789
20499
69070
50488
80645
25631
68393
75983
67803
30091
12943
26928
50941
39297
46025
45623
50612
61383
25060
54750
49614
45631
51469
12501
68984
48576
76055
59505
39327
86570
82525
44819
65290
30078
65596
54084
59441
55003
80769
35855
34704
58403
25952
24281
69530
53562
26668
69925
49843
32291
67460
16736
61676
36747
73267
14809
59579
10462
51380
47626
25475
47193
75734
77213
21145
37915
22473
55392
67037
74273
59667
36118
74705
40951
74351
42613
65361
39646
75007
64033
38568
56546
18395
61973
44502
14490
30456
46543
76848
73845
22234
58042
71638
70339
64369
32862
62726
39748
46507
72586
56880
86532
46544
87592
82455
46565
89456
49879
69782
18958
57288
11667
54544
29278
82203
55441
23635
91096
2832
33818
33684
71246
30860
72279
33476
72077
73144
43136
83348
52601
64931
21964
75649
27733
54533
21465
84022
55160
61947
54517
54742
86838
54605
16940
37343
20244
46730
82828
58283
37716
80634
43927
34596
55175
50514
63718
51015
52389
13764
28173
42877
43134
52129
49086
5430
40694
47355
20902
67825
44290
50655
29918
37667
21760
37061
24246
34975
36099
31054
44903
13773
51585
34301
29807
18917
44351
73353
38816
87388
31440
84045
59922
26659
3237
83306
62492
55667
61928
86320
32184
36469
40069
52762
22223
82279
47790
84840
95177
49177
64555
42625
39072
46402
48057
50013
73544
23945
49806
65295
48258
38835
53424
7096
47951
47907
72819
44520
60634
24915
72927
49262
51049
40180
17516
72031
16707
69744
20193
59952
53088
31706
15115
41399
26504
86784
21007
52000
67947
37294
46654
51695
59910
27429
65872
54213
40764
42587
76299
92023
39341
28113
48437
35510
14965
12121
73826
67441
67627
53743
16611
37327
68242
84782
5883
85470
50287
72880
26819
50318
52165
65743
25862
68449
25937
23788
41827
76102
11539
50438
46126
12073
30330
64015
78131
61603
65914
58231
70116
19942
58642
53025
77571
85191
54541
25282
59414
69139
67423
63330
40736
24236
83025
57034
45323
47509
39310
55138
82135
42235
63681
61311
36426
47804
73727
81872
48884
74828
53001
72152
48904
22795
63311
29301
42101
74554
41368
54441
76552
26110
74531
43873
81568
31420
47838
32089
30646
54082
49025
30885
47256
88587
61109
51318
32726
51046
66982
37994
42883
52579
45964
76615
31923
46401
88972
35255
33038
3584
59808
41852
64149
82804
55475
82972
83360
39519
55282
50471
44051
44898
88675
65887
76882
48934
71997
27501
67125
80961
71469
11868
68076
83435
42641
24703
24723
50038
17040
78051
32241
86307
17379
69868
61804
41478
37461
74921
56325
78173
44133
84111
45230
52455
73747
59386
43889
57163
33290
13292
52242
60388
78734
32256
28004
11928
34926
63315
31550
34532
25075
55723
11473
55838
22420
21453
38699
78192
94450
42817
55875
63187
70837
55707
35639
65458
29202
30527
68400
17611
42480
68781
58736
61993
67910
57092
32390
45306
66322
44786
19386
51899
65811
59527
15968
65440
17691
57167
41589
74420
68707
45046
47745
63146
63129
60354
53579
35291
52645
57800
86860
47212
85066
47974
66237
17355
69175
68887
42116
78210
92281
48557
64803
61426
52492
68993
47691
36933
54989
75953
41740
18399
60388
78035
54233
34670
42475
75561
44273
43794
24949
36046
26182
67704
31523
26221
57889
77113
40677
40996
62782
25176
80690
31407
79157
48827
51240
24752
81101
6701
50392
31333
45609
85455
47171
26966
85576
16587
62666
43953
75138
33333
60195
42759
21194
58133
36266
45378
66434
61294
54191
27808
81851
58950
33144
32417
26818
66849
21094
57338
83264
69494
55972
54303
70355
25173
48811
67849
52543
67353
32653
84545
5153
67685
38623
29323
56287
85414
66303
37654
48768
23661
14444
68242
13719
83167
47765
47230
46883
59478
26762
65183
44122
43884
48246
50391
30609
83450
41575
90285
66414
90141
48631
31283
27858
56652
13618
63590
43372
79155
69940
47064
25277
50779
30735
37723
34260
13086
29824
91641
74965
47606
55808
12355
23605
37045
74256
32893
14179
22236
44175
76391
21682
44267
65770
67289
43719
66435
47069
39658
53798
50018
19711
53110
60374
47897
24635
64820
58583
35478
67455
36842
72331
66799
62196
31445
51371
71975
23511
10057
74093
42496
69663
54206
38162
3637
71181
50745
67378
58608
57509
48225
47700
57202
74098
62763
21125
32879
31751
38524
45339
62183
42586
47721
61334
45036
59287
14222
26476
39905
54704
56786
79514
35784
51258
12682
69157
18018
30949
56437
30012
26687
69825
42428
85104
59156
30676
45998
50446
43467
72279
61824
64867
15366
45579
56081
51966
24214
45770
67713
13533
31193
82731
19586
55672
15735
78954
62508
42366
51539
55586
73646
50085
16279
60692
45319
60957
45204
86423
53478
19068
43560
65283
9798
62808
41706
64871
52896
31000
44994
47866
26233
29521
67299
57427
37468
86376
25182
27557
57752
50489
97808
55420
49964
80358
42361
36548
32513
30132
92545
31154
43236
41934
33168
9417
42157
63304
54106
25850
81515
52284
75561
60934
54509
42770
34791
40185
59996
70676
58756
28058
44577
38254
59668
62649
70038
62496
87514
35372
38275
56148
85651
32811
54032
66889
52473
8139
59130
51775
56579
43973
68792
24213
44710
83232
60467
38784
25223
26879
42416
62489
66075
34322
73322
33114
49561
65835
30713
35125
57815
57846
58042
53509
37089
32374
51127
19108
65950
51579
80656
8525
35067
21239
33912
73853
57737
50643
74892
88091
64597
68179
57004
61772
52582
26398
64060
40675
72132
43352
70343
55413
40433
35927
79493
47296
66394
69726
39030
51570
71946
71858
74430
45049
31043
78112
31439
44299
21598
50266
23344
57988
41929
62908
69010
55827
25428
62267
77136
66932
23958
55103
45783
65013
46472
28957
59950
30324
54300
38121
74885
27164
55731
41108
64191
55018
23525
33131
20204
76350
55055
49800
16475
26810
78808
37658
73217
94328
52387
41793
75822
15984
23250
54184
7767
43278
52913
89921
43672
42597
39174
16546
27208
55553
69696
71598
24736
76527
24113
56650
67209
79669
35257
67804
71804
46895
39406
66639
71971
69465
35924
49929
30987
46370
83645
45196
44112
40621
67932
54729
55840
91689
49813
20568
44483
88495
92626
41758
10024
7260
43428
18114
42302
18842
51585
39436
48545
35190
47619
46657
75321
72862
23371
38517
71821
29700
62498
42866
36038
80036
74830
43953
79560
50659
61530
26059
74594
48390
24178
59408
37730
64725
27892
8389
96232
84813
70065
74218
59776
66182
53342
62678
19731
56655
40145
44199
52162
36850
33982
47864
76398
40206
50619
90330
12829
40261
77433
39688
37219
44231
52751
60235
64511
50044
41656
59060
69630
22333
36793
54584
76211
78595
63989
7645
67319
16546
18193
11627
36907
56176
47926
45850
84430
51783
35809
47733
66341
66399
29466
91646
37928
21972
43683
51826
37394
67288
67914
55562
63557
42988
55788
52903
22250
64854
35967
13359
75561
29384
76675
18339
48625
61892
49081
2977
68213
57323
56458
36997
55829
40622
50177
34085
54530
37099
24128
37918
54360
47652
49658
40548
40605
86728
93998
94004
66383
30871
55612
71861
90085
22895
18190
66078
41568
81039
74852
16376
45283
50370
61109
51666
53517
50090
17210
80527
58405
72670
34043
51299
57164
12448
60892
50725
79007
15092
45472
62264
60257
84131
59399
44701
79400
69615
59224
39191
18700
49615
47626
57808
17236
12739
72328
33322
63515
29209
57514
37776
46895
11558
46253
37585
50368
46898
61040
41361
52837
37390
86329
56728
43836
53644
68093
90820
40647
37349
39077
61526
65652
22481
50865
75394
74283
93356
36901
72373
38490
19166
10966
40809
84260
30541
20851
49340
76496
49490
42278
23444
16649
69973
48593
16081
55099
23661
41149
59345
73553
13043
37971
20730
58450
21646
23224
57435
78724
49796
39110
52398
79841
55881
35370
60134
67121
39628
95513
29755
52191
40447
60490
81715
47653
78329
87557
21222
38758
48553
65653
60710
58728
60132
28462
12562
47184
5304
24204
89797
38466
35941
40590
35264
57932
41263
41459
32293
79866
46060
64335
10629
33718
29958
63685
25357
63243
43191
47770
60705
22807
64588
52481
78142
50863
56383
55081
17859
7072
69129
25132
35411
41421
25189
69821
11728
66523
37149
34383
56539
41004
71046
47763
74255
66608
85386
22543
41125
45396
93963
84239
45574
7520
49613
83742
63815
75903
57520
25856
40285
37448
9243
12718
59580
44037
61836
78271
13402
49328
75532
82700
48889
44658
64344
23756
83829
62712
48259
56187
17748
57084
67130
27970
72133
27021
48239
68273
60319
48313
37745
48842
62470
24032
25985
26912
72047
7460
9147
68487
48263
30215
32542
71626
20213
25540
16869
28452
90828
81971
19958
89490
32264
63711
72352
48730
5267
51833
11348
42314
75272
47378
61465
77044
38701
21063
59282
22014
50072
48216
44861
8547
40745
48511
60771
54744
42939
71902
20015
32893
14828
52961
47990
75405
50040
59112
60178
18404
57107
71840
71744
5812
34074
68633
79756
68575
45841
55329
69863
51730
41600
67003
75190
76319
8686
49599
28677
31895
16722
81045
38721
45496
25551
46276
23306
79821
44945
57493
67835
55219
26788
16795
9384
82370
74349
49703
41722
69039
65319
53663
49656
80776
72451
34179
78234
22931
45051
64985
60198
43365
56885
84180
67900
53685
73580
11383
24357
56789
55235
33575
40224
80048
37501
59067
5726
50599
39060
6611
86300
44677
61123
53509
41403
49464
54828
64410
89004
60660
33132
55975
42744
47995
64267
29570
65972
62151
59782
38894
41839
49242
71260
62892
15673
25328
48889
76479
80831
33471
59448
61873
80194
57553
30031
26531
40880
84309
60453
34056
58805
50952
40328
67337
76192
25377
59557
18603
47466
40161
52026
45385
76729
10036
79639
57949
55550
40718
42288
24357
27238
93674
34928
38166
18753
35868
14860
80478
49593
8873
36587
19311
45892
43986
55920
89037
14081
36249
47832
29193
63753
95408
36289
81158
49984
39399
35435
35493
76679
51313
61964
55771
65655
25739
50139
19568
63944
54833
35091
59557
51891
58397
39866
44817
54422
63443
37988
70012
71308
26434
72771
51056
19402
22320
28150
21806
45530
55198
86670
38507
43851
45313
73316
45103
47955
60840
8738
65141
57922
41838
2426
52753
43313
59646
44220
59431
63055
17381
73823
46569
43386
32468
87485
72489
47563
63597
36270
61913
21972
28391
41852
59145
23447
34644
21961
53878
39348
27563
64252
60854
64793
56051
57648
57170
34741
58876
74073
3004
84596
57521
60825
90811
40608
23531
57789
35030
48161
58704
48876
74171
75589
41925
58754
61495
57236
20441
31777
21827
70940
43658
69062
56805
35229
16657
34109
18671
70743
58511
45231
21502
6852
63800
63173
37554
38939
50097
29031
61036
71519
44054
76067
64995
51706
35430
19668
58084
72483
45906
59370
31637
78338
47408
51874
32109
55151
34855
55208
46873
15551
42826
49671
17719
22182
50072
38997
47533
70305
66053
54360
23056
10795
68184
79842
20655
79066
56183
71437
56749
77083
87051
73095
39490
46390
31024
31396
49884
47647
33466
23251
9716
37038
54434
31849
13809
28677
53656
33324
29445
31938
27883
36740
34212
23589
45364
28950
40059
61592
64379
53855
17421
35457
36585
51440
14016
68294
52516
42535
50584
40012
44773
67245
17108
74868
86613
57141
61118
62689
34478
49225
75842
56187
35379
52305
68951
73761
69664
64468
58797
78664
70697
80227
66581
51300
29164
75425
30138
33802
59432
58070
68905
64629
49046
87131
44324
68590
25109
55547
22878
20911
52936
40023
59551
61549
53876
9955
26558
80092
40715
21510
53088
85370
78963
46303
39092
44763
17634
53095
54214
80538
51763
50388
22630
51018
33108
40424
24203
52044
35807
46421
66424
32836
56250
76500
51678
20603
54266
61515
62421
29228
78813
75265
28754
15167
77148
67987
41877
35444
78395
83431
46582
63447
81325
44667
72009
36426
31195
71992
59583
59295
70128
96447
44537
52179
76308
47831
28181
21323
62216
69689
60919
55867
67135
62344
75627
78905
47784
19400
21868
44198
61189
77003
50566
58370
50826
58164
33160
53312
40180
53171
53926
62398
70669
47012
43702
41704
31669
44311
29832
50293
57654
26643
74124
37469
68213
67851
51966
26110
67806
41623
49219
9813
71129
56143
25584
55686
58676
72204
65870
58718
52863
89967
22457
51561
8375
48013
54466
18511
44147
37012
53676
63889
46204
54620
58689
73988
54797
41325
84021
69000
47522
17264
76810
35695
76663
69412
68309
23479
59113
24993
54824
34763
28471
49147
54333
36155
73484
30695
65092
44264
47865
38847
77059
86301
36996
30865
64421
23231
28901
7166
45723
86803
49330
64260
42390
28917
31476
55133
56088
19228
62471
52063
82061
60389
28365
21112
61467
37015
48131
47581
37504
38474
8320
24807
29824
29552
53874
46764
63715
57779
29113
22236
62908
4917
77831
9962
24759
63147
42889
47172
41880
38963
66264
69645
24719
37038
61594
22647
64284
63903
40821
69788
49807
32327
83291
63843
41822
39997
72027
46024
22110
13311
83785
28815
75591
53673
98830
12798
16773
80826
40209
49536
84966
22654
42828
35646
59886
57850
40233
35813
37807
62479
81270
91987
50161
66971
12902
42541
89485
89099
66735
39321
71481
35438
23839
46669
21938
45852
26706
68310
61489
45996
64853
56044
37048
77678
50405
64842
68836
43593
39378
9320
62530
48589
21039
45980
65309
49288
41112
52546
42497
68505
23371
42028
90553
48037
80688
26269
62634
35467
47154
51655
64422
42610
43351
15217
36215
57264
48425
59899
48621
85829
68707
50465
56379
42096
46787
80433
50702
70555
38074
65520
18672
74769
48391
78086
85983
80841
72262
40106
41618
