144
1033
7148
3879
4275
5271
6017
2865
8414
4725
8425
1995
8808
280
7255
9007
3645
1222
2933
7814
2003
8360
6733
2181
3977
4285
1812
7698
9758
5774
4887
9549
5336
7061
665
3664
9957
6316
4571
4275
1920
3097
7418
1300
7016
8874
2818
4558
8323
7063
7196
8679
5274
6463
6433
4257
4781
5182
4400
2122
7474
8425
8973
3803
7916
6334
1828
5525
3269
13
8778
5065
2800
7271
2630
383
3310
1277
8821
8151
8470
9829
7689
6719
1447
7144
5633
9556
8562
8741
5919
2755
5499
6803
3100
6202
3103
6852
4599
7824
8597
3331
1158
263
4871
8128
3907
109
1003
5428
4356
8407
1547
998
3301
2584
4040
3173
1114
8555
1115
5281
2545
1755
3133
1448
44
7521
9368
7397
1457
2190
5560
1758
3133
8128
4046
2933
8884
6038
8442
5822
7887
8157
192
