781
1727
9896
863
6409
4417
2547
1814
3560
4365
7309
4096
6329
8812
3332
6053
6008
1039
3010
4525
8442
6839
888
2754
4878
1575
6505
806
8074
5842
8157
4447
793
356
3323
3239
5695
7241
1825
6613
1258
2784
5643
8877
2856
563
9863
3382
1812
6852
1209
8112
2991
7547
9326
8225
6022
9010
7390
8488
5987
2620
7603
9678
8929
4184
6736
1184
2639
3364
2989
3664
1959
3713
4536
9773
4441
3137
7903
6701
1697
3130
7541
7878
7547
1724
239
7124
8542
4744
3310
7541
2003
4888
9857
4888
6983
9921
3932
3382
2575
3987
5111
8808
3607
9783
4527
2360
4555
5845
3608
2258
3290
1
3002
1418
4782
5524
9837
3879
2019
5445
2844
4187
3328
1808
3206
8244
7155
6534
9460
9863
3913
7457
6839
8937
9578
1547
3013
5268
1900
2754
5997
7581
8796
3283
262
7142
6053
5254
1841
2517
4752
4528
9892
3193
7061
9928
1092
6710
4582
8006
622
1209
5789
1874
139
5477
70
7542
4555
6307
9730
1303
8174
4635
3391
7125
5584
7983
694
3766
3132
2620
487
9459
7421
7521
8818
6053
6897
5715
3564
5272
3079
4474
1796
8975
3902
6367
5175
6049
188
4004
9957
3355
2360
3308
9377
9758
7389
6637
8369
2478
9565
2630
973
167
5603
6904
1158
4366
3860
4527
4747
4255
7630
6656
9655
4582
2285
5650
6643
7169
9331
9323
4069
5245
6463
5063
4471
313
2582
7451
1733
5659
6179
5824
7691
8478
2224
464
8487
2847
5458
2725
8323
5542
5425
469
2306
566
1457
6367
8929
4712
7447
904
464
9007
566
5742
1670
7142
3076
9459
1572
9040
6798
391
1995
5821
3137
6055
5605
8877
1067
2555
7488
7428
7542
2845
5721
1300
7158
8488
7398
5555
623
5065
4449
8751
4536
2190
133
5712
1772
5747
1030
2572
3563
9759
9400
3079
8088
3779
4455
4944
5187
6665
7788
7851
1309
8936
6998
4046
9689
6825
921
7824
4069
4258
5605
3200
4127
7481
9320
3616
8063
2844
6345
4069
4252
5956
5569
7547
8847
8114
7444
5605
1337
5558
5272
1039
6631
5036
2856
1337
8625
1575
9896
7839
5336
3670
5175
3308
709
1222
3531
7390
3923
6791
7598
1390
4871
1427
9951
6978
9908
5224
3563
3317
5542
3190
4872
2771
1275
7840
2568
6170
3643
1670
2422
3002
8256
638
5133
4096
1323
9703
8884
5554
9192
6037
3661
8125
1533
6595
4752
3456
3962
4428
8740
1303
3616
8597
9032
3391
7581
44
4944
2755
5630
5994
3065
2109
7547
9021
32
2555
9892
9579
3056
8579
7514
8603
9387
2039
4888
6376
2854
4285
2147
376
5811
3068
3833
3062
3029
638
888
9040
4441
7739
7379
4585
9689
2147
8455
8969
1992
7408
3790
5572
4064
8996
1724
923
3391
1900
1333
6736
7172
3097
1211
3832
9064
3931
4878
7603
19
4741
3308
7524
8424
1290
8397
3153
635
1821
1752
5812
9102
888
6197
2422
5715
964
383
8244
1185
1211
8542
655
9783
6017
8957
7474
7900
5712
2181
1821
7408
5306
3365
6380
5228
8739
5282
2158
8936
3076
3913
9362
1258
665
7547
3789
6055
82
637
7840
7739
7521
4781
9700
6643
2417
3790
3709
2313
7542
7039
3269
263
653
2517
3301
6839
70
2963
9556
1666
1967
644
6665
6665
2258
2062
973
3231
2147
2748
901
6440
946
130
4069
1785
2448
5919
7196
9010
6983
1373
1128
536
4841
5817
6398
9089
2306
5789
6053
665
1875
7184
1670
6293
9982
9129
6736
1418
4663
3832
8006
4780
8542
6631
9738
6055
1518
7360
6703
4287
3731
6220
6463
989
3133
1841
1875
7745
1976
4824
8369
3463
9040
2338
8144
8579
7691
2369
4752
3166
3010
3293
2039
709
973
9326
1881
5482
7048
5752
7363
3635
9604
7016
1636
6825
391
2112
5774
1215
4174
8714
2003
3319
2242
192
1393
4995
1033
4555
7412
4744
536
656
5364
2586
3100
4640
2571
7152
8157
7603
3986
5063
8478
1933
8542
7985
2811
3290
3766
5628
556
7900
4522
2910
2568
7255
1185
1547
8427
3620
1290
7160
7630
23
3978
383
5842
1366
1572
2630
8047
3803
9070
9386
3766
5721
3365
9040
3920
1758
2881
6220
7452
7842
7251
9892
7633
9130
820
4040
2815
2528
5335
9302
310
7547
8452
291
3907
6703
7415
3123
9310
3436
8693
5822
4604
6637
860
8180
8652
1575
7144
1009
2933
4447
1929
9130
4477
7824
1472
2933
5458
2717
7254
913
8554
7804
673
1717
8526
6353
2258
5428
3646
2174
1029
3038
301
8472
5306
9210
6166
1575
973
9896
6631
9021
2471
1411
7061
4144
4064
446
2930
