1391
8360
22516
2338
10427
8793
27341
35130
14648
69453
8751
31003
75264
43452
3832
70048
3137
13812
55936
70016
52562
78084
93358
67721
90829
89370
65820
90219
68337
48007
51446
10481
77581
98209
74018
64935
42183
16336
33501
75402
13033
87906
27701
84072
28141
50224
42357
97059
73949
20062
26457
66364
48326
99680
39680
55324
38151
22120
74513
73555
67271
84240
15264
25820
79805
25110
38696
6533
72710
20485
17726
72501
88792
62712
12132
70009
94973
22296
61417
8121
42453
10512
64515
43826
45672
167
57818
42170
1088
75134
32547
34422
50630
45843
671
35496
8488
34524
50065
20548
82056
47437
96565
23722
62581
93494
43855
24922
70968
11512
34799
89570
17262
45107
5425
51652
51641
92951
4824
28256
52453
16544
21102
29767
77101
90578
18498
73366
71596
99169
29878
91883
18021
99150
47111
22119
77808
93031
81243
7425
79601
96944
82108
96071
41044
34428
75677
14562
93979
60035
34242
11456
20177
42807
8470
12927
45508
11802
7691
21090
21149
8033
69836
45720
26363
67036
319
90201
38224
88175
82837
40871
34218
25550
75401
5682
28303
22627
25641
88018
60302
47231
48295
18587
51915
11595
57297
58620
96137
51967
99150
2417
63879
98418
33543
56225
62215
98452
58550
51099
14273
84311
58312
84807
33298
1303
34572
68646
26552
24119
58543
77309
20026
49783
71720
31339
27774
44948
61790
55303
53545
15377
13969
44055
79922
15299
61700
65590
52849
23906
47318
91736
29030
38264
68030
93277
36559
6035
54151
11174
14101
37155
25505
53548
33210
9406
57852
49144
5445
60791
24375
47374
40287
80063
14312
12831
52652
92262
23448
30355
48259
44325
16451
52886
11811
60528
95653
22495
12226
41132
25407
36971
4870
74993
79948
85434
47324
53659
66301
70009
34306
72558
31528
71330
13996
49509
51416
60899
45205
39133
87905
15283
68790
11251
12570
50172
42048
13188
15537
36621
2910
81398
16899
75468
19699
69617
13266
95192
71695
21877
87014
22573
45342
83032
50063
68709
15826
94992
7241
24055
71042
11762
86
18210
7788
23977
49905
77518
6285
937
7144
93062
5871
29458
21865
22732
24958
39032
44951
3391
86502
34548
12384
12399
51877
2545
46636
35604
17250
54624
8571
69317
51033
85344
22162
65359
43517
63160
64521
47051
52492
98183
66323
83246
24753
24422
43666
37013
74743
39565
19002
88727
69837
76242
22750
30879
3923
27679
19059
36403
82407
6971
79068
45834
99595
54867
22527
75927
11179
51737
99978
87480
98381
32424
86866
97508
31185
9129
89827
15473
71384
41132
56487
96807
45324
21654
61379
18047
98947
27793
40814
17405
29839
24804
83199
35245
5987
47507
46033
15286
19389
20026
23811
5742
38782
34979
35722
9378
45435
67938
671
32900
23147
57210
96616
1818
23989
71058
77962
65442
36902
83147
89447
15704
38511
90167
33460
1009
1754
79984
21927
36029
38367
40517
47213
14381
52435
62221
42735
11385
29809
3132
2930
70814
31775
55170
88888
60343
92729
52405
490
12085
45877
74440
78255
25286
73144
21877
13037
97372
64593
78401
97257
31343
80957
89619
34722
15951
33109
95566
30731
66034
77315
38679
18562
54292
37422
39727
83976
32301
41573
55042
47223
26613
49659
24267
89353
48078
19923
67773
34128
57204
83003
46875
47044
35128
16795
64959
28945
87039
82939
3553
34585
24911
11842
36890
1182
70152
30038
28738
20771
52489
18142
28265
23448
54149
10030
41549
21501
59494
60239
5554
91936
72759
46866
32841
25476
45173
31989
95019
96988
12419
1332
75625
97752
6983
7711
12511
52875
71639
32445
8215
51750
31755
12114
37638
98474
9623
22504
54207
33644
34781
55735
4855
26919
49478
48708
4356
25407
52170
75526
52529
84146
50218
7366
33080
25722
76254
53452
91692
61217
73999
93263
46530
4157
21672
29169
5445
56214
94442
49659
41081
46036
25785
16825
29338
55720
33209
28621
1158
36736
97849
71404
70447
44732
13233
50268
79863
7522
40878
76833
25948
28778
21762
43121
58942
26292
39853
30962
81775
71348
92980
57102
54583
910
79683
19592
19155
27192
82740
66864
88408
139
51915
81404
57927
30832
63540
54207
67330
84423
30731
20306
47407
793
77812
16414
69780
14018
83953
52072
833
36809
937
99467
20181
87832
51382
86243
71244
10088
35247
47399
13478
44562
41449
58618
98029
63646
52162
81984
10418
14889
11028
17735
54687
82393
63500
1092
66056
89193
60940
30331
9167
93770
42836
23581
45280
82704
58467
67363
24831
24859
98706
17042
63293
44352
19979
97806
64411
23424
30200
39263
1121
79946
19848
30133
12909
97905
68903
55731
4046
76839
24267
21865
35245
98872
51887
44223
81757
17690
38600
31284
5845
5560
3634
45853
53013
5643
82364
9549
43871
70712
97608
77584
46090
48666
37715
9323
62227
91838
21012
9459
23096
16970
98392
17693
93748
21583
8975
793
98974
70171
24107
43525
31528
82612
42354
37452
93326
21176
85294
42545
30079
63917
75223
31128
30564
23248
32545
6335
66398
44564
54151
31771
30713
90021
24432
1784
71639
37184
89474
86646
88131
15877
30797
17402
54928
42372
41117
75890
11012
5335
4571
62003
28405
66312
40715
62771
24118
37689
4284
65006
91675
23455
60983
66436
13053
24408
89193
21286
46009
21105
86158
34218
39668
43789
29224
62627
12374
65905
48243
80818
40554
82740
73776
3896
26755
13282
29222
31724
21682
6055
84416
71612
82051
38060
32661
24147
68324
50789
27477
26271
46814
25470
33406
13330
13930
63637
37441
70475
80554
41399
6505
65956
98067
75817
78349
20852
57401
78510
89319
12077
14281
55058
28231
13182
77309
47324
99249
25861
84979
86144
73663
12671
21330
19030
37142
17207
57022
25408
12628
51381
82771
78934
81489
89444
54516
66073
50994
30986
55058
17785
63236
70878
70551
11429
28321
80821
28327
26903
59605
3153
90102
44645
71424
49976
82065
19883
96908
32518
22924
90761
53854
5752
98533
32899
14048
97661
35584
30231
4728
36403
30536
76913
85339
20062
77351
34428
45327
51734
64995
18570
71119
82256
15437
71054
14704
70336
10663
60329
52204
6179
43271
57684
30301
70551
32309
21658
53821
27048
8811
16236
17287
96378
80233
24357
54082
83227
22058
42156
83782
8323
35821
38096
4725
31475
36466
44006
29300
15028
42534
7048
11464
6008
10209
98497
41247
63293
23211
11773
47123
10587
87903
82177
38359
27410
40184
82643
74205
69071
81810
59151
54520
98323
54639
67542
81234
96166
46154
38333
8299
20484
5545
4780
28516
47562
47143
67603
14372
12431
52207
31900
24408
52710
11941
92577
20485
9587
8181
39707
89139
15976
12813
49847
95242
92172
52407
85443
11824
75990
35046
92217
96891
91567
34897
2586
32274
91670
47875
16795
80597
12114
39070
8600
58177
61759
91376
33038
47857
77745
2800
65905
13241
30213
86093
81057
84449
72788
34056
52991
21413
68205
48925
59338
16272
24374
96371
56784
22834
17344
57355
8299
62580
3910
3029
73551
3629
632
556
64400
7859
41027
65403
65464
22381
96368
91
43417
94635
49897
53839
99446
47399
87518
88048
66691
25562
98497
75877
26281
10518
97439
36350
84110
55069
47586
89318
8047
6661
86709
42422
34558
87574
74213
89437
27388
26002
64155
17345
76262
87552
85558
88131
32572
35053
34417
50063
23547
28666
78780
55375
5569
73089
71287
76773
47587
7306
40782
44699
97085
43360
25801
4278
91269
62212
84720
19760
21341
75052
89902
39331
99054
87059
37169
15832
83471
90332
46539
92910
18404
62717
1472
7160
15562
40582
9459
73301
5313
49356
81570
17461
77216
67255
24052
26903
45126
47052
25110
76255
51375
91896
16097
42025
81080
99961
32936
82364
790
49112
26779
89690
94522
53596
64359
7
61118
49487
68646
63304
17569
28704
83696
45333
58345
6055
30026
77754
78590
20936
30833
36334
41387
54234
37360
98335
2485
52504
25746
30056
60763
41465
55834
47421
59190
67972
67224
38935
9010
34281
96345
89366
14057
79610
54805
39419
13421
39291
88516
15734
72126
58558
4888
17416
68919
95192
49459
82909
74047
8144
8704
88010
51195
74507
84321
910
14108
3031
39533
60631
38142
1281
55434
96391
69863
74470
21419
75781
82562
77102
86973
10857
70524
24507
41113
47135
1706
27170
88001
81993
7214
57846
63067
17520
94541
47948
62724
6335
71330
932
51823
11476
95436
65114
57413
21238
69727
44599
42025
89307
2901
90632
95097
6631
90737
66106
3536
63919
23812
71701
52227
19392
58504
44465
23272
79572
12671
77812
81502
54850
38392
39533
18132
45237
94225
30329
78963
79608
45524
70155
88131
6893
39087
43774
11843
32616
21303
57731
8471
12318
11838
93358
78087
21740
23724
73297
9400
55126
88800
66197
50659
4751
43463
11174
37541
30338
50659
30323
57205
37900
56066
13784
91329
27243
31481
54732
12057
3001
87960
7884
1882
88913
45325
18025
79613
64935
8603
13818
37571
43897
32457
10666
