14117
63098
71578
46454
44564
37155
8522
32281
79156
41081
90783
22011
41081
41408
94600
56451
39326
17453
18743
92300
23842
1309
33341
75852
47012
89073
5335
32442
18028
40663
7254
64444
14753
17317
7452
79370
89036
49451
10533
14993
11241
3896
92391
81318
1533
6940
9331
76319
19920
12384
59056
17713
19295
96931
80115
1090
44363
90549
14333
22434
27426
41456
58504
33560
23366
24836
32830
15101
42573
82341
86000
70814
92330
95635
57188
51180
68512
41864
70524
92972
80759
87040
9617
35485
65214
46530
45612
97828
26128
73412
47740
71731
20910
24570
31842
37474
2300
40728
37907
44561
55058
11241
89920
42432
40572
67854
96176
50542
64245
21009
41472
62755
83300
52810
65493
85777
45237
61937
39001
29338
56247
42381
83023
56218
98209
18322
23581
8245
86152
65444
59671
37916
97509
83096
27105
90129
86518
84087
43111
39070
72520
94528
83241
53659
45324
72621
2754
76279
14652
86963
2903
72774
22922
52720
72523
37145
24317
32481
34715
52101
64630
7363
50533
41735
11314
5227
71805
43871
5336
99464
74324
76913
86581
10572
37691
15990
51078
85505
74014
81201
23663
10088
27291
89418
28213
27759
56500
46004
78420
85855
50747
77882
28717
15976
90064
4528
48052
59242
81705
61700
40841
83511
8778
77247
82897
54540
39491
14738
18404
15114
21556
27299
24952
29452
24243
46415
80818
96715
96803
1182
61989
44894
28658
38714
42516
1557
59563
52374
9103
19115
74996
3338
30391
85262
5879
54333
25831
50242
33766
16063
47021
7063
72266
11082
86097
53060
45786
2517
18075
35811
12853
46305
79058
8157
30986
48423
64415
58042
84819
96931
33107
71164
33038
93149
83147
32714
20063
21115
96139
37517
37916
91003
11514
87493
53694
83215
41671
33436
22924
1309
14238
94569
36503
86937
99540
12734
43552
48880
93947
93807
72540
30546
3091
16181
61669
63209
57855
15654
56228
12481
21085
89689
2574
80740
52779
52628
74502
78751
80874
73412
41911
41347
79030
78238
47513
3376
22192
99138
68205
41704
91212
61554
42811
47341
27225
96873
74893
77547
20582
77540
45264
76729
65215
739
61976
83122
97229
25237
1812
92622
41716
44801
73515
41218
51642
81413
80455
87807
21219
38333
34994
18857
78095
25543
49965
54371
7754
91607
65719
85312
89092
28413
51464
51286
55371
74810
47577
82237
94590
11707
4271
87096
59912
7937
76098
44456
57927
76030
90013
1818
51773
64515
52180
11564
93860
11746
41087
91763
4577
24386
40852
25942
51141
74208
28594
65188
77045
60533
29193
43596
42417
77880
50527
57018
51381
57081
69198
53247
29910
16525
37776
2158
12167
25857
25534
32844
16445
61700
79498
97136
41387
13988
30190
22467
9640
57178
6955
92391
5228
58871
16299
19141
60923
74808
97615
59129
47214
97905
45678
11041
23906
84326
27235
15108
10112
14708
51330
51047
77295
3313
82237
84024
37636
33143
53227
73424
62712
74568
26020
9031
77158
55843
2300
81611
22764
93176
16709
46527
58262
74341
43725
32684
55072
62451
77458
61993
32878
52372
12018
68251
56527
76619
8990
81413
28
263
5331
62271
85476
81421
55071
13370
763
71055
3616
19212
72084
54699
39807
44470
26316
3986
68258
69945
30200
69453
39062
61448
63136
63209
57081
11168
71782
14740
51705
4855
36076
57520
72431
72345
21914
39807
46433
88732
49964
46151
97221
35545
62258
27739
68909
61147
11514
86225
65572
42922
85557
91303
35130
69222
25183
88193
72975
23824
20568
8323
76666
13825
13230
5811
12148
78238
57855
65446
43747
69708
29792
63370
3536
34353
13898
65934
25492
85628
10299
63126
66398
37098
97059
96921
8778
1574
35933
6852
67485
15753
70142
24267
48720
11456
17052
25948
7061
53544
16973
92303
9783
1815
19212
71250
83079
13825
66703
52273
26755
78449
34643
87547
72342
73297
96233
15138
52621
85907
93727
44018
96870
68390
87328
58126
57810
28787
51470
27540
62158
54292
3109
12456
1744
72624
80542
47446
55659
8992
51870
51183
24085
50919
79496
69266
87708
87078
50118
34742
43417
46711
9444
82568
96129
38609
65152
88372
84250
61441
59599
53741
35938
16528
78827
37130
33345
88729
25498
25758
42273
99413
5335
81432
66682
15461
62336
13748
5660
80151
30123
53218
4582
12663
84757
13812
28801
5721
21318
82123
3803
50741
91943
608
4633
31841
2091
31724
42453
66500
39749
49934
42453
45516
66013
8252
5331
61455
92254
61525
21138
47208
9597
41470
61070
93302
49929
55596
18587
15769
83858
22204
35933
33701
7184
56050
90331
19698
34282
53548
54994
42455
81052
53281
30209
43774
24654
1303
86521
22655
58206
53274
24675
14382
85162
42580
31717
74074
44713
33071
44410
44049
92452
96192
22681
64036
18401
73970
11491
73242
27423
60202
68989
83600
86379
98139
78390
2177
1771
37709
16066
30673
62721
16147
24058
70474
72205
78084
19883
15159
56424
97221
61700
20026
89841
6404
64425
22816
38929
4248
40127
3038
29195
49451
37066
23330
20745
36376
18132
93196
14562
96819
85622
32544
30926
96662
91296
32518
25804
79273
44525
32846
4474
91151
51494
30806
4172
25810
18161
19295
88194
49442
3926
29330
99213
21734
1663
44773
65030
39997
81699
68646
57371
17728
81622
49937
48234
56935
29226
18498
36987
37288
10724
50715
2554
96803
56282
22692
40148
10814
50427
93007
76833
61660
99382
30968
19076
63344
29938
52265
61721
74318
54438
88011
47423
56446
32468
6613
14115
98813
84401
52625
64328
51415
58540
34987
48123
84189
57137
2242
89037
58126
72456
53452
97616
25146
85621
41075
4148
89209
19869
22595
48243
15114
15114
99210
45483
50178
20224
63200
13090
94225
60637
45990
71502
85123
49252
28153
48577
48710
55726
92112
63980
87401
41167
34454
32842
39100
3920
33105
55071
43063
84355
90378
64366
70712
37499
5255
83376
64418
74625
20571
31188
88277
4178
20851
73145
7739
70284
66056
32812
85345
81143
51262
41738
50569
4417
79991
14408
88583
50824
2093
89920
14486
71229
99820
18658
21011
86709
37244
11465
36290
97086
24357
7542
99501
32724
478
5812
61118
82470
97085
42708
83329
5666
70574
66037
17936
46155
2448
15810
83426
13188
79998
37451
28113
72739
1128
11559
77932
80704
81993
28520
3031
1880
41614
16588
30331
37386
18407
17017
34558
40582
12922
81018
73225
9289
15119
8112
70125
83272
47984
74785
94000
4563
51990
71052
3269
15769
1475
76729
17627
30002
27235
42342
66846
72823
44127
2396
14537
69891
87999
52256
556
82054
71450
99216
6023
77676
78708
25507
91979
66688
37499
45502
26745
40635
41546
72716
6337
36954
44770
10353
22705
21081
2856
5799
11850
78096
62003
46238
47440
67916
72621
77440
84402
35147
30676
24437
83918
71048
59469
96890
49967
89743
36376
63738
30010
20122
17850
44737
98743
92127
14283
40172
77404
83392
89968
42292
33644
2658
83479
98425
95671
87410
25868
78328
61228
93277
30635
73916
22261
42119
87341
99861
32714
84891
17569
50274
22443
44519
36106
25831
88201
70185
32821
49905
36482
41183
20751
32310
59671
32009
78564
97483
36326
82393
33143
7245
28099
12969
16700
18135
33902
75342
12419
19838
44195
8175
16455
21328
9070
80088
66839
59522
69170
2752
15546
74587
19699
21348
4841
27015
53557
91200
14702
32574
25540
34313
9689
23872
12015
4172
44208
1215
67809
10785
88810
63405
64254
31730
52925
98391
26384
48765
36076
37600
61454
1333
97156
39941
44208
9655
6370
82879
17588
73036
89437
73171
20448
38637
92845
61522
50571
40888
97368
80303
53339
11229
15541
60701
73927
62390
96716
54580
18431
59167
82837
52860
50178
51740
94439
53182
5722
88996
77926
60170
12583
27144
9102
35046
47501
48592
93655
57134
37097
41651
16852
52777
73822
17965
20658
9758
16739
7061
25615
29254
88110
54678
39331
59346
11377
45085
19986
18948
24615
84720
40069
80699
90012
92519
45538
85558
72161
10930
34552
18123
10003
54358
23211
42273
81520
22045
18644
51114
45151
97307
2542
14761
72426
51514
90954
80424
16822
16669
3083
34248
27322
59078
40064
13663
90632
17782
68990
36392
18342
32182
7930
54052
8929
70916
17396
48014
71695
25614
67775
13581
24449
30083
6923
48078
63637
89728
2484
64511
94796
90159
78175
61975
22165
35452
98437
60179
73515
79030
43463
61306
55071
22816
31266
53398
50660
99261
17735
60220
97348
81138
98663
84354
19932
48311
20554
92211
78396
8245
70255
64155
38199
81586
3650
17762
13284
12180
20257
74523
35603
50275
88081
99136
71850
15720
37515
53339
50712
20036
21150
40635
47587
5284
21265
17432
44710
99464
76195
54354
96098
22750
92195
99316
42701
80427
61741
99791
42714
4887
14511
63673
15628
27226
63736
42250
51519
54630
93188
22012
70152
39289
63736
22357
79276
74241
84952
33055
75792
80182
30962
65412
41486
11465
82250
6490
76666
12330
28407
55504
91979
57297
57285
9786
90915
70848
60616
45491
51119
52261
7968
78410
54553
62039
72167
2115
29114
87475
24048
94931
28411
80937
91488
98691
97964
32257
47421
44978
22676
84397
50211
22617
20930
18057
55480
71483
30602
73130
80099
10808
74893
65122
85345
37961
31769
56188
47473
52467
6955
81810
80793
35893
28273
52162
34585
91698
1448
25621
82586
84702
27769
30645
71270
30962
43994
91221
82261
29542
34545
23724
71442
75351
6320
67949
94596
32919
54045
32114
39206
92033
25347
30797
3790
81256
72878
66016
21292
29485
41440
82897
75486
59565
9873
48739
36873
17205
82327
59338
76767
57153
62922
4078
26633
18734
76737
19997
92109
55226
72957
80967
47381
92271
54982
45850
44810
10457
30513
17690
76773
87693
54327
58855
818
55587
34842
51470
37452
30380
99163
51108
2199
44140
77102
34066
60528
35031
72510
47875
74652
99647
60017
28879
44014
51750
41720
94946
55758
33001
28378
16937
15426
33895
54396
22381
36623
72579
39169
84534
35548
60435
28651
5458
35640
89318
21381
34714
54450
61097
80937
86432
25516
32454
6203
87051
34128
99413
42165
15411
12813
30790
47140
93620
61899
14110
87095
38293
97348
38198
4604
10959
81470
4814
46151
75413
76577
50452
88732
26779
45289
5854
55520
84641
32455
72238
96354
47256
43524
74134
36842
30466
41176
91117
27522
4663
1607
42317
37863
41761
59671
27161
67112
27299
44107
24743
56066
40217
31299
23803
42546
28990
61929
64152
87775
36035
14652
48024
10967
48432
97943
89183
25550
97752
74213
73244
14167
39103
85717
93866
2285
1088
55936
77275
60852
96988
63791
27140
19551
20313
90617
48807
19932
57401
42777
22716
40040
3086
74820
6803
78041
94387
60673
63594
51654
78069
27697
21704
81658
55600
13998
44255
83422
73555
84713
78475
17966
52860
38272
16255
67915
11627
53425
6293
21101
71024
24191
71596
93419
51787
52804
11714
99847
5274
14870
2185
69731
8699
84944
6971
76737
10029
80188
22443
97844
90730
97061
41129
21564
87943
56660
26472
68646
78104
58746
70663
52743
63263
93301
62528
99381
76983
43178
63005
7414
22296
87564
6503
23442
78223
92910
53006
61795
29262
94378
34742
81314
19963
53530
18256
4741
1448
30068
22540
14374
27462
32284
62281
20487
63340
99413
54853
51270
96819
18047
3213
97095
98360
99318
42741
70363
47321
45646
34224
85097
56820
88021
91095
45220
53254
97508
83932
21511
67271
42732
2572
58402
28634
47183
19529
89960
90201
33266
61907
36236
47489
40471
88180
61796
21150
55170
63495
52068
36064
65742
83642
61263
51072
42318
58110
22249
43133
11276
55371
42455
33123
16147
58170
12134
85312
17287
33092
52074
14146
87654
40127
36460
34360
61714
62521
25540
90951
81044
14823
80244
793
21770
22705
61759
10251
6938
20998
88772
92391
74685
56359
40807
18938
23247
15299
17044
21114
91952
43452
12682
21841
18135
77113
60955
54354
93944
51021
42372
35545
51210
39283
39289
40653
30001
53445
20771
59346
28143
5628
98319
14311
68337
28413
87396
23447
52614
68909
5842
5725
96479
21238
60543
53442
34245
88327
446
79086
99987
65934
15778
30987
88583
35503
42025
29226
8625
28865
31411
72342
74374
45452
5781
71114
88120
10373
56569
14783
62445
34560
21921
39623
7851
72967
21099
70389
81104
83118
81321
30466
37148
8511
45261
13282
50879
59219
53722
63673
76757
56179
26271
24859
46514
13212
17639
11243
22726
5724
10009
53442
28327
93583
20903
30643
25861
93835
71731
95780
70117
1366
74014
12456
95708
21761
9291
25615
45372
65521
38736
26669
93002
82346
29525
4460
71096
99429
25592
11025
1725
24191
87475
88047
74314
83673
6071
60376
77135
23998
82364
37368
38827
63263
81399
93881
2393
38935
22549
44476
20865
7815
80909
21622
92729
92169
69890
81347
20396
7447
47831
12220
78654
71731
24131
73421
25347
96738
58504
69175
98381
73715
40714
70903
3766
56415
23121
14570
18498
34211
75120
24381
23148
87059
52199
47743
63016
96302
27015
57531
7313
81813
10184
50965
22504
17244
11951
96716
998
87271
3365
35557
91269
21645
64445
67458
61790
30833
50987
96980
70452
77527
29994
91445
34178
56539
97950
78782
8407
25826
28351
70481
78775
6083
33100
72757
14988
38673
37142
38376
14724
54384
75713
13233
17443
8487
319
94258
43781
86122
44253
65430
93478
85344
84502
4774
17659
75585
97638
33092
6345
19000
51591
32185
49112
78084
9040
932
42480
1512
14072
19986
44879
9890
47256
25344
40871
87390
78721
32936
85924
54372
97939
45235
65141
3653
52544
3970
92411
87465
30086
3465
28165
4090
17162
45207
81243
90230
70158
54434
95694
44071
74201
66719
7589
76913
55639
73175
9031
89619
3698
82993
12767
63612
1881
55438
63873
89076
53755
50211
12762
11438
64275
44255
82789
76300
23114
66917
48448
42173
57173
37814
4572
33892
3650
89869
38588
7158
82052
70547
43282
87546
81347
85220
17146
67519
52806
15682
57825
52081
38230
24220
10152
58393
72988
30605
44410
92172
28771
28510
67691
78867
29271
22384
21511
16554
21022
70217
20528
78328
52318
44633
97496
35460
8281
82045
69459
46151
13499
23960
91988
37228
45355
85321
76255
69980
57426
27232
76306
40278
27976
46654
95252
41374
41704
55354
32989
58816
4127
49600
17710
10967
99283
3564
34919
95560
28372
57341
48461
3290
20571
57188
10995
23903
24025
45077
38554
56114
94596
19411
90785
70589
47021
94144
32227
24672
75140
1857
72840
53103
11341
71162
41873
61697
26627
24084
28634
40278
1122
76951
22618
50036
97068
37660
76691
62475
47322
81208
51832
77930
88444
51464
52492
65500
18831
72342
21138
32893
71205
65114
15870
16471
75778
81111
49934
56541
52420
77113
1748
36428
20715
48592
56644
15573
82387
90915
49653
54405
53630
8880
25084
96708
33310
38246
7619
53557
80511
53272
27055
40554
11455
61975
64544
35128
1330
32118
70739
33436
88470
59921
7698
39799
9689
27543
40271
48713
86199
73031
99136
76833
43336
67330
33120
71966
97590
30355
34826
13343
45384
52450
81757
84072
25516
70712
67915
72051
75202
9809
25647
55540
77351
38690
33662
82865
51074
15375
75486
98691
65935
14724
38455
57781
74743
88120
43228
24483
98374
56955
68079
19272
62866
96661
49285
56340
26552
15573
74234
62457
66730
74234
84749
40287
81021
65394
53714
92951
26438
34353
86122
41801
44283
18214
57014
88480
46541
820
30269
58816
75747
51047
44652
65442
4460
15286
98819
87851
75051
34417
77295
54534
98148
45207
17045
65145
48710
13023
84240
52146
70814
55243
83212
43247
25168
99134
69921
84708
91
76677
60367
24723
60436
19076
69189
58718
73006
15407
76938
73009
58443
16937
90638
76552
28324
83918
44419
96170
17621
45072
66016
27176
31847
63406
75314
94484
27510
38967
43544
2003
62020
45723
82933
82740
47111
55170
52183
90623
16929
3605
1090
18021
22167
68666
24573
63076
28879
33829
99163
20257
24807
54491
27345
81102
93700
53424
47314
75558
21018
84700
40558
1967
75180
2224
38246
21105
1177
47526
93326
54502
90495
45990
86664
7309
1744
77581
81161
47351
37600
12167
99201
30553
11510
75625
11802
73814
63760
66370
68266
78870
82783
51625
25461
31724
75196
46433
49145
96449
20845
73499
95560
1882
45325
39203
40172
57250
14328
71875
26145
1547
60710
45017
1900
6830
76100
3233
28520
3546
44721
51537
2115
13184
81352
56905
39032
26755
62742
45194
18820
70480
96107
78645
20309
21047
96919
69701
39087
16272
34533
41459
8396
52446
93668
3329
55191
23274
1995
22424
99847
6346
6032
59833
83376
50571
30367
24347
39002
20360
89570
24191
42432
63968
38690
29712
30977
74044
18785
91893
32844
7144
68909
27804
45922
27453
10114
1233
13679
3832
48071
24805
38244
44186
64090
85861
4406
91736
22667
90302
99746
32130
26742
59946
77758
5066
75204
51114
14617
5306
53530
59708
72622
46668
17569
5721
54843
79803
43422
56212
14734
25237
94929
21256
7522
56971
15330
89335
3029
5747
96098
38112
4528
39941
45202
73790
12194
55440
79086
20185
25779
20518
32141
92994
53445
6983
15826
78172
64564
9689
19938
93068
45289
14684
79307
44523
87127
10902
63403
90783
50182
32474
41654
72235
12507
40148
87401
72324
82732
33803
12330
80487
67458
50548
10821
13503
54646
64512
57317
80047
35036
85682
11028
54452
30367
42831
66866
64004
54022
45646
31663
7689
42731
10755
383
38151
60528
60345
43799
91657
15470
11179
87104
53445
15628
13528
8652
35571
75134
48223
85816
22229
4157
937
94931
62754
65818
52156
14084
57691
47214
40609
41738
44948
78223
77259
65509
43659
11341
81235
1930
48701
39881
35006
84007
77765
30086
58933
11051
67224
78104
77045
10818
63387
74875
86521
91673
82933
18253
13929
18470
98367
84101
20784
40494
39301
28324
56028
8323
39564
36908
22045
40888
79489
69459
89009
32218
52991
23287
72480
37809
31282
65539
57277
61633
14087
4222
92139
81214
45170
29091
51154
90954
90320
96391
2309
15047
61285
10724
55785
26363
38696
45553
94319
53503
45687
91934
91115
76377
9236
97394
78336
67109
69354
37148
21483
32983
80333
52831
84918
97038
13847
50965
79370
44770
1697
33231
49694
54701
23574
68342
1929
86936
62919
42831
18044
47644
84870
23661
99917
70398
85186
56412
27162
37896
54017
92908
75727
5630
72505
76172
44561
38819
22162
38198
10487
1744
97156
73169
57558
61669
89906
82990
45731
68518
85021
34630
74120
32398
93853
72382
83642
84749
7900
65244
36809
57098
18235
80274
48420
48107
81857
77472
12507
36917
35584
15625
931
19200
11341
30367
94697
9037
41761
95790
76775
13697
7848
65784
77351
7689
25826
90591
93385
1733
99021
97922
78571
22507
62152
47586
99249
41810
52540
14954
70248
32281
23411
45058
42985
41732
51628
83424
18983
75022
78096
32572
37841
42753
10785
86205
50569
41711
55885
5268
80511
5781
82156
6220
15519
46215
78475
90219
14735
33031
42708
54354
88941
83152
30869
81138
1353
68079
1275
72413
80414
1093
77450
26977
94549
7397
53812
67221
92271
14526
96913
75531
24925
25237
17292
34871
19962
90010
79806
47253
6065
2309
63897
55054
33800
47775
64725
52657
94594
64900
52416
44401
57153
21150
65521
19214
91983
30670
92383
24627
41617
16790
46257
8992
39167
19838
16415
55834
3086
31660
12314
6923
63601
9495
99186
3092
2818
55966
84017
72025
27701
23428
15011
75342
80441
4178
25813
1769
93974
35839
60017
31994
9689
74983
30376
50997
32572
50584
34555
1881
61525
77392
80424
19171
79638
85201
44194
71330
94992
21090
53893
41732
7214
33341
87475
47570
20452
33017
45614
29297
6560
89689
28399
29591
4640
89703
57767
67319
68502
86521
14138
92767
96107
22955
97922
12009
56359
50286
89169
81342
22559
34281
49793
23244
76548
31323
81658
74948
71027
41192
34555
5544
79730
33150
89932
79038
76524
78712
73636
34227
34712
18142
14495
98670
98819
28216
44354
65472
70482
29845
21734
98392
6017
53983
38974
3779
62390
35503
2158
62128
34336
30463
52416
92112
83593
46035
7542
73630
31241
82256
11267
57847
84807
62427
52042
1727
85752
42191
21220
80047
18839
95833
65725
12959
63197
93761
22120
79651
80821
17054
10474
72612
49563
13998
16998
10182
35458
55276
12565
31528
18507
44273
16623
50555
27871
87517
90159
30902
42183
36126
25204
37288
57927
74014
2527
79939
99138
25470
48576
29878
27397
39068
51381
12132
96751
61633
8818
97613
14256
7552
95790
33269
22617
68122
62815
26518
11538
5798
28311
22459
89307
62457
76196
54438
27055
8517
3879
67767
5544
71055
37241
98730
44835
27832
7524
20620
30029
33083
91122
11358
64866
60897
42958
19756
52777
56451
8088
28549
12407
82052
17434
26903
32454
95665
96505
52682
58674
25570
95463
37171
24444
68369
91657
62363
10727
61582
26136
25017
99546
48756
74800
72645
47051
19926
12814
33105
63199
76255
89698
27992
6789
85710
84720
26805
68787
41081
80427
24741
14171
16227
74105
62582
39335
23636
1299
87480
19114
20080
54511
40494
83960
22210
65499
84807
93335
40447
52101
6932
34634
89391
84952
29485
87872
30676
58681
18223
47318
34036
25764
44942
28634
82685
22917
12877
60543
20933
21312
301
31141
11922
52204
2257
2471
25840
18658
97386
76360
790
97106
39619
68639
13366
21850
1760
5742
4741
35272
33383
18437
83455
6037
42259
99008
13660
42832
91698
5660
10003
20568
44721
96870
27243
33301
55762
43822
12183
71137
52644
47948
5217
36610
16222
98703
36777
55609
56659
55442
50471
44770
24543
49424
46360
54045
42714
78402
24743
76577
33395
12330
84416
17641
29036
4585
82321
92091
99789
48131
40604
563
14641
67630
90001
89036
50121
61306
28643
66296
33643
4525
52110
17369
80603
53755
11835
34306
93780
29721
53350
21009
52408
72453
37555
84025
93013
36459
12564
22492
22565
18232
41801
57317
49950
73541
30897
19590
57018
5147
43533
11924
92169
35031
55126
62155
69550
43133
73927
77531
51416
28108
38512
59383
37474
79166
64875
34517
52505
98609
3213
20091
89814
88740
44363
41218
44969
33802
60364
22357
80244
54292
50335
89891
40127
81802
21411
74857
81108
39129
21132
89418
67951
11131
2475
11429
23218
60334
31350
5695
326
82516
93645
84164
28378
43722
2800
13350
43218
20177
55006
1487
50712
43544
75535
93130
46359
20175
87400
99374
37124
31457
59463
47523
37386
20771
51375
85120
70084
17411
40814
26217
41372
14382
64499
6435
49635
77257
12151
10929
11451
98306
86122
56559
54384
4781
84027
13299
3065
91756
24055
38554
15810
48641
75677
22275
9201
14780
69078
35306
64360
49874
98736
98691
1337
41561
92360
82865
78175
13582
38214
60830
46063
96918
90785
56182
85572
38554
85022
13769
13730
93087
79493
45853
24085
7133
50527
22586
30536
386
30001
81044
25084
26815
15967
28311
46115
95617
74622
77868
57137
7366
6136
56142
88081
49299
24651
33314
50854
8693
30190
14720
94976
75767
23547
89245
61036
17025
91666
46474
46564
100
43353
99015
65965
29091
10447
34965
32572
42382
44948
50175
33055
45161
42156
8018
66313
45149
26930
9980
52445
55048
69661
19657
7551
72973
54306
27225
66893
1727
49590
70313
66846
93133
21438
5182
89323
81074
10290
87449
46333
55069
73603
97016
16255
23411
25804
99201
10481
33345
8369
3986
52681
11951
49549
99201
42750
45352
1818
61227
26339
34552
91333
45028
8881
97292
9064
89891
4471
15562
54523
47948
7712
15473
41821
90623
82015
3667
99540
78363
51286
18057
70158
84250
1009
65847
14115
69715
4148
76336
836
70090
48025
21192
36197
43548
44699
81075
48529
54058
69780
86266
35469
28321
84553
51862
61397
12077
11842
8036
21265
18223
28265
45678
21511
13214
12808
69098
9683
53695
80740
52875
42480
7525
28327
55027
79651
83974
26903
45264
21447
3109
99691
59190
1852
57531
12921
94594
22924
51862
20242
21312
54202
188
9195
86973
18410
51159
91666
72769
43199
99476
45325
36495
61700
70444
65527
66065
18265
3896
61696
3029
53888
98968
10930
6940
25516
63405
10366
55543
68930
34454
62085
55713
5812
53854
66005
33109
23639
3315
3629
41570
15415
38722
81734
72238
43695
70398
12996
60560
42710
33015
55438
31305
90597
51120
2484
69549
34633
86907
45687
23274
13330
86466
73360
65415
55965
90519
76548
9073
43353
95190
74849
53458
93608
52919
89673
27134
23284
20003
64866
66560
56828
61451
12108
38769
46451
12385
73154
58838
81622
26797
14427
54443
11429
63378
32827
2545
46040
48739
50224
97527
37424
37715
75478
53227
58602
87289
10528
80603
66667
68030
37242
97327
64686
87804
1582
43284
81021
58540
51238
48397
61544
32455
98507
60503
12740
29788
88265
47080
46979
66605
3629
49469
39832
14283
74939
44077
8427
70599
16306
11820
7525
20285
22273
22269
81498
9323
98902
40781
50121
39772
9007
20714
17543
76242
74502
99086
64444
38521
61417
37890
70481
22516
68475
71520
65028
58168
97943
66403
30465
74407
52183
66123
64114
31214
23872
18440
51519
86221
55483
14494
33023
17071
80679
10760
24615
45834
56280
58062
10825
38118
25480
18404
21959
35811
45071
38142
12407
26525
87390
47401
61554
22242
4636
6643
34560
18210
63736
70245
11384
94000
13478
46445
81341
77427
67222
99405
4585
18241
84808
16066
18253
45344
99215
31503
19515
74989
42657
28651
99405
1828
96291
10447
22507
38121
64415
41404
56003
88914
18047
5471
6971
86936
24831
80018
64499
59463
27187
99564
22791
36459
49478
61623
64151
87150
9289
61822
68205
41889
29577
99879
41561
55324
42638
69192
37366
42505
60825
97723
92854
72192
41078
30364
16282
11410
72522
46400
47322
47939
75535
21292
8517
49569
79631
85054
82879
88707
91227
61417
36783
35254
68733
28440
33280
30076
78654
83544
34428
3001
90876
49059
16552
26797
37066
30139
32303
81532
15514
82025
21921
13366
78928
79991
10875
30091
38215
13547
18622
87069
12813
61363
19576
45990
95365
27266
95490
27116
41556
74280
84170
93236
90951
33920
52984
98096
66961
13302
16579
41101
72878
55922
38796
5121
47214
85747
12238
21491
54243
12286
34799
36623
16721
61271
12770
86266
72161
62834
32185
24683
36007
19209
28261
47440
13281
12374
25445
91920
62631
41318
92542
43603
99789
71596
54327
30331
9623
34111
17345
81315
70893
65414
52018
31218
3332
96078
2930
67927
91760
69087
33431
41081
44701
68300
80521
3338
39026
60094
24022
27129
95496
92100
27283
29217
7636
2422
50897
89913
35445
29222
34428
40040
41113
23906
14407
9565
99647
2190
43956
1330
45687
79516
78633
87963
13303
7851
54524
90120
4555
63612
58476
86518
47120
13852
88201
52567
47318
55355
55072
27585
78341
56444
15644
72769
59870
91839
99188
11267
24863
69751
88444
63879
67525
89900
2019
22443
24118
24480
22753
54982
95708
90549
20989
37689
25857
64151
29211
12744
27264
52647
36209
55600
96354
91765
44377
41121
28625
89670
34187
5121
84223
73908
48944
7444
52740
15377
44222
76839
79723
32728
2584
51573
83221
52294
71443
83421
56559
31230
15951
42546
63344
83300
44137
22924
89370
58262
36698
48435
6989
93565
74750
51909
3902
24554
65280
46785
33640
43227
50147
18223
51347
71543
86337
89913
69023
56441
66454
50747
11284
75021
77808
1247
5714
36043
37171
56280
28074
99564
29033
66331
54115
34428
12411
46305
46725
69400
52110
26339
99347
64447
72967
94569
15262
72441
20528
54627
26726
6650
65228
80299
64305
63540
67036
95665
20111
70251
77093
32690
43879
33028
21474
25183
61258
83763
54777
35714
43879
24327
4825
58262
53053
36362
3608
12628
67425
17922
80936
71048
19003
15743
90836
6293
85429
41381
80963
43248
96981
31093
21384
32899
44625
31182
28315
10821
28110
34824
76036
90655
40811
42654
43218
75468
39914
63126
61679
18865
80074
97111
33953
45165
72234
11210
39708
89749
66269
24423
77309
49299
11215
34569
57652
74342
45464
80274
1758
47210
52344
25461
68693
1557
28685
89947
39891
81226
95807
40356
47644
55578
30293
61306
37729
38679
5363
1818
51697
25652
58717
27838
80521
36136
15465
46033
62039
10303
70619
42417
23090
77440
36604
84700
11150
33082
21880
71344
74135
82132
38455
68373
25108
47401
40460
3897
97601
87157
50271
30860
98916
6595
63304
55416
1578
48780
15951
33298
75135
41515
38060
11467
1920
69918
20874
13066
14404
10330
72522
96233
85026
77742
71072
79948
38097
5822
84757
623
51778
8256
87298
95910
58042
28810
9928
99476
54028
70480
41472
1339
17540
72341
62991
964
78687
80360
3103
28510
31771
90700
93799
38696
82431
17622
71243
99280
36434
50217
6302
43571
53695
42237
14192
30869
24327
10188
29254
52272
53888
19869
12805
9892
44904
71243
62745
31141
29141
36061
37863
48944
99012
1599
44723
8992
96898
6839
51286
55404
39200
16542
37571
75486
43817
7848
23013
12562
1814
21283
24292
43066
43722
42592
34634
98698
14495
15526
75410
58883
4747
50774
34811
14734
34217
6136
24570
15967
71612
50458
41128
23442
18407
36053
51990
36736
54701
81899
84052
5506
30209
19905
29217
64400
18570
34542
99105
23745
13037
25816
66926
79627
11654
4004
20717
18531
72710
56881
26721
29552
71614
52446
5747
56395
91493
91388
26163
47322
78712
93799
3056
30602
13128
65214
37980
48164
78240
93700
63809
92938
51679
77450
36020
58388
15120
20093
81075
14328
13421
31730
54835
95482
10330
88914
94044
22732
20844
96087
3355
94496
55504
3602
82114
36460
4187
55963
86266
38147
16975
58755
28341
31699
9768
9159
3763
20754
72431
40712
64215
31241
92172
25681
79661
58622
78048
69556
73442
95506
81105
64997
57047
4517
26721
23330
85907
42119
25592
25374
54267
63316
48944
78014
20586
2557
3351
93620
69794
25534
62271
65499
47044
31323
92548
81531
93918
55240
133
14101
19290
66034
45805
76122
70521
51108
64036
33102
74969
80441
87336
38211
49487
76010
25612
52567
51047
15268
86025
74939
91590
96055
11322
52047
48234
50633
39867
57767
21990
8699
74839
76833
19763
87876
92737
61633
57407
72761
83264
66955
9836
12813
9857
44940
2019
41873
79030
64215
15268
37079
32287
83637
41704
21481
86414
83221
70744
73144
33644
52675
65943
48432
28771
19544
8973
8471
87095
14821
17858
41407
67169
70457
96193
86309
85467
27898
5172
43660
40852
44419
86693
50987
3351
69193
98743
93013
45520
98570
31499
40096
35965
28045
33067
73600
20581
61741
44656
2933
26512
85257
13093
74088
61796
15246
5472
10300
74875
39302
89923
56905
55834
96023
10481
46333
18501
9671
90210
84204
51138
57642
35128
83411
43422
10727
93494
31730
14486
74577
12843
10727
36991
12900
95224
53350
55423
17622
73949
73241
55701
11015
79882
14164
28513
25543
61973
71371
45787
39928
69549
59964
19529
80751
69594
98814
18140
32842
87571
88327
58420
29411
61363
19673
53274
39680
6335
50274
82732
11843
8063
71054
98196
49946
21705
1303
22926
46456
36029
92524
65330
63945
20800
30709
4747
12685
58746
25405
45678
12201
51114
42675
47075
96219
24553
73986
2111
39853
39302
59441
11195
12267
8741
32977
10572
17396
69040
30553
10742
55578
87934
77926
66962
683
64530
54624
33833
78930
5331
35452
49387
9617
27832
83953
37452
7214
36403
66955
24576
78382
86342
54450
89366
83112
76890
12279
3166
87175
28666
74413
28411
83227
44516
78457
48997
36459
13148
47140
88914
81398
44249
4744
41486
9032
32983
26155
42455
42243
14155
55440
31339
47586
34175
87040
7961
71435
45072
97844
78400
32609
33105
24576
15377
56956
34281
82783
48131
23481
34257
12120
70859
30897
89932
97844
70663
84799
48295
39874
37894
74421
29773
77845
92983
94852
26127
14075
18808
39289
56596
65252
24202
45802
24222
52704
80455
80545
31929
91511
23274
56034
37638
77088
15018
79163
32714
21880
11482
68251
79939
27324
59409
27314
41705
22762
60404
92003
85527
69189
64360
34524
860
98391
34650
35724
39916
52164
90591
21015
78157
12418
50482
4363
49913
12102
62128
6373
70636
87040
49837
24811
44410
58249
331
96794
95494
16579
81243
48974
54483
81124
77126
91369
87829
91239
60763
17440
65943
26085
55435
41074
91869
51868
2901
9387
74041
98447
2511
10959
82978
14347
26541
54731
58012
49379
57431
56082
37451
87960
80811
95506
7541
26182
23141
77513
44538
72975
79439
18374
81531
28434
7048
65917
25562
9370
2854
42368
16727
11283
75747
44
41087
37310
72408
75401
92839
54532
89198
16852
51101
54137
2257
13582
19059
13339
82341
22348
73828
11174
39928
78639
61448
5482
52861
83512
10587
38264
49299
90786
6830
52208
29633
41247
83278
52840
46152
58126
99429
39362
3331
80992
13996
50548
7331
72878
85752
52952
24840
10742
30536
41074
41708
78815
5217
89319
48041
75324
57781
302
63932
91693
35046
33661
85113
31030
20572
98290
5724
22850
17710
1
25675
38412
49415
16907
38032
37970
8821
32141
12330
25108
75153
23803
97863
91392
48317
73767
75180
7451
27887
2572
3629
18132
59940
57180
65441
40870
24823
5799
90730
14121
41480
7408
53485
37790
86251
97
2417
17609
96055
46425
13218
42777
83624
58504
3364
60505
41074
3001
72291
99374
68937
6923
67196
77344
48211
78903
85021
65359
26030
43824
78223
64636
74652
97762
53584
24111
58933
62451
35393
21465
75961
53544
67577
18899
30832
56215
47389
71244
80526
45071
32878
74704
5360
75908
63932
13742
14804
14846
47325
13033
14057
22831
56050
73282
18802
85249
39479
72410
99784
1121
16147
15470
62229
38442
23366
96233
21192
69189
15642
80784
7425
35484
17017
44137
28378
60701
21993
15679
89329
69727
71573
24078
15108
34751
2630
14427
34855
37776
29633
2511
66703
62552
10177
12685
33301
22269
82113
38330
52977
24371
33341
67139
17054
91493
80818
32797
78024
35130
12265
30860
18205
5331
55508
2457
96173
30029
80714
47223
22735
91932
45325
79498
40087
36673
27523
16588
41192
70916
18153
92916
28865
42058
58855
53724
48979
60543
20910
71450
12183
22291
18996
90167
98360
44082
9073
79166
34545
42516
6839
24657
5628
75047
91376
85602
56303
64668
41840
60389
36459
52068
76122
44256
77218
84700
25785
52216
28594
66103
12312
109
47407
2847
10184
76224
32141
47201
76212
93326
53694
47785
52268
75140
71045
7148
80121
27345
32814
81440
59709
63897
22917
55710
68686
82723
46036
25374
62172
14327
19988
2484
84270
71805
80693
79803
81740
33280
58388
94111
24554
17435
75486
64283
7418
88625
67033
65304
74124
39708
81041
72266
69497
50477
15303
76548
88652
84944
44156
13390
32284
19576
30833
10221
23581
93632
67931
10772
14437
4604
56228
42804
79615
78394
96716
51451
43477
51909
4841
48420
89367
33820
7145
90698
32824
6637
52550
51138
78480
12628
23893
75781
32366
48270
96913
22850
38512
66463
32454
68963
33010
80303
17204
69497
7127
23989
99618
97683
41427
66595
99802
61425
24731
99045
91926
51119
45553
44382
51780
25801
14357
37972
68432
66016
90896
56208
18685
22476
19
14614
72116
63798
4852
28625
11746
67591
19962
79237
63955
78105
77440
3926
59563
30535
40536
36495
96004
5774
35245
91943
42471
67548
73890
12862
7869
644
69233
31662
68973
95109
94451
57625
24058
1888
69193
1444
88470
33056
37606
41684
56446
50242
44028
91711
31188
42368
82732
58585
49793
2455
76098
42850
863
1900
39031
96332
31577
9210
71420
59078
61554
14783
49967
25081
71502
280
7000
50774
15121
97484
52942
48479
11220
20422
12268
26472
53555
63293
74727
12279
75135
21009
83114
50182
74431
23977
80478
54534
98479
57150
77295
64546
94258
76159
51299
87408
62212
41151
45324
74772
2422
45348
51641
3319
62805
67519
68258
81074
22387
25429
45621
82540
81213
62300
27140
39608
41312
85354
36824
99507
61669
21834
63945
79509
25710
97615
78431
59248
76089
78439
38114
46040
96638
60506
43458
91920
56441
64452
96594
76217
23872
60566
25138
47983
42384
69921
11514
55956
17357
90892
16541
38417
53600
66133
99347
36326
45450
42437
23475
24811
62200
16525
75205
49929
75315
61455
14121
92190
56179
36126
51121
54434
75324
63430
58216
74532
84535
42508
42444
71270
22816
47526
46949
64152
53182
51541
12148
83030
35064
62258
65304
54452
58220
39291
98961
32141
47727
16363
45464
5174
23174
62258
81057
65777
48024
67036
99937
99680
96991
31282
35182
59463
51415
77886
94404
47743
56512
54936
36623
608
27017
1828
99028
54664
42638
91698
71578
74470
5548
98691
66272
2745
91376
98670
52894
25381
49635
46572
1247
42345
18314
37900
99381
60049
47235
18513
5445
24220
55659
49978
48550
14176
70
82516
61097
58781
87051
43335
10122
58110
16825
65943
20854
55408
69836
78400
33501
30689
96626
15645
28250
931
48520
52259
27434
33604
88800
88175
92303
47856
49973
75972
833
49391
3560
40871
15750
45646
52294
53600
99143
92398
88444
14812
44600
15704
30290
95091
90263
99105
77344
32284
45045
3239
45867
8274
45612
73828
57486
58162
91095
22837
7363
11014
76839
46125
25688
83417
41655
74839
19117
54446
44014
75462
63971
74134
66719
89670
99681
39494
7271
50275
86266
53545
51720
8323
4528
44194
48448
64215
76525
28324
48641
66197
11811
2555
28502
88767
88084
20181
29901
14407
58781
2847
50274
16414
12303
16271
42453
42753
82652
67691
74785
26274
69780
61976
19349
67630
98918
22615
35103
10557
33046
34174
22129
16181
12180
5724
29458
82237
75169
6203
36500
25641
51262
19398
38203
30463
30646
41625
25806
33380
34056
51526
76010
20115
42734
84880
57648
7521
50542
5157
9302
34248
69780
57990
2847
64154
71261
20425
72025
51641
61417
93335
93807
62127
36798
27223
11835
87095
20331
57051
68709
7983
94000
10288
36016
16721
81996
20254
65595
40582
27410
84104
19000
70127
52720
49154
2811
65300
76577
30546
74758
91511
79073
81374
1812
94414
96166
20815
15461
40609
86003
59556
39497
98916
19962
11205
45372
64155
27144
96549
36783
58681
48072
67519
38246
50463
34555
45289
32728
30798
11853
54834
11971
27477
39655
24834
73421
3645
24408
35442
92972
6170
31842
31300
18180
28101
38203
19300
3830
52168
67845
23184
14652
13390
29916
95912
12101
7547
75908
44028
74075
54345
15780
43335
70481
69662
55960
34056
57642
62933
16070
89974
40517
57871
89916
40781
6852
19590
1670
81153
55690
20452
42022
22375
31547
13184
35157
2338
14378
74983
80252
34172
42444
9519
39979
94695
39013
22402
36607
24508
26030
9010
1533
30038
98096
1233
42753
9310
48710
32130
61630
72434
62722
16552
76222
59655
60230
91171
84749
51750
7959
24645
24567
69731
85883
28339
89607
88156
95599
84891
42473
43127
69137
5650
13393
18440
5919
88571
39538
95129
79136
15082
58344
34482
10122
53398
64452
40752
86205
81044
69004
55669
29485
56395
46333
87832
92224
90809
76091
43558
38794
13390
72546
93133
28231
86093
57022
75727
11674
75502
15654
73660
87654
90013
81699
9975
64900
76994
21312
61769
64141
68441
41921
72238
47352
23303
30713
25111
91002
40257
93780
92122
47431
35571
91151
47625
38624
18510
97469
9195
97448
9129
48453
64995
33083
74993
18948
58558
66213
17573
38722
27104
4336
79061
97276
99054
63160
53569
3329
3803
71535
18685
80699
50630
97590
27084
6983
14723
44625
60798
40577
45651
24480
64875
46527
24985
71834
39362
31303
69873
34695
32244
50855
19445
99818
26217
3331
22725
34346
80121
27223
34897
14684
55402
43281
66544
73890
91212
91396
9579
65182
63763
40609
61858
62058
89479
16937
62212
16277
51735
97086
99450
24456
79939
7306
29127
14486
37066
9031
72025
90594
18241
98391
85226
51734
85226
80442
40571
18082
97156
3926
31574
22120
57285
23083
91988
81374
25261
72216
24250
51704
28502
28978
11501
13847
43036
5633
47857
77513
73144
8714
63329
16448
20910
41846
32308
94582
18743
99540
64090
97136
86003
33867
54077
65569
31530
60053
70986
14427
70397
80218
68243
2455
4571
39556
42224
19576
36261
70145
99143
10114
13699
19295
14840
84793
59192
32893
23468
18526
23803
56802
22176
12767
81993
7251
71600
73031
3698
42813
18401
87547
72585
24147
63209
76190
7306
27769
22129
23989
68300
37090
57401
15773
56034
24085
96671
49112
26336
7039
50643
79805
40609
37241
99344
98524
14614
82575
63045
35893
16174
33406
52562
7521
95964
13218
41723
10088
3970
10257
47231
42465
84794
20901
71906
73451
93206
12776
81044
68733
53174
15286
62171
30913
47183
58467
84071
47685
8033
45254
57818
90975
48025
75169
58102
17278
94044
3376
33107
92279
10521
42449
52816
20422
1339
34650
54385
73555
42870
87715
33953
47652
47341
60710
24357
89663
43286
8360
28810
77404
97703
53812
43956
97672
43353
17520
26668
21283
77281
71042
3506
28634
64303
78633
6334
99942
80471
820
13482
71207
13457
87501
18757
34274
95463
14873
79993
47111
70196
47532
46447
21265
89749
52107
17731
23121
20111
63073
99816
36126
39770
26020
59087
11041
61127
57098
72388
1222
47568
54532
96662
55404
21279
83511
52071
31503
24444
95716
54538
56122
34245
50427
41312
72480
8511
22561
18123
4481
63199
97939
72624
13482
94964
33010
6631
34036
12385
95469
79068
50477
32581
8188
65212
75413
91607
2452
99631
80847
23782
15375
79661
20528
22476
47265
25072
41378
54360
98827
83970
9758
671
42567
41449
34257
41291
51537
17504
75652
85443
65572
31825
29949
84198
89391
5821
52126
75150
47142
3667
80963
21767
41556
47025
23788
38637
1882
7366
53965
1390
700
98479
27413
41537
47052
69004
69139
41750
45324
15119
54235
98073
5224
62851
45520
16741
30680
88913
15407
52681
69517
65590
62136
7331
32609
73709
46090
78581
43306
76729
25840
34272
20568
22850
21120
8715
33193
58123
11915
28897
82557
99082
41119
1000
82755
50660
65499
45025
93944
487
72443
19227
99705
91950
46350
39206
50897
81041
52826
81802
11051
8625
95694
53717
11835
39533
79608
33019
28025
97106
22060
11804
43346
56225
16448
21792
66073
51697
61451
88652
16524
82615
17701
34548
89974
23133
262
96170
50463
86930
33345
96809
58132
42545
54624
54165
54892
22559
39167
12262
36216
76019
87564
99136
73452
75908
33308
219
92776
27988
22831
6440
13903
32468
58132
54137
14911
57908
23906
38811
94897
96535
80973
42131
75431
46668
81523
44
74857
3607
88840
42714
25702
3321
40814
78982
57410
70859
70804
77812
92767
55432
45306
59338
71411
46630
97
41807
31499
92222
38709
94818
57619
60285
84104
74743
79627
3869
8425
35755
33120
28321
47562
62508
4417
19124
8233
94252
21321
19493
70691
63504
52651
34603
26724
18210
63632
15591
13300
76172
54270
17303
60049
61700
86815
57792
20899
67712
90298
15011
84087
34545
94582
73097
3029
55141
67972
33958
72577
21132
82314
34715
52801
68991
25207
41810
67222
34187
61007
20630
42615
22580
70447
320
68866
57015
43463
67712
62276
78439
29114
49451
43306
14218
81262
14180
34552
34524
6302
81201
69954
48355
99227
14645
78456
33023
35496
26393
9928
66331
47401
57024
90957
91848
79037
52402
41265
75081
50499
5798
77527
78590
33958
12437
81008
46360
81074
70390
45453
90298
3139
58079
28256
62717
50133
52516
12347
96032
3067
32841
43605
80795
73447
27126
12622
74532
22210
97638
313
5218
4271
87084
88108
58681
76377
24444
73968
20313
35103
12939
26712
24456
39961
15226
91544
47578
12481
30456
29619
10663
41078
9230
2901
27379
92033
70133
90957
16907
8396
7124
9370
51562
25280
51807
46474
3010
70171
27992
91389
17423
60435
15737
97905
17504
54678
25405
51078
25489
87590
1090
47849
7441
26966
17069
60506
25540
14516
40775
4278
55069
36986
38588
42573
41312
99381
30661
49796
33280
53755
54583
49748
56197
55443
32411
33920
49285
31697
62557
99748
6230
11341
38696
38976
67854
76109
37517
329
92100
61277
75652
71006
37603
51887
43254
39196
21123
25750
21176
86909
16397
1141
93236
18318
7541
22201
82341
87255
14743
72116
77547
36777
13418
70106
97922
71450
93077
42328
21470
34524
59716
97680
69772
2524
63607
36073
44611
5255
8152
21366
79106
73196
49946
36403
11358
73691
13323
45778
75817
35245
41048
71344
35244
6893
80625
76666
79516
11455
60595
11808
20881
89698
91212
11432
35274
93335
12663
66777
28939
16582
47849
38287
59422
6650
22565
27579
91239
56493
41480
65274
47243
46360
52074
15734
10290
85443
5181
3907
21922
46603
89637
57462
19376
62182
44107
44159
25146
28873
34118
76271
70215
18750
83199
63080
31305
42811
16144
12148
30907
62247
13185
37006
6166
6730
63307
77281
72344
54045
96556
49112
29788
93007
1814
19117
82431
28213
86212
98370
81398
28540
40944
46184
85621
96626
11142
98750
51021
44429
13090
3355
84025
30676
77657
11737
36050
27262
75210
92036
12726
64564
60616
54850
39358
4494
94487
69004
7398
44835
262
77518
21150
82344
27775
10528
59566
55731
80811
52894
92591
32182
25454
31266
55965
71423
49748
28256
16796
3376
61425
60893
12841
3231
11501
12123
76422
71054
32133
41270
82330
95946
67019
41347
32389
29767
10121
39772
12333
14780
74502
94487
91943
3153
62271
42371
32445
96638
50174
46668
31023
45768
22060
47142
41740
43545
83637
33833
74008
24534
12652
26058
67591
76033
27564
73606
39002
77815
16937
50360
92172
93077
3079
37515
38454
37441
15145
49594
40944
65403
58213
89763
62272
75015
16858
5919
77675
18210
27465
21418
53398
73636
21652
91171
38728
87494
52740
15494
4184
84131
75187
21580
15642
59167
16795
21229
63673
41027
76271
33013
41565
87876
99861
72405
77239
6897
91141
31903
98381
17550
24205
63738
98813
79438
21018
11764
5499
45994
7663
54071
8470
85543
85202
66682
11955
74856
32474
70788
5987
42756
30676
41526
87143
67980
23090
58752
2581
91092
94874
8411
10309
36387
83953
33109
5715
81785
19511
35659
80218
22561
93236
58492
80099
95056
42831
11154
27796
92677
38722
7248
63503
36070
9632
72328
37222
47622
97083
52756
31503
96873
29972
72550
16544
9219
15074
51591
55785
68778
38033
79922
18132
35469
4900
51652
1527
32486
904
25701
14988
28250
17369
59291
10366
81431
28143
75143
98728
40271
66668
51519
46587
49059
22734
99143
85123
12526
5172
18183
13122
57877
40995
23130
16697
1209
6550
29910
54352
51708
69170
5781
79267
40365
45216
51737
46711
96780
75582
44385
78457
33913
44942
368
85393
84025
55017
11205
61679
85268
35544
28213
92519
77311
43066
3646
83976
1125
63007
48321
54426
54720
49818
47808
89073
86258
41328
36595
7154
41047
45611
10844
38242
30091
6032
23281
48170
70408
39632
98524
2919
7039
94783
7144
13557
93678
20008
42328
16739
55058
13188
40517
37422
23038
52529
53452
3902
75677
48944
36623
98374
88840
96129
83872
16451
51154
92377
32824
41889
41720
50482
90023
33023
41495
47210
17609
71850
63595
54085
64979
32842
94448
29584
25017
27126
43063
90951
29619
44801
6361
65500
44546
2815
13499
69089
81743
23009
54707
50897
15877
64171
75477
78574
44081
71857
386
3986
34871
7172
97111
92030
28150
68877
73301
68998
43428
860
83992
75137
30968
49414
32475
53452
36837
90737
92377
65820
56215
236
53254
21729
19388
45805
50714
62002
79372
24570
96837
95129
362
29211
38125
97165
60345
46117
30760
80741
11823
18880
30001
67190
30290
21995
8801
75855
72520
81464
61174
6983
26361
3383
52615
15886
82413
52074
39700
98974
29630
83239
75684
10724
5471
4640
65394
70171
21814
85816
14291
43181
51114
37297
2933
28025
17534
54707
20212
22865
60560
36340
29112
18135
14911
99008
89447
42683
23963
88941
98913
1484
77293
10258
61181
23457
42922
37849
20741
44271
11382
30239
46451
92391
34659
72314
84981
80200
72621
22734
58024
11238
99105
93301
81205
73606
77329
72505
12939
51191
20285
70961
81123
62272
86373
39013
66730
72405
85012
40004
23741
54892
8769
4144
36955
7418
98193
27314
72341
59056
10755
78867
98075
83992
12501
54483
38690
17424
25048
24807
23991
78775
8033
89189
70366
28658
60404
6202
53965
12328
41087
54867
81243
20026
85170
51788
36092
78518
23742
79805
41074
21138
26515
82237
16097
7475
62852
2158
42191
84112
55782
39020
62851
81180
84577
97368
47410
31771
27973
26285
14459
8427
47231
69230
71330
81041
99691
70903
11804
1215
8600
66559
49946
45553
23331
59494
80396
51734
80759
38330
35053
18507
82205
75916
31307
84780
99942
23725
32636
57137
62755
88100
92255
94992
45483
43066
14473
89479
76792
3907
82311
43897
63530
82135
65539
76712
19296
45534
39026
70488
19388
20111
19269
10484
11241
33446
8793
26427
25804
50336
83741
54156
79003
60490
8332
14625
34065
83320
13636
72328
41074
82033
21437
61552
81404
14274
71006
82074
28033
30779
23114
71119
75204
20881
11464
21880
19902
93680
22375
82443
43741
42022
56881
70421
556
77673
75180
10808
44322
58231
69749
11838
69170
34542
42944
13930
75462
63350
87314
60334
67458
33364
74820
39891
48410
39062
90768
71850
64333
22997
42075
24276
29377
93617
17424
71345
49319
64141
92845
57051
99644
42999
86626
43452
32278
365
5747
63061
27450
75881
33534
31697
40366
55857
5695
12850
41494
44942
42564
49404
19269
64857
75520
12538
57432
82990
10882
32977
49211
653
83376
45254
7215
35503
47412
75468
39169
97136
38445
13366
11951
12184
63043
80801
59807
44789
45877
95944
52680
81012
48401
91936
23938
93921
99595
31053
48112
84844
34826
280
36896
45664
36689
57468
38642
70995
46979
44336
54237
45276
49394
79843
55850
85206
10814
51461
57510
25621
24735
27129
99216
5331
19269
94469
97276
37254
36613
25702
45099
11914
16118
60032
28810
45664
29377
47051
80793
72795
37551
59065
35544
57250
9012
7196
93876
75748
3779
54723
34363
23128
14132
77045
1995
87078
98799
22374
24295
888
50271
99478
7887
67677
98986
18998
84757
71096
5987
12652
12865
82717
20825
75909
70896
33091
43172
52675
48198
31474
12101
80937
10758
75718
5752
64994
32474
20003
48553
84423
33017
3986
5666
91997
27414
41074
65569
53530
7184
64979
29033
40178
72410
13111
63917
87223
11627
54834
65593
27622
5715
79649
95772
83023
44644
63902
59708
63067
44849
48937
13475
55240
45237
60533
74389
49649
28015
14011
44731
63209
21090
20910
12413
48632
81051
13757
98524
53130
17875
37066
32616
14939
27612
41652
82052
42311
12265
47315
45028
72579
53485
27624
93546
20121
77657
66445
25498
12385
74123
39491
75401
71226
77011
87867
61225
25374
64125
37551
899
30907
63800
85054
60852
76193
79805
53442
24423
89418
6404
36706
68251
9565
70518
75781
42238
91295
64722
82502
49945
37890
26145
61822
68251
1221
73683
83624
44028
78906
82933
98067
75420
6136
78096
47214
59536
78278
12583
98690
84937
19272
45949
44721
29391
14810
16222
40090
3283
28311
50987
77295
20338
46452
97085
20417
72408
46599
44538
80811
48448
97380
48402
51564
78382
37894
55396
89444
45644
19529
31334
19925
43271
91214
24520
69449
89290
30629
77725
88751
82501
96671
47865
15099
42345
74813
11508
70842
43436
79068
39133
95650
1309
64722
18587
53147
55287
44237
71701
97732
43463
4447
18234
72129
62672
6637
45462
14311
75792
27612
93478
51832
93260
89036
3091
40552
94937
37144
43499
94139
93829
88001
50718
43458
71060
83421
47839
29300
30634
12862
37451
30797
82250
7390
77182
82495
38749
9236
4175
21192
8006
41044
96354
35064
78590
25408
10857
50554
73751
93632
52408
29398
37412
6008
32166
3689
46171
39236
46599
23274
78172
61172
28105
21321
36920
83417
44798
33913
96594
49111
78238
53427
45534
17690
63316
89447
49415
22556
60917
85011
653
76552
55596
54612
24131
19706
43036
11764
33166
19269
43181
90073
11840
50471
93007
49299
61739
62199
18568
48311
39620
93078
912
84666
21672
81440
15622
23272
13212
17453
27071
38303
43682
81440
82658
66766
78840
52081
3092
14191
18322
82740
32472
93772
63503
20313
55164
89663
91920
51011
44256
47498
22805
36089
44534
99134
37103
43724
66862
1933
25868
14011
49954
34271
58781
71922
30130
50997
47161
55292
33928
63824
5789
33107
21834
96945
15078
47108
62771
99445
78143
35227
74250
19376
9378
18410
56412
78363
21399
40356
84497
69655
19076
45550
77756
54710
93001
99507
91905
38115
87633
77926
70452
68212
60037
57855
27388
56340
96780
40817
89306
42058
44194
12192
39277
25110
94514
64630
51446
35031
45028
45928
14078
51268
58054
35542
39981
71731
45372
99162
18431
54425
55534
21051
2177
86815
55141
50812
96505
87328
33661
54805
47523
36293
17702
1474
40178
53444
21226
56359
21652
91629
23454
89819
56593
12501
72379
11168
9377
62030
25621
25861
56043
32272
10814
87876
35893
20715
42324
63126
11850
24615
79469
6308
10881
7793
2091
28540
21110
39449
8281
77578
64503
31822
81526
43628
77766
93916
74464
36612
85907
96708
44644
33023
28436
95912
49659
40855
2417
74568
5111
3031
52270
26309
97683
48641
51416
67242
96129
32130
16998
51347
54644
94493
24417
70547
89474
2572
3466
14720
9698
97000
16425
24713
7599
98744
77405
84947
27140
57810
34506
22219
97964
58622
23330
99196
13285
82634
99487
88555
19592
77868
95506
69199
92300
66050
58402
69819
4781
33626
51652
37279
58344
68664
27162
99201
79348
97199
65659
76127
46036
79516
15909
22738
84355
65411
13881
54505
27912
93449
78571
79998
27975
25240
42654
90031
92458
31933
32830
27774
66486
12672
34826
56953
16484
63798
81075
76003
67972
33296
57619
12411
21202
75187
41753
25614
64171
70869
1222
37619
48435
65225
43175
18081
29300
44217
52810
20630
97627
56141
15114
5812
20487
61484
52048
69233
26815
53433
34987
41274
72697
44600
92398
53053
82393
25758
17330
16254
9761
24259
43218
4752
69083
32741
82324
58132
73869
62285
51644
38728
24276
88001
1366
79386
8478
81318
75014
52249
13662
41399
784
33766
30001
8679
5063
48567
39671
36978
37036
76360
44244
86626
93928
71146
41119
71960
1512
49964
20331
5919
22627
1475
54523
22387
39133
75881
80811
17502
26199
47757
37066
40078
6543
6404
32991
67951
90012
52461
12129
91349
12057
25562
21726
40900
26172
21051
32481
12473
25435
22191
10874
57041
21407
52857
27143
74401
71423
55405
71540
16554
22249
17483
59441
27577
63433
79308
14705
11951
95224
23893
32481
98827
44235
77857
69715
64395
33607
76306
50812
33123
52644
5178
38696
25657
28150
6983
10182
97683
47105
68522
59643
5063
82501
81893
56214
89335
86324
10841
41375
44789
62580
37882
54111
51743
99917
63334
51773
39200
18057
66962
60506
9579
1818
7598
38811
82436
92242
41171
41724
44372
62919
42516
7255
85838
32745
90975
87283
37638
22057
72775
50242
93982
694
90968
37498
11243
40712
7452
27216
19389
80411
42371
35334
80554
96555
30109
70788
16174
54082
1825
11314
81075
73421
62247
29425
86528
70389
59807
26966
12671
27413
9089
54876
54298
49879
34991
43268
93192
50336
78775
75021
53103
55375
19329
81423
38512
65122
54058
67226
72216
66043
2030
34271
2910
3351
84543
72988
6023
80108
86397
78040
40906
41564
28180
98706
66559
27622
31994
36837
97380
7412
45994
28605
35343
72017
89794
63495
15886
51270
29019
90687
56994
54111
97106
83947
89689
63955
75582
9683
92271
91765
57342
87255
91122
42267
36376
25268
23527
60673
96616
62762
12297
20425
6733
50548
57817
38442
18839
5826
61769
79163
87480
33032
11168
78757
34472
81132
77540
40009
13769
38224
2157
40728
39748
48371
74704
81143
30986
86626
99134
54254
63873
42834
39538
11234
54344
12880
7599
44849
31852
88175
71858
49946
84204
6566
41993
69708
10366
18899
19221
73097
61285
96317
73412
69107
65478
89075
88391
7804
22681
54464
84250
8963
89968
62966
70036
35517
48140
44235
17287
19124
44618
48844
59671
25647
26002
92139
54416
5178
38147
93176
46148
52652
62127
18135
15318
20582
93870
40690
60637
30076
25756
5477
49522
46433
76226
91607
16973
13184
68581
56394
39619
79059
57810
39200
42863
4774
11142
99443
50427
80704
8414
27937
33634
65472
52550
81880
67089
92666
8108
21183
93770
44410
11438
50172
46668
13339
29994
97732
65917
10670
43187
39001
1115
66686
42259
80562
62158
85838
27144
8603
66733
94946
36595
52722
65241
8121
35484
41562
53063
44104
32218
75401
4752
66688
8801
90007
97489
31457
16397
83221
58540
66310
4852
41671
32103
14404
91637
12074
49954
9519
33028
35360
82052
14507
35218
13582
50643
43811
7601
24224
96908
11125
78349
80957
74820
35596
8427
15702
5798
7574
1000
10976
20360
18374
64444
23121
92630
89703
49659
52280
95671
73228
32121
15507
17276
31577
19241
74052
4888
98706
98831
42550
64411
4842
61907
41470
54063
47025
75351
91699
79166
90986
21672
55424
89474
55702
72167
2714
69319
97
45853
25732
26669
11014
96087
45342
53484
34428
48024
75801
22586
83330
68646
30001
48757
93874
60998
81875
35983
87014
12941
52628
71438
4714
19637
84710
1697
82311
9954
63919
47757
33436
58618
90120
47983
75846
24553
59365
46033
95506
63991
24318
34603
44159
3346
48534
21219
1666
99188
41372
5336
14846
45511
28108
87851
31447
32693
85781
91639
53503
18820
89169
14437
47464
90323
37814
6830
12570
21134
14702
22344
42170
20212
91269
31433
47775
3213
66034
17483
8472
54483
49847
62552
37790
47315
36604
91376
24516
32389
96873
26815
25204
4184
34721
92360
39133
54220
31350
20369
37225
48543
81611
44939
35350
79806
20369
34477
20063
98961
42627
36433
55137
208
7271
21201
19114
50282
23609
2548
74232
23009
81105
26711
84379
93087
56095
53839
9597
34181
5284
12108
10706
22572
22438
17695
28557
11456
83096
53503
41716
17578
73013
33012
45028
4178
73169
57173
93678
44914
19893
4959
32310
99169
84088
3038
44644
48107
65128
22672
22750
27162
45642
29089
42055
38392
25138
85344
98533
39780
85344
94590
39623
83246
35305
34630
52526
88625
18015
2658
21051
96098
77458
63604
78754
78999
82131
89698
17543
84974
44948
81389
10670
33083
11805
81134
57477
57413
8060
76141
32752
13307
10959
1158
33436
27192
43821
79964
76721
64654
61425
73849
24546
26390
12347
86221
40582
27253
97882
73961
46587
73999
84123
27170
43445
8099
15654
21138
18142
10000
31228
19151
85079
60605
44656
96219
6083
47421
33395
54614
9579
52612
2903
32728
13814
65124
67519
36540
95643
92775
38330
10339
79221
60710
84137
44924
4906
98979
65141
76063
14047
81102
93835
94769
37079
8218
88199
44993
41704
97003
69453
60987
95482
81116
52454
66307
90046
14516
4871
52608
72769
2800
53147
34718
68324
39289
54491
12018
38891
84322
53548
42743
25240
15624
75322
25467
5811
32380
72546
20847
45273
28470
55804
28341
89794
90912
31814
99316
85543
60613
41684
42573
63783
41238
72840
28504
21201
58231
11314
91666
41115
57234
75747
51461
13989
39479
13418
31230
83118
22549
76030
76211
41180
94459
90310
55017
56828
45317
31299
15033
56179
69387
10745
54702
81047
74520
34747
69947
22204
42546
46415
16399
75431
50360
78185
57021
45949
78382
73515
32121
24543
47205
21438
89794
44525
76091
50364
23039
4147
56144
66197
42238
83554
36968
33413
65152
85855
81315
29139
25720
85725
75120
70217
1151
5172
16425
75143
7848
80180
28513
47520
28330
58213
48731
90064
6656
45055
22168
338
30301
41146
17875
78287
98392
20091
69919
48780
27832
26866
43211
42273
9331
13874
17505
83953
57961
48231
34774
87014
4554
80251
84355
64564
68574
54220
39198
88571
39479
26711
19639
44546
20717
5282
55205
69192
80784
76030
84535
54612
35218
35821
24183
34157
85120
80299
8874
12474
26215
35469
69040
3013
12707
97989
6073
61630
31023
24502
79308
68990
49590
1882
27480
23
30970
653
2390
34254
74318
40640
48756
89931
70815
86097
74322
97307
48236
36160
88480
2784
33634
96708
18531
95964
77259
52592
43634
62177
92089
70630
21677
43363
41813
37849
69495
3667
81520
55639
47685
97894
73908
76458
70331
2752
40157
80740
73555
74398
53425
96193
72710
71553
63932
42449
97122
99645
32482
14738
19488
30013
82605
42494
14750
23274
21655
39086
43111
24483
32864
14075
99813
42165
89749
79394
42471
9233
44
43271
5571
60353
86423
2581
4714
73809
7824
35557
63239
66650
79489
28685
42311
3913
63595
27804
63700
89029
70214
98148
30680
91
82
59144
93358
27739
97683
51591
98913
81052
17857
86866
64564
78936
89607
12914
51028
19412
40572
74523
11052
52984
5855
85710
1481
46090
51769
55735
29980
2693
55342
56427
28321
42723
38079
49484
24432
68125
33830
9876
6879
94596
69549
52268
75322
79061
66043
56221
8151
93087
35031
73241
41921
37090
18012
74705
14655
79484
9046
55416
61070
51944
48623
60534
10076
63239
72889
56821
40078
99861
35031
44429
57890
10814
50660
97380
22176
67098
72187
97386
38796
32472
7360
35218
41742
8088
48543
44773
90037
21419
26722
97943
38891
17609
49653
12808
39449
65464
62885
37157
23486
39847
68522
71639
69189
85816
53596
94549
4481
45058
16606
51654
29109
45523
7090
91639
66619
57018
86396
61976
39881
95109
96708
55578
41138
63738
79863
40406
97469
33109
49349
53398
11401
23448
60923
70840
50533
17420
24507
23636
80036
11048
30238
9098
9362
1882
67980
55535
91986
96173
61582
97683
83411
42055
24543
85294
66031
32754
87456
58187
13998
68396
565
11429
88800
7524
22738
28612
84362
1663
97372
10572
62384
36076
52164
80848
16973
8144
85575
62696
11580
79122
24580
40752
61228
33029
57074
95019
33539
12808
74389
94596
58771
95190
51929
1920
36197
84765
12762
33143
28436
93497
13784
2080
72414
8141
51464
59346
57258
27432
58572
16660
25453
75553
65559
103
20602
22559
63954
79680
82180
80144
36607
46451
36261
39772
91141
63007
13233
47875
31366
54720
65451
78555
73691
35956
19
79156
7636
17354
18625
70093
52374
20157
81734
56956
93031
74321
45450
32842
72543
57502
73245
96954
13482
81243
1733
60528
50634
50774
98306
47208
80414
48623
2527
89169
89319
87892
36061
21183
13841
23930
34063
8555
33123
71060
88840
32031
81857
79030
11955
95842
64578
4069
12438
55071
44352
3645
28717
44222
67222
35035
93478
33859
63987
65965
62125
91544
31530
98750
28051
73836
20174
70482
24494
34065
89381
98418
54543
84416
36932
81413
31309
38003
68225
48137
85062
39583
95536
45055
83198
22296
76633
80425
67792
38246
680
75012
96913
12565
94139
17693
45156
95482
47325
68158
51101
60308
85862
65275
22204
23906
41151
2383
13142
9640
28755
99886
38211
26696
27757
31339
43628
70090
81993
45384
76109
21129
45405
94873
75187
50560
20258
78087
40780
89183
58206
65818
10366
65275
17875
20115
64603
98293
30466
60170
49379
33820
10373
14551
1275
33446
76217
52489
22750
48416
9406
82231
90869
23684
14889
5178
33616
26427
82081
30200
67139
57135
48641
24651
58275
62574
85434
79275
44853
48702
64141
68666
84702
15201
82432
81705
76729
45786
67221
71785
44904
28506
51641
20584
31900
79730
47321
74839
27697
34725
78048
84213
32998
93310
77239
60987
72225
40751
74622
54438
75531
62557
52657
15708
51644
16263
92887
52534
34965
52534
5455
38079
42243
16336
79439
3456
70451
32158
15688
7063
50747
40788
80600
89920
72450
4887
10527
12941
39200
93944
75024
29112
47705
40653
96266
74008
40536
37418
48925
94769
28978
97631
72379
58220
72048
53844
3932
43548
42222
58816
82450
54994
74808
69710
45699
50650
31284
38624
91124
93761
28502
77101
72775
99344
76217
33701
89392
22276
60463
47568
33231
3466
63621
73517
12776
64668
49397
78143
4428
61796
70525
62309
79059
42952
35571
5471
4284
65572
10330
98447
20547
39891
61448
19241
79166
68397
97683
14312
25813
52180
18652
20847
98391
36460
52618
42807
11267
47241
42999
81232
22762
16277
11197
27253
8967
66133
30086
70309
10881
41155
98920
81984
51652
30213
50994
22676
54438
14840
14732
18880
3056
29951
85079
17173
45371
13842
52621
60631
59634
61697
34506
1390
34545
85213
3680
10337
15773
95910
6736
30736
3001
14617
25318
9291
85226
44618
17226
33266
96535
44674
40714
85612
56228
63670
70482
59097
35554
22507
54621
82339
79275
46515
55045
31428
16632
28557
19983
25165
41702
90406
48088
74044
97086
63367
82440
55999
71055
41470
39313
47831
57432
97275
87255
79316
85871
10300
65403
98254
89392
78287
38554
52443
99644
78401
25416
64445
81526
39819
67300
73517
73542
54678
18857
34544
71609
9307
46171
27015
83272
55033
92217
89794
45235
84550
11015
11342
50871
25082
57801
89703
79828
42507
2333
65606
31660
18699
70284
36595
54720
59536
65427
2306
17520
27577
36067
85572
90120
97860
12658
12470
51494
37415
907
14128
63978
45396
71696
79762
44942
91369
44401
89029
22179
25443
37790
79059
18205
98968
78014
94987
68003
38359
61484
36637
83392
20254
29519
21283
27325
80714
89233
95346
98689
17226
57718
23744
62512
397
48270
53485
34533
63343
43603
31899
24831
44884
4187
2881
82615
29577
52561
70414
68930
21993
94394
40774
2211
6373
26518
21183
44116
10274
93533
40417
46343
71578
11051
14183
52806
79948
84295
97649
99798
54805
58467
68251
36045
32009
72243
35938
28044
67961
98189
75558
51011
10353
51087
30970
62438
78639
24311
33046
38424
9400
58178
47088
86225
35983
20745
17119
57625
65812
98906
42438
18315
89381
39289
91002
23184
67757
20003
90037
99008
59079
57648
12115
79844
9195
47685
2800
13
31769
82643
44861
54990
11707
54491
36760
44543
17956
97828
54369
72017
34118
92245
56446
16679
55369
87517
18526
15375
8778
8251
56499
13821
75558
79989
28105
76169
36917
38278
80147
16541
76951
5845
95167
96870
8425
82047
50218
12927
793
36824
62093
58477
57180
80188
17483
72219
48708
17096
58402
58405
93807
27129
65059
45762
64456
42242
6923
41870
99374
57774
33676
56660
49111
62154
21501
45063
12238
26384
92622
90037
54524
73090
81899
30013
33902
96266
99318
13976
18998
86369
52273
22746
901
71702
91376
88201
64456
100
18214
65950
97086
3896
43224
43554
92972
80478
62212
32133
66688
12622
3383
17058
74470
55450
48534
70428
26852
33833
15734
48505
38966
97922
1039
46155
13285
73214
43477
61454
58883
62515
93655
20257
92063
16263
54642
44322
44897
1814
51375
49783
48749
12501
22438
12658
18938
49913
71267
54164
35103
73691
96919
24570
61252
95129
99261
6582
85226
70309
91943
50554
14617
46115
30667
81839
50991
46814
26552
19367
45466
67195
99443
33083
22549
96571
48449
25165
65950
98703
54063
37972
52273
98183
78780
1233
23000
3100
91076
6955
5199
94522
42384
50454
44336
77758
15823
18082
77257
88011
26185
21088
50994
18570
45342
79946
39772
15238
28074
27520
79527
67091
79991
43268
65472
72871
19763
38287
63160
13574
22617
77581
33051
80112
98900
93194
33687
86457
34978
87328
45768
11322
57105
25734
74510
41440
50248
65539
25461
13663
12808
20019
79237
91986
64542
50994
68457
63050
87127
82897
55569
35244
69819
58132
53844
69662
41684
2455
23998
45371
17543
63837
38673
62145
42453
71405
3391
47243
2542
26177
90809
6073
35485
33692
60080
8455
99881
33193
43997
32609
27617
91290
99621
24417
64995
19529
77344
45778
56095
73776
32741
1742
65935
13998
44429
3902
15740
20603
52028
4653
74808
34187
94825
48494
57315
55805
27051
61929
72144
4944
96535
82502
34172
15735
11538
99231
82105
45936
793
35933
97438
41614
76422
11456
75801
47102
25208
24762
10281
92775
11284
86342
90289
98981
59496
22726
57890
45461
77158
63689
87518
19509
24471
73882
94478
54165
23427
3355
15735
65606
913
263
53343
56275
48042
80739
19067
37154
91396
44618
51570
82153
73368
66643
36197
90230
28074
72134
19898
57501
22561
84342
77113
92139
44116
80488
3020
30463
15796
3269
93881
73711
74280
44984
5217
1233
68664
19996
96947
3062
36809
27532
32872
14387
97527
61769
97166
44699
65060
13481
82056
87827
12792
42564
13142
63261
6701
88180
47183
37970
87851
41480
7848
32841
61973
38141
37079
86991
1745
79860
96129
6650
4460
30977
81857
93794
25208
14813
99746
99102
67577
89009
85344
18531
57222
60559
55537
84052
70408
99507
1114
31530
70155
94145
36098
6392
14614
98239
55834
69980
3103
36334
38511
63073
54928
46359
64481
84765
72624
41112
59921
94496
53424
46451
5133
82411
71966
8784
57553
54220
27423
89481
49738
90785
2825
5281
97725
38714
43227
74727
17024
14459
49394
85861
25647
8323
20998
53174
2369
39310
78867
43572
67552
10257
37869
4418
45491
28423
7155
41472
83690
16858
44074
78328
58747
4741
95129
52347
46454
55885
46152
9687
74801
54289
86852
50271
75015
7973
98076
45276
83189
54055
71483
70619
84780
90291
77275
2630
608
64306
60904
66340
29139
54205
7009
39891
43217
566
57143
43554
25526
22201
24925
72655
71432
53425
96890
21583
12213
28351
8963
60436
46283
44372
54208
78004
94694
63450
27262
83544
32000
45731
35545
54405
74015
11140
28321
91997
8579
50417
40870
2603
52849
12808
66436
81183
11401
74743
9201
7983
85450
44915
19963
31350
3901
97386
44802
78048
32878
37751
74658
34879
2118
39716
50174
79943
56478
3513
31929
7254
83293
33130
3506
36923
11471
14101
78431
51641
17827
20212
62454
18740
72235
78827
10852
84078
9875
10752
37948
72883
90591
30153
62825
91657
15195
22612
92603
40449
81143
51021
58275
25216
59065
81124
96308
79882
71702
72410
70451
43436
57223
54867
53424
54532
69945
21210
71480
29633
97037
32457
22291
60392
7425
82081
70313
74352
25813
48087
18502
67931
54434
41864
21132
25797
57740
86097
47899
5471
26258
21267
26696
8545
90203
85602
71119
82561
75105
74785
87936
17416
12900
27352
20639
22381
24570
12853
1121
65412
51375
38118
34682
26002
47401
59565
25108
66971
78892
65820
79850
9809
46512
61522
53571
51268
78499
56659
65784
43747
38032
49748
67411
26966
38189
92691
25146
30355
29721
93169
90301
27775
69017
51654
10487
16147
20455
22276
23244
90064
26779
26668
66323
4871
32714
88991
26686
24234
42048
55240
51018
32166
54550
5272
79863
91926
81135
88526
54372
24589
54107
53640
65059
30616
75747
97919
26158
97516
29224
7148
28126
21473
36406
59556
21021
42999
30968
11451
26457
50268
15802
10122
73542
44713
44802
28341
90869
25086
11880
16929
293
42087
63045
58226
79111
30653
36783
73415
64551
9307
34175
30002
74123
36673
63160
66486
14761
96192
25529
25875
15870
7930
19979
79651
20452
21262
15027
5281
25816
28879
16415
90129
20572
52952
81325
89706
60179
3371
10484
17578
50994
45267
2422
79160
55024
38302
43445
78096
85286
74899
79752
43056
66955
9192
51270
73600
55596
66179
54464
56257
93944
35503
18051
90954
50822
96176
35245
1481
17875
77128
23547
65821
33338
18802
27838
1215
34978
74347
95649
93026
998
34360
42317
73222
29591
8639
16522
38060
53448
33598
59506
60345
62229
64551
45553
57871
73148
39748
27434
12120
72051
20019
60989
13822
30097
91396
76139
58026
56784
7184
45099
36789
83935
32722
59940
17025
96032
75223
82054
40995
7185
6923
15570
53227
2752
10572
45829
77054
5211
80144
75486
57173
96453
54208
51976
43606
13141
38211
4960
71287
85709
72480
24259
86039
50715
54273
89670
91
91576
48453
95277
98073
52544
49139
9040
44546
45614
5121
82652
99476
24545
71966
41526
45352
84240
8471
99546
38198
8036
91699
42863
24561
11234
1755
76389
24543
11451
31000
84675
11672
10670
34336
24627
81253
70574
30692
69167
19222
75553
66955
1444
39260
75562
83609
29139
30466
18088
62136
44363
28165
22381
35035
13323
13182
19657
43603
52295
22655
94596
23447
21865
67109
53389
27264
71669
42859
92300
31258
27645
21141
49837
2554
40147
59463
8265
54270
80427
42944
22595
91272
2554
55580
26292
70418
8818
84710
70245
57767
43741
94964
3798
36738
66037
76360
26200
1472
13662
98332
18983
52055
44208
70938
51743
71922
77962
91269
33867
48880
45710
92169
25249
50525
2989
58097
47081
61306
19369
910
28351
4690
13035
84731
28740
20485
36434
45909
77587
51832
17438
46799
57021
78480
63978
20714
33710
27014
16700
24494
22507
24382
99450
11280
22210
84055
8963
51154
83330
66197
48189
60533
48710
77578
28431
85924
28404
42347
32103
79300
21011
88470
74813
64711
64245
28798
11951
48121
32038
25570
97803
61975
80442
13323
30650
44951
96083
79948
82650
48170
52756
94964
44237
17006
85110
93997
78654
74081
72388
39608
81865
67100
92833
68396
2484
13188
8306
45641
24075
76242
39291
14247
68466
44737
47510
19763
60302
98391
41207
25268
9301
87059
50533
1
27107
43558
656
53425
79680
21672
14121
80975
75285
87832
30019
39565
54516
63503
17453
99613
90195
86521
58311
36920
64959
39103
70152
63070
10666
82516
97527
7000
18562
37715
53742
78475
48204
29721
47520
28945
6605
89691
42952
88931
72283
10992
79572
57120
83811
51195
26271
11174
78949
80881
71354
20062
28443
31900
44180
83790
68991
10444
21716
22734
76001
3962
40278
95716
13998
88149
88491
52810
12810
57256
10373
11408
96378
57210
11205
98931
41265
84713
22249
46857
81801
43425
74526
50187
19059
7254
50949
48263
27973
67458
5228
65125
27116
72465
18734
1796
99054
87525
17042
66648
35460
26580
96040
86989
91676
11084
28205
25237
65752
665
85907
15012
8181
26154
70630
8812
55204
24455
48371
41146
52705
15303
90310
28134
18075
49905
18501
33534
91227
38512
41281
37145
18727
39478
48432
30132
30546
25054
14473
57413
17017
86547
37606
58210
13547
46009
40788
64654
98239
50036
20989
71250
95761
55672
94796
51099
2062
19388
3332
30913
38097
42651
80810
95959
61929
17702
70144
45561
20818
78150
9795
63305
27534
47183
31320
13481
43552
83769
77135
94387
31475
72645
67336
93654
58681
22467
97003
45614
63378
34425
42554
55857
74399
74210
87775
62300
14311
61451
67603
23977
19272
40248
59422
71785
72697
33010
28074
85764
45928
50499
86907
94825
25318
44823
52473
17537
55840
53554
12238
20383
98367
55857
38121
90783
88408
26521
34606
78745
39708
75021
72710
97730
62930
28879
54876
91000
9876
97615
22911
43471
73175
51494
70793
90632
36594
806
15832
89381
29122
83244
49649
51377
28404
89603
21108
32693
15087
18132
55588
71731
80442
71858
67221
54162
31214
27161
56427
48259
17450
20991
45720
83981
8427
18520
82315
77531
81081
27716
75297
54446
53496
22021
28549
77440
41231
63610
72838
48326
54289
21022
68039
7389
91889
19293
98906
8112
5630
87396
62726
62316
93748
54615
24147
40814
54914
90203
680
96662
6550
86512
77427
85620
59634
83079
32380
17885
59056
14274
71596
33029
27626
38741
24870
43199
42750
23527
67363
81446
61630
41684
97316
63646
80936
18318
93277
81277
1518
49549
26528
69780
40366
42058
56034
28135
64752
27465
21141
28180
72405
52886
4222
52057
49954
44382
88237
18969
20458
79993
12921
44740
8478
44082
11322
21570
16097
93419
97894
59496
13518
18347
7788
33107
73425
48052
20485
92398
55609
33913
50569
95995
69219
35503
27546
81644
87950
75781
48132
38097
44006
15415
25886
50712
60595
71580
30653
45720
54834
23846
80424
56509
22979
37498
66619
79372
4046
62002
55357
71292
95605
20285
52042
27431
1337
90783
4752
14832
50718
37691
23609
94459
78041
32278
15823
26125
80967
67139
72314
64141
91095
91454
92271
91905
8715
58575
58527
52952
71276
80874
64141
28495
24708
97156
30323
14121
60616
54017
11283
51877
30797
80323
91030
12057
16822
79730
99215
13182
56943
15915
1090
38189
12832
27134
45996
15778
25868
67391
11314
5774
4653
53695
81080
15564
26309
8976
93982
52138
391
75713
24545
56953
71999
6852
19925
26217
10290
89507
89306
91760
52534
83811
25498
27223
19952
73792
73689
58339
22347
23906
26154
67938
20188
6055
87721
36005
74727
638
34218
28993
9023
84311
25268
81028
65881
49783
81894
89169
25265
75120
76931
81421
3692
59333
36632
86547
71216
7144
68258
61528
14549
46151
93794
32684
10976
69819
99429
11229
13090
24483
10851
90809
9040
60923
63495
70691
45542
43605
83264
69354
93236
38974
62271
33829
20854
35460
25344
37306
91938
33109
27823
12810
71375
33920
27937
89872
77218
79651
18404
14465
77657
32468
41988
2211
69954
83329
46578
58240
40635
94818
32572
48808
36434
8679
15802
87708
7408
11197
44737
67121
99312
44951
32185
99860
98092
28324
14511
27611
98763
80333
29195
41705
68745
33017
3365
15028
51645
93320
94967
98479
79292
77101
8128
1754
46668
19986
44149
30456
70093
62163
94943
87298
40284
65066
2008
56522
5949
88419
55442
33051
17250
6364
43111
70144
38872
58012
24137
86877
42654
27232
96891
11714
72795
11951
91676
84701
32960
24382
80442
24520
18562
41594
21726
65442
43254
46841
82778
77021
99179
11681
18351
91115
65218
68252
95091
37098
59833
50571
43725
24553
49514
39700
54342
71141
38421
30907
46415
31184
82134
98896
7900
31745
25810
39289
19639
90495
50211
57317
24237
67255
13769
44562
92633
49391
12150
12705
45254
18523
14565
85933
27283
87678
63594
45876
24191
88407
13487
90689
66389
44489
82987
96345
91932
28495
89932
74401
85504
70313
79438
5157
63549
80957
62172
92577
24780
23310
92788
75528
53442
19838
27912
78518
73222
34363
59284
73184
75972
21993
4636
3132
25534
47025
5272
88538
7515
45384
97919
67330
18899
24220
56742
89813
83947
83198
79316
50569
15462
11118
74802
379
28015
76757
42516
39001
17753
52785
63376
98570
55292
92089
2485
5063
22443
5284
44467
68930
28513
63261
11152
51264
2093
81839
50630
3135
11627
71453
75535
11764
97438
77021
73571
72205
9683
5066
58621
82025
40147
23474
94596
57137
86662
98736
64866
94798
64994
92030
29901
41753
5133
11408
9004
45516
67729
84250
22997
44848
73986
67226
2602
85260
11467
7603
19936
52261
59049
87525
65394
44674
293
79276
1333
25272
32284
88480
57432
29122
43798
17588
42805
44071
68079
53695
34666
49569
66340
1995
49549
36613
70441
40852
86030
60800
3317
46474
95833
14110
2485
33383
21645
29222
30564
81743
37522
95790
77113
21057
36197
87278
15264
33015
45624
76217
42657
44723
329
21995
15753
34178
60605
53460
44047
4144
97516
78015
14671
70983
22658
15195
41321
65725
74856
22568
56043
67383
82312
8471
43065
35472
6505
65188
27140
92833
21267
27354
68989
40807
48371
52550
7414
82789
2121
58674
81381
45504
15146
19114
45082
11805
41723
90587
74012
63092
23301
2177
60643
30079
60022
45419
47074
16397
33029
14570
29297
20455
82143
14283
95129
31482
12385
74520
87157
93921
15416
46330
93761
70331
71672
18562
90370
6803
78499
74502
47813
51641
91000
44419
91765
28520
9203
53306
923
81153
21705
35455
56822
26472
62199
28560
38412
56971
97370
15256
18315
72161
14131
27432
96571
38588
94414
22837
47102
45371
88012
60932
34199
90129
92619
99647
96945
32181
75877
21808
20260
12880
27051
19151
34956
2487
50254
90100
70804
32471
21051
88516
19551
45639
42714
4157
47813
23411
89183
30536
62668
21814
62292
3667
13900
78480
70525
58268
8739
71229
52720
11707
56421
90103
12085
76910
69071
48132
29112
94973
5812
99793
11554
30079
71960
6897
53751
62457
49394
54786
45264
17060
35471
57401
23977
73980
66445
27055
65499
50584
23722
30832
88001
18150
95144
94852
89981
14708
8303
53771
24202
87581
25857
26128
53938
50224
566
87084
99467
53717
34965
4222
97946
72014
37228
97368
6763
58257
88199
15801
43346
93671
54116
83679
90738
23684
89698
87678
47051
37424
59248
34182
43603
14468
73171
64823
70482
64465
57042
40336
36968
54612
20185
59940
28156
20122
21909
1092
77857
3365
41551
99521
35530
85747
37242
11077
3376
47315
54324
14873
70985
39491
41182
61967
18407
35398
76524
66016
29691
68432
54461
96809
50548
50066
5845
59224
63392
69055
65472
24750
95901
38367
17055
81705
90310
76910
46415
6308
54639
43695
63631
42654
21256
23309
26557
97267
33670
12912
6665
73066
79899
5798
39149
47161
47705
56212
22257
41378
60730
86646
92452
73603
23989
82314
45603
99186
57180
90406
61326
5281
82502
61452
12201
27883
57747
84710
5695
79725
96055
30643
57528
26039
52280
21279
75871
35301
34994
21995
65427
33534
86212
24657
30923
83114
74513
32447
83003
3166
17505
96727
3605
22176
89139
71762
73916
89636
32121
73541
96193
24422
3920
92319
11041
25280
58268
22060
41743
40441
18143
19394
99802
33312
87087
42357
97627
293
61712
790
71508
41347
22834
21599
17270
12705
14735
51992
42465
48121
32411
55622
42811
10390
33926
33091
49439
90908
28685
42753
52434
93716
47758
51120
59556
48270
60534
88193
21366
28778
21138
61700
57501
10333
95824
63500
28506
3832
25734
10148
60345
22113
31478
94211
29901
5585
52628
32468
1929
21990
72435
46452
22617
47134
7480
18857
33607
11415
40852
24417
33082
48137
29297
81800
2582
62581
77724
30290
13421
7968
38264
99431
27140
38032
87949
59049
87283
42750
18014
15112
28520
54027
64875
40959
58240
99381
30907
57772
29306
23725
65252
41456
12823
4087
21358
44861
12481
78465
55292
23308
3546
40817
91222
6230
11415
23998
77952
72161
56128
25429
40708
93331
30321
79106
94798
31771
85220
8020
75317
75847
36954
99249
32112
14247
15546
35035
21231
98607
46711
79601
31487
44721
69129
14648
8108
25813
77093
48055
61989
76691
28404
71216
13503
2903
8679
47102
83511
45462
62581
88180
27929
66560
56043
4087
11559
65280
62117
58012
88571
26085
54996
15238
61660
818
74250
63637
48270
14711
12767
35301
1114
32648
18082
33302
9298
82105
41562
84577
20425
82510
18740
91898
92112
45491
35036
41480
56241
29098
6436
51280
79438
49478
89763
53695
16181
95656
10742
15078
75196
25647
30931
94448
27314
85402
29193
29089
57187
13822
3067
62825
41108
23303
66213
92458
99028
93623
31307
85405
30351
54672
54234
42137
806
55702
46115
78944
6056
78654
40222
51911
17956
71713
9591
55114
48131
37841
20245
3013
69863
18513
56066
78408
51753
99881
20524
51141
66043
2260
60637
46875
91300
96345
2471
27432
67300
70271
23114
62991
24756
11223
51868
41121
80281
71205
41516
85907
1880
45372
60559
62247
32417
30068
41711
57351
74570
38426
70515
54017
14564
23824
84701
42502
43822
15357
22568
69988
93671
44116
50065
74740
78994
5335
22267
13039
44265
77758
40609
68522
79950
42465
10353
59111
58450
62575
31881
25705
61552
11811
58120
65606
32287
21009
31212
5751
24259
72071
4069
77540
9578
90565
49697
74232
67458
9809
59617
11808
30806
15886
26058
10258
16939
66132
99280
79
33266
61452
70412
21770
64359
70284
37031
79752
56152
69129
32411
92792
14459
63631
15246
43545
9875
78827
31128
52562
42811
44322
50128
78400
62514
89869
40418
79288
31824
66454
13815
10717
19889
24592
17344
33662
43211
81939
84534
41562
20717
78410
46283
10277
94873
65403
81894
31247
98974
92938
45036
63092
24408
26797
10393
20581
42645
931
45611
88835
86300
85970
86574
2881
31281
90873
16660
13241
43121
45164
33464
57731
56124
62255
27324
23471
7414
3380
96947
2933
56145
22126
81325
8369
5978
21220
72883
70425
94569
93727
34722
15645
25048
51072
70169
44116
12622
90768
68963
35433
17146
31784
62292
96890
31412
50855
89932
58477
79516
41846
70225
75015
12108
44476
81685
41018
14311
69863
50452
73822
87289
80704
44222
9064
65444
71432
34949
26177
40609
82787
76737
78051
15033
31334
33364
397
23445
93546
17834
11105
15624
10744
32814
80784
63029
25647
1697
99886
88792
84173
79527
1353
82033
36293
77926
57825
60055
11401
81520
82052
99478
22764
2693
85110
48757
80002
30962
18008
12652
12238
13323
8442
87127
67100
70840
37489
52354
60879
80002
55885
80603
64036
47015
44681
75916
61299
40046
9915
20901
50257
36613
32447
93176
60559
25507
26039
4187
81507
85781
4807
23815
27410
41704
6073
33463
24473
38121
5721
22054
40471
46009
79894
65934
21465
51813
78039
72414
54941
66791
28123
50274
90233
35031
97844
91421
43422
62825
10745
96193
68390
41131
47993
21969
74839
33931
44816
46542
25919
92091
82153
57776
85123
18280
99251
16973
12787
10670
58042
29211
15114
58101
62145
57462
41732
15641
57908
24863
100
49285
45535
41720
52347
81865
57781
69772
96332
85777
64117
46145
56228
36163
58240
42328
67391
82495
28044
62171
12599
47568
75510
61455
76001
46382
75704
63428
25259
4278
65606
56559
59167
47111
49299
12286
2784
20755
45151
9307
48326
45063
74810
38115
82047
72817
81652
27626
21625
7474
65414
3383
55055
36034
50036
5527
44371
83199
19396
72510
931
39870
52081
70215
69233
12808
42156
54641
7983
82364
27871
6354
27543
11041
62154
87867
37828
48270
3367
32960
64040
15426
67383
92887
34751
18785
31528
55483
8211
14321
13230
47562
10518
28180
33560
23184
57776
22348
14921
86111
78413
38422
43281
42455
39687
39320
78690
5751
86639
67666
84461
31547
68963
1670
69550
37994
56752
58022
70515
63326
58942
20455
13039
97860
49837
56349
656
33833
31989
61217
51381
39382
36334
7408
67212
19259
109
18437
5798
70842
97483
28612
58752
15813
54483
32878
65478
36673
59643
73606
40633
98036
25170
73790
81644
9579
25186
49549
49789
40184
16118
8121
54327
78994
81432
60955
60367
41387
39941
38919
10587
36045
11838
9579
74341
85204
80714
7127
46542
97136
74432
54220
55033
60616
70185
33926
33038
38278
28778
36968
51082
75220
3153
28643
1333
8793
15145
46033
9459
72238
21470
61263
55119
96368
58435
19962
57277
56412
81374
74256
60080
30002
52681
76100
43871
87510
65572
75355
31203
20306
6435
60022
38302
793
54261
93982
75747
40069
60364
37225
14018
99132
35227
40078
27679
37900
43111
59383
57747
98931
17287
35128
98306
24832
71504
65142
77548
81839
81052
39749
860
30371
80200
44325
80121
82234
93687
45170
28526
36460
96083
45553
39565
55672
64366
24437
64465
80060
27116
90320
39565
68520
73489
43548
29172
22434
71261
26136
44534
84213
15886
13148
97762
39556
42535
58177
90703
5725
21201
70983
90331
3310
21192
1967
62672
87870
19676
24382
49635
13724
20080
14459
55261
15270
65114
74865
93382
13073
79372
13967
84311
12832
16793
4174
21105
33643
28798
75201
81502
51624
27642
36046
47180
60791
47256
35425
39716
31730
5255
76030
41810
79939
3970
22045
46578
77621
48410
8740
12238
59219
35147
78382
7788
25722
32090
28205
8396
7145
680
109
41807
19396
3076
95833
44371
15507
30135
89063
44861
92887
25199
27546
98139
53844
13822
19657
55369
47342
85838
73524
31775
92222
51416
75140
85620
4172
64400
82413
93313
48140
93206
36783
52084
93302
85612
27192
53445
82837
45702
37968
86866
46033
63730
61759
65847
95078
17084
30910
58647
7522
18277
99445
34747
2693
51820
32938
11232
22732
2199
15180
35310
74351
54928
41273
7415
3193
41075
76193
24732
37814
55735
38221
55423
35695
97493
59428
65154
35442
31575
15328
41753
3153
82364
54936
13528
45787
63050
3002
85204
49145
60353
40872
21658
54372
84322
33383
48937
72216
69708
52101
98705
736
54194
6197
26547
6673
10814
45534
97661
13000
11179
57285
52047
25861
34463
42295
17006
7127
51462
7475
46979
76767
33435
52675
70691
81014
43660
31128
67712
80033
91883
49145
23742
24111
90310
50121
5741
44701
90857
15082
71735
65905
52608
11915
99750
50544
65214
2901
14472
40009
88081
78420
77120
31530
34211
40482
92033
33833
82399
71600
9230
88969
78341
59019
68903
3456
45126
379
55758
35938
49825
50812
22165
62393
67972
8487
76833
40111
82621
8880
29425
67139
88102
93020
13390
31037
45358
69320
42537
21407
55840
72232
45173
17164
70480
39188
16790
70331
5560
95560
52925
62919
56719
33676
16154
57120
3206
75256
24592
43524
11672
30233
26218
280
79384
61973
35554
30013
52723
89184
14945
25550
50425
12750
36763
55119
98607
81280
23474
72342
30301
50747
28436
71702
51788
56282
40172
12470
36824
25018
31032
53603
29949
41465
38264
28778
47437
72397
37999
65828
1300
67854
87185
70133
39491
76091
28407
74810
46184
632
35053
51750
55906
49956
76458
74081
28216
55438
19883
17621
30371
70036
21085
13949
35339
36783
52453
80306
9928
27774
52680
58045
940
70938
99125
33768
29584
55442
48981
20390
56818
31258
24823
66719
92389
17229
2455
565
74625
73415
35157
75258
64125
3139
77275
3779
90377
75223
9195
22197
35036
5781
12663
68039
23827
23389
49837
85907
52344
88237
6056
36703
8188
51820
42071
72502
96087
43436
47315
7916
28810
25534
86379
89760
15796
47699
70937
96089
60719
67226
53181
40757
72408
14738
95346
8487
53227
92010
91493
19349
20910
33436
28156
16603
74407
54969
85012
53888
89366
92033
14347
30661
32281
23457
20811
90332
76122
63730
40842
45250
63126
70788
21939
97199
51769
33019
93944
68528
34751
61588
71534
44566
6560
36076
69317
9863
16528
88480
55569
3680
11238
8323
12148
86079
32166
11401
84947
51735
52186
42371
35064
50725
44327
21382
40635
490
27937
82339
72937
65812
45909
21834
1221
14993
67127
97803
55504
74984
79805
70418
71508
54707
81520
23900
10785
7217
98290
29377
59192
99832
31557
20008
45996
6543
39671
59727
83215
41711
1754
38923
34774
99251
98452
50718
64305
58477
35554
391
72226
76666
6989
20555
96176
49653
10122
79000
19979
6733
27379
18507
81213
28234
2118
22021
21914
97059
52734
90617
64418
9368
18772
1427
54253
70512
11951
98332
45205
74342
77576
33056
61336
57625
29980
82141
94439
44492
93533
73841
18622
59944
39260
71226
81801
37252
58345
27597
49404
230
63034
72612
10881
35174
82216
15299
7155
47226
69320
53389
71355
65822
89750
78004
71906
77247
38600
84137
55069
2755
94365
77093
85781
94600
24444
31482
83521
43560
63601
73222
13122
1290
96494
80174
15121
84345
52454
47120
21047
98831
8562
59111
79073
43063
