2029
7698
7306
89920
72450
64587
63703
43121
62754
44534
47407
79993
23936
25628
79237
22732
61603
86251
73175
54054
55720
42205
86907
26285
29972
42589
60800
2063
27388
21226
63632
13889
3869
75890
61451
18412
47727
72759
20574
78143
18969
13218
22732
74568
7366
14459
14176
1511
78204
73241
5242
70524
14378
79843
48675
2448
10030
6800
27129
37603
22495
16795
20258
78382
60350
79762
33406
25628
77390
58575
14131
17402
70169
50781
64524
8742
13447
88444
44939
63362
59094
15238
35471
22911
47577
7331
14470
52018
3436
37524
61772
28651
35469
3209
17480
69837
12312
79899
38811
48041
75021
39655
18839
89307
36316
67927
14138
19412
25614
36908
35060
19698
27532
36406
46711
13003
71550
59129
45082
88914
49653
22476
12909
60940
71162
18253
1122
19986
42147
28666
28265
53013
82432
17324
52804
76878
70009
54149
37677
21990
85402
20815
84121
54352
24840
44978
52138
61907
22734
75619
25810
4271
42651
72840
75297
56257
50781
83967
83359
38588
86205
70848
10373
2658
2275
21843
68936
33436
2245
43545
27967
25437
26483
75909
11241
69004
18008
5897
42741
45360
91329
14468
42375
19330
10029
72855
9021
7245
37489
65281
51375
86097
91529
8808
10821
59087
42259
54207
51154
10857
11491
70691
62039
86907
24535
80521
75140
37524
21105
72747
24292
47685
46515
23824
25480
20331
41716
43463
58817
62348
35722
60710
71622
33589
31090
59910
89542
16066
75322
18510
74531
25162
36209
86936
10769
4517
43499
30380
20930
61145
54369
11102
23725
32938
59469
18280
89370
72379
230
40009
30962
24922
29030
19200
75864
90896
54161
36098
28101
33380
87963
31930
25027
33170
31825
11538
4118
81757
30317
80704
23218
52467
34978
56446
80115
29878
87687
71450
73474
68970
67890
12134
62251
21149
72143
39749
84312
60166
21850
77392
4181
50721
43572
85527
34255
36736
17587
28156
60258
79694
52675
83079
52507
49946
72397
68909
69083
31967
28738
81183
69139
23287
37279
39921
7603
15753
49
36719
24075
50634
80151
17758
46823
21286
7916
86025
50336
72988
57817
12015
45208
38421
75187
54416
86369
31841
16471
74652
84321
1900
44137
45996
1995
81325
66506
35471
57927
73184
63837
67195
58311
61417
40181
70451
52042
4356
30670
67121
38303
4752
45344
50789
77390
15357
38600
71317
2865
37063
65288
12267
72645
71843
40336
88776
80020
65033
4046
41648
42191
55762
3076
10724
32977
54523
103
54936
67913
66684
85026
7610
77926
66389
28634
4825
49211
18232
87402
26580
52625
31228
78039
27052
12655
17804
7127
23741
37412
90975
54535
69277
84123
70930
36316
33031
62512
68243
69555
71345
24455
14211
29603
761
18277
78084
47143
17999
3797
65275
71540
78829
8811
24022
64245
22249
44561
55170
73729
87745
11583
80180
41311
15494
11377
44861
81893
11292
40184
68787
78892
61772
56225
55534
1920
49299
34463
39853
67619
72187
5725
84534
59284
21226
54805
18389
83722
88853
57074
31754
11241
53175
24735
46997
52082
27505
68215
8417
52587
61522
21229
45834
46411
30391
53485
45358
19509
52454
22291
28311
68397
65395
58345
21778
89690
34506
55317
20133
55804
55357
22201
14449
24444
24734
36495
39655
89705
74052
11554
72048
36016
62212
7788
239
83302
56600
73224
46154
62722
386
41164
31128
75025
41507
24191
84211
58540
87014
49536
25652
70754
60056
43585
6923
35306
25507
45342
46949
62580
43063
7142
56154
3546
82740
4087
54426
13557
89841
15887
53485
88444
29833
89703
48110
90671
84211
58429
88110
18213
90737
85970
61722
15262
14921
28205
20206
40178
52081
77886
44049
82000
23182
66321
45461
75098
45344
55540
57727
89637
20771
56034
65114
33023
82650
65820
24573
14311
33395
82865
65464
64799
59019
21583
32782
36034
4255
37060
18374
1215
67098
36035
18421
1814
52641
31412
56572
60035
22210
53659
11382
13428
21586
83600
26852
45612
79919
82877
25614
14165
67411
66468
56066
2455
20989
87396
41625
14716
54028
73660
32457
82502
42408
79509
21312
2989
34799
52208
24022
51033
56179
25055
80147
80427
44018
22873
40356
12813
57099
10821
77548
81143
31421
85262
28586
77868
48592
6435
11041
71534
46382
84757
63293
48027
61070
15280
81124
79610
27253
13818
4148
54621
10841
23112
1880
1447
27558
60354
24374
17710
9201
28798
25862
44165
39189
12658
44611
42191
29729
56752
26445
37882
21481
87499
55025
36986
56541
10812
73031
52743
14711
52705
87204
13575
7196
40817
19439
34949
50979
44108
48981
56725
49987
50335
30382
34364
84550
74772
80379
82738
28594
7937
41112
23830
68258
36632
47513
33678
49006
10373
13930
4888
23930
36824
43741
47440
47120
14735
71782
6710
14720
8639
58816
24328
55639
69317
35281
3137
58790
13626
68825
28047
39167
17033
22572
21972
34842
46382
57462
91551
22242
18124
81440
36607
2118
51886
80748
18498
68423
61441
44583
26724
8152
36307
80693
17461
73386
5175
61217
280
28011
63098
16258
18507
56288
83992
67666
55027
46572
34471
13989
69918
6329
81398
13662
7106
37009
17096
20852
36706
5659
27522
58126
79580
24354
58710
62136
52372
25849
28993
6163
69921
33644
45446
56125
91222
23830
56122
42701
33800
904
50313
28000
73103
20825
75431
54270
32482
39456
23864
54922
1258
72622
75990
48401
20568
4960
68266
74800
72140
21510
70589
82393
40715
78349
77567
34174
18312
18232
14123
13575
69889
66179
27116
36136
11195
14328
14734
31023
32418
77351
51967
22507
21912
81232
67980
65874
37767
36954
36080
23060
27116
81012
26221
8522
51347
90968
71875
78768
24118
17659
53444
10093
34257
30466
39328
34525
10995
38593
7983
81984
39818
20206
11883
26821
36367
72266
31457
85054
64544
25647
74531
23812
84087
51268
22129
25374
61975
71424
13874
64799
56218
4545
54538
3380
41407
82165
40842
75477
79939
83293
77868
13299
38329
39829
15033
64544
17762
66268
37452
7601
1
13717
89974
89799
84448
20211
33692
32725
7983
30790
55440
3466
85621
20133
33123
15929
80452
91544
32287
85045
19115
38230
2581
25674
42071
62633
75585
239
81140
90623
19692
72757
41121
81899
81352
3629
50659
78687
68337
84170
40663
50527
12075
29112
22865
56005
24375
10844
78328
4356
3376
9579
76195
66506
55348
42324
43306
12570
9310
37442
79680
30001
42111
87134
63070
64654
5056
43633
22058
23069
21685
90098
14780
10
49649
19003
23554
17922
60701
44823
21413
71753
37836
68221
77574
77578
17396
31976
71054
11292
31228
53854
66364
45237
81398
13697
48207
30056
21276
52407
10115
62285
89896
91272
74014
23185
41594
14723
90495
44591
81142
85620
31039
82704
16709
51622
32471
81180
21057
51465
83609
8121
90632
77675
5458
71850
76949
21431
12652
67519
60440
6035
2752
64935
75140
23983
27510
51328
45344
43217
75818
35036
50714
23448
78041
40577
55535
31929
33001
23281
34217
31949
89376
1578
58817
25806
54642
44721
60830
60643
48322
10578
47586
71701
56421
15929
21143
54532
42087
36736
45805
15011
44006
26574
38125
904
4004
11113
14047
22296
11234
81241
29139
79030
25705
23244
39002
74324
66073
67908
33032
83300
5452
12077
82506
86099
39671
54731
29951
81277
45052
88801
72597
75410
18051
26152
89096
58709
47758
70896
81012
34463
22269
62613
33208
37949
3139
80787
17432
71693
16154
54028
87715
22429
65179
54072
22594
18381
74123
3190
75846
50363
83329
28625
42444
30879
11423
15264
33962
45982
4494
11314
74347
51075
84739
50255
20109
30698
4257
32639
48311
52925
44217
25621
24732
73117
56303
34228
28378
25750
72887
58504
39188
77443
83906
84449
72781
62058
75222
69505
53460
79882
60220
83696
89447
22924
11843
19711
338
25561
77882
14151
27443
85210
20717
34228
46425
40545
38769
70360
24473
52628
77247
65225
1353
60643
84132
65724
33543
43242
26221
12047
51642
57718
9040
24354
75134
20151
74998
13769
45194
38981
55278
39691
84484
24432
63809
56514
7958
64630
64215
58717
53455
47875
79267
54435
30637
25746
30092
5199
2369
24529
24382
84113
72887
51644
72462
13842
64511
54298
37424
62515
12993
87775
34436
7248
69323
57314
76303
28341
17017
22692
24675
27045
39358
67901
71782
69944
29377
18734
9298
39032
67297
26030
63316
20063
75908
82945
52164
74785
39870
74989
6370
46148
70397
69912
1300
42705
33506
24147
58682
78341
45435
35503
19963
30620
50224
59560
40872
7185
64823
43363
52886
83906
13023
62122
66132
66430
91303
37916
30869
32000
49222
74875
81440
47839
9951
4040
58790
52723
44168
79059
15831
81051
75108
23118
57202
5346
76422
80303
42831
6978
68825
68285
44941
12210
86003
63162
25408
26815
72540
36869
55234
32754
74123
38303
52576
21813
57553
67773
13881
5742
36719
83079
65028
49659
38239
43789
35724
1995
58527
52657
60543
54273
63971
80909
39328
88480
88583
48055
29336
11861
9876
47772
66196
47993
65288
17267
31457
42224
12151
19639
30698
4582
64499
36197
78775
55956
36978
7522
57704
21077
74856
13114
39974
51788
8759
83246
16154
42705
46360
81105
32199
9070
44996
60710
763
48448
29542
23938
7009
19839
22168
10029
367
68790
49145
32846
62825
63007
7815
1527
19155
75972
28273
78493
75315
65935
11382
40708
49679
38741
36403
8524
33341
66398
20811
7754
61379
39078
41115
12123
17502
11168
37790
24087
69988
78382
47810
27796
13433
72523
4944
63329
3797
63350
55508
59364
37822
84880
21474
15208
15018
74057
21583
47342
8099
79616
82074
45250
57510
45325
57015
65403
33406
74611
89902
9890
31214
70390
21625
27504
29452
23118
25720
39385
14625
74123
20685
8144
91592
63919
46433
72261
10697
53175
11922
28074
38079
44363
19529
61415
55443
32411
75961
34979
39494
60258
31370
10742
28108
52420
41671
70309
80006
83333
57729
1847
54502
74880
20185
88108
24191
17384
68963
26361
69543
87185
37689
32090
10299
32130
24734
52024
44853
11102
70154
8330
79805
63923
77875
84765
24449
6643
49549
63945
90037
71292
65784
7633
56487
77392
2093
35433
21481
48453
30351
11838
62762
8877
22799
40582
22273
75864
20854
12075
9310
90908
78905
48027
57871
58055
53425
45624
30620
7630
56066
76001
15374
52081
69713
73452
27697
8303
77011
2062
1796
12707
61552
46603
79273
9201
81021
21347
17505
19675
3563
9331
47014
16414
11502
55344
8796
3986
66061
30346
8233
59365
74839
27585
78721
69571
13815
25860
45115
63719
18347
68000
26508
48213
15280
5471
30338
54027
69166
49478
63008
79160
84401
56818
81232
81470
41573
18531
88110
2899
81856
3173
12562
14648
62696
27761
48189
40447
91392
8379
671
56281
48891
44156
13900
90368
91493
84132
42384
31421
9678
29901
57846
63263
63800
86963
60616
55396
39031
44651
34428
88561
30436
83827
70488
50272
66196
67360
75256
43789
12314
63738
17402
49798
9640
62858
67279
73447
53584
14783
44942
45292
27477
82213
21813
40788
36329
32803
33829
29619
21570
26726
48355
58257
9795
32257
79590
20717
3830
29485
16181
53524
9951
38125
23166
43871
4477
13427
85045
53964
45126
39062
52516
63239
68919
78571
64935
45082
46334
50274
58026
81183
40148
6364
57801
74969
47213
40175
49379
70336
53389
52042
28074
41129
6032
42058
56145
39238
43724
76330
35157
55627
52024
7518
18875
26557
35659
50187
30065
60533
66686
15183
32846
51562
54384
61326
90012
49879
36005
6533
26454
26633
79610
13703
54072
19676
77752
63043
7415
15862
22627
8742
2484
55540
49397
70859
28405
45324
18413
78096
16852
13241
22719
82341
23147
57801
75279
74993
43217
9159
37169
19003
79651
5949
48173
37148
22495
83471
31748
79348
21312
6346
52681
62851
60703
59494
3002
8741
71229
62508
53812
58216
82615
32303
73414
31128
51929
60376
52047
81150
69662
65050
25529
27443
89749
37828
85045
43272
3970
77540
52107
43127
57173
20471
30823
88108
30123
25504
75315
38151
27501
42138
15734
54245
11835
72642
90768
13247
31989
25919
77472
77763
56394
42701
87396
12823
49459
38981
73282
54137
22176
33701
75041
60631
51382
41911
11143
81324
39608
37368
19445
29306
8909
72781
87870
10009
45532
74226
59901
1717
70475
65034
6398
27781
12491
10
16907
87457
11229
44993
73683
80299
74138
63005
69873
4441
90236
59365
19290
63326
4449
80251
82939
7518
5472
79830
37425
31847
26171
11971
76224
53485
464
61066
38811
21914
32872
61966
27015
59346
79399
69535
27264
42473
19030
28065
29630
74802
53174
6316
27543
55270
41427
31066
2639
27176
65994
2457
12805
14347
62472
44446
10128
66868
63595
60730
23060
55840
3392
41945
61336
45520
23887
1121
28177
8741
31343
83545
12510
50128
87024
69387
12267
15514
36007
85012
15750
49879
21672
88102
79483
34506
33985
17621
83953
49285
16975
3766
73809
58621
38624
22507
17126
66629
60308
42273
82330
10390
36621
51654
87851
12292
25407
16741
19171
41740
43128
8006
59970
81526
76485
9001
49448
78240
39289
16989
