14589
5224
9591
1607
7804
4752
3923
3139
208
10258
673
9495
1277
5560
10557
665
7160
10275
9785
464
291
4356
3383
9013
3356
1967
1599
10151
4090
9386
4175
6361
1337
8975
7619
8793
10029
5741
3546
6329
4871
44
10333
5994
5036
4558
2963
7414
9980
7698
2755
2571
5897
1427
4558
937
9655
7601
8036
7900
946
4871
1122
8247
8848
2771
9007
5228
239
3676
6825
10
2714
2452
2091
9133
5555
7961
7619
6987
6637
10257
1748
2717
2151
1337
10587
6665
3206
6350
6701
6436
5313
5752
1177
3296
9975
3238
4118
8699
9556
3661
2452
2185
4781
386
4609
8511
709
6037
5585
10285
8795
8937
8147
8778
6435
3766
7754
3830
5747
5862
1309
863
7142
1882
9683
10733
7145
4517
1481
7619
4175
3026
368
6049
6071
10030
3698
3901
1330
6080
2844
3987
4275
946
10929
9302
5774
4406
5721
8157
1844
6436
6983
10390
6037
3506
383
8976
901
4545
4747
1039
1725
5036
10093
9495
2121
8306
1303
1148
3553
7961
9291
9013
1257
9307
5821
5879
10841
2847
7839
5254
9912
10744
5245
8470
10148
3798
1527
9873
1122
10821
1115
5157
3536
6308
3137
5172
6316
10874
8555
8152
4752
320
4563
5217
5422
3097
6938
331
2036
1760
1814
1992
7254
7721
2425
3869
3092
3664
5199
8299
6803
9129
7636
1299
8992
1076
3065
899
907
10158
2574
4285
6166
2568
7225
622
10285
4147
665
2818
5714
7842
964
3328
899
907
2903
4147
4172
10808
4257
7481
263
1929
904
3962
3097
7521
8812
6503
863
2584
10582
10275
1857
1663
10844
8751
7254
5555
8808
9655
6032
1233
4474
2393
6650
5630
932
2754
4522
4636
1572
4554
7851
7900
5211
5722
2425
4887
440
3062
5714
192
2568
4527
2039
9023
5271
3086
4004
5247
3123
5824
8784
3910
8425
3301
1411
1285
4278
9982
6879
931
10184
4118
9975
8323
8333
9195
7804
9307
2545
3135
1290
3139
8407
10247
7551
2157
1808
2998
10995
6665
1528
9591
8125
6285
2422
3901
8306
3312
10121
1474
7309
10484
1221
8741
10666
7144
2448
5247
9377
4944
3092
6582
5268
2306
10257
7457
8125
5854
5524
3920
8881
7284
565
4663
1857
10511
8929
4111
490
6409
4184
2715
1587
1003
6202
362
8455
6179
5781
9459
5313
6049
2212
10742
2339
7610
3382
97
4536
1067
1771
8724
7144
1785
964
5227
1578
9103
912
5306
8603
1092
3664
9785
2901
3079
6839
6409
2417
940
2800
9921
5458
8108
2221
2903
2338
3338
8808
2815
2254
9176
9331
10841
5174
9210
5558
5255
5817
3296
7552
9323
3709
9975
3010
5346
10339
5584
8306
2118
5454
9604
8152
5862
10528
291
3100
7610
10323
7063
6436
1745
4275
5274
7521
9986
3987
2571
2313
5879
409
2547
23
10247
4118
3680
3315
3766
10587
5174
8181
10128
7152
6055
4441
6435
6560
7306
208
7254
7196
4640
5172
1039
8088
7481
6637
6435
2091
193
8811
7428
9332
7444
10447
3346
7154
10511
10411
3823
5056
10607
5121
3977
5187
9203
6380
9912
3832
7214
7171
79
2874
7000
3653
10815
9730
6463
4217
8121
10090
7447
8759
10299
3760
4855
5747
7106
3923
793
5364
193
5584
10930
4751
10581
8714
8247
3365
7036
7415
910
3797
2639
236
383
1092
1215
2019
3698
1092
5121
5811
4174
3986
478
10578
7711
4825
9313
3513
4257
4222
4714
8579
6643
3026
10754
761
8748
1587
1030
7691
3689
6463
8244
10852
9233
293
1427
8795
3200
2991
5606
1717
3026
10796
4528
9698
10448
7415
8306
5650
10902
8810
8603
2306
5789
10332
7938
1009
1821
7542
10185
3731
3910
365
4609
10572
2936
1233
10121
3238
10000
2109
10818
5118
2833
3135
8247
8526
1572
8081
3920
4441
3002
3830
700
3463
2930
10185
3133
8215
5545
8884
10478
2548
9912
1572
4366
7284
4494
5286
262
3706
1679
6370
4852
7630
367
9809
3173
7689
7745
7840
5364
7938
2854
617
10481
9386
5245
6463
6073
7712
8407
10274
10818
6094
9954
9159
7106
6083
7983
3465
2844
2936
3002
3328
4428
2254
9387
7251
8147
9617
7254
8360
3797
3869
2963
7412
8252
7986
9689
9869
2458
5979
5336
7961
10185
3987
863
5554
8579
10808
10818
8848
8125
8512
2458
9201
2121
1088
3260
10185
5458
9064
3932
2752
9302
5254
536
10581
7397
5133
2584
5128
3153
4255
8740
4842
2333
3313
3383
784
1851
3332
5282
2518
4257
998
8471
8812
1481
1484
6197
7512
1920
10427
7241
9332
4788
2554
3076
7142
973
964
3206
7414
3315
3331
8244
2457
4741
1112
7895
2425
10727
10697
9768
409
3376
192
4522
2030
2111
10902
10882
2422
376
6056
2582
1670
4449
5445
8063
3312
6197
109
3010
10475
4284
2174
3321
3803
1121
5360
10821
7481
3068
7418
8151
9875
5725
7754
1148
10290
3019
3019
8088
2458
10706
70
8679
8020
6978
793
1447
3130
7451
8848
847
5422
7255
404
9320
3092
2582
7480
4900
1033
6197
3896
8047
7090
5364
9064
5544
6595
2484
8793
1218
6634
5228
8125
8603
1581
1814
2448
1771
9689
556
2455
9689
9928
262
7973
1215
9307
7482
1679
6335
8144
2175
7712
3466
6203
9638
8526
8848
2752
1274
7389
7869
9785
3382
2417
8225
9032
9579
7745
8571
8472
6398
9332
10337
10847
5127
2963
1828
7214
1636
1472
907
709
7
3293
6550
7475
6343
671
9007
5871
9098
2715
6983
9444
4782
3634
2080
2572
4728
1288
7185
10844
4842
302
5227
1457
4009
3056
7133
7444
2338
190
10033
8369
5956
5121
10339
2603
8330
1393
1275
5471
3206
3897
8847
8742
6533
9785
7973
4995
1247
10030
5056
3689
4712
2185
4817
9103
2338
86
2930
1330
10039
8114
4255
8180
1151
3067
5436
7547
3019
5715
2118
2147
4096
5275
5428
4842
3531
5660
7444
3260
1115
2815
10841
5817
291
8425
1274
10148
7480
836
7488
1771
4554
3026
7691
5871
6065
2811
7063
3332
7063
9638
874
3365
10875
8060
2333
3193
9785
3832
2206
9007
2528
7390
1448
6065
1967
3832
8748
7158
2390
7366
1875
9459
2554
9263
2725
6334
4842
3332
9945
10330
8975
7551
1184
3315
9689
10122
7133
1697
921
2448
5247
10212
1067
6056
1288
97
7415
1221
5247
4959
10663
28
230
2998
5548
1481
3139
7840
4287
9730
3456
3709
5175
3382
2933
8182
2147
2854
3137
5425
9195
5558
5247
1880
4046
5306
10251
2190
326
8002
8471
8597
7711
6107
3200
9386
10875
1527
9591
4887
1112
1076
10825
1487
2242
7793
1003
899
7884
3068
3355
7482
2685
1275
6179
7447
9687
7514
4878
6008
637
3932
1285
4725
8796
1121
8099
1088
5527
10959
907
6337
7169
7878
6503
5274
6038
1281
9444
5455
638
9875
3312
3091
7441
3312
4517
1093
2275
3897
5363
3356
6798
8407
9130
1418
3317
2147
5274
8963
7284
6830
8742
7840
2417
6307
4257
10636
7524
2019
2933
3692
10141
8115
1992
10742
1844
7379
3654
2881
1211
4174
10478
2485
6533
9786
4477
8147
2242
9700
10323
4757
3553
100
10527
4278
8990
7480
4842
3798
6440
2333
5789
2199
6825
9986
4888
4563
97
386
2458
5445
632
1484
3830
7745
2754
7603
7155
3620
2224
5187
6080
6170
10575
5036
1258
338
6595
10724
7601
2581
1484
8975
10285
10029
10335
4824
10366
10587
8218
3315
4775
8812
5527
3260
8427
820
7063
7415
4078
319
4046
8333
1088
1785
5824
7689
847
1033
10679
9671
1299
8424
6940
6605
7851
10281
1528
8281
3076
5798
2745
3173
6285
2745
487
6791
10772
3466
2448
9795
2851
10148
8417
9400
10033
6650
5871
1076
836
10067
2751
7689
1875
9759
7451
10088
10547
6376
4144
5506
3079
10
3797
1744
5630
6337
5897
3706
6392
478
2091
5485
6839
6197
784
8006
3986
931
3173
6373
904
9378
10992
1572
7251
5721
739
3466
2151
2524
5650
649
9915
10881
5281
5128
8303
3830
2457
1303
2112
8603
7306
2844
9326
7961
9073
8157
2854
4178
239
5118
8175
7142
4287
7155
4960
7721
6904
4751
5605
2930
7839
2910
6354
1373
7093
970
103
4872
2118
7451
5182
2584
7788
10772
2118
802
9617
5584
1697
863
4690
7514
10185
3269
2903
2036
8074
1818
2847
10852
10030
5725
8929
10663
7390
1122
3312
7172
4522
464
10527
3608
1472
4552
1857
10825
8332
9302
7896
3290
9908
8299
802
6203
2457
7815
1009
3466
6350
1275
3364
9120
7842
6904
3560
5353
6179
5506
6595
1760
10533
3031
694
10088
3190
5715
6380
10755
4406
487
1875
7603
10478
1033
784
4852
7959
7815
3091
4004
6650
6179
6595
3913
4336
9332
10128
6285
683
1330
2258
1933
3238
1599
5527
1009
8175
1841
5606
9587
6044
790
2548
7869
2542
1353
2260
4888
8969
1670
8108
8379
362
2174
365
673
3001
2457
6839
2845
3137
2851
4563
1
9873
8108
566
1290
8427
9007
8020
10209
7452
10076
10128
8379
1221
2581
3260
4563
7245
4481
9986
1752
4217
496
8579
9406
7663
4285
8033
1251
7366
5066
7522
7475
4481
5118
617
6329
3553
9875
8081
5712
2572
3109
7414
680
6490
9768
5422
8884
6560
2111
3301
9687
3001
910
1335
9876
4827
6032
9073
4255
10814
9040
1427
7633
8976
9310
3646
4284
8200
989
5272
8099
397
4552
4248
7415
10125
2478
5643
1475
8784
8047
3002
7633
2188
1274
6955
7521
3321
7093
3200
10888
5991
5533
881
6789
904
8211
6320
8330
6733
763
644
2844
4144
9201
1274
5660
6337
2121
8793
6055
6506
7636
9386
5363
10527
9986
700
167
970
2554
409
4807
8909
989
6560
8881
2452
1748
4449
7457
1390
3065
3970
5571
3139
8848
8679
5548
10247
5118
9406
8571
10418
7214
9103
1188
7814
5313
1744
4842
10857
3317
10158
4494
8088
7127
6136
7893
9908
9873
6789
3563
7896
2258
5978
7603
8006
10518
8699
10821
7893
8818
9203
5274
219
2989
7610
4585
617
2300
4455
10814
2752
7184
10857
2825
10527
230
8542
1274
7457
4174
7016
9908
3673
6065
2393
5571
5425
6839
2901
9332
5445
7412
8211
3563
9759
7169
1487
8018
3097
23
3321
536
1457
3667
2383
4087
3832
10211
7930
820
7524
8144
6582
8555
4441
1332
874
9597
10332
9120
2571
10299
3670
9678
6703
3213
5555
1748
3897
9007
7930
9689
1158
9556
9100
10828
2393
940
6053
5331
700
2275
4144
9928
4441
2393
1303
9912
3689
8036
2751
1745
3629
10930
10447
10212
10215
9289
2157
1512
1222
7522
2121
7878
9291
1
8739
8787
7421
10472
10288
1742
5603
8517
6839
1744
1152
10472
8417
3213
6763
5721
10151
5544
4817
10418
3706
2151
8975
2224
970
565
10221
8847
913
3605
7541
2584
8427
7336
5306
1812
1992
1727
8512
262
9073
4814
7712
3083
5175
10029
4527
10000
4449
7887
4906
2602
1821
655
188
10852
4841
23
5542
10512
1599
3698
3020
4069
2811
2528
8877
6302
9678
2963
6055
3897
4721
5199
4284
4363
8524
1930
1257
8511
320
5897
6285
9377
2901
2455
9867
7598
5248
2528
5331
9326
1818
1814
1663
8740
1599
9921
4278
3513
313
3910
5272
5552
3664
763
8821
5306
7869
7480
1742
7252
7815
3338
2548
9210
790
5633
2275
2151
6220
10472
10992
2725
2547
6008
7884
10
3608
3650
8990
10758
10706
6763
1475
6533
6080
9678
4747
3068
10607
907
1574
665
9291
10447
6202
3239
28
5436
8877
9623
230
8603
9617
10472
2080
7804
7581
3139
4157
1636
94
10888
2903
10857
1339
8471
7887
5659
970
4721
2527
5472
190
10299
8099
7480
6433
8579
3987
4782
362
8796
1288
8252
7271
319
7698
1373
9236
913
3086
7451
6230
5364
10427
10303
7900
3923
28
8060
10772
9012
8417
3869
4400
4995
1697
3308
68
4872
2008
4712
4481
2811
2030
9892
2845
1679
10818
1959
9302
4225
7154
8740
7599
2584
10875
9195
8427
8115
5997
4781
1152
3563
8812
1587
7389
10581
2254
9073
2572
10182
2568
1484
7995
3436
937
4718
5272
6665
7482
5336
4517
1257
637
818
9655
9945
638
9129
1088
3076
10518
1769
7959
1122
763
10607
7601
7457
2575
3910
7793
8332
5499
5987
7185
9683
5336
8724
2568
973
3692
10151
446
1599
5247
1902
10733
7842
9829
10332
1874
9100
7414
10474
10067
1724
1572
5275
2306
9876
1337
10332
1088
7541
9129
4147
5331
10039
5336
3646
5634
10679
6634
3634
10484
8526
7869
4147
3103
2177
9945
5695
4004
10857
680
8188
5331
6673
1697
3097
7016
5524
1185
2309
3323
6852
176
7452
4995
6656
2333
10000
7698
10448
7441
1211
9556
6852
9010
3312
49
9400
5517
7158
5452
10487
4870
8524
7619
478
2338
129
2899
3313
2383
4663
1474
10393
10874
9203
10182
219
10528
4757
10125
10390
2881
5789
4275
8323
910
6543
8265
5482
635
10373
1929
19
1218
9671
2630
910
9210
3206
6560
7542
4944
9203
10233
9795
3923
10903
9387
1880
5274
4406
1215
10814
6258
1785
7689
7480
4090
1188
6353
9070
9291
5187
860
6710
10857
8332
2572
7215
319
7814
2748
9982
6763
3608
4147
8081
2080
6582
6398
3634
4585
7518
469
901
6595
7983
392
7185
6825
5897
9012
802
3132
820
10880
4582
1575
8796
2586
7938
329
4960
4481
8306
1290
3331
1158
10478
617
4414
383
9004
6179
10587
4599
6361
10903
3283
3797
2190
3382
8033
10288
1330
1581
6404
2714
4078
6083
9912
10039
7
10572
6595
5879
1427
10475
10274
1599
4217
2936
6343
2260
3689
3296
10920
10967
97
6631
10339
10725
409
7245
6008
10818
820
8769
6197
5172
1277
6879
7480
1152
10717
23
10557
6398
3321
1212
860
5571
1353
13
7036
4428
6053
7457
10303
362
9597
1221
10152
6436
802
9892
5346
7144
3123
10882
10448
7447
2910
10092
9046
10353
2019
1285
10115
5157
86
7839
1557
1258
8963
8251
5789
8411
3002
3213
10851
8880
2360
2224
10475
8848
4960
3766
2245
9210
6179
7425
8542
8099
10663
409
6353
4959
739
1808
4287
9219
10448
2998
5128
7488
1841
386
2825
6055
1093
4841
10745
4184
1582
1967
10233
9233
7306
6071
9671
236
9912
2484
3139
1209
7397
8247
4780
1724
655
10427
3902
68
5596
2257
2019
8630
5242
7148
3664
2784
7418
3803
1275
5454
1373
5682
7127
10578
923
5854
9565
10574
1122
8175
4609
8579
3620
9064
3698
5066
5217
3092
8969
7451
5272
9873
3797
2455
1472
10474
9640
9130
7061
7475
7133
379
2518
10733
6830
10724
8152
5458
1067
10182
4522
4517
6897
4721
6800
5991
8020
8417
4633
362
6978
313
7481
7525
2748
2845
2242
5128
1300
5714
6053
239
5427
5353
6631
7185
1959
7451
1285
8808
2111
3130
3970
2751
6983
4046
761
404
7154
3463
1587
4653
193
739
3135
3332
4187
4636
10000
7804
7117
2030
5643
8233
9495
6073
8182
1339
2063
5517
912
5471
6559
4775
8652
8487
2998
97
7217
4222
1303
3065
490
8740
3010
4536
6364
6736
9233
8877
2584
6404
1339
4225
3166
10518
7524
4807
1076
2206
28
2458
386
6080
1475
8180
4817
4255
5211
1274
263
7172
2122
9302
9671
4400
3135
4111
2181
2524
8751
2417
3002
6534
10222
3260
3233
7398
3123
3436
2751
10815
2725
2748
5605
1247
6376
8281
2224
3067
3564
10821
8751
3913
763
8274
10418
6350
6166
3436
5427
5741
4406
8741
8512
970
4555
7145
3653
8769
3356
7598
10158
1448
6530
5725
3067
632
5965
9594
7598
8478
2603
9332
5306
1599
8639
7878
3546
1511
8244
2190
10393
3076
7744
6285
1888
6044
784
1575
9980
2545
4482
1851
8478
736
3312
2245
5506
6899
899
7985
7848
9678
5965
10448
10769
9632
7601
10393
7887
1274
3698
5712
10733
8742
6230
1796
7903
4725
5544
310
190
6983
3137
3193
623
5919
736
6354
9377
3650
5422
7916
9368
3238
9655
8877
103
5517
5056
5725
5752
2571
6305
6803
665
10125
3135
3392
9556
9400
5584
7360
8188
5247
7739
3137
2115
9387
7636
6661
103
7480
7160
4751
3109
3896
4449
1125
9010
2603
8976
10141
1353
4127
9921
7117
2844
2333
6440
7145
3962
6083
4757
1599
10484
556
7251
6056
2109
2455
5218
1393
9387
2174
5313
7255
2115
617
10222
3190
1796
192
2852
7061
9982
6543
4563
2422
5812
10478
10902
6893
5879
8256
3608
167
3689
1760
8524
8742
5596
2175
8114
2725
1366
9386
3779
94
9716
7959
8414
9010
3380
10755
1257
7842
9331
10967
6107
10874
6673
10752
3383
5182
10533
7048
368
9986
8975
3166
31
4774
7145
1572
10880
8554
3062
8147
4157
9683
3564
5781
5718
8478
10992
5224
3319
8545
9302
1448
5172
5721
3103
4428
9495
1067
7271
8175
1521
8848
8099
6285
1760
3535
8874
1411
7117
7398
2181
847
3680
5569
7241
3901
3706
9192
6893
5634
9980
6490
3779
5558
8299
4807
671
8963
2260
2845
9332
5799
1003
3002
8801
2847
8801
4782
5257
4477
2185
2517
8714
376
904
4825
9975
10158
2874
4878
469
1275
7408
5798
2856
9023
8748
7360
3193
5172
7721
8472
8639
397
8144
1184
3635
10825
3564
7599
7444
10796
7840
10247
6998
2396
5427
6719
7814
9578
7171
8118
2825
3907
1092
10578
3283
4780
9070
8639
9323
2818
566
694
7271
8877
3797
4690
10447
7481
10857
5634
1475
5987
6316
6346
7804
7481
8125
10881
8147
3001
10900
3986
8455
3676
7541
9073
2528
10474
10581
5715
1572
9689
9687
1752
2121
5897
6506
3166
10122
4248
3667
10277
6320
617
1115
4747
2224
7251
2036
8976
5919
8639
3978
82
8323
9176
8081
10882
6798
8990
5247
910
9210
2851
1114
2630
6505
10487
3319
6073
1309
10581
4271
932
3643
1221
863
836
6656
5994
5363
7255
5533
6308
3879
3553
6582
7542
6643
7169
2313
5845
10177
556
7859
6285
1812
7215
2899
10512
10000
1233
2586
1557
1528
8715
7093
2487
8397
10418
2548
9869
10574
8472
1448
4944
4599
9320
5666
9120
10976
2751
7893
1274
2856
7551
6032
4040
4178
3643
4944
8452
1184
790
3823
1128
5063
10717
5118
4096
9387
2568
4494
5172
2910
2574
8579
5181
9632
8545
5187
632
6637
3153
622
9761
10967
5472
4712
91
9313
8487
5157
8157
139
368
1808
1472
9986
2847
6879
4572
3797
5427
2369
5275
7251
9875
6803
2452
5822
1300
10636
7480
9687
860
4906
7542
10457
97
1353
2112
7036
10796
7084
2275
4248
1281
8967
2528
10211
3231
7063
563
5722
5436
5178
10215
1472
1785
1929
1339
5525
6239
1727
7900
188
9594
6305
8411
2717
1411
5558
9986
326
10088
1288
4481
3913
6955
3637
9836
5714
10339
139
4811
9331
6094
10033
4814
2452
716
2199
3351
10332
1808
6613
3139
2639
5919
8704
6083
3553
5571
10814
2455
8478
3634
9951
7601
6258
1366
5725
9640
8847
860
6650
2852
6736
3338
2475
7903
4636
7241
1281
3097
9623
7851
2275
4640
397
8742
3689
10233
7541
8099
3986
9387
8118
8369
5172
1880
4571
2338
10874
1511
802
4552
10393
8081
5682
109
301
4552
6643
6560
6056
10758
6354
280
3132
310
10929
10475
338
3100
7451
9073
3513
219
2989
5063
10448
1222
3321
9032
4585
7390
5994
10903
7958
4728
970
7522
3605
1000
8847
2933
5544
1748
4175
3736
1448
3789
8795
2306
10303
4741
6170
9032
4477
4855
7217
9010
10581
2511
4400
5630
6490
7169
1215
2338
8414
2933
9640
5056
8488
8740
6035
8929
409
4782
10733
2008
6354
1115
847
3832
5714
10158
3637
2039
1812
6398
2748
3932
362
7937
10076
8047
2755
1663
3356
2422
9761
6983
10828
9591
6037
4715
10184
9703
5650
8957
3097
8975
3560
19
932
1745
566
2080
6490
10582
6703
4111
4855
2425
7884
9201
4775
8542
4888
683
3091
1151
2080
1393
3608
5499
10755
8099
6023
9738
7633
863
10717
6673
9037
10288
5545
3193
5517
1067
2175
4788
7090
7721
6893
6893
2115
4474
5660
2851
10844
2572
2852
7633
9837
6334
5175
3920
1029
6022
8769
7525
7106
4555
9829
5666
262
1717
1818
10575
3026
6971
8006
4721
8099
4552
5245
1679
4690
4178
5271
7309
10717
6763
8441
970
3019
8174
10745
3329
5781
7916
4258
2133
3200
1578
2910
8452
4599
8424
2275
10581
7418
3968
2833
9758
8125
6830
5454
9102
4725
9761
4284
8181
3231
10679
100
6733
5242
5742
820
2093
8060
9007
2639
1029
7425
176
1852
9444
7145
6346
1212
617
2422
3233
6703
1518
7158
5871
913
4635
5919
9263
1784
7937
10067
2063
6044
5712
10847
7839
9761
4751
1184
6107
1852
3913
3766
94
1875
3698
4725
1427
1818
6852
3832
5127
10444
1748
4225
2751
3731
8748
10967
9982
10670
1152
10933
8063
6166
9192
820
1000
2484
1572
4774
6202
2575
4271
9689
8018
5660
3713
10
6083
3832
10574
5949
9298
6533
8542
9954
10411
4417
1874
1725
10784
2393
3231
2620
2257
9875
2545
6650
8018
6398
8522
4714
7390
946
2019
9915
10821
7887
3673
10758
2528
10636
2331
4572
8471
7451
10882
4757
7601
556
7336
397
5826
6800
10903
3978
7481
8233
1332
3913
1818
4481
10581
790
7145
10902
9120
5477
10769
5633
6893
10933
6506
913
8784
3109
4447
1574
10390
3607
3833
6343
8472
319
4181
167
3673
10487
3290
10748
4414
3833
4825
8778
3067
3097
5286
5175
1303
7148
8522
937
10290
8121
10880
3646
9326
3920
338
5517
4552
9632
329
874
490
8963
109
3823
6008
5747
7214
6528
7152
10815
3713
6559
5722
7144
5725
9591
6897
3392
7248
3661
3706
4069
10821
1527
1258
2555
3123
6307
5650
8793
7214
5525
998
8299
4284
2339
9301
9671
4841
6528
6463
2122
3832
10521
5274
3902
8121
2568
2109
3019
1992
9869
2030
7521
464
8740
3706
7215
3356
3321
3661
6335
4690
293
1581
3312
10285
3200
3650
4663
7360
1825
10903
10030
4144
1758
188
208
10511
2331
338
1222
6719
3135
6293
1821
9159
3130
1852
6736
2026
899
8741
3031
1122
10772
899
8847
9836
9064
818
8452
6605
565
5821
10587
2854
6258
3823
10281
7245
4774
748
4870
4528
10148
5336
6634
10353
5458
5524
4714
7547
5660
2396
1472
2989
3968
7451
6293
4078
9716
1875
4636
2008
4144
4174
2039
4118
6346
10281
4471
10448
665
8006
8442
623
6634
7379
623
9892
9975
7959
6798
7255
2003
8793
3135
10727
4471
7633
989
8360
8018
6166
8741
10733
2211
2062
9320
2754
3338
3153
10599
9683
5572
86
7900
1733
7255
6258
9004
9890
5714
3535
9001
8937
9100
6560
1457
301
3382
9313
6613
638
5227
10815
4336
5741
2112
2175
7848
10288
7481
8251
7425
2693
8821
10745
10771
8188
9968
7306
1976
10212
5066
901
8018
302
5174
1092
637
8603
6803
6083
10221
8274
9007
6107
1251
2527
5178
7712
9120
8414
6239
6230
8211
6917
2548
2455
10733
5268
8751
4807
536
3902
9594
8118
8812
2478
7451
10847
5455
10152
4558
6543
3731
9836
9738
1992
7145
7482
10929
1112
9195
7444
6938
9857
9587
3332
1808
6730
1447
10663
1258
2258
10607
7512
4545
3766
8233
1818
6505
9716
3531
1815
7859
2998
8254
6316
739
4827
4258
1247
190
1275
9689
1003
9867
7895
8472
10572
7754
10578
1663
6800
1281
7306
1182
6354
1000
5695
3535
7090
4287
1125
7896
1309
5245
8724
6335
2115
6335
5178
10448
5228
5036
4365
3465
7421
7938
4690
1218
10511
10882
8471
190
3067
653
9638
5178
4582
8180
109
4482
4870
6923
10373
2254
10373
1125
5174
9928
3123
9579
496
1457
1587
9192
8218
7428
2109
2602
331
3823
6345
4252
8180
680
440
7916
3513
1808
7425
6650
1752
5482
2258
8424
1967
3513
7793
10472
3680
6605
6049
10114
904
6923
6791
10222
8360
6083
10599
3135
7589
4944
9683
818
1874
9876
3135
1411
6453
4148
9986
6736
6736
9565
9698
4712
10920
10390
1976
2933
9809
203
10184
3923
2133
10411
1852
10125
7663
7215
1900
2517
7475
9004
3970
10666
7214
7480
2487
9236
1679
4090
4872
10411
6733
6530
193
10582
10636
3931
4528
1902
8778
8808
4774
6409
1841
2039
5477
5571
362
3010
7589
7148
7389
4428
5560
10902
4111
5147
9928
2118
4841
793
9176
9594
2245
2919
1247
9387
7522
6989
3371
139
4599
7255
1744
2963
2899
6534
8704
8973
10754
2639
3970
7444
8697
2639
5821
3465
1209
3650
9890
7601
1844
6367
761
5799
10976
2748
10285
4187
9785
9565
9587
6703
7610
5128
5715
4585
6230
973
7379
3365
2991
5157
203
3312
3062
1841
694
793
386
3371
10184
3355
7689
8512
7851
2741
10003
7457
5417
5181
8488
10330
7152
4418
8881
10752
7633
9873
10188
10784
683
7061
5659
2571
10821
2206
4127
5275
8693
6285
913
8215
1959
6037
790
3763
3907
5659
899
10330
4780
2115
7848
10663
7441
7896
5643
2383
10088
3100
203
4599
9655
3133
6023
3643
8157
3026
8522
10663
2755
9012
9875
7515
5066
5682
1029
10882
9046
7389
3308
9203
7848
4780
6560
10003
1285
4870
9192
2360
8929
8877
7215
1212
4441
4824
1582
10697
9098
9129
6978
9867
3213
10663
6955
8152
188
13
8526
7252
1323
9921
5427
5254
9912
7711
10475
9896
4525
6170
4663
3356
1332
3706
8147
9876
637
8630
9460
3019
5584
8074
1447
7309
4481
10000
10533
2118
8333
9698
901
7245
8036
7937
2390
793
9716
5826
1755
319
7379
2584
5346
6364
1796
2199
5211
464
6978
5725
1039
1995
3987
293
9230
1697
8455
2527
2602
1000
3635
5111
7215
10475
7039
3667
3513
2396
921
9032
9120
4406
8821
10427
10587
2121
2582
2856
5187
5650
2360
2818
9495
8748
7598
2745
23
2833
6166
6560
1748
5472
9089
2339
3629
3833
5722
2109
6566
2221
1277
9738
3932
10390
637
931
2603
10309
5712
2396
4708
10670
3506
5585
9975
3456
2008
5274
1457
5274
2989
763
874
3563
9678
7524
263
2285
5281
68
2991
10976
2003
10274
3137
10221
6370
8784
10875
2333
5585
3901
8427
6353
8679
1366
5525
2093
10992
82
2080
3260
6505
8006
9867
2458
989
10487
2745
8472
1188
1575
1290
2417
1277
3798
10808
7117
3019
6163
7009
4585
3608
2190
1211
8074
7000
7793
6899
1251
6595
1030
10233
7215
2300
3031
7415
10607
4447
6035
6789
3833
2036
5174
10335
9236
7985
7125
6436
4827
1114
9377
9120
2121
4147
10115
4633
1841
6530
3962
9362
2755
9597
2333
4636
6798
4525
6308
9655
2910
3231
6665
4275
10812
3083
7145
7441
7937
7117
1487
10393
7938
3238
10003
10257
2417
6530
8211
9495
9867
2833
10744
10122
7039
10177
7144
2856
7598
6978
5282
8332
7959
989
2396
9368
9037
4009
3290
7619
10281
5255
8251
8245
2003
5147
5245
10587
2545
7412
2715
10393
4888
6616
4554
9836
8036
2338
5659
1796
2881
1992
3962
3563
8063
130
7214
8074
931
3328
2745
5603
9331
1547
8414
7515
4406
556
9632
2528
2603
6463
3323
4824
8793
6637
293
5558
3328
7254
5112
1332
3239
6643
9192
310
5634
1188
7215
8990
5965
6334
10481
8884
5118
3002
6661
2899
7106
5650
5286
1222
9210
6852
2833
6528
6631
5147
2991
8472
635
9378
2039
3823
2151
1029
293
2275
4757
4527
9332
367
10666
3056
6350
3637
2471
1275
10920
4418
2547
7518
860
5127
3535
6080
8379
469
8801
2036
9064
7887
565
3923
86
2275
8714
3564
10851
1299
5606
2620
6987
301
9759
8554
3698
7916
2008
1481
10851
10755
2174
2036
4181
9873
1030
632
6334
3797
2554
1188
5036
6022
5199
2062
7896
1339
2554
2475
8470
3323
8517
8244
1902
8033
5211
3321
6938
9890
1290
2151
912
9387
2998
4855
3763
9837
4471
6534
8554
6083
1572
2852
68
3200
4365
1188
9210
8880
7144
2881
8424
9323
1418
9957
10257
565
4852
5247
10903
6343
5634
8157
4555
1418
3797
9951
4545
5545
8821
8225
7903
2555
7589
10115
736
3823
1444
3920
748
8369
10300
3879
5634
5353
5741
8182
6955
1744
3923
338
10247
1233
8128
9377
5436
2714
10247
7482
3376
5268
1182
1033
5822
833
5725
2527
10933
4252
1366
2177
2333
2845
4172
4474
5596
1733
9738
9167
3308
8973
5650
8524
8144
4481
10706
10527
7574
8512
9195
2989
9986
10527
8472
8562
5585
9098
1029
1578
6490
10900
6998
8874
7172
10679
6409
8848
7869
6044
7309
49
8975
7633
3923
3661
5248
7225
10930
8801
8741
8784
8274
9386
70
563
10112
5659
1275
9230
9064
404
2584
7418
1874
6560
1666
1444
4640
8115
1748
7127
10733
1029
4174
1222
1784
1478
6163
9219
5718
2936
3013
5282
10335
376
8115
1582
3301
3833
4257
5363
7512
8112
6983
4582
1309
5506
7185
2851
10185
10029
4147
10599
3901
7815
1274
9012
10418
10528
5994
8562
4715
1825
8470
5336
8407
8233
2260
2620
9301
3123
7154
7619
7482
5533
2639
8751
8874
5118
9986
940
8414
7488
10967
5228
1772
899
5445
6673
5353
313
7428
3605
5956
6258
3667
8333
2571
2852
6364
10733
10847
7937
683
5228
10920
1000
86
5274
3986
2542
2754
6179
3661
9761
10251
3338
1472
4157
10247
6053
5445
10900
7937
9565
3987
4460
3913
8517
8571
7217
4174
6163
836
7447
8472
617
9968
6703
193
7144
2151
3315
4718
6343
7480
888
3706
5956
9836
6008
10814
1796
7379
10185
9758
6032
5227
3130
9159
1976
7451
3923
8157
7512
1857
3962
4714
7093
8128
9313
5585
5660
2847
8801
13
10697
2212
940
1528
6080
4363
6550
5714
6719
4181
6022
10093
10090
2485
6506
536
1755
6409
10457
1900
4604
10141
9195
1512
10
4558
5036
10724
10209
7412
940
8881
7840
5284
8144
9037
2582
10337
7039
3319
5666
3869
8740
8218
1275
2003
9444
4585
7514
4118
7589
9089
10575
1337
3356
9873
2586
3546
4782
10748
7887
4887
5605
1882
109
6983
9378
10752
8411
7630
10666
1182
5862
7169
9040
10636
6656
3056
2901
8211
5482
10353
739
8424
5845
2865
5956
3315
9716
3092
4635
4174
9089
2555
6307
3301
1976
5533
109
8455
4248
3456
10393
3763
4184
3713
10679
4872
10902
2825
4271
10039
10727
5545
9761
9857
1309
5485
10772
1772
10967
1152
1003
1841
8299
8487
10247
2393
1218
1902
6938
3067
44
7869
4728
379
1851
5218
3970
9869
9459
9386
4781
1959
7248
2989
9921
2115
320
10760
2257
4714
8441
2063
9738
6080
680
3062
5499
2309
2003
1209
2852
7271
2800
4174
1185
7903
2151
2091
10772
4900
2151
68
2242
5281
10518
5477
10771
4271
5452
3313
3923
761
5147
2455
2306
8471
8174
10547
4285
6631
8511
8020
8411
10277
1528
964
820
9638
4747
8472
10742
10418
490
8332
2091
632
2158
7995
8545
7425
6595
2620
8818
5274
2874
8182
5525
4517
10247
7610
1332
9201
3513
19
6839
10373
10725
2620
6179
5482
2019
1784
4366
7514
7848
6202
4118
7306
2811
4287
3376
3536
9233
5845
6661
23
1215
7916
6094
4887
383
1599
2554
10825
2448
44
5254
2741
3356
10411
487
10844
10967
3367
139
10288
8769
4172
9362
1092
4635
7171
1481
9100
6566
7284
4852
7739
6203
3536
8969
8074
6803
9617
3029
10599
4633
8088
1784
1475
1920
4522
6083
1670
5742
230
6053
8006
1444
10323
496
4872
6022
9021
8517
3653
820
376
7241
8108
3233
2158
8180
4807
8812
4222
3068
1821
3056
4871
3002
7366
4780
7985
190
5471
10218
5596
1881
10521
4252
6202
7515
6038
10818
937
5471
8088
9638
921
6404
5659
1882
5157
9291
4663
644
1666
3001
2963
3513
1475
5275
9773
7093
2844
5751
6392
9876
10427
9032
8793
1484
1852
2487
9875
6361
7144
2036
3367
8141
6354
680
4287
694
1
4096
6710
8699
5485
8411
3365
3605
3546
1448
9968
7185
3629
5682
7366
1333
2771
8252
9313
8188
4782
8524
7152
790
10212
5485
6350
2199
10285
188
5552
8211
1003
4585
8099
2865
10474
7398
9298
1527
10636
3329
5826
7152
392
2019
5242
10333
4147
7154
6370
10277
9444
9219
9795
6389
10029
8697
8795
10141
5211
6987
2369
3019
2582
3987
478
9406
2151
3902
10475
3797
9023
6203
3620
5360
2478
9013
9460
6719
8579
1511
6904
1030
3692
9387
5845
7444
31
8128
622
6307
3987
784
912
6637
5630
4842
1277
2685
1411
8742
8795
6353
2851
6701
9700
9587
9444
8874
4871
10366
2487
10717
8330
3382
7619
2933
4757
9236
4888
6345
9556
1852
874
1222
7603
9863
10821
6582
6643
10288
7896
10748
3680
2458
2852
863
9386
2630
1748
5063
280
3926
802
2422
7360
4715
6433
3376
10533
10784
8877
761
1285
9129
656
10092
5268
3329
1528
293
2258
6987
709
8742
7214
5752
8215
8793
230
5360
3736
10844
6345
3902
3506
7408
6433
9687
3466
3321
1772
6613
7154
2903
5997
1815
7093
10300
2478
10088
6094
4046
1880
8699
8796
7603
8487
1527
5628
5824
910
10828
7995
8247
10300
10821
9100
8182
1582
1903
1300
10572
5172
6017
7581
1599
4040
4721
1992
8522
5527
4721
9604
10874
8639
5630
5425
1093
5306
6316
8881
7252
2260
7482
6065
8303
556
5247
1533
5477
1744
6798
7961
5217
10033
376
4477
680
9332
3020
1857
1771
2518
2557
1852
10211
3382
1309
7869
3923
6337
7842
7397
4078
10067
7251
8414
8787
836
3608
9368
5650
6202
4366
2818
5286
8652
1582
6230
5552
3260
2584
5313
7916
2285
10900
8877
7036
8810
7712
10475
10880
8973
6661
3798
10003
6791
4257
7421
806
3823
7636
10478
3932
3833
3635
23
6008
932
9129
1852
2545
8151
4715
8411
19
4172
9236
4554
10769
1796
4064
3365
9795
3608
3019
8740
632
262
8625
6490
4417
5242
9737
5596
7016
5172
6346
656
9236
1697
3001
10390
6293
10582
1274
1209
7514
9320
4714
9632
5181
9928
3190
2091
8427
2998
9129
3634
9064
5036
9945
10636
3067
912
10821
6899
9362
3328
4147
6055
5181
6904
5714
3213
446
2511
8060
2572
2383
632
8323
5956
226
9700
2258
10900
4995
2093
10274
7241
9301
5112
8542
9387
10744
6361
9263
7415
3546
5282
4712
4774
490
10607
7284
8181
3797
1299
2881
5659
3607
10575
6023
9857
608
3109
5949
2174
192
5346
7254
2582
5175
2685
2717
1151
1995
8225
4715
3132
3065
1547
3978
4428
7451
8425
9195
3513
409
1796
2175
833
5721
1221
8182
8699
4807
487
2425
1636
2518
4825
8147
4774
7048
3313
2714
1995
5585
10088
8218
4287
3806
7158
3706
8521
8333
2245
5286
1029
3301
4356
9007
10888
1533
1333
1847
3329
2115
32
8874
2571
2242
5724
9912
10209
3310
1114
10411
3079
4900
3026
6166
3109
3038
5724
1447
5112
2575
5175
9549
4814
5187
1875
5463
10575
8115
49
9700
5455
9031
9100
13
10724
3637
860
748
2003
5722
94
10717
4481
2715
4148
10547
7842
9386
1636
6203
9386
10528
10748
2369
2903
7518
391
6703
2036
10484
5552
9012
3896
5527
10029
9640
3823
9863
7842
9192
10009
9975
9951
9857
7541
1821
1518
8511
9829
7048
10995
8579
8976
5991
9761
9640
2542
1930
8417
6506
5282
7959
5605
2568
5133
2581
5560
7636
8470
2260
6032
9307
10533
1000
6258
10874
3645
10587
1847
10679
10033
5477
6073
326
2285
10815
7859
3233
9291
739
7851
6736
3100
3355
10247
3506
3206
9578
8157
9698
8303
8990
5715
1299
10528
6055
9579
5799
9980
10511
7248
3283
7959
2285
1607
4275
7711
5056
9678
806
6346
6258
2685
8018
1114
4959
2062
1177
10112
3100
3153
4040
8976
7839
3290
6389
1717
3901
9219
1572
10290
1902
9103
5187
13
10333
10122
49
7154
8144
9975
5879
4752
5056
3832
6170
1274
2112
9837
6367
2930
8909
5789
9578
1888
3463
3091
6503
3634
4284
3563
6350
6559
293
4841
1717
6899
637
8441
656
3806
9698
3779
4774
1003
8748
9975
320
6409
2517
10303
7848
1323
1182
644
3970
1152
8215
9323
3661
79
7414
9289
8247
6056
9098
7482
1212
2751
109
874
7444
9604
3123
2557
3698
2574
5172
5353
5360
10484
7480
802
4474
8697
4225
2221
2989
8455
219
9896
4178
3706
7152
9892
10447
888
10574
3760
3978
1093
1808
6353
4522
8182
9700
10742
5472
10115
7254
7541
10299
5542
9032
9301
6035
5242
2383
7214
7415
5630
4827
649
3736
2919
4258
8425
9594
9678
1636
1029
1067
2455
10444
9980
635
6107
5353
1323
4248
6343
4775
2574
806
8810
1724
9377
10706
8884
203
10112
10141
9102
9023
2745
7117
10029
6534
6197
5811
3456
2188
5272
7061
5596
1029
6897
1209
9928
7444
6203
4258
9579
10575
8742
4604
10447
8175
8181
9591
3680
6904
9176
5569
8704
1251
10288
7482
680
5628
8740
3986
7959
10670
10812
5956
8471
5949
5199
10882
9368
8693
3296
2338
5571
649
7711
10330
3338
1933
10808
3790
7581
998
3833
3376
3153
6940
9444
3323
638
860
6634
3907
1233
1029
4814
9869
8002
263
5282
8545
10742
5452
2602
4477
7331
9638
4887
9671
230
5445
5436
3823
7389
10733
2524
193
644
7518
10303
4555
5133
86
7309
3296
6923
6978
9640
6490
8306
6370
1281
3706
6370
5199
49
3367
6825
10151
9201
397
7938
8524
1812
7814
1841
9982
1745
7441
937
7245
6582
1299
8992
5630
10815
6258
6798
9406
6710
10582
1366
1114
2630
239
1578
4460
4585
2571
2527
9768
806
7599
3713
5987
8074
6940
7457
4118
3132
6506
4078
1222
4725
6065
5274
9460
5335
8992
4118
10257
5628
913
2175
5752
10247
3650
9230
9671
2471
1115
2275
4148
391
2112
10875
8247
3238
5128
409
4522
10158
8181
3238
9716
2818
8759
9400
7036
8020
3079
1285
8801
3970
6733
7000
8487
1333
6534
10697
4494
1251
10967
8254
10575
3962
4482
3019
1277
1323
9768
10478
5994
3376
3382
5445
3901
9129
1852
2511
673
7184
5245
2275
3209
2157
1755
5112
3736
9876
6560
7255
3463
7363
1607
5336
3531
2517
761
5660
6852
7425
7581
4752
6789
2425
5812
694
6398
5718
6329
8884
3079
3803
82
5128
7598
9236
7171
7084
3833
7522
10300
4447
2062
2752
4517
9980
10821
4663
8748
7421
946
1547
8181
3706
7691
10121
7842
6258
9640
2242
9912
3026
262
2396
9013
1992
9444
4558
8487
2306
5422
2557
7636
5425
1447
3329
5603
7841
4417
3832
1457
8182
4414
4558
3605
5111
3317
836
1725
637
7152
6650
6719
2369
1796
10427
3977
4555
1903
6938
8144
1959
10874
4414
2036
10875
3067
2856
7452
5722
10003
8511
4363
8884
10742
7036
10309
10481
409
8992
9013
6897
1754
203
10518
5499
9594
3103
10976
3977
2313
1888
3338
7390
9738
9370
10772
3977
6559
1033
1582
8233
4481
262
5542
291
8679
7598
7214
8512
9773
7541
10929
3676
3026
8152
5128
998
10528
7125
7214
5965
3790
4572
5584
8427
1841
4906
9908
8245
2930
9320
5056
10481
9671
262
8323
4747
2257
9377
5659
2338
6335
888
998
5822
9230
7160
9809
3667
7968
5422
236
5842
10933
3897
6337
10303
8112
3896
617
7824
9638
9758
5227
10902
2158
6530
3079
7245
7721
9326
4827
622
4577
653
5282
2309
10222
2190
1418
2039
4571
2360
208
8265
446
5128
6665
7958
3531
5274
5799
8742
923
4708
10184
1967
10582
4275
3029
6503
3608
8517
3391
4636
5751
8020
10411
3166
2199
6049
2751
10518
8697
709
2989
4148
1222
6179
10177
3923
1373
2112
5157
3019
3645
1995
8441
10177
1
4887
10247
7619
7457
3137
2575
7581
7518
103
2854
5722
3332
1332
9129
8281
2484
8759
3038
7522
6305
6346
6637
3463
3731
1844
6094
8693
1093
2396
446
3664
9738
4609
4944
1670
10209
7525
709
2133
7390
6037
5499
1717
7515
2063
4417
10211
6550
1474
9951
6899
2714
3535
1209
4725
7986
8245
5118
368
10724
10474
5650
10390
8427
8417
2174
331
4852
3607
989
1881
4258
8740
4522
2448
3068
10754
5712
4841
469
8801
7985
8441
1274
946
5063
671
1578
6239
7689
5724
392
8063
129
2185
1920
6701
7039
4525
2211
1852
2333
9064
8818
3706
10215
2752
7869
7284
2122
103
1533
4118
3932
6353
7000
1930
2188
8047
6409
10882
6373
2122
3029
8704
10125
8521
8936
1815
8174
5282
9400
1527
1152
2800
1758
3296
5741
6543
10578
4725
1733
5572
8778
365
6367
1882
3736
1748
3260
10215
655
8247
6380
230
1724
7360
1581
3789
2572
3680
5172
9758
1733
1093
3153
4817
8975
7721
3709
4428
9579
2554
1418
7444
10299
9890
2417
319
1733
7048
3019
5517
8254
10474
8002
1578
709
1663
10274
9302
9655
1599
10959
5722
7930
9459
9203
8060
8996
9291
6373
4944
3531
9912
1880
4258
10533
3646
1115
10882
3193
1847
9587
365
3123
998
565
2174
1528
5871
8741
3620
7412
4527
1275
7601
2422
7133
3962
7601
1484
5569
6032
5127
2557
7418
7444
6789
10076
9291
8796
8715
7744
6316
3897
8306
208
1724
8114
10009
7900
9031
2111
998
9400
7215
536
3137
3068
3132
7444
8597
31
9307
4517
5436
3760
7840
3620
3553
10122
8693
10880
1825
10808
8200
7217
8252
2003
5605
7514
7414
9604
82
7412
496
3986
8330
8787
167
8787
874
10299
10475
7522
9219
2422
3923
7937
9400
6202
9912
6354
2524
1251
1448
8521
7524
3332
3731
10818
6852
4474
8397
1185
8200
4175
8555
1390
2121
7016
3790
6334
8847
2602
10222
836
7788
5133
8571
1744
6582
6897
10033
496
3456
6637
1033
3135
23
8639
4721
5712
9549
3832
7512
8114
10725
5217
5417
6316
6320
3673
8074
10808
4814
5822
5552
10769
10184
2157
3238
4252
563
409
3283
2309
3123
6163
4172
8442
5845
8274
4636
1393
6453
10290
3332
5228
6080
2586
3653
478
9323
9951
2815
6719
7599
6055
1527
1003
7630
1457
8144
6436
5659
8812
8796
3346
1581
5747
3563
8303
10151
5558
3637
2511
1900
5991
5187
9703
8562
10808
8181
4585
1818
2206
1447
2693
1447
10874
4144
1772
2620
8114
2717
9378
9890
2581
3310
2811
7169
10511
7893
367
6673
9873
10518
7599
2658
1821
9579
326
1663
7619
8182
5227
3698
313
10182
9795
1212
7900
219
9698
1745
2545
8002
3209
4417
31
9786
7036
6053
8881
9004
2685
9578
3896
3654
10039
4181
8470
8715
8741
10251
9863
5284
2554
10125
100
239
5417
10337
5257
7841
10251
556
4585
1112
3901
8808
8714
4482
748
3931
365
3667
7452
1847
8937
2181
1852
4287
8693
7093
4635
4841
899
7551
10679
7084
10447
5571
1281
6637
1527
9323
2455
881
8936
3661
2602
8411
4096
7475
3019
487
10112
8704
9368
2715
8265
10448
8739
10933
3760
9896
9301
3736
2571
139
5445
9587
5956
536
4172
6830
7524
3313
2572
9565
7009
6463
709
9192
10393
5571
3301
9007
7995
1114
1373
7451
9362
8099
899
8125
7983
3083
376
2545
4811
1366
3209
8180
10009
2568
3029
7619
10177
998
4147
5452
2003
3293
10029
10090
4887
9236
716
5477
10852
5056
7842
709
9064
3173
7983
1393
2369
7063
10875
7514
9233
7169
608
329
9331
1221
3968
5228
7124
10748
5991
1844
5172
1717
3920
6053
9176
3076
9230
8060
820
6543
2936
5897
1825
1444
10706
10760
7474
4582
7859
4078
3371
5245
1733
1670
4174
9737
2752
9687
6389
331
7995
1995
3986
3907
3789
10818
3371
3664
9368
5659
3031
6435
9070
665
9040
6316
8200
2174
6049
5458
9915
5245
8795
2963
7252
10125
7518
7691
4255
7589
8299
9980
10444
8470
4248
5845
8639
6605
7481
28
8332
5630
836
4811
8996
6650
5281
973
8597
6789
2484
5572
632
7488
8793
4172
2919
5855
8793
4878
2118
2527
9012
10575
7930
3193
2693
10299
8812
3698
4181
10427
1587
1274
4181
6035
6285
3068
6038
446
1902
8303
5584
5275
10844
6035
8265
5306
763
440
5715
4872
7172
9302
2748
9323
2602
7514
7793
9683
10188
671
7414
8182
4257
683
7421
9100
10847
680
8112
9362
4474
4417
2685
10029
8115
8225
10818
1814
5798
2390
3109
899
946
7551
5826
9928
2422
4545
5428
368
1769
6258
3091
9578
320
6073
1000
2874
5725
10992
8060
7603
1484
9064
3139
8274
4841
8812
7824
3896
5752
6932
10902
8441
82
2751
8333
5454
3901
3896
6353
6049
8909
10247
3068
6316
10212
556
8810
2903
5282
921
2547
3323
8524
5247
10418
1815
2800
2333
8522
4536
291
946
4752
167
6940
4725
6560
1158
3564
10881
1930
5255
8795
7397
469
7152
7398
8697
6389
6673
802
5798
3233
2511
6353
8522
946
338
8369
2603
6661
1851
9738
7893
3709
2865
10992
3987
5724
10663
4174
4522
1033
310
10177
496
5725
9010
1815
4708
7633
2306
10959
7840
6170
8379
10857
5257
1920
6983
2417
319
1881
7457
2333
7524
6830
9980
9289
4712
3763
556
291
2383
6370
7522
8018
1475
7363
6917
1112
2206
5747
9004
1390
6337
7937
7542
167
5603
1030
8244
3328
653
1888
91
82
2714
563
3629
2584
4841
7360
5525
3367
9362
7148
3535
8625
10748
5254
8639
8152
6719
7712
2903
3637
7408
2188
4609
3670
7452
5174
10247
3056
3332
9867
8748
5128
6904
1390
3564
2881
5789
7306
6763
10679
7482
5569
2575
4184
10572
1221
68
10785
3329
5630
6736
2751
3869
8060
5821
1285
2422
8524
2111
10933
10393
302
6703
9377
8699
9040
1882
129
6899
7522
1274
7689
6329
921
9291
10755
4725
3986
3296
2936
3456
9377
1215
6038
7451
8181
10218
230
847
5821
7009
1475
4558
338
391
3689
7541
7215
7452
1115
10184
10959
2211
356
6560
2930
5248
3283
5056
566
10771
10574
1323
9786
1299
8990
6329
3602
1335
10900
478
1366
5812
2062
7215
8088
10093
9565
3913
6736
9655
7973
3312
9671
2603
8274
3296
5682
6643
1128
2852
973
7106
8630
1607
2313
8118
10784
9301
9703
1706
860
10233
8639
5254
1717
8597
3382
4118
3010
899
2715
9758
4096
1
8652
6373
7016
8909
1874
9192
3002
10299
1796
5842
5572
3664
2555
368
1812
4363
6503
6503
1574
8303
10881
10527
3319
3010
280
6398
4782
6346
4175
2063
3068
3608
1812
7589
6017
1880
9578
9377
464
9578
3133
5517
7985
8200
3803
6032
82
3706
7815
3661
874
6380
4747
1727
1959
4781
8330
2800
5063
6656
8244
464
2584
2211
6364
6404
6203
2177
8215
8369
2062
3079
4906
5181
1093
3293
10478
3031
4471
3830
1754
10275
1221
2254
7581
1335
6404
3013
7815
3896
9089
4471
820
8957
10088
3560
280
9195
10366
4148
3153
5274
9945
9089
3643
8299
5695
3731
4653
3391
3546
1547
1484
6643
1290
10578
8929
5965
10587
3692
2571
239
1697
1882
10039
4878
28
881
10222
8848
8478
9982
1706
9313
8909
2224
5242
2455
2620
10828
6307
5798
7840
1812
8963
7721
5364
1151
5643
1748
2574
86
10212
4222
4225
4900
6163
4147
7444
7251
6065
2771
2158
10251
6239
6440
10521
8478
5721
9836
5630
3629
3312
6367
2275
7815
6239
2338
10758
5281
563
818
1808
4536
1706
1744
6335
4449
1557
8929
7739
1122
4181
10607
1448
10303
1475
2111
9597
4558
9192
5364
9037
10092
7893
167
4090
2582
6938
10092
5066
7551
10030
8555
7158
9683
1857
649
7036
4609
4284
1796
262
802
2815
6022
736
7039
3317
10521
5991
5605
5527
4718
1821
3689
7712
1092
3896
4725
8769
9623
7158
6334
6789
9195
964
1274
6035
5542
3351
139
8778
4187
1607
5458
10
1852
2188
10177
3097
10275
10582
1814
2547
9004
6056
2487
1148
3923
3789
5121
6335
4552
9386
1258
7255
4172
8522
10511
9400
617
1222
397
10752
9623
3029
6345
9195
1745
9873
3062
6566
6056
9954
383
2151
4774
2755
5331
6373
673
9698
847
2039
3931
2115
6305
3667
7788
7124
7390
5346
4356
4572
10818
8821
10285
10221
4096
5485
7148
94
1557
5147
4536
8047
10760
3338
5427
9400
1607
7155
9678
6917
4064
4090
6893
9556
2422
937
1148
3038
10067
5695
4184
9632
8033
6605
9031
10088
4258
9362
3564
10744
3698
5871
2881
1152
8424
2003
7973
2338
9928
1742
2524
2811
1184
5227
5558
8074
7691
31
5128
9890
3546
9632
6789
6376
3132
3535
3317
1303
5425
4009
2417
6656
9638
10755
7313
10125
3238
5306
10114
313
4040
5452
8006
3031
3645
8562
10211
4555
2745
8847
8128
6345
1
9594
2339
379
2741
8973
3616
9100
7547
97
3910
4721
2181
1841
1929
7217
1141
10393
1933
9623
5286
6202
3560
10233
847
1141
8478
3351
8511
10636
5712
790
10233
6038
3067
9951
10900
8784
736
7995
9908
1481
7000
6392
392
4040
9957
7363
7551
8147
8470
5545
2133
8074
5712
2452
2998
8973
8144
8909
6334
8471
6055
566
4111
9783
1521
2751
10218
8114
4728
1748
8697
386
10122
4718
6197
1587
5724
5752
4807
8963
3987
8652
3020
1814
9703
10309
1527
10353
4365
9768
6736
10527
921
6955
9031
4009
6335
2572
4528
563
263
7522
932
8471
1339
7542
5524
5172
2062
2881
10076
3190
4275
8323
9655
3620
6380
6337
5812
8517
2630
7441
2260
2584
301
3133
1323
2313
6800
8118
1572
6305
9640
4455
2833
5187
7106
10093
10706
10882
1009
5956
6056
5172
3019
2091
1930
8821
2484
7475
6409
2685
748
5178
2584
2260
1769
3371
10221
4585
2717
1752
6017
6543
496
6566
8472
6350
6543
8697
6987
4788
4640
6789
10122
2112
2448
3079
10275
2815
3092
7360
8332
6566
4757
6343
2582
904
8963
3823
2425
4527
2224
6938
1557
10607
9302
2630
10257
8715
236
9120
446
6435
1427
4741
8741
3673
7196
9332
3531
1902
5118
5445
8060
6543
7090
5695
8125
7389
8018
2245
10752
1744
5606
6083
7255
2856
6220
9773
8245
10903
404
2417
280
4363
9176
694
2527
653
8877
10323
1582
10607
901
1760
9046
129
1717
3506
1122
1481
10706
236
8182
10122
7106
263
8511
10724
1209
7397
3317
10512
635
5463
5965
8441
5714
4807
802
8151
3920
219
313
632
7691
9023
5854
5248
9362
3323
8036
7815
10281
923
7039
6904
5811
3535
10390
10184
5555
3986
10933
6989
8704
10
2852
2199
9587
8818
2811
7691
10337
10976
19
9604
8600
2542
7512
1992
8033
5879
3646
4278
3896
5811
6637
6917
3097
9129
9698
6038
1158
8880
9896
8323
5118
4417
8151
4248
8215
4460
5363
2121
2658
7306
7610
4258
8929
2991
2930
9459
694
2586
3977
3356
7336
4069
1818
7815
7973
5603
7842
9073
3376
7154
2518
5506
8369
3797
4741
8215
5527
7848
7145
2206
3779
9040
7547
3553
2527
2620
9875
3092
3907
4960
1527
3833
239
4728
7
9587
68
5284
10814
1427
1521
2854
4715
7061
6506
6631
7248
7480
3367
1733
8600
70
10547
6506
4841
10484
10857
3901
7144
1758
4888
2714
5227
3209
4172
10557
8488
3798
10478
8125
4217
8793
1663
7887
1309
3667
6373
7313
973
10852
4870
6998
3351
6631
5660
6409
1666
236
683
3901
9986
9556
4527
2212
3901
7574
9957
1725
2339
5056
9786
1444
644
9362
7241
9098
8333
5527
219
10717
8808
1299
2121
4187
262
9876
1679
1670
9387
716
10874
1444
3380
6307
7518
6307
5472
8180
10784
6791
280
10760
7408
10275
2475
7254
3789
329
79
8778
3153
1851
7903
7127
3200
6364
8996
8811
10521
9012
6550
5172
7938
7036
6107
9638
8112
9954
8975
8081
3563
331
1784
632
6440
7425
5741
3331
4217
7148
3692
8274
5949
8407
3329
9716
6440
7217
7842
1821
8784
9921
2554
4640
5036
566
8379
644
10475
649
8470
7284
5227
4441
5181
9737
10900
6038
4009
10771
2175
9326
2901
10995
888
3308
5715
3661
4365
2586
9289
3713
1771
3200
10933
7610
8303
9089
10212
8180
9298
5127
8157
8487
10900
3463
4609
8099
3239
8323
3026
4721
7363
5584
3790
10717
9302
7633
8929
7428
2485
5271
3910
2784
2313
3173
709
2542
320
1221
9460
9578
1299
2741
7145
932
5666
9519
1277
91
4807
4714
6367
9291
4827
10330
2581
7983
9873
4118
7225
8369
3209
623
3645
10148
10995
5118
8018
2825
8141
5822
10257
4944
9837
5306
5695
5752
8424
4474
2754
874
8630
4604
8455
94
10427
9037
1274
8810
3670
4653
1995
1995
10772
310
3367
3019
9954
2260
3789
386
1475
784
6998
5747
10003
7689
9795
2725
6083
6017
1518
2212
2725
923
5822
5747
784
8330
5742
4582
9783
7145
912
6293
2936
5063
10121
5714
3068
4827
3338
6923
6049
3506
1758
397
9587
3789
1427
6364
9100
8487
6665
9579
3367
3002
2093
6038
8967
1742
1151
2825
565
4788
2484
7214
4406
2190
6343
8128
2174
1215
4528
313
716
3308
9263
2557
2620
7619
3869
3436
4712
6073
10772
6073
79
7841
10366
2548
8881
3901
10300
6560
3038
5056
7415
10151
1211
10112
1521
8099
2313
8880
3062
1512
7379
2725
2745
4064
655
7482
7309
5558
2285
2036
5603
9291
10578
8821
7973
7457
8821
10233
5118
2112
3135
8880
9103
9655
3643
4781
7986
3139
7903
3321
9836
1769
376
3313
5634
3231
301
31
1303
3931
23
4871
784
6037
1303
2475
9023
1725
1115
383
5133
2989
320
2903
7251
8174
8715
10141
4545
8115
8522
7824
5695
802
3463
2185
94
8306
1587
10009
2091
319
1093
8141
7254
6789
637
923
4817
10636
1184
9836
10959
5552
3103
9406
3713
10874
7603
6701
5281
1933
7196
2383
7152
6308
1353
7124
3067
31
2548
10888
7039
4181
1474
3067
1212
3760
3364
4175
2751
9001
4004
3970
4255
1003
3031
2396
10828
10881
7444
8397
3313
7514
6800
9495
5363
8114
913
1323
3465
2903
2199
10393
9263
8973
10151
3436
7518
833
2581
9070
2258
5425
4517
9291
8074
6989
8724
10752
1812
6613
1581
10447
2026
2224
1029
6490
910
3026
8996
7447
4418
739
4563
9671
10218
1754
236
4174
4757
10527
7814
4336
5482
1880
4788
5147
8526
8114
10222
3365
10393
2475
4222
4258
3260
5596
8112
7425
10177
4284
9236
2825
10039
5257
7887
6637
790
3536
8512
5455
2658
7169
2901
10663
4172
1663
31
7144
3310
4781
4257
1188
1003
2157
4714
6053
3506
3130
7474
190
391
5871
3190
7254
9444
7172
3392
833
1582
4959
310
3833
1888
9876
7363
8937
8795
10511
1222
1847
2717
5245
3200
7084
10825
635
9040
4400
1030
4004
4494
6733
3315
2080
331
1920
1821
6373
9120
2715
2555
3833
7721
6239
8047
8233
1818
8157
1353
10882
487
1152
3546
8555
5428
1067
8252
3689
9219
8251
7090
1533
478
973
2285
7145
239
1185
8182
6334
7961
7814
1472
6789
5427
2333
8188
8751
5712
6923
6170
5174
6719
5353
9368
4252
7248
3926
9591
1390
8975
3355
8512
8884
10758
190
5714
3830
4825
4959
4184
5472
10587
6940
1663
6367
833
9070
5628
9915
8975
5956
4258
6329
1881
2484
2487
10373
9578
709
1478
4157
910
8088
10323
1393
10447
2910
9968
7039
10995
7938
2008
9012
5353
10478
44
3698
940
338
8417
3029
10092
8542
9301
7481
9331
7610
4781
3833
6637
7815
9640
392
5436
7309
6170
8784
6637
9167
2963
3283
3056
2989
19
2818
2133
7636
9954
7421
3731
1182
8128
970
8571
8597
2133
8884
5798
7598
6917
10390
10758
7884
5445
9954
8522
6094
10679
8256
10874
5458
10607
10033
6258
3031
3380
5425
5284
28
6440
8522
10233
1724
7630
8881
8975
5436
7117
5247
9617
2174
7804
8033
3296
3380
6730
10754
10808
2584
1088
4995
6899
3731
3213
7842
5445
8603
6334
10920
7691
10733
3132
964
8880
1607
3086
9795
7145
10847
7390
2725
5274
6285
860
7524
8554
4284
8254
1557
8396
487
2800
1275
3315
709
1666
82
3351
1847
7363
8992
4287
3803
3763
263
4356
1141
103
5643
7712
4248
10828
5056
9031
8303
2574
6166
9320
6202
7916
10277
3607
86
2448
392
13
3097
368
6534
8424
2852
5742
8074
10814
3986
9908
10475
7744
10393
7398
9210
10852
989
6893
2452
5463
10335
6179
8693
5281
2568
6879
4087
1578
3213
10185
5128
5313
847
9730
2091
3635
8141
9046
4712
8147
7117
9332
7601
8929
2339
9210
4841
10484
7171
6409
2221
2524
129
9230
1258
1366
8252
9023
5175
4406
7938
6798
3301
632
6337
7630
293
7983
5284
1582
4571
8990
3564
9378
1959
10215
748
3001
4708
10003
3020
7360
6435
3010
10815
3832
3968
10185
6071
9310
3062
2554
6320
9873
6398
3535
3206
3607
10599
10697
5798
4255
8714
1335
2030
3332
9332
5178
7061
8081
8125
6463
4558
5725
3667
3463
3661
8157
10755
2157
487
9362
4414
5485
7900
1733
1844
5855
9982
10009
6044
3637
5630
440
881
9130
6376
2630
622
10481
32
5845
8247
5128
1148
784
193
9632
7421
912
1288
5558
5824
2188
319
10029
94
2115
6736
9730
888
9915
3436
1572
8847
6337
2714
5742
9210
4757
1754
694
10815
4959
10785
2557
3260
8265
9951
9210
3731
1029
3907
3456
8152
10373
7084
7878
5174
1582
3650
1880
5845
7379
2133
5919
3563
1177
1122
5335
4811
1920
6605
10122
3133
10185
10033
1221
4040
7255
7379
4363
176
10427
8006
6665
5111
3616
4842
4852
7551
1578
6346
10706
1393
1599
7633
49
5218
2725
793
2008
10697
9021
10745
2212
970
2811
5427
5718
1575
5524
3356
3200
5121
7959
5854
10575
3100
9037
3676
1581
9040
9298
1233
9307
5789
9617
2425
5353
3038
2245
1474
2448
3209
9013
8521
10825
8472
6239
3667
10427
5353
8957
5560
6800
404
2933
2845
10636
5715
1511
6730
6923
8818
4285
2586
3173
9678
4222
6534
1212
1851
3608
4527
1300
9001
1333
6998
5542
236
8157
3896
5275
9890
10093
998
5477
7000
5174
1748
4517
5572
1233
8542
1185
4995
8306
1411
899
239
1511
5111
4852
7610
9233
3560
4585
1748
7117
6673
2524
7841
9102
2630
8175
9332
3283
10670
3923
2524
13
10209
2309
7397
4494
1518
10995
1337
6559
9587
9945
2313
6730
4635
7900
1335
6631
3231
7000
3620
9829
8848
4118
2741
188
1518
847
1587
262
8455
5485
10247
3269
3002
2517
7160
7739
2158
2991
6008
8002
3153
10337
291
1447
5774
10920
6932
4855
10875
3932
9912
5569
10090
4275
4522
3962
8630
291
10527
10030
3079
9386
4147
8787
6361
440
9730
5606
7896
9591
7551
6798
6800
8693
10184
7895
2715
3365
1275
709
8121
7524
4285
7938
10474
1484
3380
8247
7610
2452
7842
6049
4604
1572
536
1818
440
4744
6893
391
1706
8751
7158
8704
8784
2715
7541
1029
8274
10599
6179
2741
5499
973
2147
622
4552
9133
7937
1992
970
4825
6533
7225
7415
1992
7090
7252
1796
4690
9876
9459
5525
100
6136
3670
623
8141
4414
1121
3019
2542
397
7309
5242
10309
912
1487
10847
4752
8114
2658
6136
4788
5036
2452
9332
3193
9687
5463
8200
91
2603
7215
3823
8625
28
8442
2784
6839
5585
7691
4827
9386
3365
4127
4414
9323
1992
8265
7859
4555
6136
5824
2030
3200
10411
1448
7869
291
1995
10825
4635
4222
5569
9040
4609
1444
5643
6230
4414
3283
2008
7848
8487
536
3670
5346
6736
8603
3332
10076
3931
10527
5742
923
4944
4824
5555
9012
4811
6637
6825
7900
3130
129
1755
2458
8252
8182
5997
5555
10257
4284
10247
6335
5525
6367
4172
5364
1366
10852
2475
1903
8511
2901
940
683
2008
28
4782
1457
8630
7444
6302
5268
1995
2019
4111
2425
3097
404
2852
10825
1882
7841
10725
190
3383
1275
5862
5569
2185
8330
6094
10742
3109
7457
5854
2936
3329
2026
8704
9233
44
3653
8724
9986
3661
7887
6055
3193
1290
10390
1752
2190
1353
9519
9876
10547
7169
2571
565
167
7598
176
6701
3664
10373
2715
8303
7215
7552
4558
1323
9954
9291
2260
2484
9896
1281
7986
4871
10929
8976
9289
262
10557
4474
10518
9738
7859
5956
1475
932
3650
6560
3616
49
10874
5286
5247
10784
8256
2080
1285
6380
3083
7480
7900
5854
9203
7712
9671
9587
4096
4494
4482
4009
3293
9387
1184
2339
383
2545
7983
716
9703
8990
7958
9263
3763
2571
10039
8254
1903
3779
1959
7896
1353
7636
2313
4781
7016
2910
8360
700
2881
7547
9896
3926
6056
3038
4414
5824
4563
3356
464
1484
2393
932
5306
9869
5363
2118
6080
10390
10444
8303
1353
7106
8427
6566
8524
8088
7390
9236
1742
6938
9159
3103
10784
3038
1448
8369
1303
5275
1808
8452
9773
4147
10393
5956
10888
10233
2396
1727
8795
4287
10330
5506
1184
9689
365
7248
5978
6329
9857
3763
8147
1092
8002
3328
4400
1581
921
2557
7896
10796
1785
6736
8047
1332
9809
2524
4365
6065
1185
6398
1067
8739
7896
1251
1447
1902
7408
4271
5242
10090
3338
5458
6353
8639
68
8967
2717
2455
2331
4751
7425
1844
5525
5603
10528
1182
2989
6798
2725
1141
1411
8524
10818
3293
368
3200
1745
10875
5428
1733
1900
9957
10125
1574
6989
10725
4481
9012
10900
8060
4174
5175
1888
2275
10188
10581
3283
5558
8181
10769
4078
1725
10151
5111
5274
3896
3308
10475
5824
7255
1697
10487
3731
5724
10575
2199
3213
7418
3312
2903
6530
6038
3456
8006
5245
716
7428
97
2545
8741
7309
6073
10666
9444
2383
9195
6308
5533
5336
6998
9195
320
10300
1300
1742
6637
7930
1812
10772
9975
8254
7514
8060
3806
5572
4558
6971
5871
8881
2903
4222
1752
8812
6616
5463
6987
10353
622
4365
3926
9591
4148
10184
4944
9159
1003
9210
7869
3645
7663
3676
1771
5353
1290
10882
7152
1706
133
5572
6285
6763
7973
5682
5560
3987
10744
2989
3634
1812
5445
1828
10578
683
1330
1448
8909
10088
6136
4172
5127
2630
10215
2851
10158
5991
2851
10076
1717
2275
1706
2524
10881
6293
6528
6613
2448
5284
2285
6392
5036
1335
7589
1112
28
1902
1900
4599
7973
1222
7016
3133
6055
6376
2211
10578
4635
2417
8254
7061
8880
923
3661
8992
8801
10744
10323
3654
3637
8801
6932
4400
1000
4474
1457
8251
2190
5211
1112
10114
3806
6203
4781
9638
2190
8452
9954
3664
7878
2851
4558
1930
5554
10039
5715
6533
7154
638
3269
5228
1353
5242
10992
2572
4635
1366
3338
8141
8526
1418
1290
10148
6789
10067
10815
10930
6230
9302
7514
2752
329
1114
7313
5718
9945
7117
68
1184
10875
5525
10290
9040
8360
8929
10152
1218
6830
7610
683
7245
9896
5482
1599
8652
623
8215
2425
6971
10527
3664
8471
2338
10218
7839
8244
5121
9120
7630
4418
1125
1796
3296
907
8407
6163
2910
3806
8114
2527
7916
653
4555
9031
9233
8909
8881
4172
9591
8425
10285
7824
8652
2212
8884
293
3130
4127
7851
3932
4285
4545
8748
2019
2313
496
7217
1121
7412
8442
9100
8967
8704
10742
3608
2199
4817
9302
2190
4887
7425
2285
5353
5422
8088
6899
7619
8884
9001
10184
5752
2177
188
6293
8471
6923
109
176
8571
10900
6803
6136
10481
9021
2741
9064
9873
5811
7457
4336
10184
2484
70
2557
5346
4078
2158
6904
9032
1029
8472
2133
362
8452
10724
2383
2393
7255
4248
2039
10418
7379
7252
23
8121
2903
8274
3083
1582
5979
9176
1818
7851
5555
665
3646
3977
8847
5181
7428
1976
8517
1188
3123
5172
2383
5471
2899
8425
10215
888
7689
3531
9867
10663
635
4744
9579
7255
2211
9892
3193
9700
1851
3332
7884
2568
5178
4363
7739
6800
7428
3231
2754
5722
9320
3713
1521
6643
10527
3513
10748
8125
7958
478
10959
6202
4887
6938
1290
3692
565
4187
1029
5445
2582
6258
6008
10754
1067
10929
2717
6904
4447
1158
8424
10725
5112
1903
7152
2639
565
1679
4824
6370
1472
5695
7425
5336
7196
10125
10578
4087
6543
376
320
5172
2584
3026
9368
5555
1274
3097
262
7896
10760
8793
2039
10992
10033
8121
4558
9876
10182
133
761
4825
5157
921
2091
656
7869
4482
3645
5425
10533
8112
566
70
3392
1474
496
10599
608
9945
623
8211
3109
9167
6879
7518
2147
4572
10151
2658
10092
6316
10184
9945
8472
7869
8795
10533
3209
5855
2360
4178
10599
1772
5554
1882
6971
5628
3355
1353
10825
8147
5659
3926
8973
10039
1518
5331
6897
9070
1177
8693
1222
10353
7482
5346
563
6197
5798
1900
5712
10512
291
1033
6661
9120
8787
9195
5879
8478
397
6631
1528
3065
8811
4715
6065
4690
1373
5452
7610
1670
1575
1067
9768
6166
7689
10300
2847
331
2865
8545
2571
748
2190
9700
7214
8455
8306
91
4781
392
7254
6703
1752
2784
8603
1874
4471
1158
301
2815
8784
3310
3608
3310
4178
9460
2833
10599
7155
3978
8112
6543
7814
2685
8751
4774
10121
7241
6763
10599
6258
5545
1581
8969
4178
10796
3907
566
2517
5752
10666
3083
1330
964
4577
6673
4841
4725
2517
7859
8571
2190
5725
9836
404
3806
8811
8526
9233
5603
7379
10184
5065
9890
3132
9915
3564
5798
338
1748
139
5282
2245
2174
6197
8306
8600
931
9875
1218
2854
7
226
9597
8562
3020
709
5554
946
6071
2360
10277
409
8652
4184
4096
7154
10754
1574
7152
10211
4090
8333
5747
921
1448
4775
3608
7418
10572
3634
6037
1090
8884
2393
6673
4172
6065
2003
1930
8081
638
1212
4827
10152
4046
5715
5257
784
7574
2910
9683
5721
7916
4257
6316
8784
6353
3013
2844
1188
2188
1474
8652
683
998
2188
3238
5313
881
881
3067
1976
9444
9406
3097
5224
230
1607
680
5199
9001
9565
8937
3910
3321
2175
5254
1285
970
3798
5127
4714
2685
6035
3970
653
338
239
2026
9046
4663
3637
2542
3635
7379
5524
5245
5417
5224
6008
6955
9298
10277
3312
9073
2755
7804
2630
2242
4087
2313
7016
3987
446
2575
7425
6955
8303
4225
10125
4959
2865
1233
3029
5714
10847
10841
1067
1148
7379
8442
9873
293
362
10841
1752
5485
2109
4178
6605
8200
6435
2008
10290
2457
7689
9968
3293
7390
1182
3019
7481
6258
6800
10039
9167
10029
5545
8603
9301
9012
8818
2211
3137
440
9102
1888
7824
4782
10353
8796
4271
7127
1666
320
3056
10030
3365
9370
3086
10663
1771
7016
6436
5463
9046
10457
10366
10852
4187
7255
10121
176
907
2584
3654
10796
7248
5331
9298
7541
8739
7482
8020
10587
5781
10812
70
8254
4494
7414
8471
9951
4577
1030
4147
5228
10748
2390
9219
5472
6530
310
10212
5463
3301
8424
3667
7574
2748
9495
6631
7633
9331
6987
7172
10112
10814
2174
9298
2030
5712
3317
1478
7408
4577
7698
8112
9587
2036
5227
1881
4178
1484
1484
1772
8881
10852
7739
2800
5247
3103
3321
10670
6350
5634
5157
1874
10274
6056
1182
3328
2630
8526
6530
1447
1748
4725
6616
2919
6373
8099
7959
1411
912
6893
10427
5725
888
5554
8555
7840
1815
6364
7745
10427
8512
7689
3650
1121
3238
4284
1772
7515
9007
5281
7184
1029
4336
44
1211
5128
9159
2989
19
10218
7389
10484
10092
10875
3692
7482
4714
6320
8281
4400
7390
6220
8332
10114
7408
10088
2571
7169
10393
2091
7254
2457
5121
3319
3692
8108
5524
9549
9655
1209
3608
5741
2518
1474
9730
1717
10587
6703
7379
6094
6703
8847
2575
1900
5949
5499
3620
2030
1851
9869
1533
2174
10582
7171
10967
7841
5525
3065
7522
3153
5121
1337
5133
2221
632
6665
1393
9167
7599
5174
10697
3907
10148
3123
10151
7525
8379
10
3371
365
7930
9332
8188
10547
4252
9549
8141
2003
739
4788
9203
9968
6008
4712
9176
490
379
4009
8108
9915
9021
2360
10033
6656
3321
4959
2572
10339
10929
10528
2933
3153
2185
7016
3239
7061
4400
5712
5811
7986
4728
7196
2586
7408
3797
2847
6983
3029
331
5422
5172
806
10992
761
3676
2754
1882
8147
2963
9400
8441
9768
9678
10122
2306
4906
10808
4842
7712
8125
10527
8652
3200
97
5272
2369
9869
490
9915
10222
5455
3376
2175
5272
3133
7721
7093
3091
2847
5862
6370
9332
3206
8652
9195
7514
9320
7581
7598
3977
10727
3137
7306
3367
10903
4004
2714
10076
10755
6008
9687
4571
1742
7552
9703
5742
9795
4257
5463
3629
4872
8787
7841
1303
6435
4944
6800
1828
5455
10748
3531
6440
7215
1257
3932
3290
5721
10335
6435
1418
7254
4087
4878
226
7973
4275
964
7379
1487
7514
2517
1760
7603
2109
10481
739
9623
6107
1748
3376
496
4855
1706
3650
5718
3463
8937
5268
7414
8108
1769
8247
97
4517
5313
10772
2815
3869
3564
1003
3002
5606
2158
3673
9623
10818
4636
3879
3779
7390
3673
7428
1992
1902
3616
129
833
8741
10847
7547
2109
7814
1511
3832
9975
5254
2547
8936
8739
1323
3760
7093
1188
3977
3670
1572
10418
7248
10875
5274
1472
9289
10474
5172
5286
10881
7196
9460
1484
2133
10874
8225
8274
5364
1335
8603
820
7541
1821
653
3031
7154
9737
9021
7788
1323
4225
3709
8427
3779
2865
6037
9785
5112
10474
4336
2185
1697
4096
10088
4482
617
7961
3200
10258
7842
9236
6032
4477
3798
9632
8769
644
9195
3233
7363
10745
10903
3213
6506
192
10900
6307
9331
2717
6080
4811
7214
6543
5544
1029
4774
5306
8808
10373
1760
10852
3020
7155
7155
1847
8115
8020
338
5187
9362
3763
4285
7958
9623
2093
5712
4824
3193
2856
2396
10533
3283
4728
5174
1851
4757
2568
6983
5517
3002
8141
10457
6534
3902
3806
2300
9912
6343
10582
8625
946
203
4275
4181
4712
8417
5175
3635
7366
10093
8990
8472
3602
7084
4285
1578
6163
10547
3392
6107
4599
5799
9857
7842
8020
6354
6528
10547
1670
7512
8714
129
8125
6049
8151
907
5596
3310
5879
8793
2487
7090
1300
2815
6433
3646
8992
10148
1257
8218
1903
8603
1769
6534
653
10211
931
5845
1521
2111
1090
3351
9857
4257
5255
1474
5036
2518
901
9386
4111
8639
8795
8990
637
1088
10474
1745
2571
368
3139
5112
3193
5524
1487
3269
8793
3293
6334
8036
2093
1844
7986
2845
8157
9875
4744
7331
622
8880
649
10474
10033
3026
9908
5572
9921
10518
4752
9761
9307
9640
10337
109
8299
6389
5425
8442
10141
1478
5272
2865
7754
8407
4287
8215
5845
1967
5472
2093
7255
5436
3231
1815
9957
10211
10976
10697
6409
3798
7574
1411
3779
6380
10122
4636
9836
4525
9167
1209
9678
208
2998
7425
10393
4775
4582
5956
9103
1880
7271
5306
2185
10929
5542
383
5628
1188
2874
7630
5571
8957
319
10373
4482
7363
5335
10277
7633
293
3987
5585
8795
3269
739
9730
4157
2393
2851
2603
9912
632
208
2118
10481
8396
649
6409
10882
9037
7154
6335
9519
7839
2874
3137
8125
8751
10812
6971
9010
10309
8787
7968
6789
8181
8793
4536
3029
2815
10090
665
2825
5281
3790
3779
3097
2285
9890
10851
8848
3355
10039
556
10518
3382
3056
8063
716
5854
188
3317
7397
6560
5571
6506
3238
3456
5987
5227
2910
9857
3383
1033
2963
1125
7144
3239
4825
4009
5147
1333
3907
566
3760
9876
5118
912
9716
7252
3798
10151
1393
683
6463
4046
7815
10670
7474
818
291
6710
9687
5248
5956
7859
638
5718
6083
8512
8099
1337
5630
964
1039
6370
3553
1332
9326
9291
2313
4751
563
5845
6032
7840
4258
4474
7171
7421
8759
10125
665
2582
6202
9103
748
82
6037
1815
10725
5871
4887
7397
5548
1882
1185
9007
7152
4900
1474
10511
1663
7804
7133
2930
1599
6017
5336
10003
4414
10666
6987
5752
7842
7154
10882
6346
6560
10330
8704
5659
6978
8274
3907
5422
3315
2175
7398
6803
7252
5506
2112
3067
1725
3193
2557
4807
904
9683
608
7900
3056
9298
10959
10772
3153
8114
3331
6065
2360
236
1390
6436
5336
2554
1852
8332
239
4577
3931
9980
5634
2062
7893
5517
2393
7
5724
4175
464
3560
1581
4708
10742
10518
2003
6056
7048
3923
1218
9362
3312
7158
10847
4248
2554
10188
3698
3209
129
6559
2998
3698
2881
10411
4827
10339
9549
888
10281
3091
4811
2008
7599
3026
5174
3896
1528
5585
4780
2825
10744
6404
8603
7016
9738
5555
8452
6335
8847
5682
5063
6917
31
2313
8976
7425
8597
4009
10148
4752
9233
7366
3536
379
139
8397
8847
3913
365
5363
1247
901
10281
932
82
4775
7360
9167
5211
716
7331
4284
10339
1818
188
10574
2899
3931
10335
10828
4356
7938
446
5965
9730
3002
31
10742
5425
10000
2487
10151
10814
1636
6533
3466
5544
8848
637
5525
1115
1300
8200
7482
10092
7603
7225
8200
469
7000
8470
5455
6350
8714
6559
10029
8256
3535
1752
784
8748
4827
6899
7887
1141
1851
8472
9102
1527
10771
1484
10521
2555
9368
3713
7039
1607
5555
2755
9678
2425
6559
2157
8211
1717
4460
6938
5725
10233
4774
8200
5174
7255
9460
4536
2036
44
6566
3319
9064
637
302
1874
4111
10290
1000
8247
8512
3002
3987
7745
1785
10177
2206
7840
8555
1636
7574
7619
2620
310
4078
790
3645
5336
1727
4741
3456
2425
3010
8108
6083
7878
1815
1930
2741
3133
6595
1247
7390
860
2111
5313
1330
1221
3932
7398
3897
3321
907
7336
4090
8639
3913
329
1844
2309
9986
833
3317
9863
3365
8967
3193
653
2847
10828
3239
6656
644
3689
6163
4252
329
5585
10448
2548
1818
7196
7252
9809
7390
10784
7514
802
790
7016
1521
2458
4285
2393
3564
1115
4481
6316
3031
716
7814
3308
10930
3553
8679
5817
1366
3031
1521
10959
4585
3513
7815
1393
8181
10933
4287
7214
563
1752
6203
6203
2865
4118
10880
940
3629
6239
8256
10029
10706
6938
2242
2586
1290
10511
7968
2396
8112
5742
8247
8992
10115
2800
2658
2121
4871
409
9195
1457
9982
9869
8704
139
4090
8471
2039
9031
1748
6503
2547
4653
326
9100
1275
10902
1967
4363
8625
3153
2751
6329
9263
9323
5826
932
1373
230
10029
1090
1755
10277
2602
3139
1151
566
2845
7390
1300
94
802
3166
8427
4004
2751
9591
1745
3932
7145
9604
9236
5826
10457
7601
3056
10003
4780
6719
10666
4285
2115
6631
3056
5248
176
5855
5560
1122
5854
3100
8427
3689
3239
10257
7824
964
8452
1151
10212
3779
4558
10581
226
70
5544
9040
6044
7241
4855
8778
3130
326
5544
4585
2930
6083
1299
9176
9617
4775
5227
4172
3531
4087
9632
4585
3137
5224
28
7547
4522
5812
4127
1725
8099
1796
2989
7739
6550
6978
10333
7125
7245
5722
94
2257
3661
4157
2275
10067
239
86
94
6661
847
1233
397
9549
5248
2741
6923
3616
1121
7524
2221
8252
5596
8769
1333
478
8801
4824
5721
2036
2620
2115
1222
192
6107
9023
3319
8121
5643
10472
1547
6453
9587
6354
319
5991
665
7916
9980
4184
7481
4494
280
5821
8417
9291
10760
8471
3896
5218
3031
5454
2258
6798
313
3086
2026
2008
4827
2448
1285
8848
6316
7428
7610
3602
7930
3607
5572
4554
7887
7125
7514
5855
8333
2517
6166
167
10152
5542
5965
100
9968
7474
10221
2784
4477
881
4248
9103
9896
1933
7016
1427
4517
10557
226
9655
5527
19
3986
7968
9070
7839
103
3692
6798
4366
2936
5811
964
9007
8060
5722
1300
7172
3896
9313
2527
4751
5714
9070
2485
7336
6830
680
2602
3319
1796
5525
1393
2199
9785
2175
8218
2548
10258
3067
10755
10333
2275
1285
9837
10851
5752
7589
10029
8379
1448
6023
8751
8360
2865
2852
3139
3763
4887
937
5821
9103
5458
8990
3173
2991
4604
2557
3392
5427
7106
818
9301
3689
404
4046
9368
7630
2524
10288
833
8036
10920
6825
103
5255
9519
8963
1769
6534
6334
8181
2174
3463
5695
5175
7887
1418
3698
5331
6055
203
6083
10857
5172
5533
291
5781
6107
4090
7106
9460
368
3689
10844
5499
3367
1587
7331
4184
4046
10177
3364
5182
6035
6361
8006
10733
7363
3602
3296
10582
2181
1547
2620
5666
8704
2603
2784
2285
1518
10373
5811
2383
8821
8639
8751
9928
5855
1724
10039
1557
9623
5364
1332
3296
6350
8751
7636
913
8074
8759
3731
1828
2818
6392
1574
5428
10184
3806
8247
5364
3643
3200
8847
10881
2620
2339
8478
8751
8174
3392
9377
1390
10636
4147
31
1929
293
329
8333
10818
8511
3308
3137
10339
940
3365
4517
1575
5596
2575
8018
97
7336
9289
3923
901
5248
4888
5741
4525
5485
4040
9968
5463
6163
469
9687
8020
5774
4004
3506
5747
9890
129
5218
8796
3301
6490
820
10533
4585
8118
6435
3308
291
2390
203
10182
1030
1
1727
6637
8211
2572
9951
8487
7093
440
8714
4078
2158
6533
8759
5659
6435
4222
1818
8323
1472
6710
1122
8455
2715
3130
5799
1528
9100
7481
665
5826
10487
1733
4633
2919
2448
4536
2881
2856
6380
9377
2039
3970
6631
10288
3689
9785
2548
10427
1812
8639
3239
8442
7525
7547
9230
1339
1290
5336
6038
397
7036
3456
1177
8215
6343
8521
4572
9957
3832
10769
4577
6932
3798
478
97
446
8147
6730
8018
5855
208
3860
8175
6971
4725
1457
7481
8877
9362
638
3346
7084
3206
9683
1821
6582
9377
6017
8427
8330
739
5634
6503
319
4563
1967
4842
8909
6955
8060
6094
97
4545
3689
1257
1717
8909
2425
1752
10733
10000
8417
446
1332
3535
176
7106
1478
7125
10209
10578
3076
79
10487
8963
3382
4900
9594
9387
7900
2852
1930
3553
7551
2122
4959
5472
9362
5436
100
9945
9716
899
97
7903
5712
2717
763
1148
8724
8881
2422
7255
6879
4482
2448
3193
7744
8303
1285
5798
9070
2620
10457
3706
7106
2393
7271
9683
1967
91
7254
2930
4582
6307
6320
9594
7589
4721
2825
6899
4752
1933
2557
2741
761
1300
1177
8020
3670
3910
2715
6022
8452
4855
6107
6197
3331
4751
6337
5499
1888
9565
1828
3546
226
5172
8397
9986
8562
3560
4653
302
10309
3290
7
10511
2478
1309
10309
3173
6605
6839
874
10215
5127
881
1182
888
2847
10447
9012
5331
10547
6637
8303
3926
208
1418
1752
3332
9683
1300
1959
5174
2930
3153
1257
2528
7698
8369
3109
8751
6166
7711
8524
3931
7512
2036
10808
10274
9579
3620
6380
1484
8303
9233
7896
1177
10636
5121
5824
1481
1706
2557
1335
6566
3382
446
2285
3698
1706
6987
10769
1772
8693
10828
10481
3364
10112
10875
3629
3097
1444
9100
10727
7841
6763
7245
4525
9549
8063
901
10233
4872
7313
6506
10251
9519
4004
847
8396
5821
683
10393
1148
9638
6490
2121
3317
9986
1366
262
4536
5542
3001
7958
7788
5811
9203
10930
5499
8397
3978
2933
6730
1888
1852
8060
7983
7541
10288
4275
7154
10003
10335
1188
2211
10796
7363
4775
9013
3643
4824
5245
464
10418
8245
5650
3689
7184
6346
3667
5997
9700
1933
9761
338
7144
109
2118
1815
10209
1332
9912
998
3798
8697
3513
1233
2242
10277
1706
10772
8147
3109
10875
10
365
4040
1472
9130
2517
8118
2991
7048
230
7196
10796
91
4871
3332
5724
2393
10211
3083
8976
3260
6049
4635
10484
3103
9716
2856
192
9289
2881
6643
4741
8188
10251
6528
2715
1184
8141
9703
167
9623
907
5275
4842
10581
129
1039
10030
5774
635
7331
10744
9519
4400
2903
6673
10888
9289
5714
386
4558
2181
5065
9837
10784
566
10875
6904
5821
937
10
9737
2685
5742
1821
8630
9954
7215
9737
5471
7160
2528
3962
9975
8524
1290
10888
7522
5255
4841
9908
368
3097
10755
9120
365
8180
8128
2158
10745
2511
2245
7184
1447
3986
94
7848
5542
2833
7397
2833
10511
4181
6107
1151
5178
10300
2036
5897
8524
3706
8603
6543
6533
8330
1233
10088
1903
8144
4255
847
1257
5812
8251
10815
6345
1427
3670
3968
1572
9759
6533
8909
10114
5454
2910
5517
9773
2582
6329
1303
392
9103
8360
8545
1815
239
1003
4872
2854
9070
7525
1233
8360
8274
3535
1251
4366
6789
9863
6791
8992
10758
3351
6998
4558
964
10828
2575
998
9698
1076
5630
7457
7379
1706
5274
5666
7048
9968
5199
4449
6940
2339
998
9700
912
5978
4225
2369
10528
10141
2331
2630
8990
9700
10752
1582
8639
1724
1474
5452
6798
3897
7117
7574
6202
1141
5949
3308
301
1796
4087
5182
10
2825
5127
10353
1844
1300
376
3091
9957
4852
2360
9301
10251
10995
2991
3709
9291
8379
6071
1959
9313
5781
2063
2458
464
671
2455
2752
10818
4855
3029
8455
3607
8303
10215
2455
8060
2818
3513
9968
6380
7016
5455
7408
6197
4571
3513
8936
7169
1724
9892
1448
3706
2752
7589
5584
4555
10353
5472
1222
82
8144
3676
5445
9012
8225
10785
2333
2755
1744
7589
907
7598
2575
1309
3371
9982
6308
10754
4494
3560
3238
10
10875
1337
1874
8874
5606
219
4852
1679
3206
4751
5879
10814
6203
1745
9192
8175
5721
1177
7125
9133
9519
10251
8002
10752
7482
7284
5605
8512
4096
2331
5752
79
946
5558
3100
10888
3896
1744
8427
8512
2582
2851
7428
5281
1748
188
6803
761
1745
8274
1076
8306
10852
8114
5455
6852
10697
2741
8741
3056
8174
320
4715
7331
7721
100
9986
8099
6839
8330
1511
5558
4257
8245
7447
10851
5919
4096
5245
9638
2190
10481
2998
10185
97
2784
9689
4366
4040
5187
683
7214
2751
9120
4725
1122
5128
7475
3200
5695
818
1247
2748
790
10418
8812
10222
10009
10211
1574
10578
6710
5247
3029
3209
8006
7551
9617
376
4356
3931
6037
5360
3465
2212
5331
9310
4418
2158
8115
4172
9698
6665
3637
1251
379
10725
8396
5724
10457
6163
1796
10851
1959
5751
8397
7415
3779
8018
8545
5682
8330
4721
2455
10518
6293
10303
3833
9678
6398
5118
3923
6440
5721
1796
10581
6239
8526
1128
8265
10484
8848
9133
1967
4111
2111
4824
6643
8074
3338
8424
376
9064
3910
2639
10724
8724
7084
167
1760
368
5056
10771
10902
4855
3760
3365
9098
536
4455
9982
1030
3650
2452
10875
5596
1992
5879
2518
8545
9951
469
8215
8555
7522
9655
5271
6453
4721
10852
9120
3130
4782
3654
2257
5172
10247
219
3436
7444
8247
3923
10090
694
7039
4069
3970
5245
8020
8699
5854
5781
8795
5353
9954
2396
8115
2224
739
6634
10679
3760
1274
637
7815
10251
10366
2874
7184
1275
6634
7968
8074
2881
7721
8714
10332
7412
2484
1967
3634
5596
8424
1033
1093
6940
4252
5282
1151
2865
2257
133
10158
1335
8909
6763
3907
8442
566
9302
3790
8811
9023
2527
10285
1281
8074
8555
1967
7421
2422
4757
736
8225
912
8252
9896
3296
6763
1188
6037
5712
4482
6308
7689
2752
5036
8748
8330
6733
3907
4708
2313
9362
9263
1821
478
8081
3328
2185
3736
4712
8996
6202
10
5472
6307
103
8360
7521
9400
6528
10587
9219
9638
8759
566
5458
5282
5991
748
10067
6053
9594
1717
5286
5682
1888
9876
4418
3130
7887
7698
5643
4757
8880
4572
9890
622
1578
4482
1920
6637
10303
5584
4157
10841
4960
923
7900
7039
8630
9040
302
10474
2175
5554
3190
3364
3676
9829
4096
2568
6367
7512
10093
4184
8478
130
6320
10487
9863
5533
4400
5036
1771
3026
5121
2833
1518
10821
10390
8411
8256
9928
1670
8639
9982
1815
8455
5799
2851
2118
7851
8147
7390
8554
3026
1888
9951
9073
4527
7691
10527
9703
6656
10457
2121
3321
1760
1033
9716
2221
5313
6345
10697
1754
4536
2998
10285
2206
2338
226
10784
1335
8002
10184
7
4959
386
2306
6335
8125
32
6361
10125
2093
5542
8215
10881
5452
4248
10484
2741
2333
655
10212
8542
1587
8108
1771
9785
3153
4871
10844
5628
4287
5555
5284
3920
1277
5774
9768
874
3020
5066
4757
6637
8252
9579
1090
3331
3560
6320
10125
5346
9921
3654
10752
847
9010
490
2258
1527
8265
4069
3531
863
10128
6008
8152
8144
6798
10815
9400
6230
8847
8360
2063
673
1185
8554
1323
4481
8848
376
8554
3328
761
932
4872
9594
10771
9761
9703
2339
3296
7848
833
4995
4775
10418
1663
3506
3970
9783
5630
5425
5428
4741
8470
3902
4842
3123
5722
9773
7090
10697
3602
3531
9130
10679
10825
13
6071
263
4841
9130
3605
10752
8693
3698
3463
4096
9326
3338
8299
1512
490
1335
635
3766
1448
3269
8600
1411
10277
10151
10418
6022
2919
9073
9130
10521
1444
8471
409
6899
5854
6971
6436
6938
8411
6530
4078
8990
3193
2572
10366
2575
1818
881
3392
2518
3079
3923
2455
2755
2856
8147
8801
9323
4477
637
3029
8704
10
739
8796
4690
3436
4944
1815
9129
6307
5247
8526
973
6440
7848
9857
6316
4887
9623
8877
8724
6803
6543
1796
6803
10233
3137
10185
4725
9700
899
10902
10009
7541
4552
7154
2417
9761
10299
4714
6798
5603
8542
8973
3166
9671
8714
8881
2852
1258
8108
9331
3680
2930
6370
9307
3646
7124
9159
10727
8937
5524
7251
9873
6736
4536
2852
1748
6436
5605
1121
3962
8693
8793
7542
5422
7515
4871
10607
10125
4721
10754
10067
8108
6791
7552
10141
1607
6203
7451
7127
5181
2919
1141
3310
10825
5417
7804
10330
3466
1209
9623
881
2751
188
10448
8020
9129
5845
10330
656
7551
3456
109
3926
8330
10727
3301
9982
7518
4781
8379
97
2845
3676
8144
8976
5555
9689
464
8812
3763
5533
4064
2865
3020
6940
793
680
3166
3328
6736
10152
1742
9263
2741
1900
8274
3351
7754
3531
3670
1995
8517
683
6083
2190
7804
2254
6803
3913
9298
1930
2177
4715
2112
8542
7663
6335
8973
10373
2063
5991
1771
9698
3091
10215
2725
8704
3002
7412
3100
9795
4225
10758
3790
617
9100
10457
3137
9700
5463
10976
5218
6307
683
4477
10920
7124
4148
1182
2478
4069
3978
3664
6197
7721
4257
2369
790
2471
4640
3913
3029
8112
5477
5445
478
748
2582
7859
7663
6353
9773
4252
4852
1323
10448
7815
7518
10929
1257
7133
4175
1575
10733
7093
8407
6053
6830
9089
10785
6197
10393
8306
4995
2754
8714
1257
888
3328
7938
820
10582
2685
6595
5554
1769
2989
536
2118
9876
4111
3977
3086
2852
8323
1188
7896
7574
10309
2300
8748
7169
8256
5994
1557
6080
7447
7711
331
4336
10717
8795
9307
9982
3091
8880
8603
6673
2313
10218
3293
10821
923
8545
9219
7884
230
4090
4855
9655
1748
5525
7711
2901
4577
6307
6094
5603
8522
2458
635
3897
10933
2751
4148
7633
2458
9263
2425
1852
3103
1212
5965
8033
10076
10697
28
6008
1030
7937
6932
4582
9406
10029
94
874
2091
9986
7306
7878
5157
313
3616
10959
219
5066
3213
338
5585
3038
6613
6899
469
9683
9623
2030
