1
1
1
1
1
1
1
1
1
1
1
1
1
1
1
1
1
1
1
1
1
1
1
1
1
1
1
1
1
1
1
1
1
1
1
1
1
1
1
1
1
1
1
1
1
1
1
1
1
1
1
1
1
1
1
1
1
1
1
1
1
1
1
1
1
1
1
1
1
1
1
1
1
1
1
2
2
2
2
2
2
2
2
2
2
2
2
3
3
3
3
3
3
3
3
3
3
3
3
3
3
3
3
3
3
3
3
5
5
5
5
5
5
5
5
5
5
5
5
5
5
5
5
8
8
8
8
8
8
8
8
8
8
8
8
8
8
8
8
10
10
10
10
10
13
13
13
13
13
13
13
13
13
13
13
13
13
13
13
13
13
13
13
13
13
13
13
13
13
13
13
13
13
13
13
13
13
13
13
13
13
13
13
14
14
14
14
14
14
14
14
14
14
14
14
14
14
14
14
14
14
14
14
14
14
14
14
14
14
14
14
14
14
14
15
15
15
15
15
15
15
15
16
16
16
16
20
20
20
20
20
20
20
20
24
24
25
25
25
25
28
28
28
29
29
29
29
29
29
29
29
30
30
30
31
32
32
32
33
33
33
33
33
33
35
35
35
35
35
35
35
36
37
38
38
38
38
38
39
39
39
39
40
40
42
42
42
43
43
43
45
45
45
45
45
45
45
45
45
45
48
49
49
49
50
52
53
53
53
55
55
58
59
59
63
65
66
66
66
66
66
67
67
69
67
67
68
68
74
74
74
75
75
79
83
83
83
84
84
84
84
84
84
84
82
82
82
83
85
86
87
89
91
91
93
98
99
104
104
110
110
110
114
114
116
117
117
117
117
117
118
118
120
121
121
124
127
127
127
130
130
130
130
130
130
132
134
136
136
136
136
140
140
142
142
144
144
144
144
144
147
147
147
147
147
148
148
148
148
148
148
148
149
149
150
152
157
158
158
159
159
159
160
160
160
165
167
167
169
170
170
170
171
171
171
172
174
175
176
179
179
179
179
179
182
183
183
183
183
183
184
184
184
184
185
185
185
186
186
187
190
191
191
191
192
192
192
194
194
194
194
194
195
196
196
196
196
196
196
196
196
196
196
200
200
200
200
200
200
203
203
203
206
209
209
210
213
213
213
213
214
215
215
217
217
218
218
218
220
220
223
224
224
224
225
228
230
231
231
235
238
238
239
240
240
244
244
245
247
250
254
255
256
256
256
260
266
266
266
266
266
266
268
269
271
271
272
272
275
276
276
280
280
281
282
282
283
283
283
283
286
293
293
293
294
294
294
294
295
299
301
305
308
308
313
313
315
315
315
316
317
317
322
323
325
325
325
328
328
329
330
330
330
334
334
334
334
334
338
338
343
343
345
346
346
349
352
352
353
353
359
360
364
365
366
366
370
373
373
374
376
376
376
377
377
378
378
380
385
390
390
395
396
403
404
406
406
408
408
413
413
413
414
416
419
419
421
421
421
421
422
422
422
425
425
425
426
426
426
426
426
429
435
444
445
445
448
453
453
455
455
461
461
464
469
472
472
477
477
480
480
481
481
483
485
488
488
488
492
494
494
494
494
497
499
499
499
499
499
502
502
502
508
516
517
523
523
524
526
528
531
531
532
535
535
541
542
547
547
551
552
552
552
558
558
558
560
561
564
564
565
566
567
573
573
573
574
578
578
578
578
578
583
583
583
583
583
587
590
592
596
599
600
600
600
601
601
604
606
607
608
613
613
614
614
614
614
614
616
620
620
622
622
622
622
622
622
622
622
622
622
622
622
622
625
625
626
626
629
629
631
637
640
643
643
643
643
649
649
649
649
649
649
651
651
651
652
652
653
653
653
654
664
666
666
667
667
667
671
680
682
683
688
689
689
689
694
697
700
705
705
711
715
718
718
718
718
724
725
735
735
737
737
743
745
748
758
758
759
762
762
762
762
766
766
770
770
771
773
778
778
778
781
781
791
797
798
798
799
800
800
806
806
809
810
813
819
821
823
823
824
824
824
834
837
837
839
842
847
854
854
857
858
859
868
870
870
877
884
884
887
888
893
893
893
893
893
895
897
904
906
907
907
914
920
920
927
933
934
935
936
934
936
936
937
939
943
944
946
950
953
953
959
964
969
969
969
977
981
981
982
982
982
987
987
987
987
987
989
993
994
994
994
1000
1000
1000
1000
1000
1004
1009
1009
1009
1014
1020
1026
1029
1029
1031
1031
1031
1037
1037
1039
1039
1043
1045
1046
1048
1049
1049
1050
1050
1050
1051
1051
1053
1062
1062
1066
1066
1071
1078
1079
1079
1080
1087
1092
1093
1094
1094
1094
1097
1097
1097
1107
1109
1111
1115
1115
1119
1119
1119
1126
1130
1130
1130
1130
1130
1137
1143
1146
1146
1146
1149
1150
1154
1157
1157
1158
1158
1158
1160
1161
1168
1168
1168
1170
1170
1170
1170
1170
1180
1180
1180
1184
1185
1188
1188
1197
1197
1197
1197
1201
1202
1202
1203
1203
1203
1203
1207
1210
1210
1209
1209
1212
1217
1223
1224
1229
1231
1234
1234
1234
1242
1248
1249
1249
1250
1251
1261
1271
1271
1271
1272
1273
1278
1284
1289
1295
1295
1301
1306
1306
1307
1310
1310
1318
1320
1320
1320
1327
1328
1328
1334
1336
1342
1343
1347
1350
1354
1360
1359
1359
1366
1366
1373
1376
1379
1382
1382
1383
1392
1393
1396
1398
1398
1398
1404
1409
1412
1418
1422
1423
1426
1426
1429
1430
1434
1441
1442
1442
1443
1443
1458
1459
1461
1462
1468
1469
1469
1475
1482
1487
1488
1489
1496
1499
1501
1510
1511
1521
1522
1522
1527
1528
1530
1530
1531
1531
1538
1539
1539
1539
1541
1545
1545
1547
1551
1558
1558
1566
1566
1573
1573
1573
1583
1583
1583
1588
1589
1598
1603
1605
1605
1605
1608
1612
1612
1617
1619
1623
1630
1635
1642
1648
1648
1653
1657
1662
1664
1666
1671
1674
1682
1684
1688
1689
1696
1701
1705
1709
1714
1715
1717
1719
1721
1721
1721
1729
1729
1731
1731
1739
1739
1741
1741
1745
1747
1747
1751
1751
1755
1758
1758
1763
1765
1773
1776
1778
1782
1784
1784
1784
1784
1788
1788
1788
1788
1793
1793
1798
1805
1805
1810
1817
1819
1826
1826
1834
1842
1847
1857
1858
1858
1858
1861
1865
1869
1872
1872
1872
1874
1884
1888
1889
1893
1903
1909
1912
1912
1915
1915
1915
1919
1919
1921
1925
1932
1937
1944
1949
1949
1957
1970
1975
1975
1976
1977
1978
1988
1988
1988
1989
1998
2004
2015
2015
2015
2027
2028
2028
2034
2036
2036
2043
2049
2060
2074
2074
2075
2078
2079
2080
2081
2081
2082
2081
2081
2083
2083
2090
2090
2105
2105
2105
2103
2106
2106
2106
2106
2110
2116
2122
2130
2136
2137
2137
2137
2143
2143
2146
2146
2151
2155
2160
2164
2167
2170
2177
2185
2190
2192
2196
2200
2201
2207
2215
2215
2215
2217
2217
2218
2219
2226
2228
2237
2247
2248
2252
2252
2265
2265
2266
2266
2270
2281
2281
2283
2290
2290
2297
2300
2300
2308
2310
2310
2310
2310
2310
2310
2317
2319
2319
2319
2319
2322
2325
2335
2336
2343
2344
2341
2349
2358
2358
2364
2366
2366
2366
2372
2375
2383
2383
2388
2394
2400
2394
2394
2398
2394
2397
2400
2404
2404
2416
2420
2424
2425
2425
2425
2426
2432
2432
2445
2447
2447
2451
2459
2461
2464
2465
2479
2479
2479
2477
2482
2494
2495
2501
2501
2503
2503
2508
2512
2514
2514
2516
2516
2525
2525
2536
2549
2551
2552
2557
2555
2555
2559
2567
2570
2570
2570
2582
2590
2590
2590
2594
2595
2596
2611
2613
2616
2619
2627
2628
2630
2630
2635
2636
2649
2649
2659
2666
2666
2667
2669
2677
2678
2678
2678
2679
2679
2688
2691
2692
2692
2694
2694
2704
2707
2710
2713
2718
2719
2722
2722
2731
2726
2726
2730
2730
2734
2741
2741
2742
2745
2745
2748
2749
2751
2752
2755
2761
2762
2779
2780
2784
2787
2799
2800
2806
2813
2815
2815
2820
2820
2826
2831
2832
2837
2838
2839
2840
2841
2842
2842
2843
2844
2848
2848
2850
2856
2866
2866
2871
2871
2881
2889
2889
2891
2891
2891
2895
2907
2907
2907
2914
2918
2924
2926
2928
2928
2930
2933
2936
2939
2940
2940
2940
2942
2947
2951
2958
2961
2963
2963
2963
2965
2965
2960
2960
2960
2967
2970
2971
2965
2977
2987
2993
3000
3006
3008
3008
3008
3010
3010
3014
3028
3034
3034
3042
3045
3045
3054
3060
3072
3076
3076
3077
3084
3085
3085
3085
3096
3097
3097
3105
3105
3101
3101
3101
3102
3102
3102
3102
3109
3114
3115
3115
3124
3124
3128
3129
3136
3145
3145
3145
3155
3155
3156
3164
3168
3180
3180
3181
3183
3183
3183
3188
3189
3190
3196
3198
3202
3205
3221
3222
3229
3230
3230
3231
3242
3242
3247
3255
3257
3261
3263
3263
3263
3270
3279
3282
3285
3285
3295
3295
3295
3297
3305
3305
3315
3316
3324
3326
3336
3339
3340
3342
3352
3355
3359
3361
3363
3365
3368
3369
3372
3383
3384
3383
3383
3385
3386
3390
3393
3394
3403
3412
3414
3414
3424
3425
3430
3431
3436
3447
3447
3452
3457
3460
3461
3462
3470
3472
3478
3478
3484
3492
3501
3501
3503
3508
3510
3510
3513
3516
3516
3516
3516
3516
3527
3531
3539
3541
3541
3546
3543
3545
3546
3551
3543
3548
3548
3555
3555
3557
3568
3569
3569
3572
3577
3590
3593
3588
3588
3595
3599
3599
3599
3601
3602
3604
3610
3612
3621
3625
3625
3628
3626
3626
3631
3631
3635
3645
3653
3657
3658
3659
3675
3675
3685
3688
3688
3689
3689
3695
3701
3708
3708
3715
3717
3717
3721
3729
3734
3738
3738
3740
3743
3745
3746
3747
3747
3751
3751
3759
3767
3770
3768
3776
3778
3778
3778
3785
3787
3787
3787
3787
3789
3797
3797
3799
3800
3800
3803
3805
3811
3814
3815
3824
3824
3826
3826
3830
3839
3850
3870
3870
3875
3878
3883
3887
3888
3902
3910
3911
3911
3916
3916
3916
3916
3920
3928
3934
3941
3956
3961
3961
3962
3962
3962
3966
3966
3972
3975
3975
3980
3980
3992
3998
4000
4001
4001
4001
4002
4008
4021
4021
4022
4023
4025
4028
4029
4033
4036
4036
4039
4046
4050
4056
4061
4059
4061
4063
4063
4067
4067
4067
4071
4075
4075
4075
4080
4080
4080
4087
4089
4098
4112
4112
4119
4127
4141
4143
4143
4142
4146
4151
4151
4154
4162
4165
4167
4173
4179
4182
4186
4189
4191
4191
4198
4204
4203
4203
4197
4200
4200
4197
4201
4210
4213
4214
4222
4222
4233
4233
4245
4246
4246
4245
4247
4248
4254
4254
4256
4265
4273
4273
4280
4281
4286
4290
4301
4315
4315
4323
4333
4337
4337
4337
4345
4347
4346
4354
4363
4364
4368
4372
4372
4373
4382
4393
4396
4400
4402
4407
4410
4412
4412
4412
4421
4421
4424
4424
4435
4436
4445
4445
4447
4447
4449
4453
4465
4467
4477
4480
4482
4500
4511
4520
4532
4539
4539
4539
4549
4549
4555
4555
4555
4560
4562
4562
4564
4565
4565
4565
4568
4568
4575
4587
4589
4590
4590
4601
4609
4613
4613
4625
4625
4628
4635
4635
4639
4648
4647
4661
4666
4666
4684
4686
4691
4691
4700
4705
4716
4726
4745
4742
4743
4743
4744
4749
4749
4750
4749
4753
4755
4762
4762
4763
4763
4763
4764
4764
4768
4768
4773
4774
4775
4775
4785
4786
4784
4792
4796
4797
4797
4798
4798
4796
4797
4801
4802
4813
4815
4815
4815
4811
4815
4815
4815
4815
4816
4823
4829
4838
4847
4847
4849
4855
4860
4865
4868
4865
4859
4860
4861
4867
4867
4869
4869
4869
4868
4868
4873
4873
4875
4882
4883
4870
4884
4884
4884
4891
4897
4898
4898
4896
4896
4902
4910
4910
4910
4912
4912
4912
4922
4927
4936
4936
4936
4941
4950
4950
4954
4954
4956
4956
4962
4965
4975
4978
4984
4985
4985
4988
4996
5002
5003
5004
5013
5013
5013
5015
5010
5012
5013
5013
5015
5019
5019
5019
5022
5022
5027
5032
5033
5033
5033
5045
5045
5052
5052
5057
5061
5064
5064
5065
5065
5076
5081
5081
5095
5097
5096
5098
5104
5117
5120
5120
5124
5130
5130
5130
5134
5134
5136
5141
5140
5149
5149
5154
5154
5151
5155
5161
5172
5172
5170
5172
5172
5172
5184
5184
5186
5186
5186
5195
5198
5206
5209
5209
5210
5215
5215
5221
5221
5221
5221
5221
5238
5235
5236
5236
5239
5248
5248
5248
5261
5262
5262
5262
5270
5273
5273
5282
5289
5293
5294
5309
5305
5306
5306
5310
5313
5316
5319
5323
5323
5323
5324
5318
5327
5327
5344
5344
5349
5355
5371
5371
5385
5390
5391
5393
5393
5400
5400
5400
5402
5405
5405
5405
5407
5408
5417
5417
5428
5429
5432
5432
5432
5443
5443
5462
5462
5462
5471
5474
5474
5474
5474
5488
5488
5491
5481
5490
5496
5496
5496
5497
5500
5500
5501
5503
5507
5507
5516
5516
5515
5523
5523
5530
5532
5532
5532
5532
5530
5530
5532
5532
5534
5535
5535
5535
5535
5544
5544
5545
5548
5548
5548
5556
5563
5566
5579
5579
5576
5589
5589
5600
5606
5607
5607
5607
5615
5616
5616
5620
5623
5623
5624
5636
5640
5640
5640
5650
5666
5666
5675
5675
5675
5675
5675
5675
5675
5675
5675
5675
5675
5679
5681
5695
5697
5701
5701
5702
5708
5709
5709
5709
5712
5713
5721
5722
5731
5724
5725
5727
5725
5733
5733
5743
5748
5759
5756
5750
5759
5765
5777
5777
5793
5793
5796
5805
5814
5814
5816
5819
5836
5834
5835
5835
5837
5841
5847
5852
5852
5858
5859
5859
5861
5867
5869
5869
5873
5884
5896
5906
5906
5908
5909
5909
5909
5909
5909
5909
5909
5913
5919
5919
5922
5922
5923
5925
5928
5935
5942
5947
5947
5950
5961
5961
5963
5970
5971
5971
5971
5971
5972
5983
5992
5992
5992
5993
5993
5999
6004
6024
6024
6027
6027
6024
6020
6023
6034
6034
6037
6037
6037
6037
6045
6045
6051
6066
6076
6087
6091
6093
6103
6103
6104
6107
6107
6107
6107
6109
6109
6116
6125
6134
6134
6138
6138
6145
6153
6153
6153
6152
6168
6172
6172
6178
6182
6188
6198
6211
6215
6217
6221
6222
6224
6230
6230
6230
6242
6241
6243
6246
6246
6252
6251
6252
6269
6268
6270
6274
6282
6282
6283
6285
6285
6292
6296
6316
6325
6326
6332
6334
6352
6352
6361
6376
6385
6392
6392
6393
6393
6391
6391
6401
6417
6417
6418
6420
6416
6416
6416
6423
6423
6414
6425
6425
6425
6425
6430
6434
6434
6444
6464
6471
6472
6474
6473
6480
6480
6482
6494
6493
6498
6502
6504
6504
6509
6517
6523
6523
6523
6524
6528
6528
6541
6543
6543
6543
6543
6543
6549
6549
6549
6563
6563
6564
6565
6565
6565
6567
6569
6574
6574
6581
6581
6581
6591
6591
6590
6592
6602
6593
6593
6593
6594
6600
6604
6622
6622
6622
6622
6626
6626
6630
6628
6624
6626
6627
6628
6631
6636
6639
6645
6645
6645
6654
6655
6661
6670
6660
6662
6672
6673
6664
6674
6674
6676
6678
6685
6685
6685
6691
6692
6692
6696
6700
6704
6707
6708
6708
6708
6713
6713
6713
6726
6727
6734
6734
6734
6734
6738
6744
6751
6747
6749
6759
6777
6777
6777
6777
6777
6783
6793
6793
6793
6798
6808
6809
6813
6813
6814
6824
6826
6830
6837
6837
6842
6842
6842
6842
6842
6841
6845
6853
6861
6862
6863
6864
6864
6863
6863
6879
6887
6898
6898
6899
6917
6917
6917
6918
6922
6922
6938
6938
6950
6953
6953
6953
6953
6942
6943
6949
6948
6948
6948
6956
6960
6969
6970
6960
6960
6961
6960
6962
6962
6972
6975
6976
6980
6987
6987
6992
6992
6992
6992
7002
7003
7003
7003
7020
7023
7028
7030
7034
7034
7034
7034
7036
7043
7044
7044
7055
7055
7055
7065
7065
7065
7065
7070
7070
7072
7077
7077
7077
7087
7093
7093
7093
7091
7091
7098
7111
7108
7109
7116
7121
7122
7129
7129
7129
7129
7136
7140
7140
7141
7141
7141
7145
7149
7161
7163
7163
7168
7170
7170
7188
7207
7210
7211
7211
7221
7221
7221
7225
7225
7230
7230
7230
7230
7231
7231
7240
7245
7252
7264
7270
7270
7271
7269
7263
7266
7270
7271
7272
7272
7273
7279
7279
7280
7292
7293
7300
7308
7313
7315
7324
7328
7329
7340
7341
7341
7343
7345
7359
7359
7359
7361
7361
7358
7358
7354
7354
7354
7342
7353
7345
7345
7349
7352
7356
7358
7346
7346
7347
7347
7351
7351
7345
7358
7358
7359
7360
7361
7361
7364
7364
7383
7383
7383
7384
7384
7384
7384
7384
7385
7397
7401
7407
7421
7421
7426
7432
7452
7457
7455
7464
7464
7465
7457
7457
7458
7458
7456
7458
7461
7476
7479
7473
7473
7479
7487
7489
7489
7491
7492
7492
7492
7494
7496
7496
7496
7501
7501
7503
7503
7503
7499
7499
7500
7514
7514
7514
7507
7514
7512
7512
7514
7515
7515
7518
7523
7523
7514
7517
7520
7521
7524
7531
7533
7544
7544
7544
7544
7539
7543
7543
7545
7548
7558
7558
7558
7558
7558
7558
7558
7565
7565
7570
7574
7579
7587
7587
7588
7602
7610
7610
7607
7608
7611
7611
7611
7610
7615
7615
7626
7626
7632
7636
7636
7636
7632
7632
7633
7633
7638
7638
7646
7651
7655
7660
7660
7667
7667
7676
7677
7674
7686
7683
7683
7683
7690
7701
7701
7701
7701
7703
7708
7708
7717
7717
7713
7713
7716
7716
7722
7722
7722
7722
7719
7732
7736
7740
7747
7747
7749
7759
7758
7758
7758
7758
7760
7768
7768
7768
7768
7768
7771
7777
7777
7777
7783
7790
7795
7799
7806
7812
7813
7822
7826
7827
7827
7826
7829
7829
7829
7831
7831
7841
7838
7838
7838
7842
7844
7843
7845
7845
7845
7845
7842
7846
7844
7844
7844
7843
7847
7848
7849
7849
7843
7843
7859
7860
7860
7867
7868
7875
7875
7881
7889
7889
7889
7897
7906
7906
7910
7910
7910
7918
7924
7922
7926
7927
7927
7927
7934
7936
7942
7942
7942
7942
7945
7945
7945
7954
7964
7964
7972
7974
7977
7977
7977
7981
7988
7988
7988
7988
7994
7999
8015
8015
8015
8018
8018
8018
8017
8025
8032
8032
8032
8034
8034
8055
8047
8047
8047
8047
8048
8049
8049
8049
8049
8054
8070
8072
8074
8079
8080
8080
8084
8084
8093
8093
8096
8084
8084
8084
8084
8080
8084
8084
8084
8090
8091
8097
8109
8118
8123
8124
8124
8134
8137
8150
8152
8152
8157
8157
8157
8158
8158
8158
8160
8160
8153
8147
8148
8148
8148
8148
8147
8157
8157
8167
8168
8168
8174
8176
8176
8176
8178
8178
8184
8189
8189
8195
8195
8208
8208
8208
8211
8211
8213
8213
8218
8218
8220
8222
8222
8222
8227
8232
8232
8234
8234
8235
8235
8236
8236
8236
8233
8233
8238
8246
8250
8248
8251
8254
8257
8258
8262
8262
8263
8265
8265
8273
8273
8294
8284
8279
8280
8278
8278
8286
8295
8294
8298
8300
8306
8306
8307
8312
8312
8319
8321
8333
8338
8338
8341
8341
8341
8341
8341
8342
8348
8348
8348
8348
8348
8353
8365
8363
8363
8368
8370
8370
8373
8388
8390
8390
8393
8393
8393
8394
8394
8395
8388
8388
8388
8399
8401
8402
8404
8404
8406
8406
8413
8429
8429
8433
8434
8434
8431
8439
8439
8429
8436
8437
8443
8443
8443
8444
8459
8464
8464
8464
8465
8475
8488
8488
8492
8493
8497
8497
8499
8499
8499
8499
8506
8508
8519
8516
8523
8523
8530
8543
8543
8553
8553
8554
8550
8564
8569
8584
8584
8596
8599
8598
8600
8608
8609
8615
8616
8616
8637
8639
8652
8652
8637
8640
8640
8648
8653
8657
8667
8667
8673
8673
8679
8682
8702
8712
8715
8720
8720
8725
8731
8739
8735
8735
8731
8737
8737
8740
8745
8743
8744
8745
8741
8747
8747
8755
8758
8760
8755
8755
8755
8775
8790
8803
8804
8804
8804
8805
8805
8818
8818
8818
8819
8819
8840
8841
8838
8838
8846
8846
8846
8862
8862
8875
8875
8873
8873
8874
8888
8887
8887
8885
8898
8898
8905
8905
8906
8909
8909
8919
8921
8921
8930
8920
8930
8930
8937
8937
8939
8935
8942
8942
8943
8952
8954
8954
8961
8961
8961
8962
8962
8961
8963
8967
8978
8979
8979
8982
8986
8986
8986
8986
8987
8992
8997
8997
8997
9003
9015
9015
9016
9017
9017
9019
9019
9037
9037
9042
9042
9043
9041
9041
9057
9048
9048
9048
9048
9052
9054
9069
9072
9072
9083
9083
9083
9087
9083
9097
9097
9106
9106
9106
9111
9110
9110
9110
9114
9114
9114
9129
9128
9128
9128
9134
9135
9143
9147
9148
9152
9154
9155
9155
9161
9163
9151
9155
9158
9158
9158
9159
9160
9161
9172
9183
9203
9203
9216
9231
9229
9228
9239
9240
9248
9252
9260
9260
9261
9261
9271
9271
9274
9275
9275
9274
9284
9298
9302
9304
9303
9303
9303
9314
9314
9314
9315
9315
9316
9316
9323
9323
9323
9323
9327
9331
9332
9333
9333
9342
9337
9337
9339
9339
9339
9339
9350
9353
9355
9357
9357
9348
9350
9356
9363
9366
9364
9376
9376
9374
9375
9375
9372
9372
9395
9401
9416
9416
9427
9427
9427
9427
9439
9439
9442
9442
9469
9470
9486
9491
9493
9493
9492
9492
9505
9506
9506
9507
9507
9507
9507
9507
9509
9513
9507
9527
9527
9527
9528
9539
9543
9533
9533
9537
9539
9539
9539
9533
9534
9547
9547
9547
9548
9548
9566
9581
9585
9585
9588
9583
9582
9587
9592
9592
9599
9604
9609
9609
9615
9615
9615
9615
9606
9609
9601
9601
9609
9609
9609
9607
9613
9613
9614
9618
9628
9628
9628
9629
9628
9628
9633
9644
9659
9679
9681
9677
9680
9680
9680
9690
9690
9690
9695
9701
9701
9701
9697
9698
9704
9707
9706
9704
9714
9714
9721
9730
9730
9731
9731
9725
9735
9735
9739
9739
9738
9732
9742
9733
9745
9748
9748
9756
9755
9763
9776
9778
9801
9806
9806
9804
9814
9807
9812
9812
9811
9811
9829
9825
9827
9827
9828
9830
9834
9833
9833
9835
9835
9835
9850
9850
9850
9850
9850
9850
9850
9850
9850
9853
9854
9855
9855
9860
9874
9886
9886
9886
9899
9899
9922
9928
9925
9925
9942
9943
9943
9944
9946
9940
9940
9940
9940
9946
9946
9946
9944
9949
9948
9954
9956
9956
9957
9969
9969
9969
9969
9976
9976
9980
9972
9974
9974
9974
9977
9977
9972
9976
9979
9983
9985
9987
9994
9992
9993
9993
9993
9993
9993
9997
10002
10002
10010
10010
10010
10017
10023
10025
10041
10043
10043
10041
10041
10041
10041
10041
10038
10038
10038
10038
10038
10048
10052
10053
10050
10058
10044
10039
10042
10042
10053
10059
10059
10052
10053
10058
10065
10061
10067
10075
10076
10076
10081
10081
10084
10082
10092
10089
10094
10110
10112
10112
10112
10112
10112
10115
10123
10123
10126
10131
10137
10139
10139
10139
10139
10143
10152
10152
10152
10152
10151
10152
10152
10152
10165
10165
10167
10162
10169
10169
10169
10161
10161
10162
10162
10150
10150
10159
10159
10161
10167
10173
10173
10185
10182
10182
10192
10200
10207
10215
10215
10219
10231
10231
10233
10233
10233
10233
10224
10227
10229
10227
10228
10227
10248
10252
10252
10252
10261
10261
10270
10274
10272
10272
10278
10279
10279
10292
10294
10294
10297
10297
10300
10305
10306
10297
10298
10298
10305
10310
10310
10315
10315
10316
10321
10321
10321
10321
10321
10320
10320
10322
10321
10317
10320
10319
10319
10316
10316
10317
10331
10325
10327
10326
10326
10323
10323
10321
10321
10321
10321
10322
10318
10320
10320
10320
10327
10331
10331
10331
10331
10332
10332
10318
10318
10334
10317
10318
10328
10322
10322
10322
10323
10323
10323
10323
10325
10325
10325
10325
10318
10318
10315
10315
10310
10311
10316
10316
10316
10319
10315
10325
10336
10336
10333
10341
10346
10346
10346
10347
10347
10355
10350
10350
10351
10351
10351
10358
10353
10353
10358
10358
10349
10343
10349
10355
10380
10380
10380
10381
10381
10381
10381
10381
10374
10374
10378
10383
10387
10387
10388
10386
10386
10388
10388
10388
10388
10388
10388
10389
10382
10391
10410
10410
10414
10417
10417
10418
10405
10406
10406
10412
10412
10415
10415
10414
10427
10426
10423
10428
10428
10428
10425
10424
10425
10425
10430
10434
10435
10435
10435
10438
10438
10435
10438
10441
10441
10438
10453
10453
10457
10452
10452
10459
10468
10468
10468
10481
10481
10483
10484
10484
10492
10492
10496
10496
10496
10496
10498
10498
10505
10506
10506
10521
10514
10512
10514
10514
10517
10517
10517
10521
10521
10521
10516
10507
10507
10513
10520
10521
10534
10531
10534
10534
10548
10548
10548
10548
10548
10549
10549
10549
10558
10560
10560
10560
10565
10563
10562
10562
10562
10559
10559
10559
10561
10561
10561
10564
10564
10562
10574
10575
10568
10550
10558
10560
10563
10572
10581
10594
10596
10612
10612
10612
10612
10612
10612
10611
10612
10597
10599
10599
10609
10618
10620
10624
10605
10613
10619
10608
10610
10610
10610
10610
10613
10606
10606
10609
10609
10613
10613
10614
10616
10618
10622
10612
10617
10617
10627
10627
10641
10641
10644
10644
10644
10644
10644
10648
10648
10661
10657
10657
10661
10660
10660
10669
10672
10672
10675
10675
10675
10675
10675
10675
10676
10677
10676
10680
10680
10682
10682
10684
10687
10688
10688
10687
10694
10696
10704
10704
10704
10726
10729
10729
10730
10738
10738
10738
10745
10746
10745
10745
10746
10738
10738
10738
10738
10748
10749
10751
10758
10754
10759
10765
10754
10754
10754
10759
10765
10769
10786
10789
10789
10792
10792
10794
10793
10788
10796
10787
10787
10787
10790
10791
10794
10790
10791
10791
10791
10791
10792
10792
10792
10792
10789
10789
10786
10793
10795
10795
10795
10798
10789
10793
10802
10803
10803
10803
10799
10799
10801
10804
10804
10806
10814
10806
10806
10802
10806
10818
10818
10818
10818
10818
10818
10822
10822
10833
10833
10834
10834
10844
10843
10843
10848
10848
10848
10850
10842
10842
10849
10854
10854
10867
10870
10880
10882
10884
10892
10887
10887
10888
10890
10890
10898
10898
10898
10881
10881
10884
10886
10886
10883
10885
10885
10885
10890
10896
10903
10903
10903
10903
10903
10910
10911
10911
10916
10918
10914
10908
10898
10898
10898
10898
10901
10901
10903
10900
10896
10896
10903
10910
10911
10911
10915
10915
10915
10915
10929
10929
10929
10929
10922
10923
10923
10923
10925
10925
10925
10932
10935
10936
10942
10929
10929
10923
10923
10926
10927
10929
10952
10952
10946
10947
10947
10943
10949
10949
10954
10957
10958
10966
10977
10982
10983
10993
10997
10997
10997
10997
10990
10988
10999
11000
11001
11003
10992
10991
10991
10976
10976
10975
10975
10978
10979
10980
10982
10991
10990
11004
11009
11009
11014
11026
11027
11036
11046
11046
11042
11038
11043
11044
11044
11047
11039
11039
11039
11039
11039
11031
11031
11033
11033
11033
11031
11020
11020
11016
11013
11011
11011
11011
11013
11011
11010
11009
11008
11012
11012
11014
11014
11014
11021
11021
11021
11027
11035
11039
11046
11046
11045
11045
11046
11056
11056
11056
11063
11061
11061
11061
11061
11061
11061
11061
11061
11069
11073
11073
11078
11076
11076
11077
11077
11088
11089
11089
11082
11082
11082
11082
11088
11089
11086
11102
11102
11103
11103
11103
11103
11103
11098
11098
11100
11101
11101
11101
11101
11101
11098
11099
11098
11099
11099
11102
11100
11100
11102
11104
11107
11111
11111
11111
11100
11101
11103
11107
11108
11108
11108
11105
11105
11105
11115
11115
11115
11110
11129
11129
11133
11133
11129
11129
11127
11127
11117
11117
11118
11110
11093
11098
11098
11098
11094
11097
11097
11094
11094
11094
11094
11094
11095
11095
11095
11079
11080
11080
11080
11080
11080
11074
11074
11074
11083
11084
11073
11072
11074
11074
11074
11074
11074
11074
11084
11080
11085
11085
11080
11080
11080
11080
11091
11083
11086
11085
11081
11082
11090
11090
11081
11089
11094
11091
11085
11088
11088
11081
11089
11093
11093
11094
11094
11092
11092
11090
11093
11082
11082
11082
11082
11081
11089
11089
11089
11088
11093
11089
11095
11095
11096
11096
11096
11104
11102
11119
11119
11116
11119
11119
11123
11123
11126
11134
11125
11125
11136
11125
11125
11136
11141
11141
11155
11158
11158
11158
11158
11164
11165
11159
11159
11166
11177
11182
11182
11182
11182
11185
11185
11188
11188
11195
11195
11195
11200
11202
11202
11202
11202
11202
11207
11206
11205
11210
11223
11223
11225
11225
11225
11225
11225
11225
11220
11228
11235
11238
11241
11241
11243
11236
11236
11236
11236
11236
11240
11240
11240
11241
11254
11258
11265
11266
11273
11279
11282
11290
11293
11293
11294
11294
11294
11294
11294
11294
11296
11296
11291
11291
11291
11288
11289
11290
11289
11283
11283
11290
11290
11288
11288
11288
11288
11289
11296
11296
11296
11301
11302
11307
11303
11303
11308
11309
11310
11324
11324
11332
11332
11332
11338
11338
11339
11339
11336
11339
11339
11339
11338
11343
11359
11359
11359
11359
11359
11359
11359
11371
11379
11379
11376
11376
11376
11380
11388
11396
11396
11393
11394
11391
11391
11400
11401
11406
11406
11406
11405
11402
11402
11402
11400
11401
11398
11398
11403
11410
11410
11410
11410
11409
11417
11417
11422
11430
11430
11430
11430
11434
11437
11437
11439
11439
11436
11436
11434
11434
11442
11455
11455
11464
11464
11464
11463
11460
11456
11458
11458
11458
11459
11463
11463
11463
11464
11464
11461
11461
11461
11458
11460
11462
11466
11466
11466
11466
11466
11466
11465
11458
11461
11455
11457
11457
11457
11474
11469
11456
11456
11456
11476
11476
11480
11484
11488
11487
11483
11483
11503
11507
11507
11518
11515
11518
11518
11518
11516
11522
11528
11532
11533
11534
11534
11536
11536
11535
11535
11538
11548
11556
11556
11554
11552
11558
11566
11561
11562
11562
11562
11565
11566
11566
11569
11572
11573
11579
11580
11586
11586
11586
11591
11591
11590
11593
11593
11593
11593
11593
11595
11605
11603
11603
11603
11603
11603
11600
11600
11600
11600
11591
11591
11586
11586
11586
11586
11586
11586
11588
11588
11593
11593
11594
11594
11586
11586
11574
11583
11589
11588
11586
11589
11586
11587
11588
11594
11595
11597
11588
11594
11594
11594
11594
11594
11594
11594
11594
11594
11601
11601
11615
11616
11620
11620
11610
11610
11610
11611
11624
11629
11629
11629
11627
11627
11617
11623
11611
11613
11613
11613
11606
11605
11609
11612
11622
11632
11637
11637
11638
11639
11639
11641
11642
11635
11635
11644
11644
11648
11648
11651
11652
11653
11654
11660
11664
11664
11666
11669
11666
11666
11664
11664
11666
11666
11667
11669
11669
11668
11675
11675
11676
11678
11678
11678
11678
11688
11685
11685
11685
11687
11686
11686
11684
11684
11665
11671
11668
11654
11654
11653
11665
11665
11665
11655
11648
11658
11652
11645
11643
11643
11650
11650
11663
11663
11663
11677
11677
11686
11680
11686
11686
11687
11692
11692
11692
11693
11705
11703
11703
11703
11702
11702
11702
11703
11704
11704
11704
11705
11705
11705
11705
11706
11704
11707
11708
11708
11706
11714
11716
11717
11716
11716
11708
11708
11712
11712
11703
11703
11703
11704
11704
11704
11704
11704
11704
11704
11704
11704
11683
11683
11692
11700
11700
11704
11707
11707
11710
11710
11710
11710
11710
11710
11709
11709
11709
11708
11708
11707
11716
11720
11719
11722
11722
11722
11721
11721
11727
11727
11727
11720
11732
11732
11733
11736
11736
11726
11729
11730
11729
11735
11735
11739
11741
11741
11739
11739
11737
11737
11739
11739
11739
11740
11749
11749
11763
11763
11775
11776
11776
11776
11776
11764
11764
11764
11764
11764
11763
11763
11763
11763
11763
11762
11762
11767
11767
11772
11772
11769
11769
11770
11771
11771
11770
11770
11773
11773
11773
11773
11776
11778
11778
11780
11774
11767
11767
11775
11775
11775
11775
11775
11775
11775
11764
11764
11770
11770
11783
11783
11783
11784
11786
11786
11787
11787
11794
11794
11794
11794
11795
11792
11792
11792
11792
11796
11796
11801
11807
11807
11809
11813
11813
11813
11805
11805
11805
11805
11798
11801
11802
11802
11805
11814
11812
11808
11809
11809
11809
11818
11819
11818
11818
11819
11821
11821
11821
11821
11821
11834
11828
11828
11828
11828
11828
11831
11831
11840
11838
11843
11843
11843
11843
11838
11838
11838
11847
11844
11844
11848
11851
11859
11859
11859
11854
11854
11854
11860
11872
11875
11875
11881
11871
11871
11871
11871
11871
11868
11867
11867
11867
11867
11868
11868
11868
11868
11868
11874
11874
11874
11869
11857
11857
11862
11869
11869
11873
11871
11871
11875
11876
11876
11878
11878
11878
11879
11879
11873
11873
11873
11872
11872
11872
11872
11862
11862
11862
11865
11865
11867
11858
11853
11853
11854
11852
11852
11852
11852
11858
11858
11861
11861
11863
11863
11863
11867
11867
11867
11864
11861
11861
11870
11870
11867
11868
11868
11871
11870
11871
11870
11870
11871
11877
11877
11877
11877
11872
11872
11873
11865
11869
11869
11869
11868
11866
11865
11870
11870
11869
11869
11867
11867
11867
11868
11868
11868
11868
11866
11866
11867
11867
11867
11878
11875
11875
11875
11875
11886
11880
11880
11874
11874
11870
11871
11871
11870
11872
11874
11874
11874
11875
11875
11875
11885
11889
11889
11889
11881
11881
11881
11881
11877
11875
11874
11874
11874
11874
11874
11874
11879
11879
11888
11888
11894
11894
11894
11894
11898
11899
11904
11901
11901
11906
11904
11904
11911
11911
11912
11913
11913
11913
11913
11904
11898
11898
11893
11885
11885
11880
11880
11880
11883
11883
11883
11883
11883
11883
11885
11885
11885
11872
11872
11875
11875
11869
11864
11858
11858
11859
11859
11848
11848
11836
11836
11837
11844
11844
11848
11840
11838
11838
11839
11839
11823
11823
11823
11827
11827
11827
11827
11818
11806
11813
11813
11812
11812
11812
11812
11812
11812
11806
11806
11811
11811
11797
11799
11799
11796
11796
11773
11777
11780
11780
11780
11771
11771
11768
11776
11783
11788
11795
11794
11791
11795
11799
11793
11801
11802
11801
11801
11796
11796
11808
11808
11808
11808
11808
11807
11795
11797
11797
11795
11795
11795
11795
11795
11795
11797
11798
11794
11793
11807
11797
11797
11797
11797
11797
11797
11797
11797
11800
11794
11799
11795
11799
11789
11789
11789
11789
11792
11792
11792
11800
11798
11801
11807
11809
11809
11809
11803
11806
11806
11806
11806
11806
11806
11808
11810
11810
11820
11820
11821
11821
11821
11821
11821
11817
11817
11823
11826
11828
11828
11828
11829
11829
11833
11813
11813
11820
11820
11820
11822
11811
11808
11808
11808
11808
11808
11817
11823
11823
11822
11819
11819
11819
11819
11824
11824
11824
11824
11825
11825
11827
11827
11823
11823
11823
11814
11814
11818
11815
11815
11804
11824
11829
11810
11814
11814
11813
11813
11813
11816
11804
11801
11802
11809
11809
11802
11804
11804
11804
11804
11804
11804
11804
11807
11802
11802
11811
11819
11819
11819
11819
11822
11833
11833
11839
11839
11839
11862
11869
11877
11877
11877
11877
11877
11877
11877
11877
11879
11879
11879
11879
11879
11880
11887
11887
11887
11887
11886
11888
11888
11890
11900
11898
11910
11916
11916
11919
11919
11919
11918
11918
11934
11934
11945
11945
11947
11947
11948
11948
11948
11948
11948
11947
11943
11943
11943
11943
11949
11949
11950
11948
11948
11954
11960
11960
11960
11959
11959
11966
11975
11981
11981
11987
11996
11996
11996
11983
11986
11987
11987
11987
11987
11988
11987
11992
11992
11986
11998
11998
11992
11992
11999
12003
12001
11987
11988
11978
11979
11977
11977
11977
11979
11979
11978
11981
11978
11978
11978
11985
11984
11984
11981
11981
11981
11984
11983
11981
11981
11975
11980
11980
11980
11980
11980
11979
11993
11993
11993
11993
11994
12000
11998
11997
11997
12000
11990
11993
11993
12003
12003
12014
12012
12012
12008
12006
12008
12008
12002
12002
12006
12006
11987
11998
11998
11992
12006
12010
12011
12011
12011
12011
12016
12017
12017
12017
12031
12031
12031
12029
12029
12029
12029
12033
12029
12029
12029
12029
12026
12026
12026
12028
12028
12048
12048
12049
12051
12051
12048
12046
12042
12043
12051
12044
12046
12038
12038
12038
12038
12038
12024
12027
12026
12026
12026
12026
12026
12028
12031
12029
12020
12028
12029
12029
12029
12022
12021
12021
12028
12028
12028
12029
12029
12027
12025
12034
12034
12041
12041
12048
12050
12050
12048
12048
12055
12052
12048
12049
12049
12052
12052
12059
12048
12047
12047
12036
12035
12042
12045
12045
12048
12049
12049
12054
12056
12063
12064
12067
12067
12066
12066
12065
12066
12066
12066
12068
12063
12063
12054
12054
12054
12052
12054
12055
12054
12043
12043
12049
12049
12050
12050
12050
12050
12051
12050
12050
12050
12051
12051
12047
12047
12047
12047
12048
12054
12054
12046
12050
12053
12052
12050
12050
12050
12053
12053
12054
12054
12048
12048
12055
12055
12055
12055
12047
12047
12046
12046
12043
12048
12042
12042
12043
12044
12046
12046
12030
12030
12030
12030
12030
12032
12028
12029
12029
12039
12040
12036
12036
12036
12037
12037
12036
12029
12030
12022
12022
12022
12022
12022
12012
12017
12020
12016
12020
12020
12020
12020
12020
12020
12020
12020
12020
12022
12022
12027
12027
12029
12029
12029
12021
12017
12017
12016
12016
12012
12012
12012
12010
12010
12015
12015
12031
12036
12040
12038
12039
12040
12056
12059
12057
12055
12055
12056
12056
12056
12063
12059
12059
12057
12058
12060
12060
12044
12046
12046
12046
12036
12028
12028
12029
12043
12031
12038
12038
12038
12040
12034
12034
12034
12033
12033
12029
12029
12029
12034
12034
12036
12036
12037
12041
12041
12040
12041
12043
12049
12049
12049
12044
12045
12049
12045
12040
12042
12042
12044
12044
12045
12046
12040
12040
12045
12045
12045
12045
12041
12041
12041
12036
12035
12035
12035
12035
12036
12036
12035
12026
12026
12026
12026
12025
12025
12025
12025
12026
12030
12030
12030
12022
12022
12015
12018
12021
12026
12029
12029
12027
12028
12024
12024
12026
12026
12026
12017
12019
12019
12007
12001
11997
11998
11998
11998
12005
12005
12005
12005
12015
12015
12015
12009
12009
12002
12001
12001
12001
12007
12007
12005
12007
12007
12009
12009
11997
11997
12005
11997
11990
11990
11991
12000
12000
12001
11989
11993
11986
11991
11992
11987
11990
11990
11990
11990
11983
11974
11974
11974
11978
11982
11982
11982
11982
11970
11970
11964
11964
11966
11967
11964
11976
11976
11976
11967
11971
11971
11971
11971
11971
11977
11979
11979
11984
11984
11985
11978
11978
11982
11982
11984
11994
11994
12002
12007
12007
11997
11997
11997
12004
12004
12004
12004
12004
12004
12002
12006
12006
12006
11999
11999
12009
12009
12009
12009
12013
12006
12008
12008
12008
12005
12005
11998
11998
12005
12004
12004
12001
11998
11998
11998
11998
11998
11998
12000
12000
12006
12002
12002
12002
12000
11985
11985
11986
11987
11987
11987
11987
11987
11992
11992
11996
11995
11999
11999
12003
12013
12013
12013
12010
12010
12010
12012
12012
12007
12008
12013
12010
12011
12011
12011
12011
12010
12010
12008
12008
12008
12013
12014
12026
12026
12027
12027
12027
12027
12027
12023
12023
12023
12025
12025
12025
12025
12024
12024
12024
12024
12032
12026
12018
12018
12018
12018
12018
12002
11994
11988
11992
11992
11992
11991
11997
11994
11994
11995
11995
11995
11986
11987
11987
11987
11991
11996
11997
11998
11998
12002
11997
11997
11997
11997
11997
11997
11997
11997
11995
11995
11994
11994
11994
11991
11991
11991
11981
11981
11981
11974
11974
11986
11986
11986
11984
11984
11984
11984
11984
11984
11984
11988
11988
11993
11992
11983
11976
11969
11954
11951
11948
11940
11941
11941
11935
11925
11925
11920
11926
11926
11926
11926
11920
11921
11922
11927
11923
11923
11923
11923
11933
11933
11933
11937
11926
11926
11926
11926
11926
11923
11922
11922
11917
11917
11921
11920
11912
11911
11916
11924
11924
11924
11925
11925
11925
11924
11924
11927
11927
11916
11916
11915
11912
11912
11900
11901
11901
11901
11901
11901
11913
11913
11905
11898
11898
11898
11901
11901
11901
11901
11901
11901
11898
11900
11901
11904
11898
11902
11899
11904
11903
11903
11903
11903
11893
11912
11908
11908
11908
11908
11908
11906
11906
11906
11902
11906
11897
11897
11897
11898
11903
11908
11908
11908
11908
11908
11908
11902
11902
11902
11902
11895
11907
11904
11904
11904
11904
11904
11904
11920
11922
11922
11922
11929
11929
11929
11929
11929
11921
11919
11916
11916
11916
11916
11916
11916
11917
11919
11919
11923
11923
11923
11923
11923
11923
11927
11929
11924
11924
11924
11924
11924
11928
11926
11926
11921
11921
11917
11918
11918
11918
11925
11927
11929
11933
11933
11933
11938
11938
11934
11934
11937
11937
11934
11930
11930
11930
11930
11930
11930
11930
11930
11930
11946
11946
11946
11945
11948
11950
11947
11947
11954
11954
11954
11950
11952
11954
11956
11956
11958
11958
11958
11949
11949
11926
11926
11926
11922
11925
11928
11928
11927
11928
11928
11928
11928
11928
11928
11928
11929
11928
11918
11918
11915
11916
11916
11919
11919
11919
11919
11922
11922
11926
11926
11926
11928
11930
11930
11928
11928
11928
11928
11931
11931
11931
11931
11931
11926
11921
11934
11934
11928
11928
11928
11927
11932
11932
11932
11932
11930
11930
11930
11930
11930
11929
11923
11921
11926
11926
11924
11924
11927
11927
11927
11927
11927
11921
11921
11936
11936
11936
11947
11947
11948
11932
11933
11933
11933
11933
11929
11929
11929
11929
11935
11941
11941
11941
11942
11937
11937
11937
11937
11923
11923
11917
11917
11917
11917
11917
11913
11906
11908
11908
11908
11906
11906
11906
11906
11913
11914
11913
11913
11913
11912
11924
11924
11925
11931
11933
11935
11940
11939
11939
11952
11952
11952
11952
11952
11952
11952
11957
11957
11955
11955
11944
11944
11944
11941
11940
11940
11934
11926
11926
11925
11935
11935
11938
11939
11933
11933
11933
11926
11930
11943
11943
11942
11942
11938
11938
11944
11944
11942
11942
11939
11939
11936
11936
11936
11937
11944
11939
11939
11939
11930
11937
11937
11936
11940
11940
11940
11940
11940
11933
11933
11933
11933
11933
11933
11936
11934
11930
11919
11913
11911
11911
11896
11896
11893
11893
11894
11894
11900
11893
11893
11893
11894
11894
11894
11898
11898
11898
11898
11899
11895
11895
11895
11895
11889
11889
11889
11889
11887
11887
11887
11886
11892
11889
11896
11884
11885
11885
11882
11882
11882
11879
11877
11877
11867
11867
11873
11874
11874
11875
11875
11874
11874
11874
11874
11874
11871
11871
11882
11882
11882
11882
11879
11882
11883
11883
11884
11884
11884
11884
11884
11884
11884
11884
11884
11884
11884
11890
11883
11883
11883
11883
11878
11881
11886
11886
11887
11887
11887
11887
11887
11887
11887
11889
11889
11889
11883
11883
11883
11882
11884
11884
11877
11879
11879
11880
11880
11880
11880
11880
11880
11880
11872
11872
11872
11873
11873
11872
11875
11875
11875
11871
11871
11871
11871
11870
11870
11858
11856
11862
11855
11857
11857
11857
11857
11863
11857
11857
11857
11859
11847
11847
11847
11851
11847
11847
11847
11847
11847
11850
11846
11838
11836
11836
11836
11836
11838
11841
11841
11837
11837
11837
11837
11834
11834
11834
11832
11838
11842
11844
11844
11844
11846
11845
11844
11840
11840
11840
11840
11838
11841
11842
11843
11849
11849
11843
11837
11840
11840
11840
11840
11833
11833
11836
11836
11836
11840
11840
11839
11831
11831
11831
11831
11831
11840
11841
11841
11833
11833
11837
11837
11837
11836
11834
11841
11844
11844
11844
11844
11841
11841
11841
11841
11842
11842
11843
11843
11846
11845
11845
11845
11845
11843
11833
11834
11836
11836
11836
11836
11836
11837
11841
11841
11841
11835
11835
11833
11833
11833
11833
11833
11835
11835
11833
11833
11834
11838
11838
11839
11833
11833
11834
11833
11834
11837
11837
11833
11833
11833
11828
11828
11828
11828
11829
11829
11829
11823
11823
11823
11823
11823
11823
11810
11810
11810
11811
11812
11812
11812
11812
11815
11815
11815
11815
11824
11821
11823
11823
11823
11823
11824
11824
11824
11825
11825
11825
11807
11807
11809
11809
11822
11838
11840
11839
11845
11841
11839
11829
11829
11829
11829
11829
11829
11827
11827
11827
11827
11833
11834
11839
11839
11839
11839
11836
11836
11835
11833
11822
11822
11825
11828
11828
11834
11832
11832
11843
11843
11844
11844
11844
11853
11853
11852
11852
11852
11852
11853
11856
11857
11858
11858
11858
11857
11858
11862
11862
11864
11864
11857
11857
11857
11857
11857
11858
11858
11859
11851
11851
11864
11864
11864
11864
11863
11863
11861
11861
11861
11861
11861
11855
11855
11848
11848
11855
11853
11853
11853
11851
11851
11851
11861
11861
11861
11853
11853
11853
11846
11846
11846
11846
11846
11861
11861
11862
11862
11863
11863
11863
11863
11863
11863
11864
11864
11864
11863
11863
11861
11857
11858
11858
11858
11858
11858
11861
11862
11862
11862
11861
11858
11869
11869
11869
11869
11869
11869
11864
11864
11864
11864
11854
11855
11856
11862
11866
11866
11866
11862
11862
11862
11862
11862
11857
11859
11859
11859
11859
11876
11881
11882
11882
11882
11883
11883
11883
11880
11883
11887
11890
11889
11891
11891
11895
11899
11901
11894
11894
11893
11893
11890
11887
11891
11886
11887
11887
11887
11890
11884
11884
11884
11884
11884
11884
11886
11886
11886
11885
11885
11878
11878
11878
11879
11879
11879
11879
11879
11879
11874
11874
11866
11862
11862
11858
11858
11858
11858
11853
11853
11855
11857
11852
11856
11860
11853
11853
11853
11845
11845
11845
11845
11842
11838
11838
11838
11834
11838
11832
11832
11832
11835
11838
11838
11839
11842
11851
11851
11852
11852
11848
11844
11844
11844
11841
11843
11843
11843
11843
11845
11845
11845
11845
11845
11834
11834
11828
11827
11823
11823
11823
11823
11836
11834
11834
11834
11829
11823
11823
11823
11824
11824
11824
11824
11810
11810
11810
11816
11816
11816
11816
11816
11816
11816
11816
11834
11835
11835
11843
11843
11855
11855
11855
11854
11854
11854
11854
11854
11854
11853
11848
11846
11846
11846
11846
11846
11845
11846
11846
11848
11848
11847
11847
11847
11849
11850
11839
11839
11847
11847
11847
11847
11847
11847
11847
11847
11847
11847
11851
11849
11858
11857
11855
11855
11855
11850
11852
11854
11857
11862
11862
11862
11862
11854
11854
11854
11854
11860
11864
11860
11856
11856
11856
11849
11852
11852
11852
11849
11846
11846
11846
11846
11840
11840
11838
11838
11840
11840
11841
11841
11839
11846
11846
11846
11843
11842
11842
11835
11835
11834
11834
11834
11835
11834
11822
11799
11799
11801
11801
11801
11801
11801
11801
11807
11807
11807
11812
11812
11814
11813
11813
11813
11813
11811
11802
11803
11801
11802
11798
11798
11798
11796
11796
11797
11797
11798
11801
11801
11802
11802
11787
11787
11787
11779
11783
11789
11785
11781
11781
11786
11786
11781
11781
11781
11781
11782
11783
11788
11783
11783
11783
11783
11783
11783
11782
11784
11775
11775
11769
11770
11770
11770
11770
11773
11772
11768
11768
11768
11776
11776
11776
11776
11776
11777
11777
11778
11778
11778
11787
11787
11806
11801
11803
11803
11804
11804
11800
11794
11794
11789
11781
11781
11781
11781
11783
11783
11776
11776
11776
11778
11763
11763
11763
11763
11763
11763
11763
11763
11761
11755
11755
11755
11756
11756
11752
11752
11748
11742
11742
11742
11742
11745
11745
11742
11740
11740
11740
11740
11741
11737
11737
11731
11730
11730
11739
11742
11742
11742
11742
11742
11753
11753
11752
11740
11737
11737
11737
11737
11732
11721
11710
11708
11717
11717
11726
11726
11726
11725
11725
11723
11710
11713
11710
11716
11716
11716
11716
11716
11716
11716
11710
11695
11695
11695
11689
11689
11689
11689
11689
11689
11694
11694
11695
11689
11689
11690
11690
11675
11675
11675
11675
11670
11670
11670
11670
11671
11675
11675
11687
11694
11692
11688
11688
11682
11682
11682
11682
11682
11678
11678
11677
11677
11675
11675
11672
11672
11671
11671
11672
11660
11660
11660
11660
11662
11660
11660
11658
11647
11646
11646
11644
11650
11652
11652
11652
11652
11652
11652
11652
11652
11651
11643
11643
11643
11643
11645
11645
11645
11645
11646
11646
11643
11641
11644
11644
11644
11644
11635
11634
11627
11623
11623
11623
11629
11625
11632
11632
11632
11632
11632
11632
11632
11629
11630
11630
11630
11636
11635
11635
11635
11635
11641
11640
11641
11641
11641
11638
11632
11635
11621
11621
11621
11621
11622
11622
11622
11622
11615
11614
11614
11614
11614
11616
11616
11615
11616
11618
11619
11618
11616
11616
11614
11611
11611
11611
11610
11610
11610
11613
11611
11611
11611
11611
11611
11611
11611
11611
11611
11611
11611
11611
11611
11611
11611
11611
11611
11611
11608
11610
11613
11613
11613
11613
11613
11607
11606
11606
11601
11599
11599
11600
11600
11600
11594
11594
11593
11592
11592
11591
11588
11596
11599
11599
11596
11583
11583
11583
11583
11583
11583
11583
11583
11583
11583
11587
11587
11587
11587
11582
11582
11586
11587
11587
11597
11591
11589
11582
11582
11582
11582
11591
11591
11591
11591
11587
11587
11600
11599
11599
11598
11599
11599
11598
11598
11597
11597
11597
11596
11596
11606
11606
11612
11611
11620
11627
11626
11626
11627
11622
11622
11626
11626
11626
11626
11626
11626
11626
11625
11625
11626
11626
11626
11626
11621
11621
11621
11621
11621
11621
11619
11617
11617
11617
11625
11622
11622
11622
11622
11627
11628
11628
11626
11626
11623
11625
11618
11617
11616
11616
11618
11617
11614
11616
11612
11607
11605
11599
11594
11594
11591
11591
11595
11593
11593
11593
11593
11593
11595
11594
11590
11590
11590
11590
11581
11581
11578
11578
11578
11562
11562
11555
11554
11556
11556
11557
11546
11553
11553
11553
11553
11557
11555
11555
11555
11558
11558
11565
11565
11565
11565
11565
11563
11565
11565
11565
11565
11558
11558
11558
11558
11558
11558
11558
11558
11558
11564
11563
11563
11559
11555
11556
11558
11558
11558
11557
11552
11552
11548
11548
11536
11536
11536
11536
11535
11535
11535
11535
11544
11544
11544
11545
11544
11544
11544
11544
11548
11548
11548
11548
11545
11549
11550
11549
11548
11556
11549
11546
11546
11541
11541
11541
11541
11541
11540
11540
11540
11540
11540
11542
11540
11535
11535
11535
11535
11543
11540
11540
11540
11540
11531
11530
11524
11529
11527
11527
11537
11537
11539
11537
11534
11526
11522
11521
11518
11518
11514
11513
11513
11511
11511
11510
11508
11508
11508
11508
11507
11505
11505
11505
11505
11505
11505
11501
11499
11499
11505
11506
11505
11505
11505
11492
11495
11497
11497
11498
11496
11498
11498
11498
11497
11497
11500
11500
11500
11493
11493
11493
11494
11494
11487
11487
11479
11476
11464
11464
11458
11451
11451
11451
11447
11447
11427
11427
11426
11427
11426
11426
11426
11430
11430
11431
11431
11424
11424
11424
11424
11424
11418
11416
11417
11431
11431
11432
11432
11432
11432
11432
11428
11428
11424
11427
11423
11423
11423
11416
11416
11417
11417
11415
11415
11415
11407
11407
11410
11410
11409
11409
11409
11405
11401
11405
11405
11405
11396
11396
11396
11396
11390
11377
11377
11379
11380
11377
11371
11371
11357
11357
11355
11355
11355
11355
11358
11358
11358
11360
11360
11360
11360
11360
11357
11350
11350
11351
11351
11351
11351
11351
11351
11351
11351
11341
11339
11339
11339
11337
11337
11337
11337
11324
11324
11324
11324
11324
11324
11324
11316
11316
11316
11316
11316
11318
11318
11315
11315
11303
11303
11303
11303
11303
11300
11299
11305
11304
11304
11304
11300
11300
11300
11303
11303
11303
11303
11299
11299
11300
11300
11309
11315
11316
11316
11318
11318
11318
11317
11317
11316
11317
11318
11326
11326
11324
11324
11317
11309
11313
11312
11309
11309
11308
11308
11303
11303
11303
11300
11289
11287
11287
11284
11285
11277
11277
11275
11269
11270
11270
11270
11270
11270
11270
11270
11270
11270
11257
11255
11255
11255
11255
11255
11250
11250
11249
11247
11242
11242
11242
11234
11242
11242
11242
11242
11242
11242
11241
11246
11248
11242
11242
11234
11233
11233
11233
11240
11241
11241
11239
11239
11239
11239
11236
11235
11235
11235
11235
11236
11227
11228
11228
11229
11229
11222
11218
11218
11218
11218
11218
11218
11219
11220
11219
11219
11220
11220
11221
11221
11216
11219
11219
11219
11219
11219
11219
11219
11218
11218
11218
11218
11218
11218
11218
11219
11217
11214
11220
11220
11217
11217
11215
11213
11213
11213
11207
11207
11221
11221
11221
11221
11221
11221
11217
11217
11221
11230
11230
11236
11245
11245
11245
11245
11245
11245
11245
11245
11245
11247
11247
11246
11246
11248
11248
11234
11234
11234
11235
11230
11230
11230
11233
11231
11226
11221
11221
11215
11215
11215
11215
11211
11209
11209
11209
11209
11197
11197
11197
11189
11189
11190
11190
11182
11182
11182
11179
11179
11175
11175
11175
11175
11175
11182
11186
11187
11185
11185
11185
11185
11185
11186
11191
11191
11187
11187
11187
11184
11184
11181
11170
11172
11172
11166
11164
11164
11172
11172
11172
11172
11174
11174
11177
11171
11171
11171
11171
11171
11171
11170
11169
11169
11167
11167
11170
11170
11167
11167
11169
11169
11168
11168
11168
11167
11162
11162
11159
11152
11152
11152
11152
11161
11158
11158
11157
11158
11158
11158
11158
11161
11161
11161
11161
11153
11154
11154
11154
11157
11157
11157
11158
11147
11152
11144
11144
11144
11144
11144
11144
11133
11133
11133
11131
11128
11128
11128
11133
11123
11123
11121
11121
11123
11127
11127
11127
11127
11127
11127
11127
11127
11127
11126
11126
11124
11124
11118
11120
11119
11120
11120
11120
11120
11120
11120
11119
11119
11117
11117
11114
11115
11116
11107
11114
11113
11113
11113
11113
11113
11113
11113
11116
11119
11119
11119
11117
11121
11121
11121
11121
11118
11118
11111
11111
11111
11111
11111
11111
11108
11108
11109
11108
11110
11105
11097
11094
11094
11094
11094
11095
11090
11085
11085
11075
11073
11072
11072
11074
11074
11077
11077
11077
11073
11073
11073
11073
11073
11073
11073
11073
11073
11073
11073
11073
11073
11077
11079
11079
11079
11078
11072
11072
11071
11071
11071
11071
11071
11072
11072
11072
11072
11072
11072
11072
11073
11077
11077
11077
11077
11077
11077
11069
11068
11066
11064
11055
11057
11057
11057
11057
11052
11052
11052
11051
11051
11051
11051
11045
11045
11045
11040
11041
11030
11031
11025
11023
11023
11023
11023
11023
11023
11030
11030
11030
11030
11030
11030
11026
11016
11016
11016
11016
11011
11004
10998
10998
10998
10995
10991
10976
10976
10978
10982
10982
10984
10984
10983
10981
10981
10981
10981
10984
10984
10984
10984
10984
10984
10984
10982
10980
10970
10968
10968
10963
10965
10966
10966
10971
10971
10971
10970
10970
10971
10971
10969
10969
10964
10965
10965
10963
10964
10967
10967
10964
10966
10963
10963
10959
10959
10959
10959
10960
10959
10947
10948
10948
10935
10919
10916
10911
10908
10910
10910
10910
10901
10901
10896
10897
10897
10897
10900
10899
10898
10898
10897
10894
10894
10895
10896
10906
10905
10908
10908
10908
10908
10908
10908
10909
10909
10907
10907
10907
10906
10900
10899
10898
10898
10897
10897
10900
10900
10900
10899
10883
10883
10883
10883
10883
10884
10884
10879
10879
10870
10858
10857
10851
10851
10851
10851
10851
10847
10847
10847
10847
10847
10847
10840
10838
10838
10838
10838
10838
10838
10838
10836
10836
10834
10834
10834
10834
10834
10834
10838
10838
10828
10828
10828
10826
10826
10826
10827
10827
10827
10823
10818
10818
10814
10814
10814
10814
10814
10814
10822
10813
10813
10813
10813
10813
10808
10808
10808
10808
10818
10818
10818
10815
10814
10817
10817
10817
10800
10800
10800
10793
10791
10791
10791
10794
10794
10794
10799
10799
10796
10811
10811
10811
10811
10805
10805
10805
10805
10805
10795
10795
10795
10777
10776
10775
10775
10765
10765
10765
10765
10764
10764
10764
10764
10761
10751
10750
10750
10744
10744
10744
10744
10744
10744
10744
10745
10745
10739
10739
10732
10732
10732
10732
10732
10732
10732
10732
10732
10740
10740
10740
10740
10740
10740
10740
10740
10740
10740
10721
10723
10719
10720
10720
10722
10722
10722
10722
10722
10722
10724
10723
10724
10724
10724
10724
10720
10720
10729
10731
10732
10733
10733
10733
10726
10726
10725
10725
10725
10733
10733
10729
10723
10723
10723
10723
10723
10722
10722
10717
10713
10713
10713
10713
10713
10713
10710
10710
10716
10716
10716
10719
10719
10720
10720
10712
10710
10710
10710
10705
10706
10706
10706
10706
10705
10710
10704
10704
10709
10709
10709
10709
10709
10709
10692
10692
10699
10702
10702
10702
10702
10702
10700
10700
10700
10700
10700
10700
10699
10699
10699
10696
10703
10703
10707
10707
10704
10704
10704
10703
10704
10704
10704
10698
10697
10697
10693
10693
10693
10693
10686
10686
10686
10686
10679
10679
10678
10678
10678
10677
10677
10673
10675
10675
10675
10675
10667
10667
10667
10667
10667
10667
10668
10668
10668
10668
10668
10664
10664
10658
10658
10658
10658
10658
10652
10651
10651
10651
10651
10651
10651
10651
10657
10662
10663
10663
10663
10663
10657
10656
10656
10656
10656
10656
10656
10656
10652
10652
10652
10644
10647
10647
10637
10637
10637
10637
10637
10638
10638
10635
10635
10634
10629
10629
10624
10624
10624
10624
10625
10618
10618
10618
10618
10618
10618
10618
10610
10610
10618
10618
10617
10618
10617
10605
10605
10605
10605
10597
10599
10592
10592
10592
10592
10594
10597
10596
10593
10593
10593
10593
10593
10593
10593
10588
10588
10588
10587
10588
10588
10586
10586
10575
10574
10572
10571
10571
10571
10571
10571
10573
10573
10573
10573
10573
10573
10574
10559
10559
10566
10565
10549
10549
10548
10548
10557
10557
10557
10557
10554
10554
10554
10554
10552
10553
10553
10553
10546
10546
10546
10546
10549
10545
10545
10539
10539
10539
10533
10519
10519
10519
10509
10509
10513
10515
10515
10515
10515
10515
10495
10495
10493
10493
10488
10482
10477
10477
10479
10479
10483
10483
10478
10477
10477
10477
10477
10475
10475
10472
10480
10480
10478
10476
10483
10485
10485
10485
10482
10477
10477
10477
10477
10466
10470
10466
10466
10468
10468
10468
10464
10449
10447
10447
10447
10447
10437
10437
10437
10437
10433
10433
10429
10429
10429
10427
10428
10428
10425
10425
10425
10419
10419
10419
10419
10428
10428
10430
10430
10430
10430
10430
10429
10438
10438
10438
10438
10438
10434
10434
10434
10434
10434
10435
10435
10441
10437
10438
10433
10433
10422
10422
10422
10423
10423
10423
10423
10419
10419
10417
10400
10400
10399
10396
10395
10394
10394
10392
10392
10391
10381
10370
10368
10368
10364
10364
10364
10353
10353
10353
10353
10353
10353
10346
10345
10347
10339
10339
10339
10339
10338
10337
10337
10336
10335
10335
10335
10333
10333
10333
10331
10332
10328
10328
10327
10327
10322
10324
10324
10319
10305
10305
10305
10310
10310
10310
10308
10299
10299
10299
10298
10298
10298
10298
10290
10290
10285
10275
10275
10275
10269
10269
10269
10269
10269
10267
10267
10267
10269
10269
10269
10270
10270
10270
10270
10275
10275
10266
10266
10264
10248
10234
10235
10236
10236
10236
10236
10236
10236
10237
10230
10230
10230
10230
10230
10230
10229
10230
10230
10230
10230
10230
10230
10230
10230
10230
10225
10228
10228
10231
10231
10231
10219
10219
10218
10218
10217
10215
10214
10213
10213
10213
10212
10212
10211
10211
10211
10211
10211
10205
10205
10205
10205
10205
10205
10198
10198
10198
10198
10198
10198
10198
10198
10198
10198
10197
10197
10191
10187
10187
10187
10174
10174
10174
10180
10180
10180
10178
10178
10178
10176
10170
10170
10164
10166
10166
10166
10166
10166
10167
10167
10167
10167
10167
10165
10165
10165
10165
10164
10163
10163
10160
10158
10158
10157
10153
10143
10143
10145
10145
10145
10148
10148
10148
10148
10142
10142
10142
10139
10136
10136
10135
10114
10114
10121
10121
10121
10116
10115
10115
10115
10116
10116
10116
10116
10116
10116
10116
10115
10112
10112
10112
10110
10110
10110
10108
10108
10108
10108
10092
10092
10092
10092
10092
10092
10092
10092
10092
10090
10087
10082
10076
10072
10073
10065
10062
10052
10050
10050
10050
10050
10050
10045
10045
10045
10045
10039
10039
10039
10039
10039
10039
10039
10048
10048