1
1
1
1
1
1
1
1
1
1
1
1
1
1
1
1
1
1
1
1
1
1
1
1
1
1
1
1
1
1
1
1
1
1
1
1
1
1
1
1
1
1
1
1
1
1
1
1
1
1
1
1
1
1
1
1
1
1
1
1
1
1
1
1
1
1
1
1
1
1
1
1
1
1
1
1
1
1
1
1
1
1
1
1
1
1
1
1
1
1
1
1
1
1
1
1
1
1
1
1
1
1
1
1
1
1
1
1
1
1
1
1
1
1
1
1
1
1
1
1
1
1
1
1
1
1
1
1
1
1
1
1
1
1
1
1
1
1
1
1
1
1
1
1
1
1
1
1
1
1
1
1
1
1
1
1
1
1
2
2
2
2
2
2
2
2
2
2
2
2
2
2
2
2
2
2
2
2
2
2
2
2
2
2
2
2
2
2
2
2
2
3
3
3
3
3
3
3
3
3
3
3
3
3
3
3
4
4
4
4
4
4
4
4
4
6
6
6
6
6
6
6
6
6
6
6
7
7
7
7
9
9
9
9
9
12
12
12
14
15
15
15
15
15
16
16
16
16
16
17
17
17
17
17
18
18
20
20
20
20
20
20
20
20
20
20
20
20
20
20
20
23
23
24
25
25
25
25
25
25
25
28
28
28
30
30
30
31
33
33
33
33
33
33
33
34
34
34
34
34
34
34
34
34
37
37
37
37
37
37
37
37
37
37
37
37
38
38
38
38
38
40
40
40
40
41
41
41
42
43
43
44
47
53
54
54
54
54
55
55
56
56
56
56
57
57
58
58
58
60
60
62
65
67
68
69
69
70
71
74
77
77
81
81
81
81
81
81
85
85
85
85
89
89
89
89
89
90
90
90
90
94
95
95
95
95
95
96
97
100
100
100
101
101
101
101
103
105
112
113
113
113
113
113
113
115
118
118
118
118
119
122
123
127
128
128
129
129
130
131
135
137
137
137
138
138
139
139
143
144
147
147
147
149
149
149
149
149
149
153
155
155
157
157
157
157
157
158
160
160
160
160
162
163
163
163
163
164
164
166
166
168
170
170
172
172
177
180
180
182
183
184
187
188
189
192
193
196
196
197
198
198
199
199
202
207
209
210
213
213
213
213
213
213
213
214
214
218
221
223
226
228
228
228
229
230
230
230
230
230
230
233
234
234
240
241
241
243
243
247
247
247
252
252
252
254
254
258
262
262
263
264
264
266
266
270
270
271
271
271
273
273
273
274
274
274
277
278
278
281
281
280
280
280
283
286
286
286
286
288
288
291
291
292
292
296
296
299
297
298
298
300
300
306
307
307
307
308
308
308
308
309
313
316
318
320
320
320
327
329
329
331
331
331
334
334
334
337
339
341
345
346
346
347
350
350
356
356
359
362
364
365
366
367
367
368
370
370
371
371
375
375
376
377
381
381
382
382
388
388
389
389
390
394
397
400
402
402
402
403
403
403
403
403
403
405
407
410
412
415
415
415
414
417
417
417
421
421
423
424
426
426
426
428
427
430
435
435
435
438
438
440
440
443
444
444
446
447
449
449
449
453
454
454
462
463
465
465
469
470
474
481
481
481
484
486
488
492
492
493
494
494
494
500
502
503
504
504
510
510
510
511
511
512
515
516
516
516
518
518
518
518
520
528
531
533
537
547
550
552
560
560
566
572
573
573
574
581
581
587
587
589
595
601
603
605
605
607
607
609
610
610
617
617
618
623
623
629
632
632
636
637
641
641
642
647
653
660
660
665
666
667
667
668
668
668
674
674
677
678
678
681
686
688
688
693
698
704
710
714
714
715
721
725
725
726
730
730
734
735
735
735
735
735
735
742
742
742
742
742
742
746
748
753
754
755
758
761
761
761
767
769
771
771
774
774
775
775
777
777
777
779
782
789
789
790
791
791
791
791
796
800
802
803
803
803
803
804
806
808
809
809
809
810
811
817
821
822
827
832
833
837
840
844
847
847
855
858
858
863
865
865
867
874
875
877
877
877
882
888
888
891
894
896
896
903
903
903
905
906
906
907
907
909
912
913
914
914
915
915
915
918
922
927
929
929
929
930
931
936
946
953
955
955
955
955
955
958
959
959
959
960
969
970
973
974
978
983
983
992
1002
1003
1008
1010
1011
1015
1015
1015
1020
1025
1027
1029
1031
1032
1033
1034
1035
1037
1037
1037
1039
1039
1044
1044
1048
1049
1052
1052
1052
1054
1055
1063
1066
1069
1070
1070
1070
1077
1078
1081
1083
1083
1086
1084
1089
1093
1093
1095
1095
1098
1102
1103
1106
1106
1106
1106
1115
1117
1118
1118
1120
1123
1124
1128
1128
1128
1128
1129
1140
1150
1150
1152
1152
1155
1155
1159
1159
1166
1169
1169
1169
1171
1171
1171
1171
1175
1186
1188
1188
1194
1199
1206
1209
1213
1213
1213
1221
1225
1229
1229
1232
1234
1234
1237
1237
1237
1237
1239
1253
1253
1256
1256
1261
1261
1265
1266
1266
1268
1268
1270
1271
1274
1277
1277
1277
1284
1287
1289
1298
1298
1298
1299
1302
1302
1309
1309
1310
1314
1317
1317
1321
1321
1321
1321
1323
1324
1324
1333
1335
1337
1339
1341
1350
1352
1352
1352
1354
1354
1361
1361
1362
1372
1372
1373
1375
1375
1377
1384
1385
1386
1386
1386
1392
1396
1396
1398
1398
1399
1405
1411
1424
1431
1432
1432
1440
1446
1446
1450
1453
1455
1456
1457
1460
1456
1457
1458
1458
1458
1458
1461
1464
1473
1480
1480
1483
1483
1488
1490
1492
1495
1495
1496
1498
1499
1499
1504
1507
1508
1508
1512
1518
1519
1521
1523
1523
1523
1523
1524
1525
1528
1528
1530
1532
1536
1544
1545
1546
1558
1565
1566
1567
1569
1575
1575
1575
1577
1583
1587
1587
1590
1592
1592
1592
1592
1592
1594
1594
1602
1608
1608
1618
1621
1627
1631
1631
1633
1641
1643
1644
1646
1649
1653
1655
1659
1659
1662
1665
1673
1676
1676
1676
1682
1693
1698
1708
1709
1709
1706
1706
1706
1706
1708
1715
1718
1718
1727
1727
1731
1730
1731
1736
1738
1738
1740
1750
1753
1753
1755
1755
1763
1764
1766
1770
1776
1783
1784
1784
1784
1784
1788
1789
1795
1812
1817
1825
1826
1828
1828
1828
1833
1842
1842
1842
1844
1841
1842
1842
1842
1845
1847
1847
1848
1848
1848
1848
1854
1855
1860
1863
1863
1863
1864
1865
1865
1871
1871
1871
1883
1884
1885
1888
1893
1895
1897
1897
1909
1917
1917
1921
1923
1928
1930
1936
1941
1942
1951
1957
1960
1967
1969
1969
1969
1969
1972
1972
1975
1975
1975
1985
1985
1987
1987
1991
1993
2003
2003
2003
2003
2007
2022
2027
2027
2027
2029
2030
2030
2031
2034
2036
2049
2052
2054
2058
2065
2066
2066
2065
2074
2074
2075
2078
2079
2080
2086
2086
2091
2091
2091
2094
2095
2098
2106
2116
2119
2119
2120
2120
2120
2120
2124
2126
2138
2143
2143
2145
2146
2142
2150
2150
2156
2157
2158
2158
2159
2159
2159
2162
2164
2167
2179
2183
2193
2200
2205
2206
2206
2213
2213
2214
2217
2217
2218
2223
2223
2229
2234
2235
2235
2235
2236
2239
2240
2243
2243
2244
2247
2247
2251
2251
2255
2257
2261
2270
2273
2279
2287
2287
2288
2294
2299
2302
2302
2302
2310
2310
2312
2315
2330
2331
2333
2341
2344
2351
2363
2363
2364
2364
2370
2381
2393
2401
2411
2414
2421
2424
2425
2428
2433
2441
2442
2442
2444
2452
2454
2455
2459
2472
2479
2484
2484
2487
2495
2495
2497
2497
2503
2503
2511
2512
2517
2520
2521
2524
2529
2533
2534
2538
2547
2555
2559
2559
2559
2574
2580
2583
2583
2590
2593
2598
2602
2602
2602
2602
2602
2612
2612
2612
2612
2614
2623
2632
2637
2638
2638
2638
2640
2643
2649
2649
2651
2651
2654
2656
2656
2656
2656
2656
2666
2666
2667
2667
2667
2674
2676
2680
2680
2681
2681
2685
2689
2690
2691
2691
2691
2695
2695
2703
2703
2718
2718
2718
2718
2719
2721
2727
2732
2739
2740
2740
2740
2745
2745
2748
2748
2748
2749
2752
2756
2759
2759
2760
2760
2772
2774
2774
2783
2787
2787
2787
2788
2789
2800
2801
2801
2805
2815
2818
2818
2823
2831
2838
2841
2845
2845
2846
2847
2852
2853
2857
2862
2862
2862
2862
2865
2864
2864
2872
2880
2880
2889
2894
2898
2899
2899
2905
2908
2908
2909
2914
2917
2917
2917
2921
2923
2923
2925
2934
2937
2937
2946
2952
2954
2955
2955
2970
2983
2983
3000
3008
3008
3012
3019
3022
3028
3035
3044
3044
3045
3053
3060
3061
3066
3066
3067
3067
3067
3069
3077
3077
3078
3080
3085
3086
3086
3086
3087
3097
3101
3101
3101
3100
3099
3099
3099
3104
3112
3116
3116
3116
3117
3122
3123
3124
3128
3134
3134
3137
3137
3137
3137
3139
3147
3146
3146
3150
3150
3152
3165
3168
3169
3173
3179
3177
3177
3179
3191
3191
3194
3198
3204
3204
3204
3211
3214
3225
3225
3236
3238
3249
3249
3251
3260
3260
3264
3266
3267
3271
3282
3285
3290
3290
3290
3290
3299
3305
3309
3315
3320
3320
3323
3326
3327
3328
3329
3329
3329
3334
3337
3337
3337
3337
3348
3348
3349
3357
3357
3357
3358
3360
3364
3367
3374
3375
3382
3387
3392
3396
3404
3411
3420
3425
3425
3425
3420
3430
3431
3435
3435
3438
3438
3440
3443
3455
3457
3460
3460
3460
3463
3463
3458
3458
3468
3478
3482
3482
3487
3496
3496
3492
3500
3501
3505
3513
3513
3513
3519
3523
3523
3534
3537
3543
3544
3544
3545
3546
3547
3555
3570
3570
3571
3571
3579
3581
3582
3584
3584
3595
3601
3602
3602
3601
3601
3609
3620
3622
3629
3638
3638
3638
3638
3643
3650
3657
3658
3658
3659
3662
3664
3664
3669
3670
3670
3670
3678
3689
3701
3706
3707
3709
3709
3714
3720
3725
3725
3730
3730
3742
3742
3744
3749
3754
3754
3754
3759
3760
3760
3760
3760
3760
3760
3765
3765
3776
3781
3781
3785
3785
3792
3793
3793
3793
3793
3798
3798
3799
3808
3809
3813
3813
3813
3819
3824
3827
3828
3828
3829
3835
3845
3847
3849
3850
3863
3868
3868
3868
3869
3870
3881
3883
3883
3882
3891
3902
3909
3918
3924
3924
3931
3931
3937
3937
3946
3950
3950
3950
3953
3954
3955
3976
3976
3987
3987
3994
3994
3994
3994
3996
4004
4007
4007
4014
4021
4025
4025
4025
4031
4037
4038
4042
4043
4043
4057
4064
4064
4064
4064
4066
4068
4068
4068
4072
4081
4081
4084
4089
4090
4094
4099
4099
4099
4100
4100
4105
4107
4108
4115
4115
4116
4117
4119
4121
4130
4127
4130
4131
4131
4138
4138
4139
4143
4144
4146
4157
4166
4174
4183
4186
4190
4190
4199
4195
4195
4198
4198
4199
4201
4206
4206
4205
4212
4212
4220
4221
4221
4234
4238
4238
4244
4245
4245
4250
4264
4267
4267
4277
4280
4289
4292
4292
4295
4297
4297
4309
4309
4316
4318
4318
4323
4323
4325
4325
4341
4341
4341
4341
4342
4342
4344
4344
4349
4355
4364
4369
4374
4375
4380
4380
4383
4387
4387
4388
4392
4395
4395
4396
4396
4397
4398
4406
4413
4413
4418
4427
4427
4427
4428
4436
4440
4440
4445
4445
4446
4454
4454
4453
4462
4464
4465
4466
4475
4481
4481
4481
4485
4485
4494
4494
4501
4509
4509
4513
4517
4517
4527
4528
4528
4528
4528
4531
4535
4540
4541
4543
4545
4545
4555
4557
4560
4564
4564
4564
4565
4575
4575
4575
4575
4579
4592
4598
4600
4602
4606
4610
4610
4612
4623
4635
4635
4635
4635
4644
4648
4653
4653
4663
4675
4675
4677
4679
4673
4674
4676
4676
4685
4698
4706
4706
4706
4709
4714
4719
4719
4720
4726
4736
4737
4742
4742
4748
4751
4751
4762
4771
4780
4780
4782
4782
4782
4783
4783
4789
4789
4789
4789
4794
4795
4795
4795
4796
4799
4808
4806
4808
4810
4825
4829
4830
4836
4844
4850
4850
4851
4851
4853
4861
4861
4873
4876
4888
4888
4888
4888
4889
4899
4903
4906
4906
4907
4907
4907
4907
4912
4923
4927
4928
4932
4939
4938
4943
4943
4943
4943
4941
4943
4947
4947
4947
4947
4961
4963
4966
4968
4972
4973
4977
4977
4977
4977
4977
4977
4981
4981
4987
4986
4984
4984
4986
4990
4999
5000
5003
5003
5003
5003
5005
5013
5013
5018
5026
5033
5037
5039
5039
5039
5040
5045
5047
5047
5059
5061
5061
5064
5073
5078
5078
5080
5084
5085
5086
5098
5100
5113
5119
5119
5117
5118
5125
5125
5125
5127
5128
5137
5146
5146
5149
5149
5153
5153
5154
5164
5165
5166
5166
5178
5190
5191
5192
5194
5200
5197
5197
5203
5203
5204
5207
5215
5215
5218
5223
5230
5235
5230
5238
5239
5242
5242
5244
5244
5241
5241
5252
5262
5266
5274
5280
5286
5284
5285
5289
5289
5293
5296
5307
5313
5313
5313
5328
5340
5343
5345
5359
5361
5361
5361
5367
5367
5375
5377
5380
5387
5399
5399
5399
5400
5411
5413
5415
5418
5427
5427
5432
5433
5437
5439
5439
5443
5443
5444
5436
5437
5436
5441
5443
5443
5446
5448
5448
5451
5451
5453
5454
5471
5471
5472
5479
5479
5479
5481
5481
5481
5487
5491
5491
5496
5515
5515
5515
5516
5516
5516
5517
5520
5528
5531
5532
5533
5533
5541
5541
5541
5542
5542
5542
5543
5544
5553
5547
5546
5546
5546
5554
5554
5554
5554
5557
5562
5572
5572
5582
5583
5584
5585
5588
5593
5593
5607
5625
5629
5629
5640
5641
5642
5649
5661
5661
5664
5665
5678
5678
5684
5707
5716
5723
5726
5742
5742
5750
5754
5760
5760
5764
5764
5764
5774
5775
5777
5782
5788
5792
5792
5808
5817
5829
5834
5836
5836
5836
5833
5833
5841
5841
5841
5843
5845
5845
5847
5848
5849
5852
5851
5851
5851
5854
5861
5861
5866
5867
5872
5879
5882
5880
5874
5883
5889
5890
5890
5890
5895
5894
5896
5896
5896
5896
5902
5917
5921
5921
5924
5924
5924
5924
5932
5932
5932
5932
5944
5945
5950
5957
5957
5957
5975
5985
5985
5985
5981
5983
5996
6002
5998
5998
6004
6004
6004
6018
6018
6018
6019
6021
6021
6024
6024
6036
6036
6043
6043
6044
6055
6055
6055
6056
6056
6057
6068
6068
6079
6083
6083
6084
6091
6095
6112
6112
6117
6122
6127
6130
6130
6132
6132
6133
6133
6133
6139
6140
6140
6153
6154
6153
6153
6154
6154
6154
6166
6166
6167
6160
6170
6172
6172
6184
6187
6187
6193
6197
6186
6186
6188
6189
6202
6203
6203
6204
6206
6206
6206
6206
6208
6208
6212
6212
6213
6219
6223
6210
6215
6217
6222
6233
6249
6251
6251
6251
6257
6262
6269
6269
6272
6272
6274
6284
6284
6284
6284
6289
6293
6293
6298
6298
6298
6298
6298
6309
6308
6308
6323
6326
6328
6328
6332
6338
6334
6334
6338
6341
6347
6348
6351
6362
6362
6365
6356
6360
6360
6364
6365
6368
6371
6371
6371
6371
6371
6371
6377
6382
6384
6384
6384
6387
6392
6396
6400
6400
6400
6401
6400
6408
6408
6418
6423
6432
6434
6434
6440
6440
6440
6440
6440
6456
6457
6467
6470
6471
6471
6472
6477
6478
6478
6481
6483
6491
6499
6497
6501
6504
6505
6509
6509
6509
6515
6515
6525
6525
6525
6525
6525
6530
6534
6541
6541
6545
6548
6548
6547
6547
6551
6555
6555
6563
6563
6567
6567
6573
6573
6573
6573
6563
6575
6582
6582
6589
6598
6599
6604
6604
6604
6605
6605
6605
6611
6626
6626
6626
6630
6631
6633
6633
6637
6642
6642
6644
6643
6643
6643
6643
6650
6654
6648
6650
6651
6652
6652
6652
6650
6651
6651
6654
6661
6662
6662
6674
6675
6679
6682
6686
6687
6688
6688
6688
6688
6693
6693
6693
6694
6717
6719
6719
6720
6721
6730
6730
6735
6735
6735
6747
6748
6748
6752
6752
6752
6745
6739
6753
6753
6756
6766
6774
6776
6787
6788
6806
6799
6804
6804
6804
6804
6812
6812
6828
6828
6829
6829
6829
6843
6843
6848
6848
6855
6855
6869
6873
6863
6868
6879
6882
6882
6882
6890
6890
6890
6885
6886
6890
6890
6897
6898
6898
6901
6907
6907
6907
6907
6902
6902
6905
6905
6903
6903
6902
6905
6905
6905
6907
6913
6914
6906
6906
6908
6908
6907
6914
6917
6924
6928
6937
6955
6955
6957
6957
6960
6966
6966
6971
6971
6977
6974
6976
6979
6979
6979
6974
6975
6975
6975
6971
6979
6973
6982
6980
6969
6970
6970
6974
6974
6974
6974
6983
6985
6988
6988
6993
6996
6998
6998
6998
6998
6998
7001
7017
7019
7019
7019
7019
7019
7019
7020
7035
7040
7040
7036
7048
7048
7059
7066
7066
7066
7071
7071
7071
7072
7073
7074
7074
7079
7081
7087
7087
7088
7089
7085
7106
7108
7113
7113
7113
7113
7122
7122
7124
7130
7132
7132
7132
7145
7134
7134
7135
7136
7136
7140
7140
7148
7150
7161
7165
7170
7177
7177
7176
7174
7174
7181
7181
7180
7182
7184
7190
7190
7193
7190
7190
7199
7200
7200
7208
7208
7208
7215
7215
7215
7221
7223
7226
7228
7232
7239
7243
7249
7242
7243
7243
7243
7246
7246
7246
7249
7249
7249
7249
7249
7249
7256
7256
7256
7256
7279
7293
7293
7295
7295
7305
7305
7305
7305
7318
7339
7339
7336
7336
7335
7335
7339
7345
7354
7359
7361
7361
7357
7361
7362
7363
7363
7362
7372
7372
7372
7376
7377
7377
7381
7382
7389
7389
7389
7392
7393
7394
7405
7405
7405
7405
7405
7405
7407
7416
7416
7417
7420
7420
7420
7421
7421
7441
7442
7442
7442
7442
7445
7451
7461
7470
7467
7467
7467
7468
7468
7472
7475
7475
7481
7483
7484
7484
7492
7487
7498
7498
7498
7505
7502
7504
7504
7504
7507
7511
7515
7515
7515
7522
7522
7528
7535
7535
7535
7537
7539
7543
7550
7551
7551
7558
7556
7557
7557
7558
7558
7558
7563
7566
7566
7566
7567
7574
7578
7586
7593
7597
7597
7597
7605
7611
7620
7626
7627
7628
7641
7641
7641
7646
7654
7656
7660
7660
7663
7679
7679
7683
7681
7682
7682
7680
7683
7684
7684
7689
7691
7692
7694
7702
7698
7691
7696
7696
7696
7696
7703
7710
7715
7719
7720
7720
7727
7727
7727
7728
7728
7727
7729
7729
7734
7734
7734
7737
7737
7727
7731
7728
7733
7733
7734
7743
7744
7733
7733
7739
7740
7748
7748
7739
7739
7739
7739
7740
7740
7742
7742
7744
7742
7750
7750
7758
7758
7758
7761
7769
7769
7761
7761
7767
7767
7777
7796
7798
7799
7799
7808
7821
7821
7829
7829
7835
7835
7835
7824
7828
7828
7846
7846
7828
7840
7852
7853
7853
7849
7849
7852
7840
7850
7853
7856
7856
7848
7851
7851
7851
7856
7869
7869
7874
7874
7876
7874
7876
7873
7874
7877
7877
7877
7886
7886
7887
7889
7889
7891
7893
7898
7901
7918
7928
7930
7930
7935
7937
7940
7942
7944
7944
7944
7938
7942
7948
7958
7958
7949
7964
7975
7982
7981
7993
7995
7995
7995
7995
8001
8001
8003
8010
8019
8019
8023
8024
8023
8034
8034
8046
8046
8051
8051
8049
8049
8048
8048
8051
8053
8057
8061
8061
8066
8066
8066
8066
8074
8082
8088
8088
8088
8088
8086
8087
8093
8095
8095
8095
8096
8095
8096
8096
8104
8105
8112
8109
8109
8109
8109
8116
8118
8119
8121
8122
8125
8129
8129
8144
8144
8143
8148
8163
8167
8179
8186
8185
8181
8176
8176
8176
8176
8182
8199
8208
8208
8208
8208
8208
8210
8206
8206
8206
8206
8209
8202
8202
8203
8203
8200
8200
8200
8201
8206
8206
8207
8207
8204
8208
8212
8212
8207
8207
8210
8216
8217
8223
8229
8229
8229
8228
8232
8232
8232
8233
8233
8233
8233
8233
8237
8237
8251
8253
8255
8263
8263
8271
8280
8280
8280
8283
8288
8295
8285
8285
8294
8302
8312
8304
8304
8304
8304
8310
8311
8312
8321
8321
8323
8323
8325
8329
8329
8329
8329
8329
8330
8332
8343
8346
8339
8339
8339
8346
8341
8343
8343
8343
8345
8348
8349
8337
8335
8350
8357
8357
8360
8370
8361
8362
8362
8363
8374
8377
8387
8393
8395
8396
8396
8396
8396
8397
8397
8398
8398
8405
8413
8415
8415
8416
8423
8433
8433
8434
8434
8436
8435
8438
8440
8441
8440
8440
8443
8445
8449
8449
8449
8449
8440
8441
8436
8436
8442
8443
8443
8444
8444
8446
8448
8431
8437
8448
8449
8454
8462
8469
8469
8470
8470
8471
8471
8471
8472
8482
8485
8485
8491
8499
8514
8514
8515
8524
8525
8525
8526
8523
8523
8534
8529
8533
8544
8547
8547
8547
8545
8548
8548
8550
8551
8551
8551
8555
8555
8555
8555
8555
8557
8557
8552
8555
8555
8554
8558
8558
8567
8567
8564
8571
8585
8585
8586
8586
8593
8593
8594
8598
8604
8606
8599
8599
8594
8597
8609
8626
8626
8632
8633
8633
8633
8648
8648
8642
8642
8642
8644
8644
8644
8646
8655
8655
8655
8655
8655
8656
8655
8661
8662
8677
8679
8677
8679
8689
8692
8697
8699
8696
8696
8697
8699
8699
8700
8719
8719
8720
8732
8733
8733
8741
8742
8742
8747
8747
8755
8755
8755
8756
8752
8758
8761
8765
8756
8760
8762
8763
8768
8768
8778
8779
8780
8790
8790
8790
8795
8795
8796
8796
8797
8797
8807
8807
8807
8822
8822
8822
8814
8816
8825
8828
8840
8840
8841
8849
8853
8854
8854
8854
8854
8857
8843
8845
8844
8845
8845
8845
8848
8848
8850
8850
8845
8845
8845
8846
8846
8853
8860
8860
8865
8865
8865
8850
8852
8855
8855
8858
8864
8865
8868
8868
8868
8868
8868
8869
8873
8873
8882
8886
8886
8887
8893
8891
8898
8898
8899
8899
8899
8900
8900
8910
8910
8910
8912
8910
8909
8909
8909
8909
8919
8920
8930
8933
8933
8933
8943
8943
8937
8939
8940
8940
8940
8940
8940
8941
8943
8946
8946
8946
8946
8946
8950
8959
8959
8959
8966
8966
8969
8983
8988
8988
8988
8988
8988
8988
8988
8977
8989
8989
8990
9002
9002
9000
9011
9011
9011
9011
9018
9019
9018
9017
9017
9025
9025
9025
9026
9031
9031
9038
9037
9032
9030
9033
9036
9047
9047
9048
9048
9048
9050
9053
9055
9065
9068
9068
9068
9077
9073
9065
9065
9070
9080
9085
9105
9106
9106
9112
9109
9110
9110
9112
9115
9115
9115
9118
9118
9120
9120
9122
9122
9122
9122
9123
9137
9137
9137
9143
9143
9142
9142
9145
9147
9147
9146
9151
9151
9163
9163
9163
9175
9177
9177
9180
9180
9180
9184
9184
9184
9190
9190
9204
9211
9211
9214
9218
9215
9215
9215
9230
9240
9240
9247
9249
9249
9269
9279
9279
9279
9279
9279
9281
9282
9285
9285
9285
9285
9285
9292
9289
9289
9289
9296
9297
9305
9305
9310
9310
9319
9321
9322
9322
9324
9330
9335
9331
9333
9333
9333
9339
9339
9345
9345
9345
9347
9350
9355
9368
9375
9378
9380
9384
9393
9393
9397
9392
9393
9394
9397
9397
9397
9404
9404
9412
9411
9418
9422
9422
9422
9422
9429
9429
9428
9436
9436
9440
9440
9448
9448
9448
9453
9456
9456
9463
9464
9460
9460
9455
9466
9471
9475
9475
9475
9474
9476
9477
9472
9475
9477
9477
9479
9485
9487
9501
9500
9499
9493
9493
9494
9495
9496
9496
9501
9505
9505
9505
9505
9506
9493
9491
9501
9501
9505
9519
9523
9524
9521
9546
9541
9541
9541
9547
9550
9553
9553
9566
9566
9566
9566
9581
9583
9584
9586
9588
9590
9590
9590
9590
9590
9589
9590
9590
9596
9597
9601
9601
9610
9612
9623
9623
9632
9632
9632
9627
9627
9627
9610
9610
9603
9604
9614
9615
9619
9612
9612
9612
9612
9604
9605
9605
9605
9605
9605
9603
9617
9617
9622
9622
9625
9630
9629
9629
9627
9629
9638
9634
9638
9646
9657
9661
9661
9662
9663
9663
9662
9662
9662
9680
9687
9692
9698
9705
9705
9718
9728
9730
9736
9736
9736
9742
9735
9735
9735
9735
9747
9747
9752
9755
9755
9755
9770
9777
9775
9775
9760
9761
9761
9761
9763
9763
9765
9765
9768
9763
9763
9764
9769
9767
9767
9767
9762
9762
9765
9756
9756
9756
9756
9759
9759
9759
9767
9764
9764
9764
9764
9759
9758
9758
9754
9754
9755
9755
9749
9749
9749
9750
9750
9751
9751
9751
9751
9751
9753
9770
9770
9777
9777
9777
9781
9781
9781
9791
9791
9791
9791
9804
9806
9802
9803
9809
9809
9809
9811
9813
9824
9824
9832
9852
9852
9852
9853
9853
9853
9859
9863
9873
9873
9876
9877
9877
9883
9893
9897
9902
9902
9904
9906
9911
9922
9922
9913
9916
9925
9925
9925
9925
9929
9931
9932
9932
9935
9936
9936
9931
9931
9932
9930
9931
9927
9928
9937
9944
9944
9956
9956
9965
9965
9964
9962
9962
9962
9963
9969
9968
9952
9952
9964
9964
9970
9974
9978
9982
9982
9975
9975
9979
9981
9983
9986
9988
9988
9990
9990
9990
9992
9992
9993
9993
9993
10002
10002
10002
10002
10002
10004
10004
10004
10004
10004
10007
10007
10009
10009
10009
10016
10016
10014
10014
10010
10010
10009
10011
10013
10013
10013
10020
10023
10020
10021
10026
10030
10030
10039
10036
10036
10037
10037
10042
10042
10042
10044
10044
10044
10042
10042
10051
10046
10046
10051
10047
10050
10049
10049
10045
10047
10047
10047
10060
10062
10064
10064
10064
10064
10066
10066
10066
10066
10075
10075
10075
10075
10080
10080
10078
10078
10078
10078
10085
10080
10083
10080
10072
10072
10072
10076
10082
10083
10083
10083
10086
10086
10080
10081
10081
10081
10086
10088
10088
10089
10091
10107
10106
10106
10106
10106
10106
10110
10110
10108
10119
10119
10114
10116
10116
10116
10116
10120
10120
10119
10127
10127
10127
10127
10128
10129
10129
10131
10132
10132
10132
10141
10141
10153
10153
10153
10153
10153
10153
10153
10154
10155
10155
10155
10160
10170
10171
10177
10181
10181
10186
10187
10189
10189
10189
10190
10190
10190
10191
10191
10189
10189
10189
10189
10195
10201
10201
10198
10198
10198
10199
10198
10198
10198
10202
10209
10214
10214
10216
10218
10218
10212
10214
10214
10217
10217
10224
10222
10222
10216
10216
10233
10237
10241
10230
10230
10211
10212
10217
10217
10217
10226
10226
10227
10222
10238
10237
10237
10230
10232
10232
10231
10235
10237
10237
10247
10247
10247
10249
10249
10246
10246
10246
10246
10246
10253
10251
10251
10251
10251
10262
10265
10265
10264
10267
10268
10268
10268
10268
10270
10271
10271
10284
10295
10294
10294
10293
10298
10298
10308
10315
10315
10320
10317
10318
10319
10319
10315
10330
10330
10330
10331
10332
10332
10332
10332
10330
10330
10342
10342
10342
10343
10343
10343
10345
10345
10338
10345
10345
10345
10339
10348
10348
10347
10348
10348
10365
10365
10354
10342
10342
10345
10345
10345
10345
10350
10350
10345
10345
10350
10353
10353
10359
10366
10366
10371
10370
10371
10371
10362
10367
10367
10368
10368
10368
10372
10373
10379
10390
10390
10402
10402
10408
10408
10417
10412
10421
10424
10424
10436
10436
10446
10454
10461
10474
10476
10478
10488
10488
10491
10491
10492
10490
10490
10490
10490
10491
10490
10486
10483
10493
10493
10493
10493
10493
10493
10493
10500
10497
10494
10496
10498
10498
10498
10512
10519
10523
10528
10528
10532
10541
10550
10551
10546
10546
10547
10547
10547
10549
10549
10539
10546
10556
10559
10559
10559
10559
10559
10558
10558
10558
10572
10573
10584
10580
10587
10587
10585
10576
10578
10576
10578
10578
10578
10580
10585
10578
10575
10584
10582
10582
10582
10582
10585
10588
10588
10588
10601
10601
10596
10596
10596
10596
10606
10606
10610
10610
10611
10611
10611
10617
10619
10621
10621
10621
10628
10634
10632
10631
10631
10635
10630
10640
10633
10658
10659
10653
10655
10655
10655
10655
10658
10658
10662
10662
10672
10672
10674
10674
10674
10674
10674
10674
10678
10679
10679
10673
10679
10679
10680
10680
10675
10671
10669
10669
10672
10672
10666
10668
10668
10673
10672
10672
10672
10667
10667
10667
10680
10676
10676
10677
10682
10683
10678
10678
10678
10678
10680
10693
10693
10699
10699
10699
10699
10693
10699
10692
10692
10695
10695
10699
10699
10699
10699
10700
10701
10696
10685
10689
10682
10685
10681
10688
10688
10690
10701
10701
10702
10698
10709
10712
10718
10718
10709
10710
10710
10705
10713
10727
10727
10727
10724
10721
10723
10724
10714
10719
10720
10720
10708
10707
10707
10703
10710
10714
10717
10718
10718
10717
10712
10713
10713
10713
10716
10726
10726
10726
10728
10728
10728
10728
10737
10728
10728
10729
10721
10721
10723
10721
10722
10723
10720
10714
10714
10714
10714
10726
10726
10726
10726
10726
10726
10726
10727
10720
10727
10727
10727
10727
10727
10733
10733
10737
10737
10737
10737
10737
10737
10759
10762
10771
10771
10772
10772
10787
10787
10787
10787
10789
10789
10789
10795
10795
10788
10781
10777
10781
10786
10808
10823
10824
10824
10829
10830
10830
10818
10823
10814
10816
10800
10800
10802
10802
10798
10800
10799
10806
10814
10816
10816
10816
10806
10798
10799
10799
10795
10807
10808
10805
10806
10806
10808
10808
10808
10808
10816
10818
10823
10823
10817
10817
10817
10801
10803
10808
10824
10829
10826
10826
10831
10832
10832
10832
10833
10833
10830
10832
10833
10830
10820
10815
10810
10813
10813
10813
10813
10813
10813
10813
10813
10808
10808
10806
10806
10793
10791
10796
10796
10796
10796
10796
10796
10797
10797
10795
10790
10790
10798
10796
10799
10799
10799
10799
10791
10791
10792
10792
10794
10798
10798
10798
10798
10798
10799
10799
10803
10803
10803
10803
10813
10813
10813
10813
10816
10816
10813
10813
10813
10814
10811
10804
10804
10808
10808
10808
10805
10805
10818
10818
10812
10812
10812
10822
10829
10829
10829
10830
10840
10849
10845
10846
10844
10846
10846
10847
10842
10840
10846
10857
10855
10864
10864
10864
10864
10868
10851
10856
10856
10856
10856
10859
10859
10849
10849
10850
10850
10850
10850
10850
10848
10844
10844
10838
10840
10835
10835
10835
10824
10810
10810
10809
10809
10811
10811
10818
10828
10829
10829
10835
10835
10835
10838
10830
10830
10837
10840
10832
10832
10828
10826
10826
10819
10819
10818
10818
10823
10823
10826
10828
10828
10827
10825
10823
10823
10826
10818
10805
10805
10815
10815
10816
10812
10814
10798
10810
10810
10812
10810
10806
10803
10806
10806
10807
10807
10807
10807
10807
10811
10814
10814
10812
10812
10812
10812
10812
10814
10817
10817
10817
10815
10815
10815
10815
10817
10817
10817
10820
10820
10817
10821
10827
10830
10834
10834
10837
10837
10837
10831
10831
10831
10830
10830
10832
10832
10834
10833
10826
10838
10838
10836
10838
10845
10850
10850
10850
10847
10854
10853
10858
10858
10856
10862
10862
10862
10862
10862
10862
10862
10862
10864
10864
10866
10866
10866
10868
10868
10871
10871
10875
10877
10883
10883
10883
10884
10880
10880
10880
10881
10888
10892
10892
10892
10893
10894
10896
10896
10893
10900
10908
10898
10898
10903
10904
10905
10915
10905
10905
10905
10905
10905
10903
10901
10902
10902
10902
10896
10897
10897
10897
10911
10914
10914
10914
10916
10919
10923
10923
10927
10916
10920
10920
10920
10918
10928
10930
10930
10929
10927
10927
10929
10929
10929
10932
10931
10931
10931
10931
10931
10922
10921
10921
10933
10933
10933
10933
10917
10925
10927
10927
10927
10937
10933
10931
10931
10931
10936
10936
10951
10953
10965
10967
10966
10961
10986
10986
10988
10988
10988
10997
10997
10997
10990
11000
11004
11004
11002
11004
11004
11006
11006
11006
11006
11006
11009
11003
11003
11011
11014
11014
11014
11014
11014
11014
11015
11009
11010
11010
11010
11010
11010
11010
11010
11010
11007
11012
11013
11013
11023
11023
11023
11023
11011
11015
11003
11003
11003
10994
10999
11020
11021
11020
11020
11022
11024
11026
11031
11041
11041
11041
11041
11041
11043
11035
11041
11053
11052
11059
11071
11070
11065
11067
11075
11075
11068
11070
11064
11064
11056
11056
11060
11048
11048
11046
11046
11046
11038
11043
11044
11044
11044
11045
11048
11048
11054
11054
11058
11057
11060
11061
11061
11061
11056
11073
11077
11087
11087
11087
11087
11090
11090
11091
11091
11094
11091
11091
11091
11104
11104
11099
11103
11103
11103
11116
11129
11129
11129
11132
11129
11129
11137
11137
11136
11146
11160
11152
11157
11157
11158
11157
11156
11159
11160
11160
11160
11160
11176
11166
11173
11173
11174
11175
11185
11185
11185
11185
11185
11185
11192
11193
11199
11201
11198
11198
11203
11211
11211
11211
11215
11215
11215
11215
11215
11195
11195
11195
11197
11197
11198
11210
11210
11210
11210
11207
11208
11208
11208
11195
11195
11192
11193
11202
11202
11202
11200
11199
11195
11195
11195
11185
11185
11185
11185
11191
11192
11192
11198
11205
11205
11202
11202
11202
11204
11200
11200
11201
11201
11197
11197
11198
11197
11210
11213
11213
11213
11222
11226
11226
11233
11233
11237
11250
11250
11260
11260
11254
11254
11258
11258
11254
11254
11257
11257
11259
11259
11261
11259
11265
11273
11272
11271
11271
11279
11281
11281
11277
11276
11276
11276
11279
11279
11277
11278
11272
11266
11266
11266
11266
11266
11266
11266
11266
11270
11270
11268
11268
11270
11268
11272
11272
11270
11274
11274
11274
11274
11274
11272
11272
11272
11272
11272
11276
11276
11276
11282
11282
11277
11283
11288
11288
11288
11287
11287
11292
11292
11292
11292
11304
11304
11304
11304
11293
11292
11294
11281
11293
11300
11290
11290
11290
11290
11290
11294
11298
11298
11300
11288
11285
11288
11288
11288
11295
11295
11302
11295
11295
11295
11281
11300
11300
11300
11300
11300
11298
11296
11283
11283
11283
11282
11279
11273
11273
11276
11276
11268
11271
11269
11269
11269
11269
11272
11264
11257
11258
11258
11260
11263
11269
11269
11269
11269
11269
11282
11282
11282
11280
11280
11283
11282
11280
11289
11294
11294
11287
11281
11284
11290
11285
11291
11289
11289
11287
11279
11279
11279
11279
11284
11284
11285
11294
11294
11301
11301
11298
11290
11294
11305
11305
11305
11305
11306
11303
11303
11303
11311
11318
11319
11319
11328
11333
11320
11322
11322
11324
11327
11327
11335
11337
11325
11322
11322
11325
11325
11316
11314
11314
11313
11314
11320
11321
11321
11316
11314
11314
11324
11318
11318
11316
11323
11325
11324
11325
11339
11339
11339
11339
11339
11339
11340
11336
11338
11333
11336
11336
11344
11346
11343
11345
11345
11346
11346
11346
11344
11344
11344
11344
11346
11347
11346
11346
11346
11343
11349
11368
11359
11356
11358
11364
11364
11353
11354
11364
11364
11348
11348
11349
11349
11351
11349
11351
11351
11351
11345
11345
11342
11345
11345
11344
11344
11340
11339
11339
11339
11332
11328
11328
11332
11332
11332
11332
11326
11327
11330
11330
11330
11332
11330
11334
11334
11324
11324
11330
11336
11337
11340
11347
11347
11358
11361
11361
11365
11373
11359
11359
11361
11362
11362
11362
11362
11361
11361
11361
11362
11358
11359
11359
11357
11356
11349
11347
11347
11355
11355
11353
11353
11353
11353
11359
11357
11352
11354
11348
11357
11357
11364
11364
11357
11357
11368
11377
11372
11373
11374
11374
11374
11366
11367
11367
11367
11361
11368
11368
11368
11354
11355
11342
11344
11344
11344
11346
11346
11346
11359
11359
11359
11364
11366
11365
11371
11370
11372
11370
11362
11362
11369
11371
11373
11371
11371
11371
11371
11371
11377
11371
11369
11369
11369
11361
11360
11363
11363
11358
11358
11360
11360
11357
11361
11361
11353
11345
11345
11345
11345
11345
11345
11345
11345
11345
11343
11343
11344
11346
11346
11342
11342
11356
11356
11365
11365
11361
11357
11356
11356
11356
11351
11352
11359
11355
11356
11356
11361
11361
11363
11348
11348
11368
11368
11377
11377
11377
11377
11376
11376
11380
11380
11387
11387
11385
11380
11375
11375
11375
11375
11375
11374
11374
11374
11374
11363
11362
11365
11362
11368
11368
11368
11371
11374
11374
11370
11372
11379
11379
11382
11385
11404
11406
11406
11412
11412
11415
11415
11415
11415
11415
11414
11415
11410
11406
11409
11412
11412
11412
11412
11412
11416
11410
11410
11410
11418
11428
11428
11428
11427
11427
11427
11428
11431
11427
11423
11423
11411
11411
11409
11401
11401
11401
11401
11401
11400
11401
11395
11395
11397
11394
11392
11388
11388
11395
11395
11395
11395
11395
11395
11395
11389
11390
11391
11391
11391
11393
11393
11396
11398
11398
11398
11398
11398
11398
11391
11391
11392
11389
11389
11402
11401
11401
11397
11397
11397
11397
11397
11395
11397
11397
11397
11392
11392
11392
11393
11391
11393
11393
11393
11393
11390
11400
11402
11403
11403
11404
11396
11396
11396
11399
11399
11400
11400
11402
11403
11403
11400
11406
11394
11397
11397
11397
11397
11397
11397
11388
11395
11395
11395
11394
11394
11394
11394
11389
11385
11385
11385
11385
11393
11399
11401
11401
11391
11392
11394
11394
11385
11385
11386
11386
11376
11372
11373
11373
11375
11375
11382
11382
11382
11382
11382
11382
11385
11386
11386
11386
11386
11389
11398
11398
11409
11409
11416
11408
11407
11407
11407
11403
11392
11389
11395
11395
11395
11395
11395
11396
11390
11391
11394
11396
11397
11397
11400
11400
11400
11397
11398
11398
11401
11405
11405
11405
11406
11406
11406
11403
11402
11402
11403
11403
11403
11403
11403
11403
11403
11401
11401
11404
11404
11406
11406
11406
11406
11408
11418
11420
11420
11405
11405
11408
11408
11408
11408
11406
11406
11406
11406
11419
11419
11414
11414
11414
11414
11414
11418
11416
11416
11416
11421
11407
11406
11406
11404
11404
11404
11404
11407
11417
11409
11402
11394
11394
11394
11398
11399
11399
11401
11401
11405
11395
11395
11395
11395
11386
11386
11386
11391
11393
11393
11391
11391
11392
11392
11394
11392
11390
11390
11387
11384
11384
11384
11384
11388
11388
11387
11385
11389
11391
11398
11398
11402
11398
11398
11396
11396
11396
11400
11400
11398
11398
11398
11397
11397
11396
11396
11404
11404
11410
11404
11413
11435
11435
11434
11443
11441
11441
11441
11445
11445
11448
11459
11452
11441
11441
11441
11441
11444
11443
11429
11430
11430
11432
11434
11435
11433
11433
11445
11445
11448
11450
11451
11453
11453
11453
11453
11451
11451
11451
11451
11453
11453
11457
11457
11458
11458
11458
11458
11459
11464
11465
11465
11465
11465
11465
11465
11465
11465
11471
11470
11470
11471
11471
11471
11471
11472
11481
11481
11481
11481
11492
11492
11494
11494
11494
11494
11493
11492
11492
11489
11487
11487
11488
11480
11482
11483
11483
11484
11484
11472
11473
11474
11474
11475
11465
11465
11461
11461
11461
11452
11452
11445
11445
11445
11446
11446
11447
11448
11446
11446
11446
11451
11451
11451
11456
11456
11457
11460
11455
11454
11453
11453
11454
11458
11456
11456
11460
11462
11459
11460
11460
11457
11457
11460
11467
11468
11468
11468
11468
11468
11472
11460
11460
11464
11463
11471
11458
11458
11463
11466
11459
11459
11461
11461
11461
11461
11461
11463
11463
11463
11463
11479
11479
11465
11453
11453
11461
11461
11459
11459
11461
11461
11456
11456
11456
11456
11458
11458
11455
11466
11467
11468
11469
11469
11469
11469
11479
11479
11470
11469
11463
11450
11450
11450
11450
11448
11448
11452
11457
11452
11458
11461
11457
11457
11457
11450
11450
11442
11440
11442
11442
11442
11442
11446
11446
11449
11449
11436
11436
11436
11436
11434
11434
11427
11428
11428
11415
11415
11415
11414
11410
11410
11409
11415
11413
11413
11413
11419
11404
11404
11404
11399
11399
11398
11398
11410
11410
11410
11410
11410
11407
11408
11401
11394
11394
11402
11402
11400
11401
11401
11401
11404
11404
11404
11406
11396
11396
11385
11385
11391
11402
11401
11400
11400
11400
11401
11412
11411
11411
11411
11413
11413
11414
11415
11414
11416
11418
11418
11421
11421
11420
11421
11423
11431
11431
11431
11426
11429
11429
11429
11437
11438
11439
11437
11436
11436
11436
11436
11441
11441
11441
11441
11441
11453
11457
11457
11452
11452
11452
11453
11453
11460
11459
11459
11459
11459
11456
11449
11447
11451
11451
11457
11457
11457
11457
11456
11456
11452
11441
11439
11431
11417
11414
11414
11414
11426
11426
11426
11425
11425
11425
11425
11425
11410
11410
11410
11410
11417
11415
11417
11408
11408
11407
11407
11393
11386
11386
11387
11378
11376
11382
11382
11383
11389
11390
11390
11390
11393
11393
11393
11395
11398
11398
11393
11385
11385
11385
11385
11385
11385
11384
11384
11384
11394
11394
11397
11397
11397
11403
11403
11406
11408
11413
11413
11414
11420
11417
11417
11417
11410
11410
11411
11411
11411
11409
11409
11411
11412
11412
11411
11411
11414
11414
11414
11413
11413
11413
11400
11387
11391
11392
11392
11393
11393
11390
11393
11396
11398
11392
11394
11397
11397
11392
11397
11397
11398
11393
11382
11381
11391
11391
11394
11394
11394
11393
11379
11379
11375
11375
11375
11375
11375
11371
11366
11361
11361
11361
11361
11360
11363
11363
11363
11365
11356
11345
11345
11343
11344
11344
11344
11340
11340
11341
11350
11350
11350
11350
11345
11347
11342
11349
11349
11347
11348
11348
11349
11349
11346
11346
11346
11346
11343
11340
11343
11343
11347
11347
11352
11352
11349
11350
11353
11353
11355
11355
11358
11371
11377
11377
11372
11369
11368
11367
11367
11365
11363
11360
11348
11348
11348
11348
11355
11355
11347
11347
11352
11352
11352
11352
11352
11353
11353
11353
11351
11352
11352
11352
11352
11352
11349
11349
11349
11353
11355
11355
11342
11354
11354
11354
11349
11349
11336
11347
11347
11347
11345
11345
11345
11335
11331
11331
11335
11335
11335
11335
11335
11335
11335
11335
11338
11338
11336
11336
11336
11333
11333
11333
11334
11329
11329
11328
11315
11315
11322
11322
11322
11322
11322
11322
11333
11335
11335
11330
11327
11327
11327
11327
11326
11329
11329
11329
11327
11323
11322
11322
11322
11326
11328
11327
11327
11327
11327
11328
11328
11328
11328
11328
11328
11329
11340
11341
11362
11363
11349
11338
11338
11338
11338
11338
11339
11339
11347
11347
11342
11342
11342
11342
11342
11342
11344
11343
11343
11343
11343
11327
11327
11327
11327
11326
11326
11326
11326
11324
11316
11321
11321
11321
11326
11326
11332
11330
11330
11330
11330
11331
11331
11328
11328
11328
11319
11319
11315
11315
11315
11315
11315
11315
11315
11310
11310
11310
11310
11310
11311
11318
11318
11316
11316
11312
11312
11310
11310
11310
11317
11317
11317
11317
11317
11321
11320
11320
11318
11318
11318
11316
11316
11319
11319
11319
11319
11333
11338
11345
11345
11345
11342
11340
11342
11335
11335
11338
11338
11346
11346
11347
11356
11356
11357
11359
11359
11359
11359
11361
11361
11364
11365
11365
11365
11365
11365
11365
11357
11374
11373
11372
11370
11374
11374
11374
11374
11372
11372
11374
11373
11371
11371
11369
11369
11369
11369
11370
11370
11380
11380
11383
11383
11383
11388
11392
11392
11392
11392
11392
11397
11393
11393
11393
11394
11394
11394
11394
11393
11387
11387
11382
11380
11381
11377
11378
11377
11377
11377
11377
11379
11379
11381
11388
11388
11388
11389
11389
11393
11393
11393
11393
11393
11394
11394
11398
11398
11398
11399
11399
11403
11404
11404
11403
11400
11403
11403
11408
11408
11408
11409
11409
11409
11399
11403
11403
11422
11425
11425
11425
11427
11431
11431
11431
11431
11430
11434
11433
11426
11426
11426
11426
11426
11426
11426
11430
11430
11431
11431
11431
11431
11434
11436
11443
11443
11445
11445
11445
11445
11445
11447
11444
11452
11452
11452
11452
11457
11461
11456
11456
11455
11448
11448
11448
11439
11437
11436
11441
11444
11444
11438
11438
11438
11436
11419
11419
11418
11419
11419
11419
11417
11417
11417
11417
11417
11417
11417
11419
11415
11415
11414
11414
11406
11405
11398
11398
11398
11398
11398
11400
11400
11400
11405
11405
11417
11417
11416
11416
11402
11389
11387
11387
11387
11387
11387
11387
11409
11409
11409
11412
11412
11412
11412
11414
11420
11413
11413
11406
11406
11406
11406
11406
11396
11384
11389
11389
11389
11392
11391
11391
11391
11391
11391
11391
11391
11391
11392
11392
11392
11392
11382
11382
11382
11374
11374
11380
11380
11380
11380
11382
11382
11383
11391
11391
11391
11398
11387
11396
11396
11396
11400
11400
11400
11400
11400
11399
11399
11399
11399
11399
11399
11402
11413
11411
11415
11415
11411
11411
11399
11399
11393
11391
11391
11380
11383
11382
11381
11381
11381
11381
11381
11381
11377
11382
11386
11386
11387
11387
11387
11387
11387
11387
11387
11386
11386
11386
11387
11387
11387
11392
11392
11383
11383
11383
11383
11383
11383
11383
11388
11378
11381
11382
11384
11384
11384
11384
11384
11390
11390
11390
11390
11381
11382
11376
11376
11379
11379
11379
11379
11377
11377
11377
11377
11377
11381
11375
11371
11371
11372
11360
11360
11360
11362
11362
11346
11333
11328
11328
11328
11322
11314
11314
11314
11314
11302
11314
11318
11320
11323
11323
11323
11315
11313
11313
11313
11313
11316
11313
11313
11315
11315
11314
11311
11308
11312
11312
11312
11312
11310
11310
11315
11325
11325
11328
11331
11331
11348
11348
11348
11352
11352
11352
11352
11352
11348
11351
11348
11349
11349
11336
11336
11337
11329
11327
11332
11330
11330
11330
11330
11327
11327
11327
11327
11332
11333
11328
11328
11334
11335
11336
11332
11332
11332
11332
11332
11332
11332
11332
11334
11340
11338
11336
11336
11336
11329
11323
11322
11322
11318
11318
11318
11321
11321
11321
11321
11321
11321
11321
11321
11326
11323
11323
11325
11325
11325
11323
11328
11328
11320
11320
11320
11321
11320
11322
11316
11311
11311
11311
11311
11309
11306
11306
11323
11326
11321
11321
11321
11322
11324
11324
11325
11329
11332
11332
11334
11334
11334
11334
11325
11325
11316
11307
11311
11307
11310
11296
11296
11291
11294
11285
11285
11285
11285
11284
11284
11284
11284
11284
11284
11293
11274
11274
11274
11274
11274
11274
11274
11274
11274
11273
11273
11273
11287
11287
11289
11289
11292
11288
11288
11288
11280
11273
11267
11260
11252
11253
11253
11248
11241
11241
11241
11241
11240
11240
11240
11239
11241
11242
11242
11247
11251
11242
11242
11241
11242
11242
11242
11232
11246
11246
11246
11242
11223
11224
11224
11224
11224
11224
11224
11232
11232
11232
11230
11230
11229
11229
11230
11227
11228
11228
11226
11226
11219
11208
11208
11208
11208
11215
11210
11210
11210
11210
11218
11216
11216
11216
11222
11226
11227
11227
11227
11228
11228
11229
11229
11223
11222
11224
11224
11225
11223
11223
11224
11224
11224
11217
11217
11215
11215
11215
11216
11216
11214
11214
11214
11211
11218
11216
11216
11217
11213
11213
11215
11215
11215
11215
11215
11214
11209
11213
11213
11207
11197
11196
11196
11196
11196
11196
11190
11187
11180
11180
11172
11170
11178
11179
11179
11174
11174
11174
11164
11164
11164
11170
11163
11171
11170
11170
11170
11170
11170
11170
11170
11170
11170
11170
11176
11172
11168
11168
11168
11168
11152
11152
11142
11139
11142
11134
11136
11136
11138
11138
11138
11138
11138
11133
11133
11141
11151
11151
11151
11145
11145
11139
11138
11139
11139
11126
11126
11130
11130
11137
11139
11139
11141
11141
11141
11141
11141
11139
11128
11128
11128
11137
11143
11143
11136
11136
11141
11141
11141
11132
11132
11131
11131
11131
11124
11114
11114
11117
11117
11117
11116
11108
11108
11108
11108
11107
11107
11107
11108
11118
11118
11124
11125
11125
11125
11119
11118
11113
11113
11117
11117
11109
11109
11109
11109
11107
11105
11109
11113
11114
11114
11112
11112
11110
11122
11122
11128
11128
11128
11121
11118
11106
11106
11113
11113
11113
11113
11118
11107
11107
11107
11107
11107
11107
11107
11107
11106
11106
11106
11106
11106
11104
11099
11090
11090
11090
11085
11085
11085
11085
11080
11080
11067
11067
11067
11067
11077
11074
11062
11062
11062
11061
11061
11053
11056
11056
11056
11051
11051
11060
11064
11064
11055
11055
11052
11051
11045
11045
11045
11045
11045
11044
11046
11034
11034
11034
11034
11031
11031
11026
11023
11023
11028
11028
11026
11034
11035
11034
11035
11035
11038
11029
11029
11029
11029
11029
11025
11025
11023
11023
11023
11023
11023
11026
11026
11026
11026
11020
11020
11018
11018
11020
11020
11021
11018
11018
11018
11017
11017
11017
11011
11011
11011
11006
11004
11004
11004
11000
10994
10993
10993
10993
10993
10993
10993
10997
10997
11004
11004
11009
11009
11009
11009
11014
11014
11014
11014
11016
11016
11016
11015
11015
11015
11014
11014
11014
11014
11015
11015
11015
11015
11017
11015
11014
11018
11018
11018
11015
11011
11011
11011
11002
10996
10985
10982
10982
10985
10979
10979
10980
10982
10981
10981
10981
10981
10976
10976
10968
10968
10966
10974
10967
10965
10965
10965
10955
10955
10951
10951
10951
10954
10948
10948
10945
10946
10951
10951
10951
10951
10945
10951
10947
10947
10950
10940
10943
10943
10943
10943
10942
10942
10942
10942
10934
10944
10944
10944
10944
10944
10944
10944
10944
10937
10937
10937
10937
10937
10943
10943
10942
10925
10926
10926
10922
10922
10922
10922
10929
10936
10931
10931
10931
10931
10932
10937
10935
10934
10934
10934
10934
10934
10931
10930
10930
10931
10931
10930
10930
10930
10930
10928
10912
10913
10914
10907
10907
10902
10898
10898
10898
10898
10898
10898
10897
10897
10899
10899
10910
10910
10912
10912
10912
10904
10904
10894
10894
10894
10894
10894
10885
10878
10878
10881
10881
10879
10880
10874
10876
10874
10871
10871
10871
10871
10871
10869
10870
10870
10872
10872
10870
10870
10872
10874
10874
10874
10874
10872
10872
10879
10879
10879
10879
10877
10877
10877
10877
10877
10868
10868
10882
10882
10882
10879
10877
10877
10868
10866
10866
10866
10866
10863
10864
10867
10869
10869
10869
10867
10867
10874
10865
10854
10854
10854
10860
10869
10867
10852
10851
10851
10851
10851
10848
10846
10843
10843
10843
10843
10843
10843
10843
10844
10842
10829
10830
10829
10829
10829
10829
10829
10825
10825
10823
10823
10815
10815
10811
10811
10811
10811
10812
10812
10792
10792
10789
10789
10789
10788
10788
10787
10787
10792
10792
10792
10788
10788
10788
10788
10782
10781
10781
10785
10789
10786
10786
10786
10784
10783
10783
10783
10785
10785
10785
10768
10771
10771
10766
10759
10759
10759
10748
10748
10730
10730
10734
10734
10720
10722
10722
10721
10711
10713
10713
10700
10700
10700
10687
10687
10684
10684
10684
10684
10686
10686
10685
10690
10690
10706
10706
10705
10705
10711
10709
10709
10715
10710
10707
10711
10709
10709
10707
10707
10707
10707
10707
10707
10707
10707
10707
10707
10709
10690
10685
10690
10690
10694
10691
10687
10687
10687
10690
10687
10687
10687
10687
10687
10698
10694
10694
10700
10700
10700
10700
10698
10700
10689
10686
10682
10682
10682
10679
10676
10676
10669
10669
10669
10671
10668
10659
10659
10659
10652
10652
10652
10650
10650
10650
10650
10646
10646
10647
10641
10641
10641
10643
10651
10647
10645
10645
10643
10643
10643
10643
10639
10640
10639
10639
10632
10632
10633
10633
10633
10633
10633
10633
10633
10633
10635
10635
10635
10633
10635
10635
10635
10624
10632
10632
10632
10632
10628
10628
10628
10628
10628
10630
10629
10629
10629
10629
10624
10624
10626
10626
10626
10626
10626
10624
10627
10627
10627
10615
10618
10618
10617
10612
10604
10604
10600
10600
10597
10597
10597
10597
10589
10589
10578
10578
10582
10605
10604
10604
10605
10605
10603
10604
10604
10604
10608
10609
10607
10604
10602
10601
10601
10601
10600
10602
10602
10602
10602
10603
10603
10603
10598
10600
10590
10589
10592
10592
10592
10590
10588
10588
10588
10585
10585
10582
10582
10582
10582
10574
10574
10573
10569
10561
10559
10558
10558
10558
10557
10550
10550
10550
10546
10546
10546
10549
10549
10547
10547
10547
10547
10551
10551
10551
10551
10551
10543
10544
10544
10546
10540
10538
10535
10535
10538
10539
10538
10531
10528
10522
10522
10523
10530
10530
10530
10530
10524
10523
10523
10527
10527
10527
10521
10516
10516
10516
10520
10520
10520
10518
10518
10518
10518
10519
10522
10516
10524
10528
10528
10529
10524
10524
10524
10523
10523
10523
10519
10519
10514
10513
10513
10513
10513
10513
10513
10509
10511
10504
10504
10504
10502
10502
10502
10502
10498
10497
10490
10490
10490
10490
10490
10489
10489
10489
10489
10489
10489
10488
10488
10488
10488
10489
10487
10487
10480
10480
10484
10484
10484
10485
10484
10484
10486
10486
10486
10495
10488
10480
10479
10479
10479
10479
10479
10479
10474
10474
10474
10474
10470
10470
10470
10470
10462
10462
10459
10453
10453
10453
10453
10447
10445
10445
10439
10440
10440
10440
10438
10438
10436
10436
10436
10423
10421
10423
10423
10421
10421
10421
10421
10420
10420
10415
10416
10416
10416
10416
10409
10408
10408
10408
10406
10404
10404
10399
10399
10386
10386
10388
10388
10388
10388
10392
10381
10378
10378
10378
10378
10378
10366
10366
10366
10366
10367
10365
10362
10362
10361
10361
10362
10361
10361
10361
10371
10371
10371
10371
10371
10371
10371
10371
10371
10374
10374
10375
10384
10384
10382
10382
10382
10382
10383
10383
10377
10373
10370
10370
10370
10370
10370
10369
10369
10369
10369
10370
10370
10370
10369
10369
10369
10369
10365
10364
10368
10362
10362
10351
10351
10351
10351
10351
10351
10351
10351
10351
10351
10358
10358
10358
10358
10363
10357
10357
10357
10357
10357
10357
10357
10357
10347
10347
10343
10343
10342
10340
10341
10341
10340
10340
10340
10340
10340
10341
10345
10345
10346
10346
10346
10346
10346
10346
10345
10345
10345
10345
10345
10338
10338
10333
10334
10334
10337
10337
10338
10338
10338
10338
10339
10321
10319
10321
10321
10321
10321
10317
10321
10322
10320
10320
10315
10315
10312
10312
10312
10315
10315
10315
10322
10328
10328
10329
10330
10328
10328
10328
10331
10323
10323
10323
10323
10321
10321
10321
10321
10321
10321
10321
10322
10320
10321
10321
10319
10320
10320
10320
10320
10318
10319
10319
10319
10315
10316
10313
10313
10309
10309
10304
10313
10299
10299
10299
10299
10299
10299
10296
10296
10296
10297
10300
10300
10300
10300
10299
10297
10297
10297
10293
10292
10292
10292
10292
10292
10292
10292
10291
10291
10291
10291
10291
10287
10287
10287
10284
10284
10280
10280
10279
10280
10279
10279
10279
10279
10279
10280
10282
10282
10282
10282
10282
10282
10281
10291
10283
10283
10283
10282
10283
10283
10283
10283
10283
10281
10279
10274
10274
10274
10274
10274
10274
10275
10271
10271
10269
10268
10268
10272
10272
10261
10261
10261
10261
10261
10272
10273
10271
10271
10271
10271
10273
10279
10281
10281
10285
10285
10285
10285
10285
10278
10278
10278
10268
10268
10267
10267
10264
10253
10249
10249
10249
10247
10248
10248
10248
10248
10253
10250
10250
10249
10250
10250
10243
10243
10243
10243
10243
10243
10243
10230
10225
10225
10225
10225
10225
10225
10225
10225
10225
10229
10229
10229
10224
10224
10222
10222
10222
10222
10225
10225
10227
10223
10223
10226
10220
10220
10219
10207
10207
10207
10208
10206
10202
10204
10205
10205
10205
10205
10200
10199
10199
10201
10201
10188
10188
10188
10200
10200
10199
10186
10186
10193
10193
10193
10193
10193
10183
10183
10180
10179
10182
10182
10182
10182
10180
10180
10180
10180
10184
10184
10188
10188
10188
10188
10188
10188
10188
10188
10188
10186
10186
10183
10180
10182
10182
10183
10181
10181
10182
10182
10182
10182
10183
10172
10172
10181
10164
10164
10164
10164
10161
10161
10161
10157
10157
10165
10165
10165
10166
10169
10169
10169
10165
10165
10165
10165
10165
10169
10169
10169
10169
10163
10170
10181
10179
10179
10179
10179
10182
10171
10173
10173
10176
10169
10158
10158
10150
10150
10150
10150
10150
10150
10150
10150
10150
10150
10155
10155
10155
10155
10155
10155
10155
10155
10153
10138
10138
10136
10136
10129
10128
10128
10128
10128
10128
10128
10128
10128
10128
10127
10122
10122
10122
10122
10114
10114
10114
10114
10114
10111
10113
10113
10122
10122
10122
10122
10122
10123
10123
10123
10122
10122
10126
10114
10114
10110
10110
10106
10114
10114
10114
10114
10114
10114
10114
10114
10113
10113
10113
10116
10117
10116
10113
10113
10114
10114
10112
10112
10112
10108
10108
10108
10108
10119
10119
10119
10119
10119
10112
10112
10101
10101
10103
10103
10096
10090
10090
10087
10090
10090
10097
10097
10097
10097
10104
10102
10102
10101
10101
10099
10099
10096
10096
10096
10095
10096
10096
10099
10099
10099
10089
10089
10076
10076
10078
10070
10070
10070
10071
10072
10068
10068
10069
10067
10070
10070
10069
10065
10065
10065
10062
10062
10060
10060
10061
10061
10060
10049
10049
10051
10051
10051
10050
10050
10050
10052
10050
10052
10053
10056
10056
10059
10059
10056
10056
10056
10052
10052
10052
10052
10052
10053
10053
10054
10054
10054
10054
10053
10053
10053
10043
10043
10034
10033
10033
10033
10032
10023
10020
10020
10020
10020
10016
10016
10002
10005
10005
10004
10005
10005
10001
10001
9999
9999
9999
9999
9995
9995
9995
9994
9994
9995
10001
10001
10004
10004
10004
10004
10005
10000
9985
9985
9985
9985
9985
9985
9986
9980
9980
9975
9976
9976
9972
9973
9966
9966
9962
9961
9966
9974
9964
9964
9961
9957
9953
9953
9953
9951
9951
9951
9947
9947
9946
9946
9944
9942
9936
9936
9936
9936
9930
9930
9930
9930
9930
9930
9930
9929
9929
9929
9929
9929
9929
9929
9929
9929
9927
9927
9919
9919
9916
9916
9916
9916
9911
9909
9907
9904
9904
9898
9892
9892
9896
9894
9895
9888
9888
9888
9887
9887
9887
9887
9887
9886
9886
9881
9881
9881
9874
9874
9874
9876
9876
9876
9872
9872
9872
9859
9859
9859
9859
9859
9857
9857
9857
9857
9857
9852
9852
9852
9852
9852
9850
9854
9854
9854
9854
9854
9854
9853
9853
9853
9853
9851
9851
9843
9843
9842
9842
9842
9842
9842
9843
9843
9829
9829
9828
9828
9828
9828
9835
9840
9840
9838
9838
9840
9831
9831
9827
9827
9831
9825
9820
9820
9820
9816
9816
9816
9819
9819
9819
9819
9819
9819
9812
9815
9815
9815
9811
9811
9811
9802
9802
9801
9802
9799
9799
9799
9799
9798
9798
9793
9791
9789
9789
9788
9788
9790
9790
9787
9781
9772
9771
9757
9757
9752
9752
9752
9752
9752
9752
9754
9754
9754
9754
9757
9757
9757
9755
9755
9755
9756
9756
9755
9763
9765
9768
9765
9762
9762
9763
9763
9762
9763
9763
9762
9762
9760
9760
9760
9760
9760
9760
9761
9758
9753
9743
9743
9743
9751
9751
9752
9752
9752
9747
9746
9742
9742
9742
9742
9741
9740
9740
9735
9735
9732
9732
9733
9733
9733
9733
9733
9733
9733
9733
9721
9717
9722
9722
9722
9722
9723
9719
9719
9719
9718
9718
9718
9710
9719
9718
9718
9718
9718
9720
9720
9720
9715
9704
9702
9702
9703
9703
9699
9699
9697
9697
9697
9698
9697
9694
9694
9694
9695
9695
9695
9695
9689
9689
9689
9689
9689
9689
9684
9684
9684
9684
9684
9684
9684
9687
9685
9682
9679
9677
9677
9677
9674
9674
9674
9674
9663
9662
9662
9661
9661
9661
9659
9659
9663
9663
9663
9659
9646
9646
9638
9637
9637
9637
9634
9621
9619
9619
9618
9618
9617
9617
9617
9617
9617
9615
9615
9615
9615
9615
9615
9615
9615
9615
9615
9615
9615
9615
9615
9608
9608
9608
9618
9618
9621
9621
9619
9616
9616
9616
9616
9616
9616
9616
9609
9608
9608
9608
9607
9606
9606
9606
9606
9607
9607
9607
9608
9606
9607
9606
9606
9603
9600
9597
9596
9595
9594
9593
9593
9599
9599
9602
9602
9602
9602
9602
9602
9610
9610
9609
9603
9603
9603
9603
9593
9593
9593
9590
9590
9576
9567
9567
9561
9552
9552
9552
9552
9551
9549
9549
9551
9547
9547
9547
9543
9543
9543
9541
9541
9541
9541
9541
9541
9532
9528
9528
9528
9528
9517
9517
9517
9517
9505
9505
9505
9505
9503
9499
9491
9491
9491
9491
9484
9484
9484
9484
9484
9483
9483
9487
9493
9492
9492
9493
9493
9493
9493
9490
9490
9488
9487
9487
9481
9497
9497
9497
9491
9494
9492
9489
9486
9483
9483
9483
9483
9483
9479
9471
9461
9463
9463
9449
9449