1
1
1
1
1
1
1
1
1
1
1
1
1
1
1
1
1
1
1
1
1
1
1
1
1
1
1
1
1
1
1
1
1
1
1
1
1
1
1
1
1
1
1
1
1
1
1
1
1
1
1
1
1
1
1
1
1
1
1
1
1
1
1
1
1
1
1
1
1
1
1
1
1
1
1
1
1
1
1
1
1
1
1
1
1
1
1
1
1
1
1
1
1
1
1
1
1
1
1
1
1
1
1
1
1
1
1
1
1
1
1
1
1
1
1
1
1
1
1
1
1
1
1
1
1
1
1
1
1
1
1
1
1
1
1
1
1
1
1
1
1
1
1
1
1
1
1
1
1
1
1
1
1
1
1
1
1
1
1
1
1
1
1
1
1
1
1
1
1
1
1
1
1
1
1
1
1
1
1
1
1
1
1
1
1
1
1
1
1
1
1
1
1
1
1
1
1
1
1
1
1
1
1
1
1
1
1
1
1
1
1
1
1
1
1
1
1
1
1
1
1
1
1
1
1
1
1
1
1
1
1
1
1
1
1
1
1
1
1
1
1
1
1
1
1
1
1
1
1
1
1
1
1
1
1
1
1
1
1
1
1
1
1
1
1
1
1
1
1
1
1
1
1
1
1
1
1
1
1
1
1
1
1
1
1
1
1
1
1
1
1
1
1
1
1
1
1
1
1
1
1
1
1
1
1
1
1
1
1
1
1
1
1
1
1
1
1
1
1
1
1
1
1
1
1
1
1
1
1
1
1
1
1
1
1
1
1
1
1
1
1
1
1
1
1
1
1
1
1
1
1
1
1
1
1
1
1
1
1
1
1
1
1
1
1
1
1
1
1
1
1
1
1
1
1
1
1
1
1
1
1
1
1
1
1
1
1
1
1
1
1
1
1
1
1
1
1
1
1
1
1
1
1
1
1
1
1
1
1
1
1
1
1
1
1
1
1
1
1
1
1
1
1
1
1
1
1
1
1
1
1
1
1
1
1
1
1
1
1
1
1
1
1
1
1
1
1
2
2
2
2
3
3
3
3
6
6
6
6
6
6
6
6
6
6
6
6
6
6
6
6
6
6
6
6
6
6
6
6
6
6
6
6
6
6
6
6
6
6
6
6
6
6
6
6
6
6
6
6
6
6
6
7
7
7
7
7
7
7
7
7
7
7
7
7
7
7
7
7
7
8
8
8
8
8
8
8
8
8
8
8
8
8
8
8
8
8
8
8
8
8
8
8
8
8
8
8
8
8
8
8
8
10
12
12
13
13
13
13
15
15
15
15
15
15
15
15
15
16
16
16
16
16
16
16
16
16
16
17
17
17
17
17
17
17
17
17
17
17
17
18
18
18
18
18
18
18
18
18
18
18
19
21
21
21
21
21
21
21
21
21
21
21
21
21
21
21
22
22
22
22
22
22
22
22
22
22
22
23
23
23
23
23
23
23
23
23
23
23
24
24
24
24
24
25
25
25
25
26
28
28
28
28
28
28
28
28
28
28
28
28
28
28
28
28
28
29
29
29
29
29
29
29
29
29
29
29
29
29
30
30
30
30
30
30
30
32
32
32
32
32
32
32
32
32
33
33
34
34
34
34
34
34
34
34
34
34
34
34
34
34
34
35
35
35
35
35
35
35
35
37
37
37
38
38
38
38
38
38
38
38
38
38
38
38
38
38
38
38
38
38
38
38
38
38
38
38
38
38
38
38
38
38
38
38
40
40
40
40
40
40
40
40
41
41
41
41
41
41
41
41
41
41
41
43
43
43
43
44
44
47
47
47
47
49
49
49
49
50
50
50
50
53
53
53
53
55
55
55
55
55
56
56
56
56
56
56
56
56
56
56
56
56
56
56
56
56
56
56
56
56
56
56
56
57
57
57
57
57
57
57
57
57
59
59
59
59
59
59
59
59
59
59
59
59
59
59
59
59
59
59
59
59
59
59
59
59
59
59
59
59
59
59
59
62
62
62
62
62
62
62
62
62
62
62
62
62
62
62
62
62
62
62
62
62
62
62
62
62
62
62
62
64
65
65
65
66
66
66
66
66
67
67
67
67
67
67
67
67
67
67
67
67
67
67
67
67
67
67
68
68
68
68
68
68
68
68
68
68
68
68
68
68
68
69
69
69
71
71
72
72
72
72
73
73
73
74
74
74
74
74
74
74
77
77
77
77
78
78
78
79
79
79
79
79
79
79
79
79
79
79
79
79
79
79
80
80
80
80
80
80
80
80
80
81
81
81
81
81
81
81
81
81
81
81
81
81
81
81
81
81
81
84
85
85
86
86
86
86
86
86
86
86
86
86
86
86
86
86
86
86
86
86
86
86
86
86
86
86
87
87
87
87
87
87
88
88
88
88
88
88
88
88
88
88
89
90
90
90
90
91
91
91
91
91
91
91
91
91
91
92
92
92
92
92
92
93
93
95
95
95
95
95
95
96
96
96
96
96
96
96
97
97
97
98
98
98
98
98
98
98
99
99
99
99
99
99
99
99
99
101
102
102
104
104
105
105
105
106
106
106
106
106
106
106
106
106
106
106
106
106
106
106
106
107
107
109
109
109
112
114
114
114
117
117
117
117
117
117
117
117
117
117
117
119
119
119
119
121
121
122
122
123
123
123
123
124
124
124
124
124
124
124
124
126
131
133
133
133
133
133
134
135
135
135
135
135
135
135
135
135
135
135
135
136
136
138
138
138
138
138
141
143
143
144
144
144
146
146
146
147
147
147
150
150
150
150
150
150
150
150
150
151
151
152
155
155
155
155
155
156
156
156
156
156
156
158
158
158
158
158
158
158
159
159
162
162
165
166
166
166
166
168
168
168
168
169
170
170
171
171
171
172
173
173
173
173
173
173
175
176
176
176
176
176
176
177
177
177
179
180
180
181
181
182
182
182
183
183
183
183
183
184
184
188
188
188
188
188
189
189
190
191
191
191
193
193
194
194
194
194
195
195
196
198
198
198
198
200
200
200
201
201
201
201
203
204
204
204
204
204
206
206
206
206
206
206
206
206
209
209
212
212
212
212
212
212
212
215
215
215
215
215
216
218
218
218
221
221
221
221
221
221
221
221
226
226
227
227
227
229
231
231
232
232
232
232
232
232
232
232
233
233
233
233
233
234
237
237
239
239
239
239
239
239
239
241
241
241
241
241
241
241
242
245
245
246
246
249
250
250
250
252
252
253
253
254
257
257
257
257
257
258
258
258
260
261
261
261
263
265
265
265
265
265
266
266
269
269
269
270
270
270
271
272
273
273
273
273
273
273
274
274
278
278
280
281
285
285
285
285
285
287
287
287
288
288
288
289
289
289
289
289
291
292
292
292
297
297
302
302
304
305
306
307
307
308
310
311
311
312
312
312
312
313
313
315
315
316
316
316
316
316
317
320
321
323
323
324
324
324
324
324
324
324
324
324
324
324
324
324
324
324
327
327
327
327
327
329
330
330
334
334
334
334
334
335
335
335
337
338
338
338
338
339
339
339
339
340
340
340
341
343
343
346
350
352
352
354
356
356
356
359
359
359
359
359
360
360
360
360
360
361
361
361
364
364
368
371
375
375
375
375
376
376
376
376
377
377
379
381
382
382
382
384
384
385
387
392
393
393
393
396
398
398
399
399
399
400
400
401
401
402
403
403
405
405
405
405
405
407
409
409
409
409
411
412
414
414
419
419
419
419
420
422
422
422
423
423
426
426
426
428
428
433
438
441
441
443
443
443
446
446
452
452
452
452
452
452
452
453
453
453
453
453
454
458
458
458
458
458
459
459
460
460
462
462
464
466
467
469
470
470
473
473
474
474
474
474
474
476
477
479
482
485
486
487
488
489
489
489
490
490
491
492
493
493
495
495
496
496
496
498
498
500
503
503
504
505
505
506
506
507
511
513
513
513
513
513
516
519
519
522
523
524
528
528
529
531
533
536
536
536
536
536
536
536
536
537
542
544
544
545
545
545
545
548
548
549
549
549
549
550
551
554
554
556
559
559
560
565
565
565
566
566
568
568
569
570
571
572
572
572
572
568
569
572
572
572
574
574
574
575
575
579
579
586
587
588
588
592
592
597
598
605
607
607
608
609
609
609
609
611
614
614
614
615
615
617
620
620
620
620
621
621
621
623
623
623
623
624
625
625
625
626
628
628
630
630
630
631
631
634
635
639
642
643
643
648
648
648
651
651
651
651
651
651
652
652
656
656
657
657
658
658
658
658
660
661
665
666
666
666
666
666
666
666
666
667
669
669
672
672
672
672
674
676
677
677
676
678
679
679
680
680
680
681
681
681
681
683
685
689
690
690
690
694
695
699
699
703
707
707
707
711
711
711
713
714
716
716
718
718
719
719
719
720
720
720
721
721
726
727
730
730
732
732
732
733
734
734
738
738
741
741
741
741
743
743
743
743
747
751
754
754
756
756
756
758
758
760
762
762
765
767
767
768
768
768
769
770
770
771
771
772
772
776
776
776
776
776
776
776
779
782
782
785
787
787
787
788
789
789
789
792
795
797
798
798
798
799
802
802
803
803
804
804
806
808
811
812
812
814
815
816
816
816
818
818
818
819
821
821
824
825
825
828
829
829
829
831
832
832
832
832
832
835
835
835
836
837
840
841
844
845
848
851
851
851
854
856
859
861
863
864
865
865
866
866
867
867
870
872
872
874
875
875
879
879
881
881
883
888
889
889
889
889
890
893
893
893
895
895
895
897
897
898
901
901
901
902
902
903
904
905
905
905
905
907
907
908
909
914
914
915
915
921
921
921
921
925
925
925
925
927
928
929
930
933
934
936
937
940
940
940
940
940
941
944
944
945
948
950
950
952
955
956
956
961
961
962
966
967
967
971
973
975
979
979
980
982
983
987
987
988
990
992
996
998
1003
1005
1008
1011
1013
1015
1015
1015
1017
1017
1019
1019
1020
1020
1020
1021
1021
1021
1021
1022
1022
1022
1022
1022
1022
1022
1025
1025
1028
1029
1034
1035
1041
1041
1045
1046
1046
1047
1047
1048
1048
1048
1048
1049
1056
1056
1058
1058
1059
1062
1067
1070
1071
1075
1075
1075
1079
1080
1083
1083
1083
1087
1087
1092
1095
1095
1100
1101
1101
1101
1101
1105
1115
1115
1118
1119
1119
1119
1122
1122
1122
1123
1123
1123
1123
1124
1128
1131
1135
1136
1136
1144
1144
1150
1150
1151
1151
1151
1151
1151
1155
1156
1156
1158
1158
1158
1159
1162
1162
1162
1162
1164
1166
1166
1169
1171
1171
1174
1174
1176
1180
1182
1184
1185
1189
1192
1192
1193
1198
1202
1202
1204
1204
1206
1207
1209
1211
1213
1213
1215
1215
1219
1220
1223
1225
1230
1234
1237
1237
1237
1238
1238
1238
1242
1242
1242
1246
1247
1249
1249
1252
1252
1252
1252
1256
1256
1256
1256
1256
1256
1258
1262
1262
1263
1263
1263
1264
1264
1268
1268
1269
1275
1276
1276
1276
1280
1280
1280
1280
1288
1288
1288
1288
1293
1294
1294
1295
1298
1304
1305
1306
1306
1306
1310
1310
1310
1312
1312
1312
1314
1318
1325
1326
1329
1331
1331
1332
1332
1332
1332
1332
1332
1332
1332
1334
1334
1334
1334
1334
1334
1336
1337
1337
1337
1339
1340
1344
1344
1344
1345
1348
1349
1349
1354
1359
1359
1360
1361
1364
1364
1367
1368
1369
1374
1382
1382
1382
1383
1384
1384
1386
1387
1387
1390
1391
1391
1391
1392
1392
1392
1394
1394
1397
1399
1399
1401
1404
1406
1406
1410
1410
1410
1414
1414
1417
1417
1418
1422
1426
1426
1426
1429
1429
1431
1431
1434
1434
1434
1436
1441
1441
1441
1444
1444
1445
1445
1447
1448
1448
1453
1457
1462
1462
1464
1464
1464
1469
1470
1474
1476
1477
1478
1480
1480
1483
1483
1485
1485
1485
1485
1486
1492
1492
1495
1495
1496
1496
1501
1501
1499
1500
1508
1508
1509
1509
1512
1517
1521
1524
1524
1524
1524
1528
1528
1529
1529
1531
1531
1531
1531
1538
1542
1542
1544
1544
1545
1547
1547
1548
1552
1554
1554
1554
1558
1558
1558
1563
1563
1568
1568
1568
1568
1569
1569
1572
1572
1575
1575
1579
1583
1586
1586
1591
1591
1591
1591
1591
1593
1593
1599
1600
1601
1604
1604
1607
1607
1609
1610
1610
1610
1610
1610
1610
1613
1613
1614
1615
1617
1617
1618
1618
1620
1620
1622
1622
1625
1628
1628
1630
1630
1630
1637
1638
1640
1640
1640
1644
1648
1648
1651
1652
1658
1661
1662
1663
1663
1664
1666
1666
1669
1672
1675
1675
1678
1679
1679
1679
1681
1682
1684
1681
1682
1682
1682
1688
1692
1693
1693
1693
1693
1693
1701
1704
1706
1712
1716
1723
1729
1729
1729
1730
1730
1733
1737
1737
1738
1738
1741
1743
1743
1744
1747
1747
1747
1747
1747
1747
1749
1749
1750
1757
1757
1761
1761
1761
1764
1766
1766
1766
1767
1767
1772
1772
1772
1777
1777
1778
1778
1781
1781
1784
1784
1784
1784
1788
1794
1795
1795
1795
1798
1798
1798
1799
1801
1802
1804
1804
1804
1809
1811
1812
1812
1818
1819
1819
1820
1820
1823
1828
1830
1830
1830
1830
1831
1836
1838
1838
1841
1844
1846
1847
1847
1850
1852
1852
1852
1856
1859
1860
1860
1863
1865
1868
1869
1876
1877
1878
1883
1883
1888
1891
1895
1897
1899
1903
1904
1908
1909
1917
1920
1923
1926
1931
1933
1933
1936
1937
1937
1937
1939
1944
1944
1947
1947
1952
1953
1960
1963
1963
1970
1973
1977
1983
1984
1983
1987
1993
1998
2001
2006
2007
2010
2011
2011
2014
2014
2017
2022
2026
2028
2031
2031
2032
2034
2045
2047
2047
2049
2049
2055
2055
2056
2060
2067
2072
2072
2074
2075
2075
2077
2077
2081
2091
2091
2092
2093
2098
2098
2104
2104
2107
2107
2107
2107
2112
2112
2116
2123
2125
2126
2128
2129
2130
2131
2132
2132
2137
2137
2138
2138
2145
2145
2147
2147
2150
2151
2151
2151
2153
2153
2157
2158
2158
2158
2155
2156
2156
2158
2161
2161
2162
2164
2164
2164
2166
2166
2166
2170
2170
2176
2178
2181
2186
2187
2187
2188
2190
2190
2192
2192
2198
2198
2201
2201
2203
2207
2207
2209
2209
2212
2212
2215
2215
2217
2217
2221
2223
2225
2227
2227
2229
2235
2237
2237
2237
2240
2240
2240
2242
2242
2248
2253
2253
2254
2255
2259
2266
2268
2270
2270
2270
2275
2278
2281
2285
2286
2288
2288
2289
2289
2293
2293
2295
2295
2295
2299
2299
2299
2299
2300
2305
2307
2311
2311
2311
2312
2312
2312
2312
2315
2316
2316
2316
2316
2316
2316
2317
2321
2326
2332
2332
2332
2334
2334
2336
2342
2342
2346
2346
2346
2348
2348
2350
2351
2356
2356
2360
2360
2363
2367
2370
2376
2378
2378
2379
2383
2386
2390
2391
2394
2398
2398
2398
2404
2409
2409
2416
2417
2417
2425
2426
2428
2437
2437
2437
2437
2438
2438
2438
2441
2443
2448
2448
2450
2450
2455
2456
2461
2465
2467
2469
2470
2470
2470
2470
2478
2483
2483
2486
2488
2491
2492
2496
2504
2505
2508
2509
2513
2513
2514
2514
2517
2517
2519
2524
2528
2537
2537
2538
2538
2539
2542
2543
2545
2545
2545
2554
2556
2560
2561
2561
2563
2564
2568
2569
2569
2571
2571
2571
2580
2580
2581
2581
2581
2591
2593
2595
2599
2599
2601
2601
2603
2604
2605
2610
2615
2619
2621
2621
2624
2624
2627
2628
2634
2640
2645
2645
2645
2646
2647
2648
2648
2649
2651
2657
2665
2666
2674
2674
2674
2674
2676
2679
2681
2682
2682
2686
2688
2688
2690
2694
2695
2696
2696
2700
2702
2703
2705
2710
2710
2711
2711
2712
2714
2715
2719
2721
2725
2725
2725
2725
2725
2726
2726
2726
2731
2736
2737
2738
2740
2741
2743
2746
2744
2746
2748
2748
2749
2758
2760
2761
2761
2763
2769
2770
2771
2771
2777
2779
2781
2781
2789
2789
2790
2792
2794
2793
2794
2797
2801
2801
2799
2801
2805
2805
2808
2815
2813
2817
2817
2819
2822
2822
2830
2831
2838
2838
2838
2840
2840
2844
2845
2845
2845
2845
2848
2848
2848
2854
2857
2859
2861
2861
2867
2872
2873
2874
2877
2880
2880
2881
2882
2882
2886
2886
2887
2887
2890
2893
2897
2901
2901
2902
2910
2910
2911
2912
2912
2912
2912
2912
2916
2916
2916
2923
2925
2928
2930
2933
2936
2942
2943
2944
2952
2957
2961
2961
2964
2966
2966
2969
2969
2971
2972
2972
2972
2973
2973
2982
2984
2990
2991
2997
2997
3000
3000
3000
3000
3000
3002
3009
3011
3017
3017
3017
3019
3021
3021
3025
3025
3025
3025
3026
3026
3028
3031
3040
3047
3048
3048
3050
3053
3053
3057
3058
3062
3067
3074
3080
3084
3086
3086
3086
3086
3091
3094
3098
3102
3109
3115
3115
3122
3124
3126
3131
3131
3131
3140
3140
3139
3144
3144
3146
3150
3150
3150
3151
3152
3152
3156
3166
3167
3171
3173
3173
3173
3173
3180
3184
3186
3189
3189
3189
3190
3190
3190
3195
3195
3200
3200
3203
3203
3206
3210
3210
3218
3218
3218
3221
3229
3230
3233
3235
3235
3239
3243
3246
3246
3246
3248
3253
3257
3257
3257
3258
3259
3264
3264
3267
3267
3271
3277
3277
3279
3279
3282
3282
3282
3287
3287
3287
3291
3291
3297
3304
3306
3309
3309
3312
3316
3316
3319
3319
3319
3321
3325
3332
3332
3334
3336
3340
3340
3348
3354
3355
3355
3358
3366
3366
3372
3372
3375
3376
3379
3382
3389
3391
3393
3396
3396
3397
3398
3398
3398
3402
3402
3408
3411
3414
3414
3418
3418
3420
3425
3429
3430
3432
3433
3438
3439
3446
3448
3448
3448
3450
3458
3458
3463
3467
3467
3467
3467
3474
3480
3483
3483
3484
3489
3492
3492
3493
3494
3500
3503
3512
3514
3526
3529
3533
3533
3533
3541
3542
3545
3545
3545
3549
3549
3549
3549
3549
3556
3565
3566
3566
3567
3567
3567
3572
3576
3577
3583
3587
3588
3594
3594
3594
3599
3600
3601
3610
3611
3612
3609
3610
3610
3616
3616
3622
3622
3622
3622
3624
3629
3632
3633
3638
3639
3645
3647
3647
3652
3653
3656
3661
3665
3665
3665
3667
3672
3674
3675
3676
3676
3676
3680
3683
3684
3688
3688
3688
3688
3688
3688
3695
3695
3694
3696
3696
3696
3698
3700
3702
3702
3708
3711
3711
3714
3717
3720
3722
3722
3724
3727
3731
3732
3739
3739
3739
3746
3747
3749
3749
3749
3750
3759
3759
3760
3762
3762
3765
3765
3773
3782
3782
3784
3785
3789
3791
3799
3804
3804
3804
3809
3811
3814
3814
3814
3814
3818
3819
3821
3825
3825
3827
3835
3842
3847
3847
3847
3847
3848
3851
3851
3853
3862
3865
3868
3871
3872
3879
3882
3887
3887
3887
3887
3889
3892
3894
3898
3898
3898
3899
3900
3907
3908
3908
3911
3914
3916
3916
3917
3918
3925
3931
3931
3935
3936
3941
3941
3941
3942
3943
3946
3946
3947
3952
3952
3952
3953
3962
3968
3968
3968
3968
3968
3970
3974
3976
3979
3984
3986
3990
3997
3998
4000
4000
4001
4001
4005
4005
4009
4011
4011
4014
4015
4019
4018
4018
4018
4020
4024
4029
4030
4032
4036
4040
4042
4044
4048
4052
4052
4057
4066
4068
4074
4080
4082
4083
4083
4087
4087
4091
4092
4094
4097
4102
4106
4106
4107
4110
4120
4125
4125
4129
4129
4129
4129
4131
4131
4135
4135
4135
4138
4138
4141
4145
4150
4152
4155
4159
4159
4159
4159
4167
4168
4168
4171
4171
4171
4171
4171
4171
4176
4176
4184
4184
4186
4186
4188
4192
4204
4204
4204
4208
4208
4210
4210
4210
4210
4216
4217
4217
4221
4222
4222
4226
4232
4235
4237
4237
4237
4242
4242
4247
4248
4255
4257
4261
4261
4266
4266
4266
4267
4267
4267
4269
4273
4273
4274
4282
4286
4286
4292
4292
4293
4307
4310
4317
4317
4322
4330
4338
4344
4347
4351
4351
4351
4352
4352
4352
4352
4358
4362
4364
4365
4366
4366
4368
4370
4373
4373
4379
4384
4388
4390
4392
4392
4392
4400
4400
4407
4407
4408
4414
4417
4419
4420
4424
4424
4424
4425
4432
4432
4432
4432
4432
4432
4432
4436
4436
4436
4437
4439
4439
4441
4445
4449
4449
4450
4456
4457
4457
4460
4465
4465
4470
4470
4471
4475
4475
4479
4488
4488
4492
4492
4497
4499
4503
4506
4511
4511
4511
4513
4513
4513
4513
4524
4526
4530
4532
4533
4533
4537
4544
4548
4549
4549
4549
4549
4551
4554
4555
4557
4561
4564
4569
4576
4576
4580
4580
4580
4581
4587
4587
4591
4591
4591
4595
4600
4601
4604
4607
4609
4609
4613
4613
4613
4613
4614
4617
4617
4621
4621
4625
4628
4633
4634
4635
4639
4644
4648
4653
4653
4651
4655
4660
4660
4660
4670
4670
4670
4675
4675
4682
4686
4691
4694
4695
4699
4702
4703
4703
4700
4703
4709
4716
4716
4716
4718
4726
4726
4728
4728
4729
4730
4731
4731
4733
4742
4744
4744
4744
4745
4748
4750
4750
4750
4752
4752
4753
4754
4762
4762
4768
4768
4768
4769
4769
4769
4770
4776
4778
4778
4780
4781
4781
4781
4781
4781
4781
4782
4782
4782
4783
4784
4785
4783
4785
4786
4787
4791
4791
4795
4796
4797
4805
4805
4812
4813
4820
4825
4825
4826
4830
4833
4834
4839
4845
4850
4855
4856
4867
4869
4871
4874
4875
4880
4883
4891
4891
4894
4895
4899
4905
4907
4912
4915
4915
4915
4916
4917
4919
4927
4930
4933
4938
4938
4938
4942
4953
4957
4960
4963
4965
4967
4971
4973
4977
4979
4980
4981
4981
4981
4981
4981
4988
4990
4990
4991
4992
4992
4995
5000
5001
5001
5001
5001
5012
5014
5014
5014
5016
5018
5018
5018
5018
5018
5019
5022
5027
5031
5031
5032
5036
5038
5044
5048
5049
5051
5052
5056
5056
5056
5058
5062
5063
5070
5071
5073
5079
5080
5084
5086
5092
5092
5092
5091
5095
5103
5103
5111
5112
5114
5120
5120
5120
5129
5132
5132
5138
5138
5145
5152
5159
5162
5162
5163
5163
5164
5167
5178
5181
5181
5188
5193
5199
5199
5199
5202
5206
5206
5213
5213
5213
5216
5221
5227
5229
5236
5239
5243
5248
5249
5249
5249
5250
5250
5253
5262
5265
5269
5277
5280
5284
5284
5285
5292
5294
5294
5300
5301
5301
5302
5302
5309
5312
5316
5320
5320
5320
5324
5325
5327
5327
5331
5332
5338
5341
5350
5358
5365
5370
5376
5380
5380
5382
5390
5391
5391
5391
5397
5401
5402
5409
5415
5417
5417
5419
5419
5420
5420
5420
5424
5425
5425
5432
5432
5434
5435
5437
5439
5440
5441
5452
5452
5461
5464
5469
5469
5471
5471
5471
5471
5471
5472
5476
5482
5485
5486
5492
5495
5495
5501
5502
5509
5512
5516
5517
5527
5537
5540
5540
5545
5547
5547
5548
5548
5548
5556
5558
5558
5563
5563
5564
5564
5567
5568
5572
5578
5587
5593
5593
5593
5593
5594
5598
5600
5605
5608
5612
5615
5621
5623
5625
5626
5631
5631
5638
5645
5645
5646
5647
5660
5663
5664
5673
5678
5679
5679
5689
5689
5693
5695
5700
5701
5704
5704
5704
5705
5707
5714
5719
5726
5728
5733
5733
5733
5733
5733
5737
5738
5745
5750
5752
5752
5752
5752
5752
5751
5757
5757
5763
5772
5774
5775
5775
5779
5779
5782
5787
5787
5787
5787
5787
5795
5801
5803
5811
5813
5813
5815
5821
5822
5823
5824
5832
5832
5835
5836
5837
5841
5841
5844
5844
5844
5845
5850
5852
5856
5856
5857
5857
5862
5862
5862
5864
5864
5869
5870
5881
5881
5884
5885
5892
5892
5894
5896
5896
5896
5903
5904
5905
5905
5907
5912
5916
5916
5916
5918
5925
5931
5931
5936
5938
5939
5941
5941
5944
5944
5945
5951
5951
5956
5956
5962
5967
5967
5967
5974
5974
5978
5979
5981
5981
5987
5990
5990
5997
5998
6000
6007
6007
6007
6014
6019
6023
6023
6032
6038
6038
6038
6038
6038
6038
6041
6045
6045
6045
6045
6045
6045
6045
6050
6050
6051
6053
6055
6061
6070
6071
6071
6071
6071
6073
6079
6081
6084
6084
6092
6099
6099
6100
6101
6101
6107
6108
6110
6110
6110
6120
6121
6123
6124
6126
6127
6129
6130
6135
6142
6145
6145
6151
6151
6155
6155
6159
6165
6173
6179
6185
6187
6189
6195
6195
6197
6197
6200
6200
6204
6204
6204
6212
6221
6221
6223
6231
6231
6237
6237
6238
6242
6246
6246
6248
6251
6255
6259
6263
6270
6270
6270
6277
6277
6281
6281
6281
6281
6288
6288
6292
6302
6306
6306
6306
6308
6315
6315
6316
6317
6320
6318
6324
6333
6336
6340
6343
6343
6343
6343
6347
6347
6353
6357
6357
6361
6368
6370
6371
6371
6372
6376
6378
6380
6391
6391
6393
6393
6397
6400
6408
6413
6416
6417
6425
6425
6426
6427
6427
6428
6428
6433
6440
6440
6441
6444
6451
6454
6462
6462
6466
6467
6480
6480
6486
6488
6491
6491
6492
6495
6495
6495
6495
6495
6495
6499
6499
6499
6499
6502
6508
6508
6508
6509
6511
6516
6517
6518
6518
6525
6528
6538
6539
6539
6539
6539
6543
6543
6546
6542
6543
6546
6550
6550
6552
6558
6566
6570
6574
6575
6575
6580
6585
6585
6592
6592
6594
6598
6598
6604
6608
6608
6611
6619
6619
6630
6631
6635
6638
6638
6643
6647
6652
6658
6670
6670
6671
6680
6680
6689
6690
6694
6694
6694
6694
6696
6697
6699
6699
6714
6717
6721
6721
6721
6721
6725
6725
6735
6744
6744
6745
6746
6746
6746
6754
6754
6756
6764
6766
6773
6778
6778
6781
6781
6784
6787
6793
6801
6801
6802
6803
6803
6803
6804
6806
6807
6811
6812
6815
6820
6829
6830
6830
6831
6834
6837
6848
6848
6848
6848
6854
6856
6861
6863
6863
6866
6867
6867
6868
6874
6874
6876
6886
6886
6888
6898
6900
6903
6916
6918
6919
6919
6928
6928
6931
6932
6937
6937
6939
6939
6939
6939
6940
6941
6942
6943
6943
6947
6947
6949
6952
6953
6960
6961
6961
6962
6962
6965
6972
6972
6974
6979
6979
6984
6985
6989
6993
7001
7001
7001
7001
7002
7002
7002
7004
7004
7006
7009
7012
7015
7017
7027
7036
7043
7046
7046
7046
7050
7051
7054
7057
7058
7061
7063
7063
7068
7070
7072
7077
7079
7081
7083
7084
7084
7093
7096
7098
7102
7116
7123
7123
7123
7123
7130
7130
7130
7132
7133
7133
7135
7142
7147
7154
7156
7158
7161
7168
7179
7186
7191
7191
7191
7191
7192
7194
7194
7193
7193
7193
7194
7194
7196
7196
7203
7208
7209
7210
7213
7213
7220
7220
7229
7229
7237
7240
7240
7241
7246
7247
7247
7255
7258
7260
7260
7265
7266
7271
7279
7286
7288
7293
7293
7294
7300
7311
7318
7320
7322
7322
7325
7330
7330
7332
7334
7334
7338
7338
7338
7340
7344
7350
7348
7353
7361
7361
7364
7365
7371
7376
7376
7376
7381
7387
7387
7389
7389
7389
7391
7393
7393
7400
7403
7408
7408
7408
7408
7410
7410
7416
7424
7427
7429
7429
7435
7435
7447
7447
7447
7447
7452
7452
7454
7454
7465
7470
7470
7470
7470
7476
7476
7479
7480
7483
7483
7484
7486
7491
7499
7499
7499
7501
7514
7518
7522
7535
7538
7538
7538
7540
7540
7542
7542
7543
7557
7557
7563
7563
7563
7573
7573
7575
7575
7575
7575
7574
7576
7579
7579
7590
7594
7594
7594
7594
7603
7613
7621
7626
7631
7634
7635
7635
7637
7638
7638
7642
7653
7657
7660
7661
7669
7680
7681
7681
7687
7687
7690
7690
7691
7697
7696
7697
7700
7700
7703
7704
7704
7707
7713
7713
7714
7715
7715
7716
7716
7722
7727
7727
7730
7735
7745
7747
7747
7747
7749
7749
7749
7751
7755
7758
7767
7772
7772
7772
7776
7782
7782
7782
7782
7790
7795
7795
7795
7798
7799
7802
7810
7810
7810
7815
7815
7817
7819
7829
7833
7833
7835
7835
7841
7841
7844
7853
7853
7855
7856
7859
7863
7868
7877
7887
7892
7896
7897
7897
7898
7899
7902
7904
7905
7914
7926
7940
7938
7938
7939
7941
7941
7941
7944
7945
7956
7956
7959
7961
7969
7971
7971
7982
7980
7989
8002
8003
8006
8006
8007
8007
8013
8013
8013
8013
8018
8018
8018
8027
8028
8035
8035
8045
8045
8045
8045
8052
8056
8057
8060
8064
8067
8078
8078
8085
8091
8094
8095
8098
8098
8102
8102
8107
8111
8113
8113
8121
8126
8126
8127
8127
8128
8139
8148
8149
8150
8150
8154
8154
8163
8166
8174
8178
8181
8181
8184
8190
8190
8190
8195
8195
8207
8215
8217
8218
8219
8222
8224
8229
8234
8240
8240
8247
8247
8247
8253
8254
8258
8258
8258
8260
8260
8268
8270
8273
8273
8282
8284
8291
8297
8299
8299
8306
8306
8310
8310
8312
8316
8317
8322
8330
8330
8334
8334
8339
8342
8350
8351
8355
8355
8368
8368
8368
8368
8368
8368
8368
8369
8371
8377
8380
8380
8380
8385
8385
8390
8392
8394
8394
8394
8395
8400
8402
8409
8411
8415
8418
8420
8420
8420
8427
8440
8445
8439
8443
8443
8443
8443
8447
8452
8453
8455
8465
8467
8467
8477
8479
8482
8485
8497
8501
8510
8511
8511
8512
8520
8522
8522
8528
8528
8530
8533
8536
8541
8545
8539
8550
8553
8555
8555
8556
8558
8558
8561
8569
8569
8577
8577
8580
8583
8583
8593
8597
8598
8603
8610
8618
8619
8619
8621
8626
8625
8625
8634
8641
8641
8645
8656
8663
8667
8671
8675
8676
8677
8677
8677
8680
8681
8681
8681
8682
8684
8686
8692
8699
8704
8706
8708
8712
8712
8712
8718
8721
8723
8725
8725
8731
8732
8739
8745
8747
8753
8754
8754
8759
8765
8765
8773
8774
8774
8777
8786
8789
8795
8802
8803
8805
8805
8805
8807
8810
8819
8824
8824
8832
8832
8835
8840
8843
8843
8845
8850
8851
8847
8848
8852
8853
8868
8869
8881
8890
8890
8891
8891
8891
8891
8899
8899
8899
8902
8910
8911
8911
8911
8913
8913
8914
8910
8910
8917
8918
8920
8920
8923
8925
8926
8926
8931
8931
8936
8944
8947
8951
8947
8952
8955
8959
8959
8962
8965
8968
8979
8986
8987
8988
8989
8997
9009
9013
9014
9016
9027
9027
9027
9027
9027
9032
9032
9035
9048
9053
9053
9066
9073
9073
9085
9085
9090
9091
9095
9096
9101
9101
9101
9112
9114
9122
9124
9124
9135
9136
9140
9140
9147
9147
9145
9146
9146
9155
9155
9156
9162
9162
9164
9172
9173
9179
9180
9184
9190
9192
9192
9192
9192
9195
9203
9203
9203
9203
9203
9210
9216
9216
9219
9221
9226
9227
9234
9236
9247
9247
9250
9262
9266
9266
9267
9268
9268
9273
9279
9281
9288
9288
9292
9297
9298
9306
9306
9317
9317
9321
9325
9326
9329
9329
9329
9329
9335
9335
9335
9335
9340
9344
9347
9349
9355
9367
9372
9374
9374
9377
9381
9382
9382
9382
9394
9394
9394
9395
9401
9405
9411
9420
9422
9422
9432
9434
9434
9437
9437
9438
9440
9440
9446
9446
9452
9458
9462
9462
9469
9469
9480
9481
9483
9492
9492
9498
9498
9502
9510
9510
9511
9511
9511
9511
9511
9511
9512
9513
9514
9514
9515
9526
9527
9527
9527
9528
9528
9528
9532
9539
9556
9556
9564
9564
9565
9566
9573
9580
9580
9585
9591
9591
9591
9592
9592
9606
9607
9613
9613
9617
9620
9625
9631
9639
9642
9644
9644
9647
9651
9651
9655
9659
9659
9664
9668
9668
9669
9669
9669
9674
9674
9674
9685
9692
9697
9702
9701
9703
9709
9710
9717
9718
9719
9728
9728
9728
9729
9729
9734
9736
9738
9742
9742
9752
9752
9756
9759
9759
9764
9770
9770
9770
9773
9775
9778
9780
9780
9785
9785
9793
9797
9799
9799
9803
9803
9803
9803
9806
9813
9813
9816
9823
9830
9831
9831
9831
9835
9842
9843
9852
9852
9858
9861
9865
9875
9879
9885
9895
9896
9902
9908
9908
9908
9911
9916
9916
9917
9917
9917
9919
9927
9938
9938
9943
9949
9955
9956
9956
9954
9958
9960
9960
9964
9965
9972
9981
9990
9990
9990
9996
10000
10000
10001
10003
10009
10013
10017
10017
10019
10019
10022
10027
10032
10041
10045
10046
10046
10048
10051
10052
10052
10059
10061
10062
10068
10068
10074
10083
10088
10089
10089
10089
10100
10104
10117
10118
10119
10117
10117
10118
10120
10129
10129
10137
10142
10145
10149
10157
10159
10162
10162
10177
10177
10178
10186
10191
10191
10198
10200
10208
10210
10210
10214
10216
10225
10225
10225
10225
10225
10227
10230
10233
10244
10244
10248
10263
10271
10271
10272
10272
10272
10272
10280
10282
10287
10290
10305
10306
10313
10315
10320
10320
10320
10323
10324
10332
10330
10333
10337
10342
10342
10342
10342
10345
10347
10353
10357
10357
10357
10359
10360
10361
10361
10370
10370
10374
10374
10375
10375
10375
10371
10373
10373
10373
10376
10377
10377
10392
10399
10402
10411
10411
10419
10421
10421
10422
10432
10445
10447
10447
10456
10463
10465
10477
10478
10485
10487
10487
10493
10493
10493
10493
10493
10493
10498
10501
10506
10507
10513
10513
10516
10523
10525
10526
10527
10528
10528
10528
10528
10530
10534
10538
10538
10540
10551
10559
10562
10565
10568
10575
10579
10579
10583
10586
10589
10601
10604
10604
10608
10618
10623
10625
10626
10626
10626
10632
10638
10638
10645
10647
10649
10648
10648
10652
10654
10668
10678
10678
10681
10681
10681
10684
10684
10687
10687
10687
10689
10693
10696
10697
10701
10708
10712
10714
10714
10719
10730
10732
10742
10742
10742
10743
10752
10752
10752
10759
10759
10766
10767
10769
10773
10776
10787
10788
10789
10799
10799
10801
10803
10809
10812
10814
10820
10825
10825
10826
10826
10826
10832
10833
10839
10839
10842
10844
10845
10845
10845
10846
10851
10855
10865
10870
10872
10873
10883
10883
10888
10896
10902
10915
10912
10912
10924
10929
10936
10943
10943
10943
10942
10942
10950
10956
10959
10951
10956
10956
10959
10959
10963
10967
10968
10970
10974
10978
10979
10979
10979
10982
10991
10998
11000
11002
11002
11012
11015
11015
11015
11015
11018
11019
11020
11021
11025
11027
11028
11038
11039
11040
11040
11044
11044
11045
11052
11057
11060
11069
11080
11087
11089
11092
11108
11109
11112
11121
11123
11128
11128
11136
11144
11151
11157
11156
11162
11165
11165
11179
11183
11198
11208
11217
11227
11227
11227
11236
11236
11236
11248
11249
11257
11262
11262
11264
11268
11272
11273
11274
11278
11281
11281
11281
11290
11291
11296
11299
11305
11305
11305
11305
11311
11311
11312
11318
11320
11322
11322
11332
11332
11333
11333
11334
11339
11343
11344
11344
11345
11355
11362
11367
11372
11374
11387
11393
11399
11407
11407
11411
11411
11414
11414
11416
11423
11423
11424
11425
11427
11430
11437
11441
11443
11444
11448
11449
11455
11455
11464
11464
11465
11468
11473
11477
11477
11477
11477
11475
11480
11483
11484
11484
11486
11493
11504
11506
11517
11517
11528
11528
11532
11532
11537
11541
11542
11542
11542
11544
11549
11554
11556
11563
11574
11578
11589
11591
11601
11606
11606
11606
11608
11617
11618
11621
11621
11623
11637
11649
11649
11649
11652
11658
11664
11664
11664
11665
11675
11676
11677
11678
11681
11691
11697
11697
11697
11704
11708
11709
11712
11712
11712
11712
11712
11718
11721
11726
11729
11732
11732
11732
11733
11735
11735
11735
11740
11744
11747
11749
11752
11758
11767
11767
11769
11775
11783
11787
11790
11791
11795
11797
11797
11806
11803
11812
11816
11818
11821
11829
11835
11835
11838
11839
11844
11850
11850
11852
11852
11852
11856
11860
11863
11863
11867
11867
11871
11873
11871
11877
11877
11877
11881
11881
11881
11883
11885
11885
11890
11903
11908
11908
11913
11919
11920
11932
11937
11940
11942
11947
11961
11964
11964
11964
11968
11971
11977
11982
11982
11984
11995
11997
11999
11999
12005
12011
12014
12014
12014
12016
12016
12016
12020
12020
12020
12025
12028
12030
12032
12035
12041
12051
12051
12051
12053
12053
12062
12064
12066
12071
12079
12079
12083
12083
12089
12096
12098
12103
12103
12108
12106
12110
12110
12110
12113
12116
12116
12120
12126
12129
12129
12135
12145
12148
12148
12149
12159
12160
12163
12168
12168
12170
12170
12170
12171
12171
12172
12173
12173
12173
12180
12185
12184
12186
12194
12201
12205
12205
12206
12208
12208
12212
12217
12216
12216
12220
12225
12233
12235
12236
12240
12240
12247
12249
12251
12253
12263
12263
12263
12272
12274
12274
12279
12279
12279
12281
12285
12289
12290
12298
12300
12310
12317
12318
12328
12328
12342
12342
12350
12352
12360
12363
12363
12363
12369
12369
12374
12381
12381
12381
12386
12393
12395
12399
12399
12404
12401
12401
12407
12415
12418
12419
12422
12433
12435
12435
12436
12443
12444
12444
12452
12452
12457
12461
12462
12463
12463
12469
12469
12475
12479
12481
12481
12482
12486
12493
12494
12500
12502
12508
12511
12510
12511
12520
12520
12526
12526
12526
12528
12528
12529
12538
12538
12542
12545
12546
12550
12551
12553
12555
12556
12560
12560
12560
12563
12579
12585
12585
12585
12589
12589
12591
12591
12591
12591
12595
12600
12601
12606
12609
12609
12609
12619
12620
12620
12620
12622
12622
12623
12623
12623
12623
12637
12637
12640
12640
12641
12641
12641
12641
12642
12642
12643
12644
12647
12659
12659
12659
12663
12663
12659
12661
12661
12661
12672
12680
12682
12694
12694
12697
12697
12707
12709
12716
12726
12731
12731
12731
12731
12733
12733
12745
12746
12746
12747
12758
12763
12763
12764
12764
12768
12770
12779
12778
12784
12788
12792
12792
12790
12790
12791
12793
12801
12805
12805
12805
12816
12821
12823
12826
12826
12830
12832
12833
12836
12840
12848
12853
12859
12866
12879
12884
12887
12887
12894
12894
12893
12898
12898
12899
12899
12899
12901
12901
12908
12912
12917
12918
12918
12924
12920
12921
12921
12923
12929
12933
12933
12934
12935
12938
12940
12942
12949
12950
12960
12972
12975
12987
12988
12988
12989
12994
12997
13000
13000
13004
13006
13006
13009
13014
13016
13019
13019
13019
13019
13025
13030
13030
13036
13042
13044
13044
13051
13063
13063
13080
13083
13083
13087
13090
13094
13102
13105
13109
13110
13112
13130
13132
13132
13139
13152
13152
13156
13158
13168
13168
13176
13184
13184
13193
13193
13194
13197
13197
13206
13217
13220
13220
13221
13221
13223
13227
13228
13238
13247
13252
13253
13253
13253
13255
13258
13258
13262
13264
13270
13284
13288
13294
13295
13300
13300
13300
13307
13307
13308
13310
13315
13318
13321
13335
13335
13338
13341
13342
13342
13342
13353
13361
13362
13367
13372
13373
13377
13382
13383
13383
13396
13398
13398
13411
13418
13420
13420
13425
13429
13431
13431
13439
13439
13444
13444
13448
13448
13448
13449
13451
13454
13454
13459
13461
13463
13471
13471
13472
13482
13487
13488
13486
13490
13493
13496
13497
13505
13506
13519
13518
13518
13518
13518
13519
13527
13533
13540
13540
13545
13548
13555
13563
13567
13567
13570
13570
13570
13572
13572
13572
13576
13576
13581
13581
13581
13584
13589
13589
13595
13604
13610
13610
13612
13622
13622
13626
13628
13634
13639
13642
13646
13648
13656
13656
13657
13661
13662
13662
13671
13678
13682
13694
13707
13707
13717
13728
13729
13729
13729
13731
13743
13751
13754
13763
13768
13770
13775
13779
13787
13792
13792
13792
13792
13795
13805
13807
13807
13807
13807
13807
13821
13824
13822
13822
13830
13830
13849
13851
13856
13868
13879
13890
13900
13900
13900
13901
13902
13903
13911
13911
13912
13912
13913
13913
13913
13913
13914
13923
13924
13924
13930
13940
13942
13939
13951
13952
13952
13955
13960
13961
13971
13972
13972
13973
13973
13976
13980
13980
13980
13985
13985
13987
13988
13990
13994
13995
13995
14006
14006
14006
14017
14017
14017
14026
14035
14035
14036
14040
14052
14052
14052
14052
14060
14063
14063
14063
14064
14065
14065
14065
14071
14073
14073
14074
14081
14090
14090
14090
14095
14095
14103
14103
14103
14103
14103
14111
14113
14113
14116
14120
14128
14128
14131
14131
14137
14137
14134
14134
14134
14134
14134
14136
14139
14142
14151
14160
14167
14167
14167
14175
14177
14178
14179
14179
14179
14187
14199
14206
14206
14209
14212
14216
14216
14226
14226
14227
14233
14234
14235
14242
14244
14254
14254
14254
14254
14259
14269
14270
14287
14291
14293
14298
14306
14309
14309
14310
14311
14311
14315
14324
14334
14334
14334
14337
14338
14345
14352
14354
14356
14356
14358
14363
14363
14365
14365
14363
14364
14365
14373
14375
14376
14376
14376
14376
14378
14385
14385
14385
14396
14397
14398
14398
14400
14401
14406
14407
14413
14420
14421
14429
14429
14441
14442
14443
14447
14447
14454
14458
14458
14462
14467
14467
14477
14477
14478
14479
14479
14479
14479
14484
14485
14485
14486
14493
14493
14495
14497
14505
14499
14512
14515
14515
14519
14525
14526
14531
14533
14539
14542
14545
14545
14546
14550
14550
14553
14555
14559
14559
14560
14563
14574
14574
14574
14578
14582
14594
14590
14592
14600
14604
14613
14613
14613
14614
14616
14622
14623
14625
14632
14634
14637
14637
14637
14642
14644
14644
14644
14651
14651
14660
14660
14662
14662
14662
14663
14670
14676
14676
14676
14676
14677
14681
14681
14683
14686
14691
14691
14698
14710
14710
14710
14710
14716
14716
14716
14721
14725
14730
14735
14735
14735
14740
14741
14747
14750
14752
14765
14774
14779
14791
14794
14793
14798
14808
14808
14816
14820
14833
14833
14834
14834
14844
14854
14857
14857
14868
14872
14874
14875
14880
14885
14886
14888
14888
14888
14890
14897
14897
14899
14899
14902
14903
14903
14903
14907
14916
14922
14925
14930
14931
14933
14933
14933
14941
14942
14947
14948
14948
14950
14950
14951
14954
14959
14961
14961
14971
14974
14974
14976
14983
14984
14995
14995
15002
15005
15013
15023
15023
15024
15020
15028
15032
15032
15040
15041
15041
15046
15052
15058
15062
15064
15067
15062
15068
15070
15074
15074
15077
15077
15077
15079
15090
15090
15091
15093
15099
15112
15112
15120
15126
15126
15126
15138
15136
15137
15137
15139
15149
15150
15154
15168
15168
15168
15169
15175
15174
15175
15185
15188
15188
15188
15192
15198
15199
15201
15215
15223
15231
15232
15232
15232
15237
15242
15244
15252
15254
15258
15262
15268
15268
15268
15271
15274
15272
15278
15278
15288
15292
15297
15297
15297
15311
15323
15331
15330
15331
15334
15344
15346
15346
15347
15363
15369
15369
15369
15369
15378
15384
15389
15389
15389
15395
15399
15402
15404
15410
15420
15423
15426
15426
15428
15429
15436
15439
15441
15441
15454
15460
15462
15465
15467
15473
15473
15473
15474
15474
15475
15482
15482
15482
15487
15489
15489
15489
15489
15492
15494
15498
15504
15510
15508
15512
15512
15517
15521
15527
15533
15538
15541
15545
15550
15543
15556
15556
15565
15574
15578
15580
15580
15590
15591
15594
15601
15604
15615
15620
15620
15620
15620
15626
15627
15627
15627
15627
15628
15632
15640
15645
15646
15646
15646
15646
15647
15647
15660
15662
15663
15663
15662
15662
15662
15654
15658
15662
15666
15666
15666
15661
15663
15672
15676
15677
15677
15678
15687
15690
15696
15700
15711
15711
15711
15705
15706
15706
15706
15719
15714
15721
15721
15731
15748
15757
15757
15769
15769
15778
15778
15780
15781
15782
15790
15797
15801
15807
15807
15809
15809
15818
15818
15824
15827
15829
15829
15837
15837
15838
15845
15852
15858
15859
15860
15860
15867
15867
15880
15885
15887
15892
15902
15907
15917
15915
15926
15929
15931
15941
15950
15950
15950
15950
15961
15961
15964
15970
15974
15973
15973
15977
15990
15991
16004
16006
16010
16014
16014
16014
16017
16024
16028
16028
16029
16029
16029
16030
16041
16041
16050
16056
16059
16060
16060
16062
16062
16062
16062
16071
16088
16088
16092
16087
16091
16093
16097
16108
16119
16124
16123
16123
16139
16147
16160
16162
16165
16168
16170
16170
16170
16174
16181
16183
16189
16186
16186
16193
16197
16197
16197
16197
16194
16194
16194
16204
16205
16205
16210
16210
16210
16210
16208
16224
16229
16232
16236
16238
16242
16244
16244
16249
16249
16249
16253
16254
16254
16254
16258
16260
16268
16268
16272
16284
16290
16293
16299
16307
16310
16312
16314
16319
16319
16319
16325
16319
16331
16336
16337
16351
16358
16363
16373
16375
16376
16376
16376
16380
16377
16382
16388
16394
16401
16401
16411
16418
16419
16422
16427
16428
16432
16432
16439
16442
16449
16458
16468
16469
16472
16472
16481
16482
16490
16493
16493
16494
16498
16498
16513
16514
16510
16511
16521
16521
16527
16527
16540
16543
16545
16546
16549
16557
16557
16557
16557
16558
16558
16564
16567
16567
16567
16567
16568
16574
16580
16587
16603
16604
16604
16610
16610
16610
16610
16614
16614
16614
16620
16620
16624
16631
16631
16633
16633
16639
16655
16655
16659
16659
16659
16664
16665
16666
16666
16666
16672
16673
16673
16674
16680
16687
16687
16687
16689
16690
16690
16692
16692
16693
16691
16692
16692
16692
16699
16703
16701
16716
16723
16735
16736
16745
16755
16755
16756
16770
16770
16770
16770
16771
16771
16779
16784
16791
16793
16799
16804
16812
16821
16822
16822
16832
16834
16837
16838
16843
16846
16846
16849
16851
16851
16856
16867
16871
16875
16875
16875
16885
16886
16900
16901
16908
16908
16911
16913
16916
16920
16928
16934
16942
16942
16945
16945
16947
16947
16947
16955
16956
16965
16965
16970
16976
16977
16989
16994
16994
16996
16996
17007
17011
17013
17014
17014
17018
17020
17020
17026
17029
17030
17030
17036
17036
17039
17043
17043
17048
17050
17059
17064
17068
17068
17068
17074
17074
17074
17080
17080
17091
17097
17107
17108
17116
17114
17115
17114
17114
17125
17125
17125
17128
17128
17143
17147
17156
17159
17160
17160
17160
17168
17175
17175
17182
17191
17192
17195
17196
17197
17197
17201
17207
17216
17220
17227
17236
17237
17250
17251
17251
17252
17258
17261
17263
17263
17264
17266
17266
17277
17284
17285
17285
17287
17287
17289
17297
17302
17303
17306
17305
17305
17305
17308
17317
17317
17319
17323
17339
17340
17345
17358
17361
17373
17369
17370
17377
17377
17381
17381
17381
17381
17383
17392
17387
17399
17411
17412
17414
17414
17414
17420
17429
17433
17438
17438
17442
17445
17459
17464
17477
17478
17479
17479
17480
17490
17490
17490
17492
17492
17495
17504
17516
17517
17517
17528
17528
17535
17550
17562
17572
17572
17573
17578
17575
17578
17580
17580
17581
17583
17586
17586
17586
17586
17586
17585
17585
17586
17590
17591
17591
17600
17606
17606
17613
17619
17623
17635
17634
17643
17644
17647
17649
17660
17661
17662
17671
17675
17686
17688
17698
17709
17709
17709
17709
17726
17731
17737
17742
17745
17752
17756
17756
17756
17756
17771
17775
17775
17775
17778
17781
17781
17790
17790
17799
17803
17808
17818
17827
17827
17833
17843
17846
17855
17855
17861
17861
17861
17872
17872
17874
17876
17877
17881
17889
17886
17896
17908
17914
17917
17928
17928
17932
17944
17948
17948
17959
17959
17958
17973
17974
17975
17982
17985
17982
17987
17998
18001
18007
18018
18021
18025
18031
18035
18035
18035
18043
18044
18052
18052
18057
18062
18067
18068
18069
18069
18075
18078
18078
18085
18085
18091
18094
18099
18099
18100
18103
18118
18128
18139
18140
18140
18140
18152
18152
18165
18165
18162
18166
18174
18177
18184
18188
18194
18194
18198
18202
18202
18202
18211
18217
18223
18224
18227
18229
18229
18242
18252
18257
18261
18266
18270
18270
18270
18279
18281
18290
18290
18290
18290
18292
18295
18296
18296
18300
18306
18310
18315
18315
18318
18325
18336
18337
18346
18352
18356
18361
18361
18376
18378
18381
18381
18381
18388
18395
18395
18394
18401
18402
18402
18405
18421
18431
18440
18444
18449
18449
18458
18459
18464
18465
18470
18470
18473
18476
18489
18502
18507
18507
18507
18515
18515
18527
18528
18531
18540
18549
18549
18556
18556
18567
18567
18566
18566
18566
18567
18567
18568
18583
18597
18599
18608
18605
18610
18610
18610
18621
18634
18634
18635
18636
18645
18654
18654
18658
18661
18661
18664
18671
18676
18677
18677
18688
18690
18694
18694
18694
18695
18695
18698
18699
18699
18708
18714
18716
18729
18729
18745
18758
18761
18763
18766
18770
18777
18778
18788
18788
18792
18796
18799
18799
18799
18803
18803
18813
18818
18823
18824
18824
18823
18822
18826
18827
18827
18828
18836
18841
18842
18844
18845
18846
18860
18864
18877
18887
18890
18890
18896
18898
18899
18899
18904
18906
18914
18918
18921
18922
18926
18926
18931
18931
18943
18950
18961
18960
18964
18964
18976
18981
18981
18981
18982
18984
18990
18997
19008
19008
19011
19014
19014
19024
19035
19041
19043
19051
19051
19052
19052
19056
19070
19070
19080
19082
19082
19082
19091
19089
19093
19095
19097
19099
19103
19104
19107
19114
19122
19125
19127
19128
19133
19133
19136
19137
19145
19147
19147
19148
19148
19148
19149
19149
19152
19152
19157
19165
19173
19173
19182
19182
19182
19182
19183
19181
19196
19196
19205
19205
19199
19199
19202
19213
19213
19213
19219
19221
19228
19230
19235
19235
19235
19235
19238
19238
19247
19247
19247
19258
19258
19253
19253
19261
19262
19275
19283
19283
19288
19290
19290
19296
19306
19306
19308
19307
19307
19309
19315
19324
19324
19323
19335
19343
19343
19353
19358
19361
19369
19373
19373
19373
19374
19377
19377
19379
19383
19387
19391
19388
19388
19390
19395
19395
19395
19404
19404
19416
19416
19416
19417
19421
19421
19421
19421
19423
19426
19426
19433
19433
19435
19436
19440
19441
19441
19442
19443
19461
19466
19466
19466
19466
19468
19468
19472
19477
19488
19503
19503
19516
19527
19522
19524
19527
19540
19540
19542
19546
19546
19558
19558
19567
19568
19583
19593
19599
19608
19613
19628
19629
19635
19636
19655
19668
19668
19679
19688
19687
19687
19691
19691
19705
19709
19715
19715
19719
19719
19724
19732
19735
19737
19737
19737
19736
19736
19736
19736
19736
19742
19742
19746
19751
19751
19751
19751
19751
19754
19758
19758
19773
19773
19774
19776
19776
19776
19777
19784
19796
19800
19810
19814
19832
19834
19836
19837
19851
19864
19865
19866
19866
19867
19870
19880
19880
19880
19887
19889
19895
19896
19900
19900
19905
19905
19912
19912
19914
19914
19918
19918
19924
19925
19926
19938
19939
19946
19954
19954
19958
19960
19960
19961
19961
19971
19971
19981
19981
19986
19992
20001
20009
20009
20016
20030
20026
20038
20040
20045
20049
20049
20050
20053
20053
20060
20064
20066
20072
20079
20082
20085
20092
20096
20096
20102
20102
20109
20120
20124
20137
20137
20140
20140
20146
20146
20150
20158
20158
20159
20159
20166
20167
20171
20172
20175
20169
20169
20169
20169
20169
20188
20191
20193
20193
20205
20207
20207
20211
20211
20216
20217
20217
20217
20227
20239
20239
20245
20254
20266
20268
20268
20282
20287
20295
20297
20300
20300
20302
20303
20306
20307
20307
20307
20310
20310
20319
20322
20322
20325
20325
20336
20340
20344
20351
20351
20349
20352
20352
20349
20355
20355
20362
20365
20365
20365
20362
20364
20364
20364
20367
20376
20377
20378
20381
20389
20390
20400
20400
20405
20405
20409
20416
20423
20434
20437
20447
20447
20451
20454
20460
20460
20466
20466
20466
20473
20473
20486
20491
20491
20496
20507
20506
20507
20507
20510
20508
20508
20510
20510
20510
20511
20513
20514
20518
20522
20523
20530
20520
20525
20525
20538
20546
20546
20555
20555
20555
20560
20560
20575
20574
20574
20577
20586
20593
20598
20605
20607
20614
20631
20641
20641
20648
20650
20656
20670
20673
20678
20683
20686
20691
20693
20693
20699
20707
20724
20727
20728
20738
20739
20733
20733
20741
20751
20756
20758
20761
20761
20767
20759
20759
20759
20763
20763
20763
20763
20774
20777
20783
20784
20786
20786
20787
20790
20791
20791
20789
20791
20801
20801
20804
20807
20813
20813
20814
20822
20825
20826
20826
20826
20826
20830
20834
20836
20847
20847
20847
20841
20837
20849
20849
20851
20851
20861
20861
20864
20866
20877
20878
20881
20884
20893
20907
20915
20915
20924
20928
20928
20927
20934
20934
20938
20939
20947
20957
20960
20961
20961
20964
20965
20965
20972
20993
20998
21007
21007
21007
21010
21010
21013
21013
21015
21015
21015
21016
21021
21021
21027
21027
21031
21033
21045
21045
21054
21054
21054
21059
21061
21061
21070
21071
21073
21083
21085
21090
21090
21093
21093
21095
21095
21095
21105
21105
21109
21116
21123
21133
21133
21142
21145
21151
21158
21160
21161
21161
21163
21173
21185
21189
21206
21212
21217
21218
21223
21229
21229
21231
21231
21234
21238
21238
21243
21256
21267
21270
21270
21265
21266
21270
21275
21277
21274
21282
21282
21285
21285
21293
21294
21300
21305
21311
21311
21311
21311
21316
21319
21319
21323
21326
21328
21333
21335
21337
21340
21344
21354
21359
21359
21359
21359
21361
21361
21362
21364
21364
21381
21395
21395
21399
21397
21402
21402
21402
21402
21409
21414
21418
21421
21428
21429
21429
21437
21439
21446
21450
21457
21462
21466
21470
21477
21479
21486
21487
21487
21489
21493
21502
21503
21503
21510
21529
21530
21542
21550
21552
21552
21567
21568
21568
21577
21581
21581
21581
21593
21604
21605
21607
21607
21608
21612
21615
21618
21618
21618
21618
21623
21624
21625
21630
21630
21634
21640
21643
21644
21654
21654
21667
21668
21668
21679
21678
21683
21686
21690
21692
21687
21689
21703
21703
21714
21716
21728
21733
21730
21730
21744
21744
21748
21748
21744
21744
21745
21746
21750
21750
21763
21765
21765
21772
21774
21774
21774
21782
21788
21788
21788
21799
21803
21807
21807
21805
21815
21819
21821
21822
21822
21836
21838
21846
21846
21846
21851
21863
21874
21887
21894
21894
21893
21893
21902
21902
21902
21912
21917
21921
21924
21928
21928
21930
21936
21937
21943
21943
21943
21946
21946
21960
21962
21973
21979
21982
21998
21998
22004
22009
22011
22011
22012
22014
22015
22018
22022
22027
22032
22033
22040
22047
22053
22049
22052
22061
22066
22080
22090
22090
22100
22104
22117
22118
22118
22120
22123
22126
22126
22133
22135
22148
22155
22157
22164
22179
22194
22194
22198
22203
22211
22211
22211
22211
22221
22223
22226
22228
22230
22244
22249
22257
22263
22263
22263
22266
22264
22265
22278
22295
22305
22309
22306
22317
22317
22318
22324
22338
22338
22341
22341
22342
22345
22356
22359
22359
22362
22358
22358
22362
22366
22369
22379
22379
22379
22386
22386
22386
22387
22387
22387
22390
22396
22396
22396
22403
22410
22406
22406
22409
22409
22411
22418
22423
22423
22434
22444
22448
22449
22450
22450
22456
22459
22467
22476
22471
22471
22476
22478
22491
22491
22492
22505
22505
22508
22509
22511
22512
22512
22508
22508
22504
22509
22511
22517
22518
22518
22520
22520
22523
22523
22533
22536
22539
22539
22547
22547
22563
22566
22567
22578
22579
22584
22584
22582
22597
22608
22610
22612
22615
22613
22615
22626
22626
22638
22638
22638
22638
22638
22647
22653
22653
22656
22659
22662
22662
22669
22669
22679
22679
22675
22675
22675
22676
22686
22694
22694
22696
22696
22699
22702
22702
22703
22711
22716
22714
22715
22715
22715
22721
22721
22721
22722
22733
22739
22749
22762
22763
22775
22775
22785
22797
22807
22810
22819
22819
22827
22841
22848
22852
22852
22854
22855
22863
22866
22872
22877
22882
22886
22895
22892
22897
22906
22913
22917
22918
22931
22945
22945
22947
22950
22955
22964
22969
22975
22987
22988
22995
22998
23003
23007
23009
23014
23029
23032
23040
23050
23054
23061
23070
23070
23070
23085
23091
23091
23091
23093
23093
23095
23100
23104
23105
23096
23096
23101
23101
23101
23096
23099
23099
23104
23105
23109
23111
23116
23118
23118
23124
23133
23141
23150
23152
23167
23172
23172
23176
23181
23181
23185
23181
23187
23187
23191
23191
23191
23193
23195
23202
23203
23203
23202
23202
23206
23212
23216
23217
23217
23218
23224
23228
23229
23229
23234
23237
23244
23259
23263
23267
23267
23271
23272
23278
23283
23283
23290
23291
23293
23295
23295
23304
23308
23316
23325
23330
23332
23339
23334
23334
23329
23329
23331
23334
23334
23339
23339
23343
23352
23352
23357
23369
23370
23370
23374
23374
23374
23383
23383
23384
23393
23395
23395
23395
23396
23401
23401
23415
23425
23424
23424
23424
23433
23444
23444
23444
23449
23449
23455
23460
23460
23468
23470
23473
23473
23473
23475
23480
23483
23487
23488
23493
23501
23503
23503
23503
23504
23502
23514
23528
23532
23541
23543
23543
23543
23543
23541
23541
23541
23541
23546
23540
23540
23548
23553
23553
23555
23555
23555
23571
23571
23579
23579
23579
23583
23583
23579
23587
23589
23591
23591
23596
23596
23596
23604
23606
23615
23615
23618
23623
23625
23625
23633
23635
23636
23636
23640
23640
23644
23644
23645
23651
23668
23678
23672
23672
23677
23677
23677
23684
23683
23685
23685
23686
23687
23689
23690
23693
23694
23696
23701
23698
23699
23699
23703
23699
23707
23717
23719
23720
23721
23734
23739
23745
23746
23759
23760
23769
23769
23776
23776
23776
23779
23773
23777
23777
23782
23784
23784
23784
23787
23787
23790
23804
23812
23825
23833
23840
23840
23855
23867
23867
23868
23877
23882
23887
23888
23906
23906
23909
23909
23909
23909
23913
23924
23928
23929
23932
23932
23932
23935
23944
23951
23964
23969
23976
23978
23976
23977
23981
23992
23989
23995
24003
24005
24005
24011
24011
24011
24011
24011
24011
24011
24011
24016
24022
24030
24034
24035
24035
24040
24041
24041
24042
24042
24044
24046
24047
24054
24054
24052
24064
24064
24064
24066
24066
24078
24091
24094
24097
24104
24109
24110
24110
24110
24111
24114
24114
24117
24116
24116
24121
24121
24126
24118
24125
24132
24149
24154
24154
24154
24170
24170
24179
24183
24184
24187
24191
24197
24209
24219
24220
24220
24225
24225
24225
24244
24255
24257
24267
24268
24270
24276
24282
24288
24289
24289
24289
24291
24293
24308
24308
24308
24308
24316
24317
24317
24317
24326
24337
24332
24344
24344
24344
24349
24372
24376
24378
24379
24379
24384
24382
24382
24377
24391
24393
24399
24408
24420
24424
24431
24432
24428
24428
24432
24432
24432
24428
24435
24435
24446
24458
24459
24467
24468
24476
24476
24478
24478
24478
24478
24481
24485
24485
24491
24491
24487
24502
24502
24502
24513
24513
24513
24512
24516
24516
24516
24519