1
1
1
1
1
1
1
1
1
1
1
1
1
1
1
3
3
3
3
3
3
3
3
3
4
4
4
4
4
4
4
4
8
12
12
12
12
12
16
16
16
17
17
17
17
17
17
17
17
17
19
20
20
20
22
22
22
22
23
24
25
25
29
29
29
29
29
29
29
29
31
32
32
32
34
35
36
36
36
36
36
37
37
37
40
40
41
41
41
41
45
45
46
47
47
47
51
51
51
52
52
55
60
62
71
72
72
73
73
77
79
83
83
85
92
99
106
106
110
110
110
111
111
115
124
129
130
130
130
131
140
151
151
153
157
159
164
166
168
171
175
175
186
186
187
187
187
190
190
192
193
193
214
221
222
224
224
224
225
226
230
237
237
241
248
248
252
252
264
267
271
282
293
305
315
328
344
350
350
357
367
367
368
370
379
383
386
386
388
388
388
388
392
392
392
394
396
399
399
403
409
421
425
428
428
430
430
431
438
442
444
444
444
444
451
451
453
453
456
468
476
477
499
500
516
524
528
528
534
534
544
547
547
551
555
557
562
562
563
576
595
599
638
663
678
678
691
691
720
721
723
760
761
765
765
771
771
771
782
790
794
794
794
794
794
816
816
816
823
824
832
843
873
873
874
877
884
891
891
910
910
920
923
923
923
924
937
937
937
947
955
955
970
1002
1019
1023
1024
1031
1039
1045
1059
1070
1091
1097
1097
1100
1101
1101
1125
1129
1135
1137
1137
1143
1165
1166
1193
1193
1203
1214
1220
1224
1254
1255
1255
1263
1282
1286
1287
1289
1290
1290
1312
1341
1341
1343
1352
1359
1367
1386
1395
1422
1433
1433
1436
1436
1437
1437
1440
1447
1453
1455
1459
1460
1475
1477
1477
1477
1484
1493
1497
1497
1511
1511
1511
1512
1532
1532
1532
1536
1547
1553
1592
1598
1598
1600
1608
1610
1620
1627
1629
1641
1642
1648
1661
1688
1706
1712
1721
1721
1730
1730
1766
1772
1781
1785
1785
1785
1818
1818
1843
1861
1862
1862
1886
1902
1936
1940
1942
1953
1954
1954
1954
1968
1974
1974
1974
1988
1991
1994
2011
2020
2024
2031
2031
2037
2041
2051
2051
2065
2065
2065
2073
2114
2115
2123
2123
2136
2151
2167
2167
2180
2186
2189
2226
2256
2274
2274
2274
2278
2282
2298
2307
2309
2326
2334
2344
2362
2401
2401
2407
2407
2407
2407
2407
2417
2435
2435
2479
2479
2486
2489
2497
2499
2509
2535
2548
2552
2552
2603
2610
2614
2645
2661
2702
2711
2719
2720
2720
2720
2720
2775
2780
2783
2783
2783
2786
2787
2803
2826
2856
2868
2881
2881
2882
2925
2926
2926
2959
2961
3010
3011
3059
3060
3073
3093
3099
3118
3123
3130
3140
3180
3182
3185
3225
3267
3348
3363
3364
3372
3372
3430
3430
3430
3433
3447
3459
3459
3459
3467
3467
3473
3502
3502
3520
3520
3523
3543
3545
3546
3563
3570
3587
3611
3620
3622
3628
3632
3673
3680
3682
3684
3688
3688
3690
3692
3696
3733
3733
3754
3772
3816
3828
3829
3844
3846
3851
3851
3851
3881
3904
3905
3907
3926
3946
3946
3966
3978
4029
4056
4062
4062
4131
4131
4138
4138
4139
4142
4165
4194
4193
4210
4217
4252
4253
4261
4276
4276
4278
4278
4281
4291
4309
4367
4382
4384
4384
4392
4395
4399
4409
4417
4462
4478
4478
4480
4509
4520
4523
4524
4538
4565
4565
4602
4607
4649
4723
4754
4760
4775
4789
4808
4817
4820
4831
4831
4831
4832
4853
4853
4853
4861
4885
4914
4919
4968
4981
4982
4984
5004
5021
5031
5049
5063
5106
5106
5112
5112
5116
5189
5193
5195
5218
5223
5255
5255
5294
5295
5300
5336
5337
5341
5351
5354
5368
5373
5375
5375
5382
5389
5391
5392
5392
5392
5402
5428
5430
5461
5515
5521
5522
5536
5563
5563
5565
5568
5570
5595
5586
5599
5606
5620
5641
5681
5706
5706
5706
5707
5730
5767
5779
5800
5814
5831
5834
5890
5910
5910
5910
5913
5915
5915
5915
5915
5938
5938
5938
5965
5977
6003
6012
6012
6013
6021
6034
6034
6034
6034
6061
6074
6083
6128
6141
6141
6142
6152
6160
6164
6268
6268
6268
6350
6350
6365
6371
6377
6388
6388
6390
6406
6406
6414
6415
6455
6501
6503
6564
6565
6565
6574
6574
6576
6579
6630
6652
6667
6678
6683
6683
6683
6705
6715
6717
6717
6801
6807
6807
6826
6828
6870
6871
6874
6886
6895
6942
6948
6967
6971
6971
6975
6998
6998
7001
7029
7040
7128
7134
7166
7166
7191
7202
7208
7228
7270
7274
7274
7293
7325
7325
7325
7325
7325
7325
7330
7366
7403
7403
7460
7467
7476
7487
7491
7491
7499
7499
7500
7505
7519
7547
7547
7571
7581
7581
7589
7621
7646
7661
7713
7731
7792
7792
7801
7809
7881
7881
7880
7932
7939
7987
7989
8044
8112
8117
8117
8117
8147
8149
8150
8150
8152
8191
8191
8191
8191
8228
8228
8236
8244
8263
8307
8308
8314
8314
8314
8314
8314
8322
8340
8340
8360
8360
8364
8370
8410
8419
8420
8437
8568
8569
8575
8581
8581
8588
8681
8695
8696
8696
8704
8725
8686
8712
8763
8794
8798
8811
8828
8849
8858
8871
8873
8896
8951
8996
9087
9102
9126
9154
9154
9154
9163
9166
9166
9181
9203
9219
9219
9243
9248
9261
9300
9300
9300
9306
9402
9430
9439
9439
9453
9485
9494
9514
9518
9519
9519
9556
9556
9556
9556
9558
9558
9558
9608
9636
9657
9693
9693
9694
9702
9720
9720
9728
9729
9743
9766
9766
9766
9860
9832
9841
9849
9849
9865
9873
9873
9891
9914
9957
9957
9973
9973
9996
10006
10038
10094
10096
10099
10100
10110
10115
10126
10132
10179
10184
10185
10203
10220
10233
10233
10248
10248
10270
10306
10307
10338
10357
10373
10390
10419
10424
10433
10433
10443
10443
10477
10451
10451
10463
10487
10515
10515
10531
10548
10554
10570
10612
10656
10656
10664
10683
10692
10757
10803
10803
10814
10814
10839
10902
10902
10902
10905
10917
10925
10928
10979
10981
10984
10984
10984
10988
10988
11022
11051
11051
11052
11075
11081
11081
11081
11081
11087
11087
11101
11101
11154
11155
11157
11172
11187
11228
11256
11306
11336
11344
11399
11432
11434
11504
11556
11556
11586
11605
11610
11627
11629
11629
11629
11632
11635
11635
11635
11636
11636
11711
11711
11736
11736
11739
11739
11783
11800
11839
11839
11864
11885
11898
11911
11917
11921
11938
11977
11979
11979
11987
12003
12018
12021
12021
12040
12040
12040
12035
12050
12050
12029
12036
12009
12009
12056
12057
12079
12082
12082
12085
12124
12127
12127
12188
12188
12194
12194
12205
12205
12230
12236
12236
12236
12282
12292
12318
12325
12325
12330
12340
12485
12486
12486
12486
12486
12497
12523
12534
12547
12550
12565
12565
12540
12540
12554
12561
12561
12561
12561
12589
12593
12625
12641
12693
12706
12768
12768
12775
12775
12775
12779
12798
12798
12809
12835
12841
12875
12877
12877
12994
13005
13010
13010
13024
13024
13073
13127
13127
13130
13161
13164
13166
13177
13177
13182
13256
13256
13275
13298
13340
13356
13356
13356
13356
13403
13441
13441
13482
13482
13493
13510
13531
13550
13554
13554
13557
13557
13577
13582
13621
13621
13646
13655
13669
13700
13700
13727
13727
13728
13728
13728
13782
13792
13808
13808
13809
13816
13823
13823
13823
13823
13823
13938
13938
13938
13957
14006
14009
14009
14027
14045
14101
14108
14108
14119
14183
14294
14324
14350
14374
14432
14496
14546
14546
14580
14580
14582
14584
14593
14593
14612
14612
14612
14672
14672
14672
14678
14721
14764
14813
14813
14816
14819
14821
14821
14821
14794
14801
14808
14869
14893
14895
14895
14895
14966
14982
15003
15012
15028
15040
15040
15043
15046
15069
15095
15095
15140
15140
15142
15161
15263
15267
15285
15328
15374
15374
15374
15374
15380
15396
15399
15471
15471
15482
15499
15502
15502
15502
15528
15534
15538
15542
15542
15563
15567
15567
15578
15579
15607
15682
15704
15704
15711
15712
15712
15712
15737
15770
15776
15780
15774
15827
15884
15965
15970
15977
15989
16015
16026
16026
16045
16061
16061
16062
16062
16062
16074
16079
16105
16112
16112
16112
16124
16127
16147
16147
16139
16151
16211
16213
16219
16219
16222
16222
16249
16249
16286
16328
16335
16336
16342
16340
16345
16353
16353
16354
16355
16355
16355
16355
16435
16442
16442
16488
16488
16497
16509
16514
16520
16520
16528
16528
16528
16537
16537
16551
16560
16563
16563
16571
16586
16587
16591
16619
16646
16685
16702
16764
16774
16784
16797
16872
16892
16937
16937
16971
16993
17007
17025
17025
17057
17151
17152
17188
17196
17196
17197
17217
17217
17234
17242
17245
17278
17278
17261
17261
17261
17279
17288
17296
17296
17336
17381
17429
17491
17491
17530
17537
17576
17602
17631
17754
17869
17869
17869
17876
17876
17876
17877
17877
17908
17908
17908
17913
17913
17917
17917
17955
17964
18069
18092
18093
18108
18120
18126
18127
18175
18180
18181
18181
18222
18245
18268
18295
18297
18305
18320
18318
18412
18437
18437
18447
18450
18514
18516
18557
18577
18577
18578
18598
18601
18601
18601
18617
18661
18686
18720
18721
18731
18748
18748
18792
18803
18804
18804
18804
18804
18844
18848
18852
18861
18918
18963
18964
18964
18964
18964
18970
19004
19004
19042
19042
19055
19063
19073
19082
19102
19102
19131
19175
19205
19205
19219
19231
19244
19244
19398
19401
19428
19428
19431
19436
19436
19436
19448
19449
19494
19493
19511
19511
19517
19542
19640
19640
19644
19645
19645
19735
19743
19751
19751
19809
19813
19814
19831
19822
19922
19922
19895
19911
19911
19919
19949
19949
19977
20001
20050
20050
20069
20099
20169
20173
20174
20201
20243
20250
20250
20250
20251
20251
20357
20318
20383
20363
20403
20403
20410
20410
20410
20480
20480
20514
20528
20550
20595
20608
20608
20616
20651
20707
20712
20735
20765
20802
20804
20814
20815
20816
20822
20823
20823
20823
20823
20823
20796
20865
20866
20866
20884
20896
20896
20897
20901
20901
20909
20917
21015
21033
21033
21033
21046
21113
21113
21123
21123
21144
21215
21215
21224
21229
21241
21243
21244
21294
21294
21294
21310
21311
21311
21354
21354
21354
21333
21384
21386
21386
21438
21438
21512
21539
21600
21658
21661
21661
21671
21675
21675
21676
21676
21676
21719
21719
21723
21723
21739
21743
21786
21786
21786
21786
21828
21841
21922
21927
21927
21927
21934
21934
21950
21956
21952
21952
21979
21982
22032
22036
22059
22072
22082
22083
22102
22102
22102
22110
22157
22170
22185
22188
22188
22226
22251
22234
22227
22228
22228
22221
22285
22285
22380
22380
22405
22405
22418
22420
22430
22441
22455
22459
22493
22525
22522
22524
22544
22558
22600
22602
22617
22652
22660
22680
22712
22712
22709
22709
22723
22755
22752
22761
22761
22738
22738
22741
22724
22724
22724
22734
22704
22704
22722
22722
22732
22753
22761
22776
22818
22841
22860
22864
22880
22882
22893
22893
22948
22948
22956
22962
22962
22963
22965
22980
22991
22991
23011
23018
23019
23019
23079
23079
23116
23155
23168
23194
23234
23233
23233
23233
23233
23271
23235
23263
23263
23295
23295
23304
23318
23348
23400
23481
23527
23527
23549
23549
23558
23597
23599
23710
23710
23716
23720
23730
23740
23866
23868
23876
23891
23891
23891
24017
24030
24039
24039
24039
24056
24067
24086
24053
24092
24134
24212
24198
24224
24273
24274
24269
24272
24322
24327
24331
24339
24339
24359
24437
24514
24514
24525
24551
24551
24578
24586
24590
24594
24594
24643
24643
24666
24666
24709
24709
24728
24751
24762
24762
24780
24799
24802
24802
24830
24830
24836
24749
24765
24765
24782
24782
24794
24810
24805
24810
24821
24821
24821
24909
24989
24989
24992
24992
24997
24997
24997
25023
25023
25041
25077
25086
25099
25106
25111
25137
25137
25140
25162
25205
25220
25236
25236
25286
25287
25289
25294
25303
25304
25319
25325
25326
25326
25326
25339
25359
25359
25420
25444
25513
25513
25534
25534
25474
25492
25492
25490
25503
25520
25520
25520
25529
25545
25549
25556
25582
25593
25623
25629
25631
25631
25631
25547
25561
25588
25591
25610
25638
25638
25661
25661
25665
25691
25710
25730
25812
25808
25812
25782
25836
25853
25858
25858
25857
25874
25874
25934
25954
25954
25956
25957
25957
26020
26022
26057
26129
26136
26150
26150
26150
26163
26153
26153
26153
26153
26163
26137
26137
26144
26150
26153
26147
26147
26147
26211
26275
26275
26298
26300
26316
26316
26346
26359
26359
26359
26359
26376
26379
26424
26424
26424
26424
26466
26474
26485
26581
26588
26601
26601
26601
26601
26601
26601
26601
26609
26657
26659
26662
26709
26721
26722
26836
26836
26836
26842
26842
26842
26842
26852
26900
26905
26932
26991
26991
27052
27060
27060
27065
27086
27086
27119
27119
27164
27164
27175
27196
27199
27211
27211
27261
27266
27266
27266
27274
27273
27449
27478
27513
27513
27521
27530
27530
27663
27663
27663
27679
27673
27655
27655
27658
27683
27725
27725
27725
27731
27731
27745
27752
27752
27797
27811
27810
27810
27848
27830
27832
27832
27897
27902
27898
27898
27898
27882
27896
27896
27928
27947
27974
27974
27993
27993
27996
27997
28043
28089
28069
28069
28069
28125
28125
28178
28178
28238
28257
28257
28257
28257
28282
28282
28282
28200
28212
28197
28197
28193
28204
28241
28274
28324
28341
28346
28362
28357
28357
28357
28399
28399
28399
28540
28540
28548
28552
28553
28664
28729
28729
28728
28728
28775
28776
28776
28795
28855
28856
28863
28890
28894
29018
29085
29221
29333
29350
29352
29368
29379
29379
29390
29390
29516
29516
29573
29574
29575
29608
29621
29595
29657
29657
29678
29649
29659
29670
29672
29676
29682
29687
29746
29780
29850
29850
29920
29966
29966
29966
29967
29971
29983
30016
30016
30059
30059
30059
30059
30059
30064
30072
30072
30072
30072
30072
30101
30062
30063
30063
30074
30110
30106
30110
30110
30110
30124
30157
30157
30157
30157
30173
30177
30178
30178
30191
30304
30313
30345
30390
30382
30436
30440
30435
30435
30508
30523
30524
30530
30530
30530
30531
30571
30571
30580
30622
30622
30622
30625
30600
30587
30587
30587
30584
30626
30628
30644
30644
30630
30689
30689
30689
30704
30736
30736
30741
30749
30747
30797
30805
30805
30879
30894
30910
30910
30910
30918
30918
30933
30946
30956
30980
30980
30937
30937
31013
31013
31013
31022
31022
31106
31163
31161
31161
31200
31178
31260
31262
31292
31292
31307
31350
31462
31464
31473
31490
31490
31564
31578
31578
31578
31598
31598
31614
31574
31592
31670
31689
31668
31671
31692
31713
31759
31789
31789
31811
31831
31858
31917
31917
31874
31882
31882
31906
31931
32058
32058
32084
32084
32127
32127
32135
32137
32130
32148
32124
32173
32173
32173
32173
32164
32276
32263
32263
32256
32277
32283
32271
32274
32235
32253
32276
32242
32242
32256
32279
32279
32285
32285
32285
32285
32285
32311
32318
32322
32373
32380
32380
32380
32422
32424
32424
32410
32410
32451
32452
32455
32399
32473
32554
32554
32554
32559
32559
32559
32627
32643
32651
32651
32651
32657
32657
32657
32713
32729
32786
32786
32815
32815
32815
32815
32847
32847
32849
32853
32853
32853
32853
32873
32860
32860
32891
32903
32958
32958
32983
32983
32984
33004
33034
33073
33077
33080
33080
33080
33080
33082
33082
33085
33128
33140
33140
33145
33175
33231
33239
33244
33257
33257
33257
33278
33307
33351
33355
33355
33357
33357
33445
33445
33445
33441
33441
33450
33450
33460
33460
33460
33423
33440
33440
33452
33452
33452
33354
33361
33361
33361
33354
33364
33365
33416
33420
33495
33501
33501
33542
33542
33495
33495
33510
33511
33537
33581
33581
33616
33636
33651
33662
33667
33682
33683
33666
33668
33678
33672
33698
33717
33717
33717
33717
33750
33833
33834
33831
33844
33844
33840
33844
33844
33826
33827
33899
33905
33886
33886
33894
33951
33951
33951
33951
34004
34108
34137
34137
34147
34147
34151
34151
34151
34160
34160
34160
34160
34203
34204
34205
34205
34218
34218
34218
34284
34323
34371
34445
34445
34408
34475
34478
34467
34489
34489
34515
34534
34536
34582
34582
34582
34600
34600
34600
34598
34602
34607
34609
34617
34617
34617
34644
34596
34596
34596
34603
34621
34643
34643
34633
34633
34636
34636
34666
34666
34666
34677
34677
34676
34683
34683
34683
34683
34683
34683
34683
34794
34831
34835
34849
34924
34925
35022
35020
34985
34990
35016
35016
35018
35034
35023
35031
35038
35044
35100
35017
35017
35017
35027
35027
35027
35016
34940
34950
34950
34979
34979
35038
35049
35019
35019
35032
35050
35065
35159
35166
35152
35164
35164
35168
35177
35221
35225
35194
35194
35207
35217
35290
35290
35290
35292
35279
35279
35279
35280
35282
35282
35350
35386
35338
35339
35399
35399
35461
35454
35512
35512
35556
35556
35599
35599
35694
35729
35730
35756
35761
35771
35767
35775
35779
35779
35768
35773
35817
35821
35854
35860
35864
35849
35856
35864
35861
35861
35885
35885
35885
35885
35895
35897
35917
35917
35950
35950
36011
36011
36011
36015
36028
36046
36063
36064
36068
36098
36098
36121
36121
36122
36127
36140
36153
36162
36162
36172
36210
36270
36275
36255
36255
36256
36261
36261
36261
36227
36267
36275
36275
36233
36209
36210
36223
36230
36331
36331
36331
36415
36415
36483
36488
36492
36492
36509
36541
36537
36545
36551
36559
36559
36559
36563
36576
36576
36620
36621
36621
36621
36628
36628
36628
36634
36634
36637
36605
36605
36610
36566
36566
36566
36566
36590
36590
36601
36619
36619
36677
36673
36641
36702
36742
36750
36750
36817
36824
36829
36839
36839
36940
36947
36947
36948
36948
36948
36948
36988
36888
36888
36886
36829
36816
36816
36826
36874
36874
36878
36883
36883
36951
36980
36972
36972
36972
36972
36974
36995
36995
36995
37019
37103
37108
37108
37108
37108
37121
37122
37158
37160
37092
37092
37111
37111
37132
37209
37214
37230
37236
37236
37243
37317
37317
37325
37325
37287
37299
37297
37297
37354
37387
37369
37369
37369
37369
37371
37413
37413
37413
37413
37413
37413
37382
37382
37375
37346
37329
37337
37337
37341
37342
37393
37393
37397
37397
37397
37485
37485
37485
37657
37657
37657
37751
37713
37721
37721
37721
37729
37714
37733
37734
37734
37741
37743
37762
37834
37829
37829
37863
37863
37857
37883
37872
37880
37888
37888
37892
37899
37913
37913
37937
37940
37940
37940
37951
37951
38028
38125
38130
38150
38150
38158
38162
38164
38164
38166
38170
38182
38182
38116
38132
38132
38133
38303
38303
38309
38320
38320
38319
38337
38338
38341
38376
38381
38381
38381
38482
38504
38533
38539
38569
38569
38569
38592
38605
38609
38609
38626
38626
38628
38628
38628
38686
38688
38688
38690
38709
38709
38709
38709
38709
38712
38712
38712
38721
38721
38704
38797
38797
38797
38814
38815
38827
38827
38867
38867
38867
38867
38867
38914
38925
38928
38948
38948
38948
38995
39007
39007
39072
39085
39085
39085
39085
39085
39184
39153
39119
39119
39120
39120
39040
39079
39103
39103
39104
39136
39176
39179
39179
39262
39262
39269
39269
39329
39329
39329
39329
39344
39351
39361
39406
39414
39414
39434
39434
39434
39434
39436
39390
39390
39392
39396
39396
39439
39536
39540
39558
39613
39613
39613
39613
39613
39613
39613
39614
39620
39622
39622
39724
39718
39714
39768
39768
39774
39783
39820
39820
39820
39804
39804
39806
39806
39804
39832
39832
39832
39850
39851
39876
39877
39877
39935
39935
39935
39924
39958
39974
39974
39974
39974
40005
39997
40056
40063
40063
40063
40063
40071
40129
40135
40173
40173
40173
40188
40274
40277
40292
40292
40303
40331
40357
40385
40385
40396
40396
40397
40397
40526
40503
40575
40575
40583
40589
40710
40737
40743
40743
40749
40749
40767
40798
40824
40840
40840
40880
40922
40935
40935
40935
40935
40935
41032
41050
41050
41067
41078
41078
41079
41079
41086
41133
41137
41138
41138
41138
41157
41151
41153
41153
41157
41148
41192
41192
41196
41196
41231
41334
41312
41312
41386
41401
41411
41415
41415
41415
41424
41507
41474
41483
41491
41491
41491
41516
41516
41516
41516
41519
41553
41562
41566
41553
41553
41553
41552
41552
41553
41553
41553
41541
41607
41607
41607
41607
41623
41651
41656
41656
41663
41659
41672
41672
41717
41725
41734
41738
41747
41747
41823
41818
41829
41829
41829
41832
41832
41832
41838
41862
41862
41873
41862
41885
41893
41893
41948
41963
41931
41931
41920
41920
41920
41920
41932
41932
41932
41932
41932
41932
41970
41970
41922
41922
41933
41880
41880
41880
41880
41880
41861
41861
41861
41861
41818
41818
41818
41818
41818
41818
41818
41818
41818
41818
41818
41937
41961
42039
42101
42158
42158
42157
42165
42159
42159
42211
42212
42212
42239
42239
42239
42239
42239
42254
42209
42210
42211
42232
42232
42234
42254
42254
42238
42238
42244
42264
42251
42251
42252
42337
42342
42342
42342
42240
42241
42327
42381
42402
42415
42418
42425
42451
42451
42452
42459
42459
42459
42460
42527
42539
42539
42538
42538
42538
42538
42578
42579
42579
42579
42586
42575
42604
42604
42604
42604
42608
42608
42609
42609
42646
42677
42684
42679
42601
42586
42598
42598
42598
42598
42602
42603
42652
42647
42667
42667
42668
42669
42669
42671
42646
42646
42648
42666
42666
42669
42662
42660
42670
42670
42671
42671
42671
42671
42621
42624
42624
42608
42608
42608
42608
42608
42598
42598
42598
42662
42719
42719
42719
42724
42776
42776
42747
42752
42779
42805
42811
42785
42706
42706
42710
42714
42715
42715
42815
42815
42815
42815
42815
42815
42810
42810
42859
42939
42955
42955
42955
42954
42954
42954
42954
42954
42967
42971
42974
42974
42974
43015
43016
43016
43016
43016
43010
43010
43010
43032
43012
43012
43042
43022
43022
43039
43032
43060
43060
43060
43070
43070
43081
43096
43118
43138
43138
43111
43111
43111
43127
43127
43176
43156
43159
43160
43160
43161
43161
43161
43224
43224
43236
43236
43236
43236
43236
43236
43236
43216
43216
43216
43227
43239
43402
43463
43474
43449
43431
43431
43431
43424
43429
43429
43436
43439
43433
43433
43442
43443
43445
43467
43461
43441
43444
43429
43450
43457
43469
43389
43389
43446
43481
43481
43465
43465
43472
43493
43493
43493
43487
43487
43498
43498
43499
43597
43615
43616
43627
43631
43631
43643
43643
43665
43660
43665
43665
43665
43670
43670
43670
43715
43735
43735
43870
43870
43870
43870
43862
43872
43870
43841
43841
43836
43913
43913
43913
43914
43914
43919
43919
43917
43917
43917
43921
43955
43955
43987
43987
43987
43987
43879
43879
43883
43884
43857
43979
43979
43963
43963
44034
44034
44064
44064
44057
44058
44058
44058
44064
44062
44062
44062
44115
44153
44143
44146
44129
44215
44242
44245
44245
44238
44238
44244
44244
44254
44254
44203
44166
44167
44199
44191
44201
44201
44222
44222
44222
44225
44223
44225
44225
44226
44193
44193
44193
44193
44159
44169
44181
44181
44183
44183
44221
44221
44222
44222
44222
44228
44228
44228
44228
44228
44228
44228
44279
44279
44279
44279
44279
44269
44324
44333
44338
44338
44345
44387
44378
44378
44378
44378
44380
44419
44419
44467
44468
44458
44487
44571
44571
44569
44569
44548
44506
44507
44579
44579
44539
44539
44503
44549
44549
44550
44529
44532
44527
44529
44529
44535
44559
44596
44623
44623
44623
44623
44622
44622
44539
44552
44552
44534
44556
44503
44503
44469
44476
44538
44589
44584
44588
44611
44612
44612
44612
44625
44642
44645
44645
44646
44645
44598
44697
44698
44698
44708
44710
44710
44710
44711
44711
44691
44691
44691
44691
44691
44691
44692
44692
44692
44692
44692
44665
44682
44682
44698
44698
44698
44706
44698
44694
44694
44723
44723
44719
44740
44748
44748
44748
44748
44720
44721
44710
44713
44750
44750
44750
44722
44723
44738
44738
44754
44754
44691
44742
44742
44742
44742
44742
44742
44772
44791
44802
44802
44802
44803
44758
44765
44765
44681
44654
44666
44586
44571
44571
44583
44583
44549
44549
44549
44619
44620
44620
44599
44599
44601
44536
44509
44509
44509
44529
44528
44524
44524
44524
44524
44525
44573
44573
44573
44573
44573
44573
44573
44572
44607
44607
44607
44607
44608
44587
44596
44600
44600
44600
44600
44561
44573
44573
44588
44591
44613
44631
44631
44633
44677
44677
44684
44684
44691
44728
44707
44725
44725
44725
44725
44780
44802
44760
44756
44743
44750
44750
44754
44744
44720
44720
44720
44731
44737
44828
44767
44767
44767
44769
44797
44797
44797
44795
44795
44795
44786
44793
44793
44793
44793
44793
44762
44761
44744
44750
44750
44750
44787
44787
44787
44787
44787
44811
44799
44855
44855
44856
44893
44900
44900
44900
44974
44974
44974
44889
44909
44915
44912
44912
44912
44912
44912
44912
44892
44892
44892
44892
44901
44901
44962
44964
44964
44964
44968
44968
45017
45017
45017
45017
45095
45095
45095
45072
45107
45124
45124
45169
45191
45191
45191
45245
45245
45245
45248
45263
45279
45279
45280
45341
45341
45341
45390
45392
45413
45446
45450
45450
45525
45525
45525
45483
45476
45476
45475
45475
45475
45556
45556
45556
45556
45557
45553
45572
45580
45668
45682
45707
45681
45745
45737
45775
45775
45772
45797
45824
45824
45842
45842
45842
45882
45901
45901
45908
45908
45908
45908
45908
45931
45931
45931
45940
45940
45940
45958
45968
45968
45943
45958
45960
45961
45961
45982
46006
46050
46050
46055
46068
46082
46117
46091
46094
46089
46090
46090
46071
46088
46088
46048
46048
46021
46027
46024
46039
46080
46114
46114
46142
46142
46142
46142
46142
46142
46146
46089
46096
46057
46052
46056
46056
46056
46056
46037
46037
46049
46056
46049
46049
46000
45999
45973
45973
45995
45995
45995
46004
45943
45999
45999
46008
46011
46011
46011
46010
46010
45931
45934
45934
45955
45936
45939
45942
45929
46028
46028
46009
46052
46054
46054
46039
46039
46044
46044
46045
46045
46132
46132
46127
46127
46111
46178
46178
46192
46205
46236
46285
46282
46282
46282
46269
46269
46269
46260
46303
46314
46335
46335
46333
46333
46333
46333
46333
46338
46275
46280
46290
46296
46296
46296
46296
46297
46297
46325
46325
46312
46496
46510
46506
46506
46503
46490
46649
46663
46663
46780
46766
46779
46779
46785
46785
46785
46785
46761
46682
46685
46687
46688
46682
46682
46703
46703
46703
46707
46707
46707
46707
46689
46683
46753
46743
46742
46748
46771
46771
46771
46789
46789
46793
46808
46808
46808
46808
46847
46911
46906
46893
46869
46821
46859
46822
46822
46815
46810
46810
46810
46810
46790
46790
46813
46813
46823
46835
46856
46856
46859
46859
46861
46861
46861
46861
46865
46938
46942
46945
46954
46954
46947
46947
46956
46956
46956
46956
46940
46940
46949
46965
46969
46969
47005
47005
47049
47058
47058
47058
47119
47081
47081
47081
47086
47075
47056
47068
47123
47123
47123
47124
47125
47128
47119
47123
47092
47067
47067
46963
46963
46963
46965
46875
46898
46917
46917
46799
46791
46789
46789
46898
46900
46889
46842
46842
46791
46791
46889
46901
46901
46901
46902
46902
46899
46941
46967
46980
46968
46967
46967
46967
46923
46923
46923
46923
46940
46940
46940
46981
47045
47035
47035
47091
47083
47083
47083
47081
47081
47100
47100
47065
46999
46999
46999
46999
46999
47005
47005
46995
46981
47011
47012
47012
47138
47239
47240
47241
47265
47265
47268
47275
47275
47275
47275
47277
47270
47288
47289
47290
47279
47322
47322
47322
47321
47354
47354
47354
47354
47303
47303
47263
47263
47242
47243
47285
47315
47403
47403
47423
47431
47431
47431
47431
47433
47397
47411
47411
47407
47400
47421
47425
47425
47423
47423
47574
47577
47577
47560
47562
47562
47562
47624
47644
47670
47666
47671
47590
47599
47599
47607
47607
47607
47607
47609
47621
47621
47584
47594
47594
47587
47587
47579
47579
47578
47592
47592
47602
47518
47486
47486
47490
47490
47490
47490
47480
47480
47507
47416
47410
47410
47376
47374
47379
47399
47424
47424
47424
47424
47439
47461
47461
47474
47475
47475
47475
47475
47479
47533
47544
47544
47548
47552
47528
47528
47540
47540
47543
47543
47519
47519
47544
47587
47608
47606
47613
47616
47616
47642
47644
47644
47638
47640
47630
47630
47617
47617
47617
47586
47652
47652
47652
47644
47652
47653
47584
47584
47666
47668
47671
47671
47671
47687
47769
47769
47794
47794
47732
47748
47748
47748
47748
47773
47772
47772
47821
47821
47839
47847
47847
47882
47882
47902
47934
47934
47934
47910
47910
47910
47910
47937
47937
47937
47971
47971
47976
47973
47973
47946
47946
47946
47941
47949
47949
47945
47945
47945
47944
47956
47959
47959
47959
47967
47967
47970
47941
47941
47940
47942
47942
47936
47919
47879
47911
47937
47937
47937
47953
47968
47987
47988
47989
48084
48084
48085
48085
48072
48150
48150
48150
48151
48235
48235
48126
48126
48132
48154
48211
48212
48171
48171
48184
48190
48190
48190
48190
48190
48192
48197
48197
48197
48202
48202
48196
48214
48213
48213
48216
48197
48217
48217
48219
48183
48184
48184
48171
48171
48150
48150
48152
48152
48152
48208
48208
48208
48208
48208
48192
48192
48211
48211
48301
48328
48353
48353
48353
48343
48343
48291
48291
48309
48307
48307
48303
48303
48305
48305
48363
48351
48363
48363
48363
48363
48364
48363
48363
48363
48363
48363
48356
48366
48381
48364
48364
48339
48339
48339
48271
48271
48271
48279
48288
48288
48288
48288
48246
48288
48317
48317
48306
48335
48335
48335
48308
48308
48337
48337
48269
48269
48271
48271
48271
48272
48280
48286
48286
48286
48306
48311
48291
48296
48291
48303
48309
48263
48263
48263
48263
48262
48278
48278
48299
48315
48315
48296
48408
48415
48432
48432
48432
48404
48404
48422
48451
48451
48455
48455
48455
48455
48455
48482
48482
48482
48517
48505
48505
48469
48470
48493
48559
48576
48577
48570
48626
48626
48626
48626
48708
48703
48703
48703
48703
48673
48707
48707
48707
48707
48684
48684
48684
48694
48645
48645
48642
48643
48629
48637
48639
48639
48639
48596
48601
48601
48601
48544
48537
48537
48537
48538
48546
48546
48546
48546
48587
48591
48591
48594
48555
48530
48532
48533
48533
48531
48535
48536
48516
48516
48516
48516
48516
48516
48516
48516
48521
48565
48555
48555
48643
48643
48642
48664
48666
48673
48673
48660
48659
48684
48691
48691
48704
48631
48657
48605
48641
48652
48651
48651
48611
48572
48576
48576
48546
48629
48629
48669
48695
48695
48677
48683
48683
48736
48736
48738
48738
48744
48744
48778
48778
48778
48719
48709
48718
48762
48762
48745
48745
48745
48720
48720
48720
48720
48720
48720
48711
48711
48724
48724
48743
48735
48756
48756
48696
48696
48696
48702
48702
48650
48661
48661
48661
48680
48701
48701
48704
48705
48704
48704
48707
48671
48671
48671
48671
48671
48671
48671
48671
48671
48671
48671
48657
48662
48683
48685
48685
48685
48717
48705
48677
48682
48666
48666
48666
48671
48671
48671
48685
48692
48726
48726
48726
48727
48727
48727
48750
48750
48750
48750
48750
48767
48767
48771
48783
48790
48752
48752
48688
48688
48688
48691
48702
48656
48658
48658
48658
48649
48662
48662
48662
48662
48864
48864
48864
48867
48863
48938
48938
48939
48970
48977
48954
48967
48967
48967
48967
48967
48967
48965
48965
48988
48995
48995
49010
49020
49021
49033
49049
49049
49049
49088
49033
48988
48988
48952
48952
48952
48952
48988
48983
48983
48983
48983
49085
49085
49091
49117
49117
49117
49117
49120
49120
49157
49157
49157
49129
49132
49132
49140
49140
49108
49063
49061
49124
49124
49095
49095
49095
49118
49119
49119
49116
49128
49128
49128
49122
49138
49136
49144
49170
49170
49148
49148
49148
49147
49154
49154
49154
49145
49113
49113
49113
49180
49174
49152
49213
49213
49173
49175
49175
49175
49175
49136
49157
49152
49152
49152
49184
49200
49202
49202
49202
49202
49288
49342
49357
49358
49358
49358
49337
49337
49337
49339
49335
49344
49367
49367
49367
49367
49387
49400
49366
49333
49334
49334
49346
49283
49283
49284
49284
49284
49284
49209
49209
49233
49233
49233
49235
49241
49261
49286
49287
49244
49314
49330
49330
49327
49327
49328
49328
49328
49328
49309
49310
49308
49308
49321
49321
49349
49349
49349
49349
49347
49358
49358
49358
49328
49328
49331
49331
49331
49338
49338
49338
49326
49327
49329
49329
49329
49329
49330
49330
49417
49417
49405
49463
49488
49488
49436
49436
49437
49513
49508
49508
49508
49522
49524
49521
49528
49529
49529
49525
49525
49525
49525
49522
49496
49496
49496
49535
49535
49540
49540
49559
49562
49562
49562
49562
49562
49558
49559
49559
49572
49558
49539
49539
49545
49470
49469
49469
49468
49468
49468
49468
49484
49527
49527
49486
49511
49511
49537
49537
49532
49532
49508
49511
49511
49511
49648
49648
49650
49650
49650
49650
49650
49650
49651
49651
49649
49669
49668
49668
49668
49669
49669
49670
49671
49671
49687
49692
49692
49692
49692
49689
49689
49693
49695
49661
49691
49629
49629
49678
49624
49561
49562
49562
49562
49562
49566
49566
49555
49558
49521
49521
49521
49517
49558
49558
49638
49638
49631
49631
49631
49627
49627
49627
49656
49662
49625
49625
49625
49625
49625
49650
49743
49743
49712
49745
49745
49745
49738
49729
49729
49732
49732
49726
49726
49717
49827
49803
49803
49803
49792
49799
49799
49799
49799
49861
49842
49789
49789
49789
49793
49793
49852
49852
49852
49852
49839
49839
49839
49839
49804
49760
49747
49747
49688
49646
49640
49626
49626
49621
49630
49615
49615
49569
49579
49579
49579
49574
49585
49644
49589
49603
49603
49603
49603
49605
49585
49574
49574
49571
49571
49571
49559
49570
49570
49514
49535
49535
49544
49544
49544
49495
49487
49487
49487
49487
49421
49506
49511
49490
49490
49490
49469
49469
49469
49497
49498
49501
49508
49508
49508
49508
49528
49528
49573
49573
49572
49546
49531
49531
49531
49492
49502
49460
49460
49466
49352
49352
49352
49352
49329
49336
49402
49408
49419
49419
49369
49369
49369
49380
49386
49386
49384
49384
49384
49411
49405
49405
49386
49386
49411
49411
49411
49338
49338
49338
49426
49426
49434
49437
49437
49463
49520
49522
49522
49522
49527
49527
49527
49527
49543
49543
49543
49569
49569
49569
49569
49568
49568
49611
49610
49610
49610
49586
49596
49596
49607
49597
49597
49581
49581
49593
49593
49593
49589
49645
49645
49709
49730
49732
49734
49693
49696
49696
49713
49713
49713
49717
49717
49714
49768
49768
49768
49767
49767
49734
49734
49735
49736
49705
49663
49686
49699
49699
49699
49701
49703
49703
49715
49641
49641
49574
49561
49548
49548
49548
49548
49548
49548
49552
49552
49620
49620
49620
49538
49538
49549
49549
49547
49547
49541
49541
49572
49572
49572
49572
49596
49588
49588
49588
49579
49579
49579
49575
49573
49573
49573
49573
49700
49700
49696
49700
49700
49699
49695
49695
49690
49767
49830
49830
49830
49851
49871
49975
49975
49982
50023
50022
50007
50007
50001
50008
50008
50008
50008
50012
50012
50012
50012
50013
50014
50027
50050
50050
50050
50000
49980
49980
49991
50041
50041
50041
50080
50080
50080
50080
50093
50093
50093
50093
50090
50193
50193
50213
50198
50187
50187
50184
50208
50182
50182
50187
50205
50205
50203
50232
50232
50228
50198
50198
50143
50146
50118
50114
50114
50103
50047
50047
50045
49989
50053
50053
50061
50043
50043
49920
49917
49917
49917
49917
49917
49938
49941
49941
49941
50005
50005
49995
49995
49984
49984
49956
49956
49956
49953
49974
49974
49974
49974
49974
49980
49978
49995
49995
49996
49996
49996
50004
50004
50005
49998
49998
50042
50042
50042
50042
50042
50054
50054
50048
50048
50048
50155
50155
50111
50111
50111
50189
50189
50202
50203
50214
50214
50189
50167
50186
50183
50183
50188
50167
50167
50167
50172
50173
50144
50144
50165
50165
50139
50139
50139
50139
50108
50108
50108
50114
50114
50073
50089
50097
50097
50097
50103
50103
50105
50131
50211
50221
50291
50291
50291
50245
50266
50266
50267
50267
50267
50273
50273
50274
50274
50304
50305
50396
50396
50405
50400
50407
50384
50384
50384
50391
50409
50409
50409
50404
50421
50426
50443
50443
50368
50359
50339
50349
50349
50349
50349
50349
50349
50349
50345
50345
50317
50317
50318
50318
50325
50239
50240
50240
50240
50247
50236
50236
50155
50155
50159
50141
50085
50055
50045
50045
50045
50034
50028
50030
50000
49877
49874
49902
49902
49940
49940
49908
49866
49866
49878
49878
49878
49890
49885
49885
49885
49885
49835
49850
49850
49874
49874
49874
49874
49874
49874
49874
49874
49874
49874
49874
49874
49902
49901
49881
49906
49986
49986
49986
49990
49990
49987
49944
49944
49944
49933
49933
49933
49933
49932
49935
49952
49952
49952
49979
49979
49954
49954
49950
49964
49959
49959
49955
49924
49924
49918
49923
49931
49931
49930
49930
49930
49871
49867
49892
49891
49884
49884
49940
49937
49937
49944
49961
49961
49961
49961
49971
49972
49972
49972
49972
49966
49865
49876
49855
49855
49855
49855
49873
49878
49878
49878
49843
49852
49848
49848
49848
49848
49848
49848
49849
49852
49852
49852
49839
49864
49868
49888
49889
49889
49906
49906
49906
49918
49859
49859
49886
49882
49904
49910
49905
49905
49905
49887
49902
49902
49853
49802
49744
49723
49723
49723
49746
49766
49766
49766
49759
49765
49769
49771
49815
49812
49755
49755
49749
49741
49741
49731
49731
49731
49731
49731
49731
49731
49731
49731
49762
49747
49747
49747
49743
49743
49743
49728
49731
49731
49735
49677
49680
49717
49717
49722
49722
49722
49722
49722
49735
49735
49693
49693
49662
49662
49644
49644
49649
49649
49622
49625
49637
49637
49637
49625
49625
49539
49539
49539
49541
49533
49533
49530
49529
49535
49561
49553
49577
49587
49587
49599
49599
49599
49599
49613
49608
49608
49608
49486
49522
49521
49483
49511
49511
49512
49512
49512
49512
49512
49557
49562
49563
49563
49575
49564
49564
49564
49540
49517
49517
49545
49571
49571
49571
49547
49562
49581
49582
49582
49582
49550
49550
49570
49574
49514
49458
49498
49498
49498
49447
49430
49430
49430
49430
49430
49431
49431
49433
49433
49433
49433
49433
49433
49433
49465
49421
49421
49406
49406
49408
49408
49352
49357
49314
49314
49344
49344
49344
49383
49351
49318
49296
49296
49296
49296
49280
49108
49106
49099
49102
49108
49113
49074
49036
49036
49074
49099
49110
49110
49110
49110
49110
49144
49144
49197
49215
49216
49215
49237
49237
49230
49244
49263
49275
49275
49275
49275
49285
49285
49210
49210
49210
49210
49210
49210
49210
49213
49251
49284
49267
49267
49267
49266
49266
49266
49263
49318
49318
49318
49318
49318
49318
49276
49281
49281
49281
49287
49287
49296
49337
49338
49338
49338
49373
49373
49373
49373
49370
49370
49351
49328
49276
49276
49276
49275
49277
49281
49281
49280
49307
49307
49340
49340
49340
49345
49349
49349
49368
49362
49362
49362
49362
49364
49364
49306
49281
49281
49281
49281
49287
49291
49291
49291
49296
49321
49271
49271
49271
49271
49271
49271
49263
49194
49194
49160
49131
49131
49134
49089
49094
49128
49022
49022
48985
48985
48985
48992
49015
49034
49034
49031
49031
49056
49047
49110
49110
49110
49110
49110
49096
49096
49072
49072
49072
49087
49081
49033
49065
49003
49003
48952
48950
48950
48950
48950
48950
48950
48950
48938
48938
48945
48949
48949
48949
48949
48930
48899
48922
48887
48847
48847
48847
48816
48797
48797
48797
48797
48797
48797
48788
48787
48777
48770
48762
48774
48820
48821
48853
48853
48853
48853
48853
48801
48801
48801
48801
48801
48790
48733
48726
48678
48683
48691
48691
48691
48691
48698
48698
48699
48699
48699
48672
48672
48635
48635
48581
48559
48559
48538
48538
48543
48543
48543
48598
48579
48579
48579
48581
48579
48568
48568
48568
48568
48564
48564
48564
48564
48564
48581
48567
48529
48543
48516
48516
48516
48516
48503
48503
48503
48496
48496
48515
48515
48496
48496
48538
48538
48507
48507
48507
48507
48508
48518
48518
48554
48554
48580
48580
48580
48585
48585
48585
48585
48591
48591
48591
48551
48583
48571
48571
48571
48571
48571
48533
48533
48537
48548
48548
48550
48561
48561
48561
48561
48490
48466
48465
48465
48465
48465
48462
48462
48462
48462
48475
48475
48483
48472
48472
48561
48561
48561
48540
48540
48540
48541
48541
48513
48513
48515
48532
48532
48522
48522
48468
48459
48459
48416
48461
48391
48394
48394
48397
48397
48419
48419
48407
48407
48407
48407
48372
48372
48372
48372
48372
48372
48363
48363
48363
48424
48424
48424
48438
48438
48464
48457
48453
48384
48384
48372
48372
48372
48372
48325
48325
48323
48326
48205
48205
48205
48205
48205
48205
48153
48153
48135
48126
48108
48123
48128
48128
48128
48103
48103
48111
48063
48074
48030
47969
47957
47957
47927
47927
47927
47805
47809
47809
47809
47809
47830
47825
47825
47787
47789
47821
47821
47843
47843
47843
47819
47833
47829
47795
47795
47813
47819
47819
47807
47807
47807
47821
47835
47835
47835
47835
47869
47869
47869
47863
47863
47863
47871
47893
47893
47893
47893
47971
47975
47975
47994
47994
48011
48006
48006
48006
48001
48001
48004
48073
48137
48126
48126
48126
48126
48126
48089
48094
48094
48072
48072
48079
48079
48079
48076
48076
48076
48076
48083
48070
48075
48075
48075
48138
48138
48108
48108
48108
48113
48113
48113
48139
48139
48139
48139
48142
48145
48160
48149
48115
48116
48045
48045
48046
48165
48165
48165
48133
48116
48116
48116
48119
48119
48119
48123
48140
48140
48121
48109
48109
48055
48055
48019
48012
48012
48019
48019
48019
48052
48052
48052
48052
48052
48054
48054
48054
48054
48054
48054
48031
48031
48030
48033
48049
48040
48040
47926
47926
47926
47926
47926
47951
47939
47939
47939
47939
47939
47945
47945
47945
47945
47901
47904
47904
47904
47904
47904
47927
47930
47930
47911
47911
47908
47908
47908
47908
47908
47908
47884
47890
47849
47850
47850
47850
47786
47786
47706
47711
47700
47680
47680
47680
47680
47680
47627
47627
47614
47653
47653
47653
47653
47653
47654
47654
47653
47598
47598
47598
47599
47599
47600
47601
47615
47615
47616
47616
47598
47598
47646
47646
47646
47646
47646
47646
47646
47646
47646
47645
47645
47645
47564
47522
47522
47522
47522
47522
47495
47500
47500
47468
47463
47463
47463
47463
47463
47463
47463
47461
47448
47444
47444
47444
47450
47450
47476
47476
47476
47476
47476
47476
47466
47469
47469
47465
47479
47479
47479
47507
47507
47507
47539
47496
47464
47517
47514
47499
47499
47499
47499
47499
47499
47448
47451
47451
47450
47439
47444
47444
47444
47435
47436
47438
47438
47438
47491
47483
47471
47454
47482
47361
47361
47359
47360
47363
47284
47284
47284
47292
47293
47293
47293
47293
47293
47310
47310
47286
47282
47209
47209
47236
47210
47200
47188
47221
47221
47196
47196
47186
47169
47168
47168
47168
47168
47169
47169
47169
47169
47169
47140
47140
47140
47130
47146
47150
47077
47111
47119
47119
47124
47124
47124
47124
47063
47063
47065
46925
46883
46878
46902
46875
46880
46878
46878
46878
46878
46890
46897
46869
46869
46815
46822
46823
46823
46823
46824
46824
46824
46824
46800
46800
46800
46789
46789
46789
46789
46789
46789
46784
46810
46708
46720
46720
46720
46720
46720
46744
46742
46754
46720
46720
46720
46792
46811
46811
46811
46834
46834
46837
46837
46806
46806
46806
46807
46807
46738
46748
46731
46782
46782
46782
46782
46774
46774
46774
46759
46769
46783
46722
46626
46626
46630
46630
46630
46593
46541
46541
46555
46527
46478
46475
46475
46475
46475
46474
46474
46474
46474
46474
46474
46456
46456
46456
46455
46459
46459
46459
46456
46456
46456
46436
46450
46454
46454
46454
46458
46432
46432
46432
46423
46423
46344
46335
46338
46338
46338
46323
46380
46380
46361
46361
46361
46333
46333
46378
46378
46378
46378
46381
46278
46280
46282
46282
46282
46282
46282
46339
46339
46347
46292
46297
46293
46293
46293
46293
46281
46281
46281
46278
46278
46278
46278
46278
46288
46288
46288
46288
46288
46302
46302
46302
46298
46295
46161
46161
46055
46055
46055
46055
46054
46054
46067
46067
46076
46076
46114
46114
46114
46114
46096
46094
46094
46093
46093
46093
46093
46093
46102
46108
46101
46101
46074
46074
46074
46091
46091
46091
46092
46092
46092
46092
46092
46093
46093
46093
46031
46031
46035
46035
46035
46035
46035
46022
46022
46020
46021
46024
46024
46024
46024
46024
46012
46012
46009
45978
45984
45984
45984
45984
45984
45979
46019
46006
46024
46024
46024
46038
46045
46039
46039
46039
46039
46057
46057
45970
45970
45974
45974
45968
45968
45968
45968
45968
45968
45944
45944
45944
45944
45944
45910
45937
45884
45926
45940
45942
45942
45932
45932
45932
45949
45949
45949
45956
45956
45957
45957
45966
45966
45966
45967
45967
45998
45998
45981
45994
46011
46011
46011
46011
46011
45998
45998
45998
45962
45962
45803
45803
45770
45719
45718
45717
45717
45648
45663
45663
45663
45663
45651
45651
45644
45617
45617
45617
45617
45636
45636
45634
45634
45598
45598
45598
45598
45568
45568
45567
45565
45545
45545
45569
45581
45581
45583
45570
45573
45565
45565
45539
45432
45386
45386
45374
45374
45371
45371
45371
45371
45396
45430
45430
45423
45444
45441
45328
45293
45293
45293
45286
45251
45251
45251
45251
45255
45255
45221
45226
45218
45217
45229
45229
45185
45169
45169
45187
45152
45152
45139
45139
45133
45135
45135
45127
45106
45074
45081
45079
45079
45064
45064
45064
44985
44985
44985
44983
44983
44983
45079
45071
45070
45070
45070
45056
45063
44979
44979
44979
44995
45008
45008
45021
44969
44964
44912
44877
44877
44878
44878
44888
44903
44901
44901
44901
44901
44901
44901
44912
44873
44873
44873
44873
44873
44879
44913
44906
44906
44930
44880
44880
44897
44898
44865
44893
44893
44876
44876
44886
44868
44869
44869
44869
44872
44872
44880
44880
44880
44855
44851
44851
44852
44852
44836
44838
44838
44822
44826
44826
44826
44799
44799
44799
44799
44799
44798
44802
44818
44818
44785
44785
44785
44802
44732
44732
44738
44738
44692
44692
44692
44692
44692
44692
44692
44529
44529
44529
44617
44617
44617
44594
44601
44597
44599
44619
44619
44608
44706
44706
44706
44652
44667
44664
44637
44558
44558
44558
44558
44558
44566
44566
44566
44566
44568
44568
44568
44516
44516
44516
44501
44516
44512
44512
44495
44496
44496
44470
44460
44464
44464
44464
44464
44464
44450
44440
44430
44468
44468
44468
44462
44512
44512
44512
44442
44358
44358
44358
44303
44288
44288
44287
44287
44287
44287
44287
44287
44320
44320
44292
44290
44290
44290
44248
44249
44257
44248
44258
44258
44258
44258
44259
44259
44250
44250
44250
44250
44327
44334
44334
44334
44315
44301
44332
44332
44385
44385
44378
44378
44388
44388
44388
44388
44425
44425
44425
44416
44405
44409
44407
44407
44407
44393
44391
44391
44375
44384
44370
44361
44365
44365
44365
44357
44346
44346
44346
44346
44346
44352
44364
44364
44368
44368
44372
44351
44351
44351
44359
44356
44356
44356
44356
44357
44371
44371
44365
44318
44319
44309
44309
44309
44309
44294
44294
44236
44238
44238
44292
44245
44245
44197
44197
44197
44197
44182
44211
44211
44206
44206
44206
44140
44120
44120
44106
44106
44106
44106
44106
44106
44106
44106
44109
44110
44119
44117
44130
44117
44117
44131
44131
44125
44063
44072
44070
44065
44065
44065
44051
44056
44056
44056
44056
44071
43950
43918
43912
43921
43921
43873
43860
43860
43860
43860
43817
43817
43819
43804
43804
43804
43798
43798
43841
43841
43884
43884
43884
43935
43866
43842
43842
43800
43800
43800
43808
43808
43808
43807
43807
43807
43807
43807
43807
43754
43754
43754
43758
43758
43754
43754
43752
43752
43752
43731
43712
43743
43749
43749
43749
43749
43749
43769
43766
43754
43724
43675
43675
43675
43609
43461
43461
43461
43376
43384
43384
43387
43387
43387
43378
43340
43340
43340
43340
43340
43367
43367
43306
43306
43308
43308
43308
43308
43308
43307
43239
43239
43239
43302
43286
43177
43188
43188
43188
43219
43219
43219
43219
43219
43188
43188
43187
43187
43189
43189
43176
43131
43131
43131
43131
43132
43125
43125
43125
43125
43133
43133
43134
43134
43133
43133
43133
43133
43133
43111
43111
43111
43111
43111
43115
43115
43115
43115
43101
43101
43101
43102
43102
43102
43102
43096
43096
43110
43108
43109
43109
43109
43109
43192
43171
43208
43208
43205
43159
43149
43149
43149
43149
43150
43124
43124
43124
43112
43112
43118
43118
43109
43109
43103
43103
43069
43069
43069
43069
43069
43069
43069
43069
42990
42990
43023
43055
42970
42957
42938
42938
42934
42899
42899
42899
42898
42898
42898
42907
42907
42846
42837
42862
42862
42784
42784
42724
42713
42713
42713
42713
42709
42667
42677
42606
42606
42606
42606
42588
42588
42588
42597
42675
42675
42675
42675
42675
42675
42636
42636
42656
42652
42652
42640
42637
42637
42637
42637
42689
42689
42689
42689
42638
42622
42622
42622
42633
42633
42615
42615
42581
42581
42581
42558
42557
42557
42545
42562
42562
42592
42592
42592
42592
42592
42590
42588
42607
42607
42597
42564
42525
42506
42497
42497
42451
42451
42451
42451
42451
42451
42446
42389
42387
42383
42383
42383
42383
42383
42480
42480
42480
42475
42475
42475
42475
42477
42475
42476
42476
42453
42345
42346
42304
42176
42176
42170
42116
42118
42098
42098
42089
42089
42091
42091
42084
42084
42075
42076
42076
42067
42064
42062
42062
42030
42035
42035
42035
42035
42035
42035
42036
42036
42036
42036
42026
42026
42026
42026
42012
42012
42012
42012
42012
42006
42006
41968
41968
41968
41968
41961
41961
41936
41936
41924
41924
41913
41913
41907
41894
41890
41890
41894
41894
41893
41893
41892
41892
41891
41896
41906
41906
41906
41906
41867
41835
41780
41761
41750
41750
41750
41750
41741
41741
41741
41741
41738
41738
41736
41721
41729
41729
41764
41755
41776
41713
41691
41691
41696
41701
41701
41744
41744
41744
41702
41702
41702
41702
41702
41702
41702
41701
41702
41702
41702
41702
41702
41697
41697
41679
41679
41653
41653
41653
41646
41678
41678
41670
41671
41673
41674
41674
41674
41674
41674
41674
41645
41645
41647
41647
41625
41621
41621
41625
41612
41612
41612
41612
41612
41597
41597
41597
41597
41597
41600
41630
41641
41622
41622
41622
41619
41619
41619
41621
41621
41633
41589
41568
41568
41568
41568
41568
41568
41549
41592
41592
41586
41586
41634
41608
41608
41608
41558
41513
41513
41513
41508
41499
41499
41492
41470
41496
41506
41477
41502
41502
41502
41502
41502
41420
41420
41420
41463
41463
41464
41464
41464
41466
41424
41424
41406
41406
41357
41357
41356
41357
41357
41353
41353
41353
41353
41354
41354
41354
41354
41354
41354
41354
41354
41354
41325
41321
41321
41320
41313
41325
41329
41313
41311
41328
41328
41328
41328
41341
41323
41324
41324
41324
41324
41289
41289
41264
41264
41256
41256
41266
41277
41277
41277
41290
41290
41290
41290
41268
41283
41283
41283
41283
41283
41283
41283
41292
41292
41292
41255
41255
41255
41258
41258
41222
41222
41222
41206
41206
41206
41206
41206
41206
41206
41206
41224
41217
41217
41202
41202
41200
41169
41169
41169
41163
41149
41163
41163
41163
41163
41163
41163
41145
41140
41140
41142
41142
41131
41131
41131
41131
41131
41131
41131
41131
41131
41131
41114
41099
41099
41099
41096
41096
41096
41109
41108
41078
41078
41071
41071
41071
41071
41071
41047
41047
41084
41110
41110
41110
41153
41153
41168
41168
41176
41176
41178
41178
41157
41157
41147
41095
41095
40923
40923
40923
40919
40920
40895
40881
40881
40807
40807
40807
40791
40764
40784
40800
40800
40809
40769
40769
40769
40769
40755
40755
40755
40763
40763
40763
40763
40763
40738
40738
40738
40736
40735
40726
40725
40727
40727
40727
40727
40727
40727
40727
40727
40726
40726
40726
40726
40711
40701
40716
40705
40706
40705
40705
40641
40624
40624
40624
40586
40586
40573
40573
40573
40573
40573
40573
40573
40572
40568
40579
40579
40579
40579
40579
40527
40527
40529
40529
40529
40529
40544
40544
40544
40544
40551
40551
40551
40558
40558
40548
40548
40548
40572
40572
40572
40493
40494
40494
40494
40494
40494
40491
40464
40458
40468
40468
40468
40471
40471
40471
40471
40467
40478
40478
40478
40478
40478
40480
40466
40471
40438
40448
40421
40415
40410
40410
40410
40399
40399
40402
40402
40389
40389
40389
40380
40380
40380
40380
40380
40380
40380
40380
40380
40380
40381
40369
40350
40351
40327
40304
40308
40302
40302
40302
40279
40279
40279
40279
40229
40202
40202
40202
40141
40141
40141
40141
40141
40141
40141
40143
40138
40138
40138
40138
40138
40138
40138
40138
40138
40122
40130
40130
40130
40130
40130
40132
40128
40185
40160
40133
40132
40132
40132
40132
40115
40121
40121
40121
40135
40130
40130
40130
40103
40103
40103
40103
40089
40089
40089
40090
40081
39995
39995
39995
39995
39995
39995
39948
39948
39900
39900
39897
39896
39896
39937
39919
39919
39903
39925
39925
39925
39931
39931
39931
39892
39884
39884
39884
39884
39862
39805
39805
39805
39805
39743
39743
39658
39655
39661
39661
39661
39658
39658
39658
39658
39685
39685
39685
39675
39675
39675
39675
39675
39675
39675
39675
39675
39675
39661
39661
39661
39663
39663
39664
39664
39664
39659
39659
39659
39659
39659
39659
39646
39646
39675
39675
39656
39656
39595
39595
39595
39595
39595
39597
39597
39575
39575
39575
39503
39503
39503
39383
39383
39383
39383
39383
39383
39359
39359
39359
39343
39343
39339
39339
39289
39289
39291
39291
39291
39291
39291
39238
39238
39238
39209
39203
39229
39232
39126
39126
39126
39126
39126
39094
39094
39086
39086
39131
39132
39132
39100
39100
39089
39099
39099
39099
39100
39100
39100
39114
39114
39114
39121
39121
39121
39121
39121
39121
39121
39121
39121
39121
39120
39120
39122
39122
39123
39146
39146
39058
39058
39036
39028
39030
38979
38962
38962
38962
38906
38906
38906
38833
38833
38833
38833
38806
38806
38806
38806
38807
38808
38837
38833
38833
38819
38819
38827
38827
38827
38881
38869
38869
38841
38833
38841
38841
38832
38832
38832
38832
38811
38811
38803
38795
38787
38787
38814
38814
38814
38814
38814
38814
38774
38773
38757
38733
38733
38712
38706
38706
38660
38660
38661
38700
38700
38700
38700
38700
38700
38685
38685
38711
38714
38744
38744
38744
38744
38744
38744
38744
38735
38746
38748
38748
38734
38734
38734
38734
38676
38667
38630
38566
38574
38574
38574
38574
38575
38575
38575
38575
38575
38569
38570
38577
38547
38547
38514
38476
38476
38476
38488
38488
38488
38488
38488
38488
38454
38454
38448
38448
38447
38467
38467
38467
38467
38467
38467
38466
38466
38471
38471
38474
38474
38474
38448
38448
38448
38448
38445
38445
38445
38445
38445
38445
38445
38424
38424
38410
38410
38410
38410
38410
38410
38410
38410
38410
38410
38397
38397
38361
38361
38366
38366
38365
38365
38345
38307
38307
38307
38284
38284
38284
38284
38284
38284
38284
38263
38248
38244
38244
38217
38217
38192
38192
38181
38181
38159
38159
38159
38159
38154
38122
38123
38123
38123
38123
38123
38123
38130
38119
38119
38119
38119
38119
38119
38110
38096
38096
38029
38029
38012
38053
38028
38028
38028
38018
38018
37984
37984
37952
37952
37952
37948
37948
37874
37809
37809
37809
37809
37793
37754
37753
37753
37753
37753
37739
37739
37739
37739
37739
37739
37737
37737
37737
37737
37738
37741
37741
37741
37738
37739
37705
37705
37705
37705
37705
37701
37701
37701
37701
37701
37701
37686
37685
37680
37676
37680
37673
37645
37647
37647
37647
37647
37667
37667
37667
37633
37633
37662
37654
37654
37654
37654
37654
37654
37654
37654
37654
37635
37637
37633
37641
37641
37641
37646
37646
37647
37647
37647
37671
37671
37671
37624
37630
37628
37628
37643
37622
37622
37622
37622
37622
37622
37618
37618
37586
37586
37621
37621
37615
37615
37612
37612
37599
37599
37599
37599
37599
37599
37599
37597
37597
37510
37510
37469
37469
37469
37469
37469
37469
37469
37469
37469
37469
37469
37469
37469
37469
37469
37460
37460
37434
37434
37434
37398
37389
37389
37389
37389
37385
37385
37308
37308
37277
37279
37279
37279
37300
37291
37291
37291
37275
37275
37275
37275
37275
37216
37216
37215
37215
37215
37215
37244
37244
37218
37218
37194
37194
37194
37202
37129
37129
37129
37066
37066
37066
37025
37029
37029
37057
37057
37057
37069
37069
37069
37069
37069
37069
37069
37069
37078
37078
37095
37108
37093
37093
37093
37093
37093
37033
37062
37062
37073
37073
37075
37074
37074
37072
37072
37044
37043
37043
37044
37044
37058
37035
36989
36989
36982
36982
36974
36963
36964
36915
36916
36916
36916
36916
36907
36907
36914
36916
36916
36909
36908
36908
36908
36906
36906
36881
36891
36898
36898
36901
36901
36886
36886
36886
36863
36852
36852
36840
36840
36837
36837
36837
36837
36829
36829
36829
36829
36829
36830
36865
36875
36875
36875
36875
36856
36844
36839
36819
36819
36819
36824
36824
36824
36824
36826
36826
36729
36716
36646
36608
36598
36603
36603
36606
36606
36602
36602
36602
36602
36495
36495
36499
36466
36466
36451
36451
36453
36464
36464
36464
36464
36451
36451
36451
36451
36407
36381
36381
36381
36381
36378
36344
36341
36335
36317
36317
36309
36302
36302
36303
36303
36300
36298
36272
36272
36266
36266
36260
36245
36245
36245
36247
36247
36245
36245
36245
36171
36171
36171
36118
36118
36116
36119
36118
36118
36096
36125
36132
36132
36132
36127
36090
36090
36090
36100
36101
36072
36072
36045
36045
36045
36045
36045
36048
36054
36054
36025
36025
35987
35984
35981
35978
35978
35962
35969
35969
35957
35964
35904
35904
35866
35866
35866
35866
35866
35866
35857
35813
35819
35810
35799
35799
35782
35783
35783
35786
35791
35786
35786
35784
35776
35776
35776
35766
35766
35766
35766
35765
35726
35703
35688
35575
35575
35570
35554
35554
35554
35554
35555
35582
35580
35580
35580
35580
35571
35571
35571
35571
35574
35574
35574
35577
35535
35535
35535
35535
35537
35537
35480
35481
35485
35587
35587
35581
35567
35560
35560
35560
35560
35560
35515
35503
35499
35499
35499
35496
35496
35496
35496
35453
35453
35453
35448
35476
35473
35468
35469
35468
35468
35468
35469
35469
35469
35469
35445
35450
35450
35445
35445
35410
35410
35400
35400
35400
35400
35400
35386
35386
35386
35352
35345
35345
35345
35345
35338
35338
35338
35338
35323
35315
35314
35314
35310
35297
35297
35297
35297
35297
35269
35269
35269
35269
35269
35325
35266
35266
35266
35264
35264
35250
35250
35250
35241
35163
35163
35177
35177
35177
35123
35123
35123
35123
35123
35123
35137
35126
35126
35126
35123
35123
35125
35125
35120
35120
35091
35091
35075
35075
35083
35083
35083
35083
35083
35088
35095
35095
35100
35100
35100
35100
35100
35101
35101
35101
35101
35103
35105
35122
35112
35112
35075
35065
35065
35009
35009
35011
35011
34988
34988
34987
34987
34996
34995
34996
34989
34979
34971
34962
34961
34961
34961
34961
34943
34943
34941
34941
34941
34901
34901
34901
34901
34900
34873
34870
34878
34876
34876
34873
34873
34873
34862
34834
34795
34795
34795
34795
34795
34795
34719
34719
34710
34710
34688
34688
34688
34672
34672
34672
34644
34644
34644
34568
34572
34573
34490
34482
34482
34522
34497
34497
34479
34479
34479
34418
34421
34421
34439
34433
34433
34433
34433
34432
34444
34460
34454
34454
34454
34455
34455
34461
34464
34464
34464
34459
34459
34459
34459
34459
34459
34459
34459
34405
34405
34405
34405
34404
34401
34401
34380
34380
34350
34344
34344
34344
34344
34344
34344
34344
34344
34344
34344
34356
34351
34350
34350
34350
34351
34351
34296
34281
34281
34281
34281
34281
34279
34279
34279
34278
34285
34285
34285
34267
34267
34228
34224
34226
34228
34190
34156
34160
34163
34161
34169
34169
34169
34169
34168
34161
34161
34161
34161
34162
34162
34162
34168
34168
34135
34106
34068
34068
34068
34076
34076
34053
34029
34022
33999
33985
33958
33958
33959
33959
33959
33941
33941
33937
33937
33937
33935
33850
33850
33838
33870
33870
33870
33870
33863
33863
33863
33863
33863
33863
33863
33863
33863
33863
33863
33856
33821
33822
33822
33822
33822
33822
33822
33822
33818
33818
33818
33818
33818
33747
33745
33700
33700
33700
33700
33700
33700
33697
33684
33684
33684
33672
33672
33651
33619
33589
33589
33589
33589
33589
33587
33578
33578
33575
33574
33574
33571
33571
33561
33561
33561
33561
33561
33561
33561
33563
33563
33563
33563
33542
33548
33532
33532
33532
33532
33532
33543
33572
33572
33571
33561
33562
33562
33563
33563
33497
33497
33497
33497
33497
33497
33476
33476
33476
33476
33476
33476
33480
33480
33480
33480
33480
33480
33480
33480
33480
33417
33417
33418
33412
33412
33412
33412
33408
33408
33408
33418
33415
33415
33415
33415
33414
33414
33389
33380
33377
33384
33384
33340
33340
33340
33340
33316
33316
33316
33316
33327
33327
33327
33327
33309
33309
33309
33309
33330
33330
33332
33332
33332
33332
33282
33282
33283
33283
33283
33283
33281
33300
33319
33319
33319
33319
33319
33319
33319
33322
33333
33333
33331
33331
33331
33331
33331
33338
33329
33330
33330
33330
33330
33330
33330
33330
33318
33318
33318
33318
33318
33299
33235
33235
33197
33196
33214
33214
33207
33207
33207
33207
33206
33206
33206
33186
33186
33203
33204
33204
33215
33215
33161
33141
33135
33139
33139
33065
33065
33065
33064
33064
33064
33064
33064
33090
33091
33115
33111
33111
33111
33132
33132
33129
33091
33091
33091
33091
33091
33091
33068
33045
33045
33045
32995
32995
33021
33018
33018
33018
33031
33020
33020
33020
33020
33020
33020
33020
33020
33020
33016
33012
33012
33013
33013
33005
33027
33029
33032
33032
33032
32999
32999
32992
32992
32992
32985
32983
32983
32945
32947
32951
32951
32927
32927
32927
32927
32927
32927
32923
32940
32940
32944
32923
32923
32923
32914
32909
32910
32903
32903
32902
32902
32902
32902
32902
32902
32909
32904
32896
32912
32912
32909
32909
32909
32891
32891
32891
32891
32891
32896
32872
32887
32887
32887
32887
32876
32854
32854
32872
32872
32847
32847
32847
32849
32855
32835
32807
32807
32807
32812
32811
32797
32797
32798
32798
32798
32798
32798
32798
32792
32794
32794
32794
32794
32794
32774
32774
32769
32769
32768
32761
32761
32765
32766
32754
32755
32701
32701
32701
32701
32701
32679